[2022-07-07 11:21:38,654] {processor.py:153} INFO - Started process (PID=67) to work on /home/airflow/.local/lib/python3.7/site-packages/airflow/example_dags/example_branch_operator.py
[2022-07-07 11:21:38,655] {processor.py:641} INFO - Processing file /home/airflow/.local/lib/python3.7/site-packages/airflow/example_dags/example_branch_operator.py for tasks to queue
[2022-07-07 11:21:38,656] {logging_mixin.py:115} INFO - [2022-07-07 11:21:38,656] {dagbag.py:507} INFO - Filling up the DagBag from /home/airflow/.local/lib/python3.7/site-packages/airflow/example_dags/example_branch_operator.py
[2022-07-07 11:21:38,675] {processor.py:651} INFO - DAG(s) dict_keys(['example_branch_operator']) retrieved from /home/airflow/.local/lib/python3.7/site-packages/airflow/example_dags/example_branch_operator.py
[2022-07-07 11:21:38,731] {logging_mixin.py:115} INFO - [2022-07-07 11:21:38,730] {dag.py:2371} INFO - Sync 1 DAGs
[2022-07-07 11:21:38,822] {logging_mixin.py:115} INFO - [2022-07-07 11:21:38,822] {dag.py:2919} INFO - Setting next_dagrun for example_branch_operator to 2022-07-06T00:00:00+00:00, run_after=2022-07-07T00:00:00+00:00
[2022-07-07 11:21:39,206] {processor.py:161} INFO - Processing /home/airflow/.local/lib/python3.7/site-packages/airflow/example_dags/example_branch_operator.py took 0.559 seconds
[2022-07-07 11:22:09,753] {processor.py:153} INFO - Started process (PID=130) to work on /home/airflow/.local/lib/python3.7/site-packages/airflow/example_dags/example_branch_operator.py
[2022-07-07 11:22:09,754] {processor.py:641} INFO - Processing file /home/airflow/.local/lib/python3.7/site-packages/airflow/example_dags/example_branch_operator.py for tasks to queue
[2022-07-07 11:22:09,755] {logging_mixin.py:115} INFO - [2022-07-07 11:22:09,755] {dagbag.py:507} INFO - Filling up the DagBag from /home/airflow/.local/lib/python3.7/site-packages/airflow/example_dags/example_branch_operator.py
[2022-07-07 11:22:09,770] {processor.py:651} INFO - DAG(s) dict_keys(['example_branch_operator']) retrieved from /home/airflow/.local/lib/python3.7/site-packages/airflow/example_dags/example_branch_operator.py
[2022-07-07 11:22:09,800] {logging_mixin.py:115} INFO - [2022-07-07 11:22:09,800] {dag.py:2371} INFO - Sync 1 DAGs
[2022-07-07 11:22:09,829] {logging_mixin.py:115} INFO - [2022-07-07 11:22:09,829] {dag.py:2919} INFO - Setting next_dagrun for example_branch_operator to 2022-07-06T00:00:00+00:00, run_after=2022-07-07T00:00:00+00:00
[2022-07-07 11:22:09,976] {processor.py:161} INFO - Processing /home/airflow/.local/lib/python3.7/site-packages/airflow/example_dags/example_branch_operator.py took 0.228 seconds
[2022-07-07 11:22:40,102] {processor.py:153} INFO - Started process (PID=193) to work on /home/airflow/.local/lib/python3.7/site-packages/airflow/example_dags/example_branch_operator.py
[2022-07-07 11:22:40,103] {processor.py:641} INFO - Processing file /home/airflow/.local/lib/python3.7/site-packages/airflow/example_dags/example_branch_operator.py for tasks to queue
[2022-07-07 11:22:40,103] {logging_mixin.py:115} INFO - [2022-07-07 11:22:40,103] {dagbag.py:507} INFO - Filling up the DagBag from /home/airflow/.local/lib/python3.7/site-packages/airflow/example_dags/example_branch_operator.py
[2022-07-07 11:22:40,119] {processor.py:651} INFO - DAG(s) dict_keys(['example_branch_operator']) retrieved from /home/airflow/.local/lib/python3.7/site-packages/airflow/example_dags/example_branch_operator.py
[2022-07-07 11:22:40,158] {logging_mixin.py:115} INFO - [2022-07-07 11:22:40,158] {dag.py:2371} INFO - Sync 1 DAGs
[2022-07-07 11:22:40,186] {logging_mixin.py:115} INFO - [2022-07-07 11:22:40,186] {dag.py:2919} INFO - Setting next_dagrun for example_branch_operator to 2022-07-06T00:00:00+00:00, run_after=2022-07-07T00:00:00+00:00
[2022-07-07 11:22:40,325] {processor.py:161} INFO - Processing /home/airflow/.local/lib/python3.7/site-packages/airflow/example_dags/example_branch_operator.py took 0.228 seconds
[2022-07-07 11:23:10,589] {processor.py:153} INFO - Started process (PID=247) to work on /home/airflow/.local/lib/python3.7/site-packages/airflow/example_dags/example_branch_operator.py
[2022-07-07 11:23:10,595] {processor.py:641} INFO - Processing file /home/airflow/.local/lib/python3.7/site-packages/airflow/example_dags/example_branch_operator.py for tasks to queue
[2022-07-07 11:23:10,596] {logging_mixin.py:115} INFO - [2022-07-07 11:23:10,596] {dagbag.py:507} INFO - Filling up the DagBag from /home/airflow/.local/lib/python3.7/site-packages/airflow/example_dags/example_branch_operator.py
[2022-07-07 11:23:10,616] {processor.py:651} INFO - DAG(s) dict_keys(['example_branch_operator']) retrieved from /home/airflow/.local/lib/python3.7/site-packages/airflow/example_dags/example_branch_operator.py
[2022-07-07 11:23:10,647] {logging_mixin.py:115} INFO - [2022-07-07 11:23:10,647] {dag.py:2371} INFO - Sync 1 DAGs
[2022-07-07 11:23:10,679] {logging_mixin.py:115} INFO - [2022-07-07 11:23:10,679] {dag.py:2919} INFO - Setting next_dagrun for example_branch_operator to 2022-07-06T00:00:00+00:00, run_after=2022-07-07T00:00:00+00:00
[2022-07-07 11:23:10,824] {processor.py:161} INFO - Processing /home/airflow/.local/lib/python3.7/site-packages/airflow/example_dags/example_branch_operator.py took 0.240 seconds
[2022-07-07 11:23:40,914] {processor.py:153} INFO - Started process (PID=310) to work on /home/airflow/.local/lib/python3.7/site-packages/airflow/example_dags/example_branch_operator.py
[2022-07-07 11:23:40,915] {processor.py:641} INFO - Processing file /home/airflow/.local/lib/python3.7/site-packages/airflow/example_dags/example_branch_operator.py for tasks to queue
[2022-07-07 11:23:40,916] {logging_mixin.py:115} INFO - [2022-07-07 11:23:40,916] {dagbag.py:507} INFO - Filling up the DagBag from /home/airflow/.local/lib/python3.7/site-packages/airflow/example_dags/example_branch_operator.py
[2022-07-07 11:23:40,929] {processor.py:651} INFO - DAG(s) dict_keys(['example_branch_operator']) retrieved from /home/airflow/.local/lib/python3.7/site-packages/airflow/example_dags/example_branch_operator.py
[2022-07-07 11:23:40,958] {logging_mixin.py:115} INFO - [2022-07-07 11:23:40,958] {dag.py:2371} INFO - Sync 1 DAGs
[2022-07-07 11:23:40,990] {logging_mixin.py:115} INFO - [2022-07-07 11:23:40,990] {dag.py:2919} INFO - Setting next_dagrun for example_branch_operator to 2022-07-06T00:00:00+00:00, run_after=2022-07-07T00:00:00+00:00
[2022-07-07 11:23:41,136] {processor.py:161} INFO - Processing /home/airflow/.local/lib/python3.7/site-packages/airflow/example_dags/example_branch_operator.py took 0.226 seconds
[2022-07-07 11:24:11,325] {processor.py:153} INFO - Started process (PID=372) to work on /home/airflow/.local/lib/python3.7/site-packages/airflow/example_dags/example_branch_operator.py
[2022-07-07 11:24:11,326] {processor.py:641} INFO - Processing file /home/airflow/.local/lib/python3.7/site-packages/airflow/example_dags/example_branch_operator.py for tasks to queue
[2022-07-07 11:24:11,327] {logging_mixin.py:115} INFO - [2022-07-07 11:24:11,327] {dagbag.py:507} INFO - Filling up the DagBag from /home/airflow/.local/lib/python3.7/site-packages/airflow/example_dags/example_branch_operator.py
[2022-07-07 11:24:11,347] {processor.py:651} INFO - DAG(s) dict_keys(['example_branch_operator']) retrieved from /home/airflow/.local/lib/python3.7/site-packages/airflow/example_dags/example_branch_operator.py
[2022-07-07 11:24:11,384] {logging_mixin.py:115} INFO - [2022-07-07 11:24:11,384] {dag.py:2371} INFO - Sync 1 DAGs
[2022-07-07 11:24:11,416] {logging_mixin.py:115} INFO - [2022-07-07 11:24:11,416] {dag.py:2919} INFO - Setting next_dagrun for example_branch_operator to 2022-07-06T00:00:00+00:00, run_after=2022-07-07T00:00:00+00:00
[2022-07-07 11:24:11,557] {processor.py:161} INFO - Processing /home/airflow/.local/lib/python3.7/site-packages/airflow/example_dags/example_branch_operator.py took 0.238 seconds
