[2022-07-07 11:21:34,621] {processor.py:153} INFO - Started process (PID=44) to work on /home/airflow/.local/lib/python3.7/site-packages/airflow/example_dags/example_task_group_decorator.py
[2022-07-07 11:21:34,622] {processor.py:641} INFO - Processing file /home/airflow/.local/lib/python3.7/site-packages/airflow/example_dags/example_task_group_decorator.py for tasks to queue
[2022-07-07 11:21:34,625] {logging_mixin.py:115} INFO - [2022-07-07 11:21:34,625] {dagbag.py:507} INFO - Filling up the DagBag from /home/airflow/.local/lib/python3.7/site-packages/airflow/example_dags/example_task_group_decorator.py
[2022-07-07 11:21:34,804] {processor.py:651} INFO - DAG(s) dict_keys(['example_task_group_decorator']) retrieved from /home/airflow/.local/lib/python3.7/site-packages/airflow/example_dags/example_task_group_decorator.py
[2022-07-07 11:21:35,044] {logging_mixin.py:115} INFO - [2022-07-07 11:21:35,044] {dag.py:2371} INFO - Sync 1 DAGs
[2022-07-07 11:21:35,067] {logging_mixin.py:115} INFO - [2022-07-07 11:21:35,067] {dag.py:2919} INFO - Setting next_dagrun for example_task_group_decorator to 2022-07-06T11:21:35.066961+00:00, run_after=2022-07-07T11:21:35.066961+00:00
[2022-07-07 11:21:35,085] {processor.py:161} INFO - Processing /home/airflow/.local/lib/python3.7/site-packages/airflow/example_dags/example_task_group_decorator.py took 0.478 seconds
[2022-07-07 11:22:05,497] {processor.py:153} INFO - Started process (PID=107) to work on /home/airflow/.local/lib/python3.7/site-packages/airflow/example_dags/example_task_group_decorator.py
[2022-07-07 11:22:05,498] {processor.py:641} INFO - Processing file /home/airflow/.local/lib/python3.7/site-packages/airflow/example_dags/example_task_group_decorator.py for tasks to queue
[2022-07-07 11:22:05,499] {logging_mixin.py:115} INFO - [2022-07-07 11:22:05,499] {dagbag.py:507} INFO - Filling up the DagBag from /home/airflow/.local/lib/python3.7/site-packages/airflow/example_dags/example_task_group_decorator.py
[2022-07-07 11:22:05,534] {processor.py:651} INFO - DAG(s) dict_keys(['example_task_group_decorator']) retrieved from /home/airflow/.local/lib/python3.7/site-packages/airflow/example_dags/example_task_group_decorator.py
[2022-07-07 11:22:05,807] {logging_mixin.py:115} INFO - [2022-07-07 11:22:05,807] {dag.py:2371} INFO - Sync 1 DAGs
[2022-07-07 11:22:05,832] {logging_mixin.py:115} INFO - [2022-07-07 11:22:05,832] {dag.py:2919} INFO - Setting next_dagrun for example_task_group_decorator to 2022-07-06T11:22:05.832217+00:00, run_after=2022-07-07T11:22:05.832217+00:00
[2022-07-07 11:22:05,849] {processor.py:161} INFO - Processing /home/airflow/.local/lib/python3.7/site-packages/airflow/example_dags/example_task_group_decorator.py took 0.357 seconds
[2022-07-07 11:22:35,967] {processor.py:153} INFO - Started process (PID=161) to work on /home/airflow/.local/lib/python3.7/site-packages/airflow/example_dags/example_task_group_decorator.py
[2022-07-07 11:22:35,968] {processor.py:641} INFO - Processing file /home/airflow/.local/lib/python3.7/site-packages/airflow/example_dags/example_task_group_decorator.py for tasks to queue
[2022-07-07 11:22:35,969] {logging_mixin.py:115} INFO - [2022-07-07 11:22:35,968] {dagbag.py:507} INFO - Filling up the DagBag from /home/airflow/.local/lib/python3.7/site-packages/airflow/example_dags/example_task_group_decorator.py
[2022-07-07 11:22:35,996] {processor.py:651} INFO - DAG(s) dict_keys(['example_task_group_decorator']) retrieved from /home/airflow/.local/lib/python3.7/site-packages/airflow/example_dags/example_task_group_decorator.py
[2022-07-07 11:22:36,185] {logging_mixin.py:115} INFO - [2022-07-07 11:22:36,185] {dag.py:2371} INFO - Sync 1 DAGs
[2022-07-07 11:22:36,204] {logging_mixin.py:115} INFO - [2022-07-07 11:22:36,203] {dag.py:2919} INFO - Setting next_dagrun for example_task_group_decorator to 2022-07-06T11:22:36.203765+00:00, run_after=2022-07-07T11:22:36.203765+00:00
[2022-07-07 11:22:36,218] {processor.py:161} INFO - Processing /home/airflow/.local/lib/python3.7/site-packages/airflow/example_dags/example_task_group_decorator.py took 0.254 seconds
[2022-07-07 11:23:06,304] {processor.py:153} INFO - Started process (PID=224) to work on /home/airflow/.local/lib/python3.7/site-packages/airflow/example_dags/example_task_group_decorator.py
[2022-07-07 11:23:06,305] {processor.py:641} INFO - Processing file /home/airflow/.local/lib/python3.7/site-packages/airflow/example_dags/example_task_group_decorator.py for tasks to queue
[2022-07-07 11:23:06,306] {logging_mixin.py:115} INFO - [2022-07-07 11:23:06,306] {dagbag.py:507} INFO - Filling up the DagBag from /home/airflow/.local/lib/python3.7/site-packages/airflow/example_dags/example_task_group_decorator.py
[2022-07-07 11:23:06,348] {processor.py:651} INFO - DAG(s) dict_keys(['example_task_group_decorator']) retrieved from /home/airflow/.local/lib/python3.7/site-packages/airflow/example_dags/example_task_group_decorator.py
[2022-07-07 11:23:06,547] {logging_mixin.py:115} INFO - [2022-07-07 11:23:06,547] {dag.py:2371} INFO - Sync 1 DAGs
[2022-07-07 11:23:06,568] {logging_mixin.py:115} INFO - [2022-07-07 11:23:06,568] {dag.py:2919} INFO - Setting next_dagrun for example_task_group_decorator to 2022-07-06T11:23:06.568394+00:00, run_after=2022-07-07T11:23:06.568394+00:00
[2022-07-07 11:23:06,582] {processor.py:161} INFO - Processing /home/airflow/.local/lib/python3.7/site-packages/airflow/example_dags/example_task_group_decorator.py took 0.283 seconds
[2022-07-07 11:23:36,794] {processor.py:153} INFO - Started process (PID=285) to work on /home/airflow/.local/lib/python3.7/site-packages/airflow/example_dags/example_task_group_decorator.py
[2022-07-07 11:23:36,794] {processor.py:641} INFO - Processing file /home/airflow/.local/lib/python3.7/site-packages/airflow/example_dags/example_task_group_decorator.py for tasks to queue
[2022-07-07 11:23:36,795] {logging_mixin.py:115} INFO - [2022-07-07 11:23:36,795] {dagbag.py:507} INFO - Filling up the DagBag from /home/airflow/.local/lib/python3.7/site-packages/airflow/example_dags/example_task_group_decorator.py
[2022-07-07 11:23:36,824] {processor.py:651} INFO - DAG(s) dict_keys(['example_task_group_decorator']) retrieved from /home/airflow/.local/lib/python3.7/site-packages/airflow/example_dags/example_task_group_decorator.py
[2022-07-07 11:23:37,050] {logging_mixin.py:115} INFO - [2022-07-07 11:23:37,050] {dag.py:2371} INFO - Sync 1 DAGs
[2022-07-07 11:23:37,076] {logging_mixin.py:115} INFO - [2022-07-07 11:23:37,076] {dag.py:2919} INFO - Setting next_dagrun for example_task_group_decorator to 2022-07-06T11:23:37.076207+00:00, run_after=2022-07-07T11:23:37.076207+00:00
[2022-07-07 11:23:37,097] {processor.py:161} INFO - Processing /home/airflow/.local/lib/python3.7/site-packages/airflow/example_dags/example_task_group_decorator.py took 0.308 seconds
[2022-07-07 11:24:07,189] {processor.py:153} INFO - Started process (PID=339) to work on /home/airflow/.local/lib/python3.7/site-packages/airflow/example_dags/example_task_group_decorator.py
[2022-07-07 11:24:07,189] {processor.py:641} INFO - Processing file /home/airflow/.local/lib/python3.7/site-packages/airflow/example_dags/example_task_group_decorator.py for tasks to queue
[2022-07-07 11:24:07,190] {logging_mixin.py:115} INFO - [2022-07-07 11:24:07,190] {dagbag.py:507} INFO - Filling up the DagBag from /home/airflow/.local/lib/python3.7/site-packages/airflow/example_dags/example_task_group_decorator.py
[2022-07-07 11:24:07,221] {processor.py:651} INFO - DAG(s) dict_keys(['example_task_group_decorator']) retrieved from /home/airflow/.local/lib/python3.7/site-packages/airflow/example_dags/example_task_group_decorator.py
[2022-07-07 11:24:07,416] {logging_mixin.py:115} INFO - [2022-07-07 11:24:07,416] {dag.py:2371} INFO - Sync 1 DAGs
[2022-07-07 11:24:07,437] {logging_mixin.py:115} INFO - [2022-07-07 11:24:07,437] {dag.py:2919} INFO - Setting next_dagrun for example_task_group_decorator to 2022-07-06T11:24:07.436942+00:00, run_after=2022-07-07T11:24:07.436942+00:00
[2022-07-07 11:24:07,451] {processor.py:161} INFO - Processing /home/airflow/.local/lib/python3.7/site-packages/airflow/example_dags/example_task_group_decorator.py took 0.267 seconds
[2022-07-07 11:24:37,546] {processor.py:153} INFO - Started process (PID=403) to work on /home/airflow/.local/lib/python3.7/site-packages/airflow/example_dags/example_task_group_decorator.py
[2022-07-07 11:24:37,547] {processor.py:641} INFO - Processing file /home/airflow/.local/lib/python3.7/site-packages/airflow/example_dags/example_task_group_decorator.py for tasks to queue
[2022-07-07 11:24:37,547] {logging_mixin.py:115} INFO - [2022-07-07 11:24:37,547] {dagbag.py:507} INFO - Filling up the DagBag from /home/airflow/.local/lib/python3.7/site-packages/airflow/example_dags/example_task_group_decorator.py
[2022-07-07 11:24:37,577] {processor.py:651} INFO - DAG(s) dict_keys(['example_task_group_decorator']) retrieved from /home/airflow/.local/lib/python3.7/site-packages/airflow/example_dags/example_task_group_decorator.py
[2022-07-07 11:24:37,773] {logging_mixin.py:115} INFO - [2022-07-07 11:24:37,773] {dag.py:2371} INFO - Sync 1 DAGs
[2022-07-07 11:24:37,797] {logging_mixin.py:115} INFO - [2022-07-07 11:24:37,796] {dag.py:2919} INFO - Setting next_dagrun for example_task_group_decorator to 2022-07-06T11:24:37.796740+00:00, run_after=2022-07-07T11:24:37.796740+00:00
[2022-07-07 11:24:37,815] {processor.py:161} INFO - Processing /home/airflow/.local/lib/python3.7/site-packages/airflow/example_dags/example_task_group_decorator.py took 0.273 seconds
