[2022-07-07 11:21:37,183] {processor.py:153} INFO - Started process (PID=59) to work on /home/airflow/.local/lib/python3.7/site-packages/airflow/example_dags/example_xcomargs.py
[2022-07-07 11:21:37,186] {processor.py:641} INFO - Processing file /home/airflow/.local/lib/python3.7/site-packages/airflow/example_dags/example_xcomargs.py for tasks to queue
[2022-07-07 11:21:37,187] {logging_mixin.py:115} INFO - [2022-07-07 11:21:37,187] {dagbag.py:507} INFO - Filling up the DagBag from /home/airflow/.local/lib/python3.7/site-packages/airflow/example_dags/example_xcomargs.py
[2022-07-07 11:21:37,222] {processor.py:651} INFO - DAG(s) dict_keys(['example_xcom_args', 'example_xcom_args_with_operators']) retrieved from /home/airflow/.local/lib/python3.7/site-packages/airflow/example_dags/example_xcomargs.py
[2022-07-07 11:21:37,576] {logging_mixin.py:115} INFO - [2022-07-07 11:21:37,576] {dag.py:2371} INFO - Sync 2 DAGs
[2022-07-07 11:21:37,625] {logging_mixin.py:115} INFO - [2022-07-07 11:21:37,625] {dag.py:2919} INFO - Setting next_dagrun for example_xcom_args to None, run_after=None
[2022-07-07 11:21:37,626] {logging_mixin.py:115} INFO - [2022-07-07 11:21:37,625] {dag.py:2919} INFO - Setting next_dagrun for example_xcom_args_with_operators to None, run_after=None
[2022-07-07 11:21:37,661] {processor.py:161} INFO - Processing /home/airflow/.local/lib/python3.7/site-packages/airflow/example_dags/example_xcomargs.py took 0.484 seconds
[2022-07-07 11:22:07,852] {processor.py:153} INFO - Started process (PID=122) to work on /home/airflow/.local/lib/python3.7/site-packages/airflow/example_dags/example_xcomargs.py
[2022-07-07 11:22:07,853] {processor.py:641} INFO - Processing file /home/airflow/.local/lib/python3.7/site-packages/airflow/example_dags/example_xcomargs.py for tasks to queue
[2022-07-07 11:22:07,854] {logging_mixin.py:115} INFO - [2022-07-07 11:22:07,854] {dagbag.py:507} INFO - Filling up the DagBag from /home/airflow/.local/lib/python3.7/site-packages/airflow/example_dags/example_xcomargs.py
[2022-07-07 11:22:07,876] {processor.py:651} INFO - DAG(s) dict_keys(['example_xcom_args', 'example_xcom_args_with_operators']) retrieved from /home/airflow/.local/lib/python3.7/site-packages/airflow/example_dags/example_xcomargs.py
[2022-07-07 11:22:08,114] {logging_mixin.py:115} INFO - [2022-07-07 11:22:08,114] {dag.py:2371} INFO - Sync 2 DAGs
[2022-07-07 11:22:08,134] {logging_mixin.py:115} INFO - [2022-07-07 11:22:08,134] {dag.py:2919} INFO - Setting next_dagrun for example_xcom_args to None, run_after=None
[2022-07-07 11:22:08,134] {logging_mixin.py:115} INFO - [2022-07-07 11:22:08,134] {dag.py:2919} INFO - Setting next_dagrun for example_xcom_args_with_operators to None, run_after=None
[2022-07-07 11:22:08,147] {processor.py:161} INFO - Processing /home/airflow/.local/lib/python3.7/site-packages/airflow/example_dags/example_xcomargs.py took 0.299 seconds
[2022-07-07 11:22:38,188] {processor.py:153} INFO - Started process (PID=175) to work on /home/airflow/.local/lib/python3.7/site-packages/airflow/example_dags/example_xcomargs.py
[2022-07-07 11:22:38,188] {processor.py:641} INFO - Processing file /home/airflow/.local/lib/python3.7/site-packages/airflow/example_dags/example_xcomargs.py for tasks to queue
[2022-07-07 11:22:38,189] {logging_mixin.py:115} INFO - [2022-07-07 11:22:38,189] {dagbag.py:507} INFO - Filling up the DagBag from /home/airflow/.local/lib/python3.7/site-packages/airflow/example_dags/example_xcomargs.py
[2022-07-07 11:22:38,210] {processor.py:651} INFO - DAG(s) dict_keys(['example_xcom_args', 'example_xcom_args_with_operators']) retrieved from /home/airflow/.local/lib/python3.7/site-packages/airflow/example_dags/example_xcomargs.py
[2022-07-07 11:22:38,427] {logging_mixin.py:115} INFO - [2022-07-07 11:22:38,427] {dag.py:2371} INFO - Sync 2 DAGs
[2022-07-07 11:22:38,449] {logging_mixin.py:115} INFO - [2022-07-07 11:22:38,449] {dag.py:2919} INFO - Setting next_dagrun for example_xcom_args to None, run_after=None
[2022-07-07 11:22:38,450] {logging_mixin.py:115} INFO - [2022-07-07 11:22:38,449] {dag.py:2919} INFO - Setting next_dagrun for example_xcom_args_with_operators to None, run_after=None
[2022-07-07 11:22:38,463] {processor.py:161} INFO - Processing /home/airflow/.local/lib/python3.7/site-packages/airflow/example_dags/example_xcomargs.py took 0.279 seconds
[2022-07-07 11:23:08,718] {processor.py:153} INFO - Started process (PID=240) to work on /home/airflow/.local/lib/python3.7/site-packages/airflow/example_dags/example_xcomargs.py
[2022-07-07 11:23:08,719] {processor.py:641} INFO - Processing file /home/airflow/.local/lib/python3.7/site-packages/airflow/example_dags/example_xcomargs.py for tasks to queue
[2022-07-07 11:23:08,720] {logging_mixin.py:115} INFO - [2022-07-07 11:23:08,720] {dagbag.py:507} INFO - Filling up the DagBag from /home/airflow/.local/lib/python3.7/site-packages/airflow/example_dags/example_xcomargs.py
[2022-07-07 11:23:08,741] {processor.py:651} INFO - DAG(s) dict_keys(['example_xcom_args', 'example_xcom_args_with_operators']) retrieved from /home/airflow/.local/lib/python3.7/site-packages/airflow/example_dags/example_xcomargs.py
[2022-07-07 11:23:08,941] {logging_mixin.py:115} INFO - [2022-07-07 11:23:08,941] {dag.py:2371} INFO - Sync 2 DAGs
[2022-07-07 11:23:08,960] {logging_mixin.py:115} INFO - [2022-07-07 11:23:08,960] {dag.py:2919} INFO - Setting next_dagrun for example_xcom_args to None, run_after=None
[2022-07-07 11:23:08,961] {logging_mixin.py:115} INFO - [2022-07-07 11:23:08,960] {dag.py:2919} INFO - Setting next_dagrun for example_xcom_args_with_operators to None, run_after=None
[2022-07-07 11:23:08,973] {processor.py:161} INFO - Processing /home/airflow/.local/lib/python3.7/site-packages/airflow/example_dags/example_xcomargs.py took 0.258 seconds
[2022-07-07 11:23:39,064] {processor.py:153} INFO - Started process (PID=305) to work on /home/airflow/.local/lib/python3.7/site-packages/airflow/example_dags/example_xcomargs.py
[2022-07-07 11:23:39,065] {processor.py:641} INFO - Processing file /home/airflow/.local/lib/python3.7/site-packages/airflow/example_dags/example_xcomargs.py for tasks to queue
[2022-07-07 11:23:39,066] {logging_mixin.py:115} INFO - [2022-07-07 11:23:39,066] {dagbag.py:507} INFO - Filling up the DagBag from /home/airflow/.local/lib/python3.7/site-packages/airflow/example_dags/example_xcomargs.py
[2022-07-07 11:23:39,095] {processor.py:651} INFO - DAG(s) dict_keys(['example_xcom_args', 'example_xcom_args_with_operators']) retrieved from /home/airflow/.local/lib/python3.7/site-packages/airflow/example_dags/example_xcomargs.py
[2022-07-07 11:23:39,315] {logging_mixin.py:115} INFO - [2022-07-07 11:23:39,315] {dag.py:2371} INFO - Sync 2 DAGs
[2022-07-07 11:23:39,333] {logging_mixin.py:115} INFO - [2022-07-07 11:23:39,333] {dag.py:2919} INFO - Setting next_dagrun for example_xcom_args to None, run_after=None
[2022-07-07 11:23:39,334] {logging_mixin.py:115} INFO - [2022-07-07 11:23:39,334] {dag.py:2919} INFO - Setting next_dagrun for example_xcom_args_with_operators to None, run_after=None
[2022-07-07 11:23:39,346] {processor.py:161} INFO - Processing /home/airflow/.local/lib/python3.7/site-packages/airflow/example_dags/example_xcomargs.py took 0.287 seconds
[2022-07-07 11:24:09,492] {processor.py:153} INFO - Started process (PID=357) to work on /home/airflow/.local/lib/python3.7/site-packages/airflow/example_dags/example_xcomargs.py
[2022-07-07 11:24:09,493] {processor.py:641} INFO - Processing file /home/airflow/.local/lib/python3.7/site-packages/airflow/example_dags/example_xcomargs.py for tasks to queue
[2022-07-07 11:24:09,493] {logging_mixin.py:115} INFO - [2022-07-07 11:24:09,493] {dagbag.py:507} INFO - Filling up the DagBag from /home/airflow/.local/lib/python3.7/site-packages/airflow/example_dags/example_xcomargs.py
[2022-07-07 11:24:09,521] {processor.py:651} INFO - DAG(s) dict_keys(['example_xcom_args', 'example_xcom_args_with_operators']) retrieved from /home/airflow/.local/lib/python3.7/site-packages/airflow/example_dags/example_xcomargs.py
[2022-07-07 11:24:09,718] {logging_mixin.py:115} INFO - [2022-07-07 11:24:09,718] {dag.py:2371} INFO - Sync 2 DAGs
[2022-07-07 11:24:09,736] {logging_mixin.py:115} INFO - [2022-07-07 11:24:09,736] {dag.py:2919} INFO - Setting next_dagrun for example_xcom_args to None, run_after=None
[2022-07-07 11:24:09,737] {logging_mixin.py:115} INFO - [2022-07-07 11:24:09,737] {dag.py:2919} INFO - Setting next_dagrun for example_xcom_args_with_operators to None, run_after=None
[2022-07-07 11:24:09,750] {processor.py:161} INFO - Processing /home/airflow/.local/lib/python3.7/site-packages/airflow/example_dags/example_xcomargs.py took 0.263 seconds
