[2022-07-07 08:13:27,336] {processor.py:153} INFO - Started process (PID=65) to work on /home/airflow/.local/lib/python3.7/site-packages/airflow/example_dags/example_skip_dag.py
[2022-07-07 08:13:27,337] {processor.py:641} INFO - Processing file /home/airflow/.local/lib/python3.7/site-packages/airflow/example_dags/example_skip_dag.py for tasks to queue
[2022-07-07 08:13:27,338] {logging_mixin.py:115} INFO - [2022-07-07 08:13:27,338] {dagbag.py:507} INFO - Filling up the DagBag from /home/airflow/.local/lib/python3.7/site-packages/airflow/example_dags/example_skip_dag.py
[2022-07-07 08:13:27,349] {processor.py:651} INFO - DAG(s) dict_keys(['example_skip_dag']) retrieved from /home/airflow/.local/lib/python3.7/site-packages/airflow/example_dags/example_skip_dag.py
[2022-07-07 08:13:27,675] {logging_mixin.py:115} INFO - [2022-07-07 08:13:27,675] {manager.py:508} INFO - Created Permission View: can edit on DAG:example_skip_dag
[2022-07-07 08:13:27,688] {logging_mixin.py:115} INFO - [2022-07-07 08:13:27,688] {manager.py:508} INFO - Created Permission View: can delete on DAG:example_skip_dag
[2022-07-07 08:13:27,697] {logging_mixin.py:115} INFO - [2022-07-07 08:13:27,697] {manager.py:508} INFO - Created Permission View: can read on DAG:example_skip_dag
[2022-07-07 08:13:27,698] {logging_mixin.py:115} INFO - [2022-07-07 08:13:27,698] {dag.py:2371} INFO - Sync 1 DAGs
[2022-07-07 08:13:27,714] {logging_mixin.py:115} INFO - [2022-07-07 08:13:27,714] {dag.py:2390} INFO - Creating ORM DAG for example_skip_dag
[2022-07-07 08:13:27,735] {logging_mixin.py:115} INFO - [2022-07-07 08:13:27,735] {dag.py:2919} INFO - Setting next_dagrun for example_skip_dag to 2022-07-06T08:13:27.734698+00:00, run_after=2022-07-07T08:13:27.734698+00:00
[2022-07-07 08:13:27,761] {processor.py:161} INFO - Processing /home/airflow/.local/lib/python3.7/site-packages/airflow/example_dags/example_skip_dag.py took 0.430 seconds
[2022-07-07 08:13:58,485] {processor.py:153} INFO - Started process (PID=127) to work on /home/airflow/.local/lib/python3.7/site-packages/airflow/example_dags/example_skip_dag.py
[2022-07-07 08:13:58,486] {processor.py:641} INFO - Processing file /home/airflow/.local/lib/python3.7/site-packages/airflow/example_dags/example_skip_dag.py for tasks to queue
[2022-07-07 08:13:58,486] {logging_mixin.py:115} INFO - [2022-07-07 08:13:58,486] {dagbag.py:507} INFO - Filling up the DagBag from /home/airflow/.local/lib/python3.7/site-packages/airflow/example_dags/example_skip_dag.py
[2022-07-07 08:13:58,492] {processor.py:651} INFO - DAG(s) dict_keys(['example_skip_dag']) retrieved from /home/airflow/.local/lib/python3.7/site-packages/airflow/example_dags/example_skip_dag.py
[2022-07-07 08:13:58,520] {logging_mixin.py:115} INFO - [2022-07-07 08:13:58,520] {dag.py:2371} INFO - Sync 1 DAGs
[2022-07-07 08:13:58,545] {logging_mixin.py:115} INFO - [2022-07-07 08:13:58,545] {dag.py:2919} INFO - Setting next_dagrun for example_skip_dag to 2022-07-06T08:13:58.545396+00:00, run_after=2022-07-07T08:13:58.545396+00:00
[2022-07-07 08:13:58,558] {processor.py:161} INFO - Processing /home/airflow/.local/lib/python3.7/site-packages/airflow/example_dags/example_skip_dag.py took 0.076 seconds
[2022-07-07 08:14:29,299] {processor.py:153} INFO - Started process (PID=181) to work on /home/airflow/.local/lib/python3.7/site-packages/airflow/example_dags/example_skip_dag.py
[2022-07-07 08:14:29,299] {processor.py:641} INFO - Processing file /home/airflow/.local/lib/python3.7/site-packages/airflow/example_dags/example_skip_dag.py for tasks to queue
[2022-07-07 08:14:29,300] {logging_mixin.py:115} INFO - [2022-07-07 08:14:29,300] {dagbag.py:507} INFO - Filling up the DagBag from /home/airflow/.local/lib/python3.7/site-packages/airflow/example_dags/example_skip_dag.py
[2022-07-07 08:14:29,307] {processor.py:651} INFO - DAG(s) dict_keys(['example_skip_dag']) retrieved from /home/airflow/.local/lib/python3.7/site-packages/airflow/example_dags/example_skip_dag.py
[2022-07-07 08:14:29,335] {logging_mixin.py:115} INFO - [2022-07-07 08:14:29,335] {dag.py:2371} INFO - Sync 1 DAGs
[2022-07-07 08:14:29,359] {logging_mixin.py:115} INFO - [2022-07-07 08:14:29,359] {dag.py:2919} INFO - Setting next_dagrun for example_skip_dag to 2022-07-06T08:14:29.359357+00:00, run_after=2022-07-07T08:14:29.359357+00:00
[2022-07-07 08:14:29,377] {processor.py:161} INFO - Processing /home/airflow/.local/lib/python3.7/site-packages/airflow/example_dags/example_skip_dag.py took 0.081 seconds
[2022-07-07 08:14:59,457] {processor.py:153} INFO - Started process (PID=244) to work on /home/airflow/.local/lib/python3.7/site-packages/airflow/example_dags/example_skip_dag.py
[2022-07-07 08:14:59,458] {processor.py:641} INFO - Processing file /home/airflow/.local/lib/python3.7/site-packages/airflow/example_dags/example_skip_dag.py for tasks to queue
[2022-07-07 08:14:59,459] {logging_mixin.py:115} INFO - [2022-07-07 08:14:59,459] {dagbag.py:507} INFO - Filling up the DagBag from /home/airflow/.local/lib/python3.7/site-packages/airflow/example_dags/example_skip_dag.py
[2022-07-07 08:14:59,465] {processor.py:651} INFO - DAG(s) dict_keys(['example_skip_dag']) retrieved from /home/airflow/.local/lib/python3.7/site-packages/airflow/example_dags/example_skip_dag.py
[2022-07-07 08:14:59,492] {logging_mixin.py:115} INFO - [2022-07-07 08:14:59,492] {dag.py:2371} INFO - Sync 1 DAGs
[2022-07-07 08:14:59,516] {logging_mixin.py:115} INFO - [2022-07-07 08:14:59,516] {dag.py:2919} INFO - Setting next_dagrun for example_skip_dag to 2022-07-06T08:14:59.516197+00:00, run_after=2022-07-07T08:14:59.516197+00:00
[2022-07-07 08:14:59,527] {processor.py:161} INFO - Processing /home/airflow/.local/lib/python3.7/site-packages/airflow/example_dags/example_skip_dag.py took 0.073 seconds
[2022-07-07 08:15:29,839] {processor.py:153} INFO - Started process (PID=306) to work on /home/airflow/.local/lib/python3.7/site-packages/airflow/example_dags/example_skip_dag.py
[2022-07-07 08:15:29,841] {processor.py:641} INFO - Processing file /home/airflow/.local/lib/python3.7/site-packages/airflow/example_dags/example_skip_dag.py for tasks to queue
[2022-07-07 08:15:29,842] {logging_mixin.py:115} INFO - [2022-07-07 08:15:29,842] {dagbag.py:507} INFO - Filling up the DagBag from /home/airflow/.local/lib/python3.7/site-packages/airflow/example_dags/example_skip_dag.py
[2022-07-07 08:15:29,852] {processor.py:651} INFO - DAG(s) dict_keys(['example_skip_dag']) retrieved from /home/airflow/.local/lib/python3.7/site-packages/airflow/example_dags/example_skip_dag.py
[2022-07-07 08:15:29,889] {logging_mixin.py:115} INFO - [2022-07-07 08:15:29,889] {dag.py:2371} INFO - Sync 1 DAGs
[2022-07-07 08:15:29,918] {logging_mixin.py:115} INFO - [2022-07-07 08:15:29,918] {dag.py:2919} INFO - Setting next_dagrun for example_skip_dag to 2022-07-06T08:15:29.918121+00:00, run_after=2022-07-07T08:15:29.918121+00:00
[2022-07-07 08:15:29,943] {processor.py:161} INFO - Processing /home/airflow/.local/lib/python3.7/site-packages/airflow/example_dags/example_skip_dag.py took 0.109 seconds
[2022-07-07 08:16:00,694] {processor.py:153} INFO - Started process (PID=359) to work on /home/airflow/.local/lib/python3.7/site-packages/airflow/example_dags/example_skip_dag.py
[2022-07-07 08:16:00,695] {processor.py:641} INFO - Processing file /home/airflow/.local/lib/python3.7/site-packages/airflow/example_dags/example_skip_dag.py for tasks to queue
[2022-07-07 08:16:00,695] {logging_mixin.py:115} INFO - [2022-07-07 08:16:00,695] {dagbag.py:507} INFO - Filling up the DagBag from /home/airflow/.local/lib/python3.7/site-packages/airflow/example_dags/example_skip_dag.py
[2022-07-07 08:16:00,701] {processor.py:651} INFO - DAG(s) dict_keys(['example_skip_dag']) retrieved from /home/airflow/.local/lib/python3.7/site-packages/airflow/example_dags/example_skip_dag.py
[2022-07-07 08:16:00,731] {logging_mixin.py:115} INFO - [2022-07-07 08:16:00,730] {dag.py:2371} INFO - Sync 1 DAGs
[2022-07-07 08:16:00,758] {logging_mixin.py:115} INFO - [2022-07-07 08:16:00,758] {dag.py:2919} INFO - Setting next_dagrun for example_skip_dag to 2022-07-06T08:16:00.758140+00:00, run_after=2022-07-07T08:16:00.758140+00:00
[2022-07-07 08:16:00,773] {processor.py:161} INFO - Processing /home/airflow/.local/lib/python3.7/site-packages/airflow/example_dags/example_skip_dag.py took 0.082 seconds
[2022-07-07 08:16:31,459] {processor.py:153} INFO - Started process (PID=421) to work on /home/airflow/.local/lib/python3.7/site-packages/airflow/example_dags/example_skip_dag.py
[2022-07-07 08:16:31,460] {processor.py:641} INFO - Processing file /home/airflow/.local/lib/python3.7/site-packages/airflow/example_dags/example_skip_dag.py for tasks to queue
[2022-07-07 08:16:31,461] {logging_mixin.py:115} INFO - [2022-07-07 08:16:31,461] {dagbag.py:507} INFO - Filling up the DagBag from /home/airflow/.local/lib/python3.7/site-packages/airflow/example_dags/example_skip_dag.py
[2022-07-07 08:16:31,467] {processor.py:651} INFO - DAG(s) dict_keys(['example_skip_dag']) retrieved from /home/airflow/.local/lib/python3.7/site-packages/airflow/example_dags/example_skip_dag.py
[2022-07-07 08:16:31,496] {logging_mixin.py:115} INFO - [2022-07-07 08:16:31,495] {dag.py:2371} INFO - Sync 1 DAGs
[2022-07-07 08:16:31,522] {logging_mixin.py:115} INFO - [2022-07-07 08:16:31,522] {dag.py:2919} INFO - Setting next_dagrun for example_skip_dag to 2022-07-06T08:16:31.522104+00:00, run_after=2022-07-07T08:16:31.522104+00:00
[2022-07-07 08:16:31,537] {processor.py:161} INFO - Processing /home/airflow/.local/lib/python3.7/site-packages/airflow/example_dags/example_skip_dag.py took 0.081 seconds
[2022-07-07 08:17:02,144] {processor.py:153} INFO - Started process (PID=482) to work on /home/airflow/.local/lib/python3.7/site-packages/airflow/example_dags/example_skip_dag.py
[2022-07-07 08:17:02,145] {processor.py:641} INFO - Processing file /home/airflow/.local/lib/python3.7/site-packages/airflow/example_dags/example_skip_dag.py for tasks to queue
[2022-07-07 08:17:02,146] {logging_mixin.py:115} INFO - [2022-07-07 08:17:02,145] {dagbag.py:507} INFO - Filling up the DagBag from /home/airflow/.local/lib/python3.7/site-packages/airflow/example_dags/example_skip_dag.py
[2022-07-07 08:17:02,152] {processor.py:651} INFO - DAG(s) dict_keys(['example_skip_dag']) retrieved from /home/airflow/.local/lib/python3.7/site-packages/airflow/example_dags/example_skip_dag.py
[2022-07-07 08:17:02,182] {logging_mixin.py:115} INFO - [2022-07-07 08:17:02,182] {dag.py:2371} INFO - Sync 1 DAGs
[2022-07-07 08:17:02,209] {logging_mixin.py:115} INFO - [2022-07-07 08:17:02,209] {dag.py:2919} INFO - Setting next_dagrun for example_skip_dag to 2022-07-06T08:17:02.208770+00:00, run_after=2022-07-07T08:17:02.208770+00:00
[2022-07-07 08:17:02,222] {processor.py:161} INFO - Processing /home/airflow/.local/lib/python3.7/site-packages/airflow/example_dags/example_skip_dag.py took 0.081 seconds
[2022-07-07 08:17:33,117] {processor.py:153} INFO - Started process (PID=535) to work on /home/airflow/.local/lib/python3.7/site-packages/airflow/example_dags/example_skip_dag.py
[2022-07-07 08:17:33,118] {processor.py:641} INFO - Processing file /home/airflow/.local/lib/python3.7/site-packages/airflow/example_dags/example_skip_dag.py for tasks to queue
[2022-07-07 08:17:33,119] {logging_mixin.py:115} INFO - [2022-07-07 08:17:33,119] {dagbag.py:507} INFO - Filling up the DagBag from /home/airflow/.local/lib/python3.7/site-packages/airflow/example_dags/example_skip_dag.py
[2022-07-07 08:17:33,127] {processor.py:651} INFO - DAG(s) dict_keys(['example_skip_dag']) retrieved from /home/airflow/.local/lib/python3.7/site-packages/airflow/example_dags/example_skip_dag.py
[2022-07-07 08:17:33,161] {logging_mixin.py:115} INFO - [2022-07-07 08:17:33,161] {dag.py:2371} INFO - Sync 1 DAGs
[2022-07-07 08:17:33,188] {logging_mixin.py:115} INFO - [2022-07-07 08:17:33,188] {dag.py:2919} INFO - Setting next_dagrun for example_skip_dag to 2022-07-06T08:17:33.187934+00:00, run_after=2022-07-07T08:17:33.187934+00:00
[2022-07-07 08:17:33,201] {processor.py:161} INFO - Processing /home/airflow/.local/lib/python3.7/site-packages/airflow/example_dags/example_skip_dag.py took 0.090 seconds
[2022-07-07 08:18:03,302] {processor.py:153} INFO - Started process (PID=597) to work on /home/airflow/.local/lib/python3.7/site-packages/airflow/example_dags/example_skip_dag.py
[2022-07-07 08:18:03,303] {processor.py:641} INFO - Processing file /home/airflow/.local/lib/python3.7/site-packages/airflow/example_dags/example_skip_dag.py for tasks to queue
[2022-07-07 08:18:03,304] {logging_mixin.py:115} INFO - [2022-07-07 08:18:03,304] {dagbag.py:507} INFO - Filling up the DagBag from /home/airflow/.local/lib/python3.7/site-packages/airflow/example_dags/example_skip_dag.py
[2022-07-07 08:18:03,310] {processor.py:651} INFO - DAG(s) dict_keys(['example_skip_dag']) retrieved from /home/airflow/.local/lib/python3.7/site-packages/airflow/example_dags/example_skip_dag.py
[2022-07-07 08:18:03,338] {logging_mixin.py:115} INFO - [2022-07-07 08:18:03,338] {dag.py:2371} INFO - Sync 1 DAGs
[2022-07-07 08:18:03,363] {logging_mixin.py:115} INFO - [2022-07-07 08:18:03,363] {dag.py:2919} INFO - Setting next_dagrun for example_skip_dag to 2022-07-06T08:18:03.363059+00:00, run_after=2022-07-07T08:18:03.363059+00:00
[2022-07-07 08:18:03,376] {processor.py:161} INFO - Processing /home/airflow/.local/lib/python3.7/site-packages/airflow/example_dags/example_skip_dag.py took 0.077 seconds
[2022-07-07 08:18:34,638] {processor.py:153} INFO - Started process (PID=660) to work on /home/airflow/.local/lib/python3.7/site-packages/airflow/example_dags/example_skip_dag.py
[2022-07-07 08:18:34,639] {processor.py:641} INFO - Processing file /home/airflow/.local/lib/python3.7/site-packages/airflow/example_dags/example_skip_dag.py for tasks to queue
[2022-07-07 08:18:34,640] {logging_mixin.py:115} INFO - [2022-07-07 08:18:34,639] {dagbag.py:507} INFO - Filling up the DagBag from /home/airflow/.local/lib/python3.7/site-packages/airflow/example_dags/example_skip_dag.py
[2022-07-07 08:18:34,646] {processor.py:651} INFO - DAG(s) dict_keys(['example_skip_dag']) retrieved from /home/airflow/.local/lib/python3.7/site-packages/airflow/example_dags/example_skip_dag.py
[2022-07-07 08:18:34,675] {logging_mixin.py:115} INFO - [2022-07-07 08:18:34,675] {dag.py:2371} INFO - Sync 1 DAGs
[2022-07-07 08:18:34,823] {logging_mixin.py:115} INFO - [2022-07-07 08:18:34,822] {dag.py:2919} INFO - Setting next_dagrun for example_skip_dag to 2022-07-06T08:18:34.822725+00:00, run_after=2022-07-07T08:18:34.822725+00:00
[2022-07-07 08:18:34,835] {processor.py:161} INFO - Processing /home/airflow/.local/lib/python3.7/site-packages/airflow/example_dags/example_skip_dag.py took 0.202 seconds
[2022-07-07 08:19:05,635] {processor.py:153} INFO - Started process (PID=720) to work on /home/airflow/.local/lib/python3.7/site-packages/airflow/example_dags/example_skip_dag.py
[2022-07-07 08:19:05,636] {processor.py:641} INFO - Processing file /home/airflow/.local/lib/python3.7/site-packages/airflow/example_dags/example_skip_dag.py for tasks to queue
[2022-07-07 08:19:05,637] {logging_mixin.py:115} INFO - [2022-07-07 08:19:05,636] {dagbag.py:507} INFO - Filling up the DagBag from /home/airflow/.local/lib/python3.7/site-packages/airflow/example_dags/example_skip_dag.py
[2022-07-07 08:19:05,643] {processor.py:651} INFO - DAG(s) dict_keys(['example_skip_dag']) retrieved from /home/airflow/.local/lib/python3.7/site-packages/airflow/example_dags/example_skip_dag.py
[2022-07-07 08:19:05,679] {logging_mixin.py:115} INFO - [2022-07-07 08:19:05,679] {dag.py:2371} INFO - Sync 1 DAGs
[2022-07-07 08:19:05,830] {logging_mixin.py:115} INFO - [2022-07-07 08:19:05,830] {dag.py:2919} INFO - Setting next_dagrun for example_skip_dag to 2022-07-06T08:19:05.830548+00:00, run_after=2022-07-07T08:19:05.830548+00:00
[2022-07-07 08:19:05,845] {processor.py:161} INFO - Processing /home/airflow/.local/lib/python3.7/site-packages/airflow/example_dags/example_skip_dag.py took 0.215 seconds
[2022-07-07 08:19:36,303] {processor.py:153} INFO - Started process (PID=774) to work on /home/airflow/.local/lib/python3.7/site-packages/airflow/example_dags/example_skip_dag.py
[2022-07-07 08:19:36,304] {processor.py:641} INFO - Processing file /home/airflow/.local/lib/python3.7/site-packages/airflow/example_dags/example_skip_dag.py for tasks to queue
[2022-07-07 08:19:36,305] {logging_mixin.py:115} INFO - [2022-07-07 08:19:36,305] {dagbag.py:507} INFO - Filling up the DagBag from /home/airflow/.local/lib/python3.7/site-packages/airflow/example_dags/example_skip_dag.py
[2022-07-07 08:19:36,311] {processor.py:651} INFO - DAG(s) dict_keys(['example_skip_dag']) retrieved from /home/airflow/.local/lib/python3.7/site-packages/airflow/example_dags/example_skip_dag.py
[2022-07-07 08:19:36,342] {logging_mixin.py:115} INFO - [2022-07-07 08:19:36,341] {dag.py:2371} INFO - Sync 1 DAGs
[2022-07-07 08:19:36,487] {logging_mixin.py:115} INFO - [2022-07-07 08:19:36,487] {dag.py:2919} INFO - Setting next_dagrun for example_skip_dag to 2022-07-06T08:19:36.486965+00:00, run_after=2022-07-07T08:19:36.486965+00:00
[2022-07-07 08:19:36,500] {processor.py:161} INFO - Processing /home/airflow/.local/lib/python3.7/site-packages/airflow/example_dags/example_skip_dag.py took 0.201 seconds
[2022-07-07 08:20:06,737] {processor.py:153} INFO - Started process (PID=837) to work on /home/airflow/.local/lib/python3.7/site-packages/airflow/example_dags/example_skip_dag.py
[2022-07-07 08:20:06,737] {processor.py:641} INFO - Processing file /home/airflow/.local/lib/python3.7/site-packages/airflow/example_dags/example_skip_dag.py for tasks to queue
[2022-07-07 08:20:06,738] {logging_mixin.py:115} INFO - [2022-07-07 08:20:06,738] {dagbag.py:507} INFO - Filling up the DagBag from /home/airflow/.local/lib/python3.7/site-packages/airflow/example_dags/example_skip_dag.py
[2022-07-07 08:20:06,744] {processor.py:651} INFO - DAG(s) dict_keys(['example_skip_dag']) retrieved from /home/airflow/.local/lib/python3.7/site-packages/airflow/example_dags/example_skip_dag.py
[2022-07-07 08:20:06,775] {logging_mixin.py:115} INFO - [2022-07-07 08:20:06,775] {dag.py:2371} INFO - Sync 1 DAGs
[2022-07-07 08:20:06,947] {logging_mixin.py:115} INFO - [2022-07-07 08:20:06,946] {dag.py:2919} INFO - Setting next_dagrun for example_skip_dag to 2022-07-06T08:20:06.946718+00:00, run_after=2022-07-07T08:20:06.946718+00:00
[2022-07-07 08:20:06,962] {processor.py:161} INFO - Processing /home/airflow/.local/lib/python3.7/site-packages/airflow/example_dags/example_skip_dag.py took 0.229 seconds
[2022-07-07 08:20:37,050] {processor.py:153} INFO - Started process (PID=899) to work on /home/airflow/.local/lib/python3.7/site-packages/airflow/example_dags/example_skip_dag.py
[2022-07-07 08:20:37,051] {processor.py:641} INFO - Processing file /home/airflow/.local/lib/python3.7/site-packages/airflow/example_dags/example_skip_dag.py for tasks to queue
[2022-07-07 08:20:37,052] {logging_mixin.py:115} INFO - [2022-07-07 08:20:37,052] {dagbag.py:507} INFO - Filling up the DagBag from /home/airflow/.local/lib/python3.7/site-packages/airflow/example_dags/example_skip_dag.py
[2022-07-07 08:20:37,059] {processor.py:651} INFO - DAG(s) dict_keys(['example_skip_dag']) retrieved from /home/airflow/.local/lib/python3.7/site-packages/airflow/example_dags/example_skip_dag.py
[2022-07-07 08:20:37,093] {logging_mixin.py:115} INFO - [2022-07-07 08:20:37,093] {dag.py:2371} INFO - Sync 1 DAGs
[2022-07-07 08:20:37,245] {logging_mixin.py:115} INFO - [2022-07-07 08:20:37,245] {dag.py:2919} INFO - Setting next_dagrun for example_skip_dag to 2022-07-06T08:20:37.245142+00:00, run_after=2022-07-07T08:20:37.245142+00:00
[2022-07-07 08:20:37,259] {processor.py:161} INFO - Processing /home/airflow/.local/lib/python3.7/site-packages/airflow/example_dags/example_skip_dag.py took 0.213 seconds
[2022-07-07 08:21:07,583] {processor.py:153} INFO - Started process (PID=951) to work on /home/airflow/.local/lib/python3.7/site-packages/airflow/example_dags/example_skip_dag.py
[2022-07-07 08:21:07,584] {processor.py:641} INFO - Processing file /home/airflow/.local/lib/python3.7/site-packages/airflow/example_dags/example_skip_dag.py for tasks to queue
[2022-07-07 08:21:07,585] {logging_mixin.py:115} INFO - [2022-07-07 08:21:07,584] {dagbag.py:507} INFO - Filling up the DagBag from /home/airflow/.local/lib/python3.7/site-packages/airflow/example_dags/example_skip_dag.py
[2022-07-07 08:21:07,593] {processor.py:651} INFO - DAG(s) dict_keys(['example_skip_dag']) retrieved from /home/airflow/.local/lib/python3.7/site-packages/airflow/example_dags/example_skip_dag.py
[2022-07-07 08:21:07,628] {logging_mixin.py:115} INFO - [2022-07-07 08:21:07,628] {dag.py:2371} INFO - Sync 1 DAGs
[2022-07-07 08:21:07,812] {logging_mixin.py:115} INFO - [2022-07-07 08:21:07,811] {dag.py:2919} INFO - Setting next_dagrun for example_skip_dag to 2022-07-06T08:21:07.811634+00:00, run_after=2022-07-07T08:21:07.811634+00:00
[2022-07-07 08:21:07,828] {processor.py:161} INFO - Processing /home/airflow/.local/lib/python3.7/site-packages/airflow/example_dags/example_skip_dag.py took 0.250 seconds
[2022-07-07 08:21:37,876] {processor.py:153} INFO - Started process (PID=1012) to work on /home/airflow/.local/lib/python3.7/site-packages/airflow/example_dags/example_skip_dag.py
[2022-07-07 08:21:37,877] {processor.py:641} INFO - Processing file /home/airflow/.local/lib/python3.7/site-packages/airflow/example_dags/example_skip_dag.py for tasks to queue
[2022-07-07 08:21:37,877] {logging_mixin.py:115} INFO - [2022-07-07 08:21:37,877] {dagbag.py:507} INFO - Filling up the DagBag from /home/airflow/.local/lib/python3.7/site-packages/airflow/example_dags/example_skip_dag.py
[2022-07-07 08:21:37,883] {processor.py:651} INFO - DAG(s) dict_keys(['example_skip_dag']) retrieved from /home/airflow/.local/lib/python3.7/site-packages/airflow/example_dags/example_skip_dag.py
[2022-07-07 08:21:37,912] {logging_mixin.py:115} INFO - [2022-07-07 08:21:37,912] {dag.py:2371} INFO - Sync 1 DAGs
[2022-07-07 08:21:38,072] {logging_mixin.py:115} INFO - [2022-07-07 08:21:38,072] {dag.py:2919} INFO - Setting next_dagrun for example_skip_dag to 2022-07-06T08:21:38.072147+00:00, run_after=2022-07-07T08:21:38.072147+00:00
[2022-07-07 08:21:38,083] {processor.py:161} INFO - Processing /home/airflow/.local/lib/python3.7/site-packages/airflow/example_dags/example_skip_dag.py took 0.211 seconds
[2022-07-07 08:22:08,200] {processor.py:153} INFO - Started process (PID=1074) to work on /home/airflow/.local/lib/python3.7/site-packages/airflow/example_dags/example_skip_dag.py
[2022-07-07 08:22:08,201] {processor.py:641} INFO - Processing file /home/airflow/.local/lib/python3.7/site-packages/airflow/example_dags/example_skip_dag.py for tasks to queue
[2022-07-07 08:22:08,202] {logging_mixin.py:115} INFO - [2022-07-07 08:22:08,202] {dagbag.py:507} INFO - Filling up the DagBag from /home/airflow/.local/lib/python3.7/site-packages/airflow/example_dags/example_skip_dag.py
[2022-07-07 08:22:08,208] {processor.py:651} INFO - DAG(s) dict_keys(['example_skip_dag']) retrieved from /home/airflow/.local/lib/python3.7/site-packages/airflow/example_dags/example_skip_dag.py
[2022-07-07 08:22:08,238] {logging_mixin.py:115} INFO - [2022-07-07 08:22:08,237] {dag.py:2371} INFO - Sync 1 DAGs
[2022-07-07 08:22:08,394] {logging_mixin.py:115} INFO - [2022-07-07 08:22:08,394] {dag.py:2919} INFO - Setting next_dagrun for example_skip_dag to 2022-07-06T08:22:08.393859+00:00, run_after=2022-07-07T08:22:08.393859+00:00
[2022-07-07 08:22:08,406] {processor.py:161} INFO - Processing /home/airflow/.local/lib/python3.7/site-packages/airflow/example_dags/example_skip_dag.py took 0.209 seconds
[2022-07-07 08:22:39,507] {processor.py:153} INFO - Started process (PID=1128) to work on /home/airflow/.local/lib/python3.7/site-packages/airflow/example_dags/example_skip_dag.py
[2022-07-07 08:22:39,508] {processor.py:641} INFO - Processing file /home/airflow/.local/lib/python3.7/site-packages/airflow/example_dags/example_skip_dag.py for tasks to queue
[2022-07-07 08:22:39,509] {logging_mixin.py:115} INFO - [2022-07-07 08:22:39,509] {dagbag.py:507} INFO - Filling up the DagBag from /home/airflow/.local/lib/python3.7/site-packages/airflow/example_dags/example_skip_dag.py
[2022-07-07 08:22:39,518] {processor.py:651} INFO - DAG(s) dict_keys(['example_skip_dag']) retrieved from /home/airflow/.local/lib/python3.7/site-packages/airflow/example_dags/example_skip_dag.py
[2022-07-07 08:22:39,561] {logging_mixin.py:115} INFO - [2022-07-07 08:22:39,560] {dag.py:2371} INFO - Sync 1 DAGs
[2022-07-07 08:22:39,738] {logging_mixin.py:115} INFO - [2022-07-07 08:22:39,738] {dag.py:2919} INFO - Setting next_dagrun for example_skip_dag to 2022-07-06T08:22:39.737648+00:00, run_after=2022-07-07T08:22:39.737648+00:00
[2022-07-07 08:22:39,758] {processor.py:161} INFO - Processing /home/airflow/.local/lib/python3.7/site-packages/airflow/example_dags/example_skip_dag.py took 0.258 seconds
[2022-07-07 08:23:10,536] {processor.py:153} INFO - Started process (PID=1190) to work on /home/airflow/.local/lib/python3.7/site-packages/airflow/example_dags/example_skip_dag.py
[2022-07-07 08:23:10,537] {processor.py:641} INFO - Processing file /home/airflow/.local/lib/python3.7/site-packages/airflow/example_dags/example_skip_dag.py for tasks to queue
[2022-07-07 08:23:10,538] {logging_mixin.py:115} INFO - [2022-07-07 08:23:10,538] {dagbag.py:507} INFO - Filling up the DagBag from /home/airflow/.local/lib/python3.7/site-packages/airflow/example_dags/example_skip_dag.py
[2022-07-07 08:23:10,545] {processor.py:651} INFO - DAG(s) dict_keys(['example_skip_dag']) retrieved from /home/airflow/.local/lib/python3.7/site-packages/airflow/example_dags/example_skip_dag.py
[2022-07-07 08:23:10,578] {logging_mixin.py:115} INFO - [2022-07-07 08:23:10,578] {dag.py:2371} INFO - Sync 1 DAGs
[2022-07-07 08:23:10,744] {logging_mixin.py:115} INFO - [2022-07-07 08:23:10,744] {dag.py:2919} INFO - Setting next_dagrun for example_skip_dag to 2022-07-06T08:23:10.744410+00:00, run_after=2022-07-07T08:23:10.744410+00:00
[2022-07-07 08:23:10,760] {processor.py:161} INFO - Processing /home/airflow/.local/lib/python3.7/site-packages/airflow/example_dags/example_skip_dag.py took 0.228 seconds
[2022-07-07 08:23:40,825] {processor.py:153} INFO - Started process (PID=1252) to work on /home/airflow/.local/lib/python3.7/site-packages/airflow/example_dags/example_skip_dag.py
[2022-07-07 08:23:40,826] {processor.py:641} INFO - Processing file /home/airflow/.local/lib/python3.7/site-packages/airflow/example_dags/example_skip_dag.py for tasks to queue
[2022-07-07 08:23:40,826] {logging_mixin.py:115} INFO - [2022-07-07 08:23:40,826] {dagbag.py:507} INFO - Filling up the DagBag from /home/airflow/.local/lib/python3.7/site-packages/airflow/example_dags/example_skip_dag.py
[2022-07-07 08:23:40,832] {processor.py:651} INFO - DAG(s) dict_keys(['example_skip_dag']) retrieved from /home/airflow/.local/lib/python3.7/site-packages/airflow/example_dags/example_skip_dag.py
[2022-07-07 08:23:40,862] {logging_mixin.py:115} INFO - [2022-07-07 08:23:40,862] {dag.py:2371} INFO - Sync 1 DAGs
[2022-07-07 08:23:41,009] {logging_mixin.py:115} INFO - [2022-07-07 08:23:41,009] {dag.py:2919} INFO - Setting next_dagrun for example_skip_dag to 2022-07-06T08:23:41.009502+00:00, run_after=2022-07-07T08:23:41.009502+00:00
[2022-07-07 08:23:41,023] {processor.py:161} INFO - Processing /home/airflow/.local/lib/python3.7/site-packages/airflow/example_dags/example_skip_dag.py took 0.202 seconds
[2022-07-07 08:24:11,066] {processor.py:153} INFO - Started process (PID=1304) to work on /home/airflow/.local/lib/python3.7/site-packages/airflow/example_dags/example_skip_dag.py
[2022-07-07 08:24:11,067] {processor.py:641} INFO - Processing file /home/airflow/.local/lib/python3.7/site-packages/airflow/example_dags/example_skip_dag.py for tasks to queue
[2022-07-07 08:24:11,067] {logging_mixin.py:115} INFO - [2022-07-07 08:24:11,067] {dagbag.py:507} INFO - Filling up the DagBag from /home/airflow/.local/lib/python3.7/site-packages/airflow/example_dags/example_skip_dag.py
[2022-07-07 08:24:11,075] {processor.py:651} INFO - DAG(s) dict_keys(['example_skip_dag']) retrieved from /home/airflow/.local/lib/python3.7/site-packages/airflow/example_dags/example_skip_dag.py
[2022-07-07 08:24:11,107] {logging_mixin.py:115} INFO - [2022-07-07 08:24:11,107] {dag.py:2371} INFO - Sync 1 DAGs
[2022-07-07 08:24:11,277] {logging_mixin.py:115} INFO - [2022-07-07 08:24:11,276] {dag.py:2919} INFO - Setting next_dagrun for example_skip_dag to 2022-07-06T08:24:11.276749+00:00, run_after=2022-07-07T08:24:11.276749+00:00
[2022-07-07 08:24:11,299] {processor.py:161} INFO - Processing /home/airflow/.local/lib/python3.7/site-packages/airflow/example_dags/example_skip_dag.py took 0.238 seconds
[2022-07-07 08:24:41,574] {processor.py:153} INFO - Started process (PID=1365) to work on /home/airflow/.local/lib/python3.7/site-packages/airflow/example_dags/example_skip_dag.py
[2022-07-07 08:24:41,575] {processor.py:641} INFO - Processing file /home/airflow/.local/lib/python3.7/site-packages/airflow/example_dags/example_skip_dag.py for tasks to queue
[2022-07-07 08:24:41,576] {logging_mixin.py:115} INFO - [2022-07-07 08:24:41,576] {dagbag.py:507} INFO - Filling up the DagBag from /home/airflow/.local/lib/python3.7/site-packages/airflow/example_dags/example_skip_dag.py
[2022-07-07 08:24:41,583] {processor.py:651} INFO - DAG(s) dict_keys(['example_skip_dag']) retrieved from /home/airflow/.local/lib/python3.7/site-packages/airflow/example_dags/example_skip_dag.py
[2022-07-07 08:24:41,618] {logging_mixin.py:115} INFO - [2022-07-07 08:24:41,618] {dag.py:2371} INFO - Sync 1 DAGs
[2022-07-07 08:24:41,766] {logging_mixin.py:115} INFO - [2022-07-07 08:24:41,766] {dag.py:2919} INFO - Setting next_dagrun for example_skip_dag to 2022-07-06T08:24:41.766055+00:00, run_after=2022-07-07T08:24:41.766055+00:00
[2022-07-07 08:24:41,778] {processor.py:161} INFO - Processing /home/airflow/.local/lib/python3.7/site-packages/airflow/example_dags/example_skip_dag.py took 0.208 seconds
[2022-07-07 08:25:12,662] {processor.py:153} INFO - Started process (PID=1428) to work on /home/airflow/.local/lib/python3.7/site-packages/airflow/example_dags/example_skip_dag.py
[2022-07-07 08:25:12,662] {processor.py:641} INFO - Processing file /home/airflow/.local/lib/python3.7/site-packages/airflow/example_dags/example_skip_dag.py for tasks to queue
[2022-07-07 08:25:12,663] {logging_mixin.py:115} INFO - [2022-07-07 08:25:12,663] {dagbag.py:507} INFO - Filling up the DagBag from /home/airflow/.local/lib/python3.7/site-packages/airflow/example_dags/example_skip_dag.py
[2022-07-07 08:25:12,668] {processor.py:651} INFO - DAG(s) dict_keys(['example_skip_dag']) retrieved from /home/airflow/.local/lib/python3.7/site-packages/airflow/example_dags/example_skip_dag.py
[2022-07-07 08:25:12,696] {logging_mixin.py:115} INFO - [2022-07-07 08:25:12,696] {dag.py:2371} INFO - Sync 1 DAGs
[2022-07-07 08:25:12,846] {logging_mixin.py:115} INFO - [2022-07-07 08:25:12,846] {dag.py:2919} INFO - Setting next_dagrun for example_skip_dag to 2022-07-06T08:25:12.845876+00:00, run_after=2022-07-07T08:25:12.845876+00:00
[2022-07-07 08:25:12,858] {processor.py:161} INFO - Processing /home/airflow/.local/lib/python3.7/site-packages/airflow/example_dags/example_skip_dag.py took 0.200 seconds
[2022-07-07 08:25:43,595] {processor.py:153} INFO - Started process (PID=1487) to work on /home/airflow/.local/lib/python3.7/site-packages/airflow/example_dags/example_skip_dag.py
[2022-07-07 08:25:43,596] {processor.py:641} INFO - Processing file /home/airflow/.local/lib/python3.7/site-packages/airflow/example_dags/example_skip_dag.py for tasks to queue
[2022-07-07 08:25:43,597] {logging_mixin.py:115} INFO - [2022-07-07 08:25:43,597] {dagbag.py:507} INFO - Filling up the DagBag from /home/airflow/.local/lib/python3.7/site-packages/airflow/example_dags/example_skip_dag.py
[2022-07-07 08:25:43,604] {processor.py:651} INFO - DAG(s) dict_keys(['example_skip_dag']) retrieved from /home/airflow/.local/lib/python3.7/site-packages/airflow/example_dags/example_skip_dag.py
[2022-07-07 08:25:43,635] {logging_mixin.py:115} INFO - [2022-07-07 08:25:43,634] {dag.py:2371} INFO - Sync 1 DAGs
[2022-07-07 08:25:43,797] {logging_mixin.py:115} INFO - [2022-07-07 08:25:43,797] {dag.py:2919} INFO - Setting next_dagrun for example_skip_dag to 2022-07-06T08:25:43.796935+00:00, run_after=2022-07-07T08:25:43.796935+00:00
[2022-07-07 08:25:43,812] {processor.py:161} INFO - Processing /home/airflow/.local/lib/python3.7/site-packages/airflow/example_dags/example_skip_dag.py took 0.220 seconds
[2022-07-07 08:26:14,278] {processor.py:153} INFO - Started process (PID=1542) to work on /home/airflow/.local/lib/python3.7/site-packages/airflow/example_dags/example_skip_dag.py
[2022-07-07 08:26:14,278] {processor.py:641} INFO - Processing file /home/airflow/.local/lib/python3.7/site-packages/airflow/example_dags/example_skip_dag.py for tasks to queue
[2022-07-07 08:26:14,279] {logging_mixin.py:115} INFO - [2022-07-07 08:26:14,279] {dagbag.py:507} INFO - Filling up the DagBag from /home/airflow/.local/lib/python3.7/site-packages/airflow/example_dags/example_skip_dag.py
[2022-07-07 08:26:14,286] {processor.py:651} INFO - DAG(s) dict_keys(['example_skip_dag']) retrieved from /home/airflow/.local/lib/python3.7/site-packages/airflow/example_dags/example_skip_dag.py
[2022-07-07 08:26:14,319] {logging_mixin.py:115} INFO - [2022-07-07 08:26:14,319] {dag.py:2371} INFO - Sync 1 DAGs
[2022-07-07 08:26:14,565] {logging_mixin.py:115} INFO - [2022-07-07 08:26:14,564] {dag.py:2919} INFO - Setting next_dagrun for example_skip_dag to 2022-07-06T08:26:14.564586+00:00, run_after=2022-07-07T08:26:14.564586+00:00
[2022-07-07 08:26:14,583] {processor.py:161} INFO - Processing /home/airflow/.local/lib/python3.7/site-packages/airflow/example_dags/example_skip_dag.py took 0.309 seconds
[2022-07-07 08:26:44,783] {processor.py:153} INFO - Started process (PID=1605) to work on /home/airflow/.local/lib/python3.7/site-packages/airflow/example_dags/example_skip_dag.py
[2022-07-07 08:26:44,784] {processor.py:641} INFO - Processing file /home/airflow/.local/lib/python3.7/site-packages/airflow/example_dags/example_skip_dag.py for tasks to queue
[2022-07-07 08:26:44,785] {logging_mixin.py:115} INFO - [2022-07-07 08:26:44,785] {dagbag.py:507} INFO - Filling up the DagBag from /home/airflow/.local/lib/python3.7/site-packages/airflow/example_dags/example_skip_dag.py
[2022-07-07 08:26:44,791] {processor.py:651} INFO - DAG(s) dict_keys(['example_skip_dag']) retrieved from /home/airflow/.local/lib/python3.7/site-packages/airflow/example_dags/example_skip_dag.py
[2022-07-07 08:26:44,833] {logging_mixin.py:115} INFO - [2022-07-07 08:26:44,833] {dag.py:2371} INFO - Sync 1 DAGs
[2022-07-07 08:26:45,011] {logging_mixin.py:115} INFO - [2022-07-07 08:26:45,011] {dag.py:2919} INFO - Setting next_dagrun for example_skip_dag to 2022-07-06T08:26:45.011304+00:00, run_after=2022-07-07T08:26:45.011304+00:00
[2022-07-07 08:26:45,026] {processor.py:161} INFO - Processing /home/airflow/.local/lib/python3.7/site-packages/airflow/example_dags/example_skip_dag.py took 0.247 seconds
