[2022-07-07 11:21:39,638] {processor.py:153} INFO - Started process (PID=71) to work on /home/airflow/.local/lib/python3.7/site-packages/airflow/example_dags/example_branch_datetime_operator.py
[2022-07-07 11:21:39,641] {processor.py:641} INFO - Processing file /home/airflow/.local/lib/python3.7/site-packages/airflow/example_dags/example_branch_datetime_operator.py for tasks to queue
[2022-07-07 11:21:39,642] {logging_mixin.py:115} INFO - [2022-07-07 11:21:39,642] {dagbag.py:507} INFO - Filling up the DagBag from /home/airflow/.local/lib/python3.7/site-packages/airflow/example_dags/example_branch_datetime_operator.py
[2022-07-07 11:21:39,653] {processor.py:651} INFO - DAG(s) dict_keys(['example_branch_datetime_operator_2']) retrieved from /home/airflow/.local/lib/python3.7/site-packages/airflow/example_dags/example_branch_datetime_operator.py
[2022-07-07 11:21:39,683] {logging_mixin.py:115} INFO - [2022-07-07 11:21:39,683] {dag.py:2371} INFO - Sync 1 DAGs
[2022-07-07 11:21:39,713] {logging_mixin.py:115} INFO - [2022-07-07 11:21:39,713] {dag.py:2919} INFO - Setting next_dagrun for example_branch_datetime_operator_2 to 2022-07-06T00:00:00+00:00, run_after=2022-07-07T00:00:00+00:00
[2022-07-07 11:21:39,733] {processor.py:161} INFO - Processing /home/airflow/.local/lib/python3.7/site-packages/airflow/example_dags/example_branch_datetime_operator.py took 0.099 seconds
[2022-07-07 11:22:10,087] {processor.py:153} INFO - Started process (PID=133) to work on /home/airflow/.local/lib/python3.7/site-packages/airflow/example_dags/example_branch_datetime_operator.py
[2022-07-07 11:22:10,087] {processor.py:641} INFO - Processing file /home/airflow/.local/lib/python3.7/site-packages/airflow/example_dags/example_branch_datetime_operator.py for tasks to queue
[2022-07-07 11:22:10,088] {logging_mixin.py:115} INFO - [2022-07-07 11:22:10,088] {dagbag.py:507} INFO - Filling up the DagBag from /home/airflow/.local/lib/python3.7/site-packages/airflow/example_dags/example_branch_datetime_operator.py
[2022-07-07 11:22:10,097] {processor.py:651} INFO - DAG(s) dict_keys(['example_branch_datetime_operator_2']) retrieved from /home/airflow/.local/lib/python3.7/site-packages/airflow/example_dags/example_branch_datetime_operator.py
[2022-07-07 11:22:10,126] {logging_mixin.py:115} INFO - [2022-07-07 11:22:10,126] {dag.py:2371} INFO - Sync 1 DAGs
[2022-07-07 11:22:10,156] {logging_mixin.py:115} INFO - [2022-07-07 11:22:10,156] {dag.py:2919} INFO - Setting next_dagrun for example_branch_datetime_operator_2 to 2022-07-06T00:00:00+00:00, run_after=2022-07-07T00:00:00+00:00
[2022-07-07 11:22:10,170] {processor.py:161} INFO - Processing /home/airflow/.local/lib/python3.7/site-packages/airflow/example_dags/example_branch_datetime_operator.py took 0.088 seconds
[2022-07-07 11:22:40,403] {processor.py:153} INFO - Started process (PID=196) to work on /home/airflow/.local/lib/python3.7/site-packages/airflow/example_dags/example_branch_datetime_operator.py
[2022-07-07 11:22:40,404] {processor.py:641} INFO - Processing file /home/airflow/.local/lib/python3.7/site-packages/airflow/example_dags/example_branch_datetime_operator.py for tasks to queue
[2022-07-07 11:22:40,404] {logging_mixin.py:115} INFO - [2022-07-07 11:22:40,404] {dagbag.py:507} INFO - Filling up the DagBag from /home/airflow/.local/lib/python3.7/site-packages/airflow/example_dags/example_branch_datetime_operator.py
[2022-07-07 11:22:40,414] {processor.py:651} INFO - DAG(s) dict_keys(['example_branch_datetime_operator_2']) retrieved from /home/airflow/.local/lib/python3.7/site-packages/airflow/example_dags/example_branch_datetime_operator.py
[2022-07-07 11:22:40,441] {logging_mixin.py:115} INFO - [2022-07-07 11:22:40,441] {dag.py:2371} INFO - Sync 1 DAGs
[2022-07-07 11:22:40,469] {logging_mixin.py:115} INFO - [2022-07-07 11:22:40,469] {dag.py:2919} INFO - Setting next_dagrun for example_branch_datetime_operator_2 to 2022-07-06T00:00:00+00:00, run_after=2022-07-07T00:00:00+00:00
[2022-07-07 11:22:40,482] {processor.py:161} INFO - Processing /home/airflow/.local/lib/python3.7/site-packages/airflow/example_dags/example_branch_datetime_operator.py took 0.082 seconds
[2022-07-07 11:23:10,859] {processor.py:153} INFO - Started process (PID=249) to work on /home/airflow/.local/lib/python3.7/site-packages/airflow/example_dags/example_branch_datetime_operator.py
[2022-07-07 11:23:10,860] {processor.py:641} INFO - Processing file /home/airflow/.local/lib/python3.7/site-packages/airflow/example_dags/example_branch_datetime_operator.py for tasks to queue
[2022-07-07 11:23:10,861] {logging_mixin.py:115} INFO - [2022-07-07 11:23:10,861] {dagbag.py:507} INFO - Filling up the DagBag from /home/airflow/.local/lib/python3.7/site-packages/airflow/example_dags/example_branch_datetime_operator.py
[2022-07-07 11:23:10,871] {processor.py:651} INFO - DAG(s) dict_keys(['example_branch_datetime_operator_2']) retrieved from /home/airflow/.local/lib/python3.7/site-packages/airflow/example_dags/example_branch_datetime_operator.py
[2022-07-07 11:23:10,899] {logging_mixin.py:115} INFO - [2022-07-07 11:23:10,899] {dag.py:2371} INFO - Sync 1 DAGs
[2022-07-07 11:23:10,928] {logging_mixin.py:115} INFO - [2022-07-07 11:23:10,928] {dag.py:2919} INFO - Setting next_dagrun for example_branch_datetime_operator_2 to 2022-07-06T00:00:00+00:00, run_after=2022-07-07T00:00:00+00:00
[2022-07-07 11:23:10,941] {processor.py:161} INFO - Processing /home/airflow/.local/lib/python3.7/site-packages/airflow/example_dags/example_branch_datetime_operator.py took 0.086 seconds
[2022-07-07 11:23:41,175] {processor.py:153} INFO - Started process (PID=312) to work on /home/airflow/.local/lib/python3.7/site-packages/airflow/example_dags/example_branch_datetime_operator.py
[2022-07-07 11:23:41,176] {processor.py:641} INFO - Processing file /home/airflow/.local/lib/python3.7/site-packages/airflow/example_dags/example_branch_datetime_operator.py for tasks to queue
[2022-07-07 11:23:41,176] {logging_mixin.py:115} INFO - [2022-07-07 11:23:41,176] {dagbag.py:507} INFO - Filling up the DagBag from /home/airflow/.local/lib/python3.7/site-packages/airflow/example_dags/example_branch_datetime_operator.py
[2022-07-07 11:23:41,186] {processor.py:651} INFO - DAG(s) dict_keys(['example_branch_datetime_operator_2']) retrieved from /home/airflow/.local/lib/python3.7/site-packages/airflow/example_dags/example_branch_datetime_operator.py
[2022-07-07 11:23:41,217] {logging_mixin.py:115} INFO - [2022-07-07 11:23:41,217] {dag.py:2371} INFO - Sync 1 DAGs
[2022-07-07 11:23:41,249] {logging_mixin.py:115} INFO - [2022-07-07 11:23:41,249] {dag.py:2919} INFO - Setting next_dagrun for example_branch_datetime_operator_2 to 2022-07-06T00:00:00+00:00, run_after=2022-07-07T00:00:00+00:00
[2022-07-07 11:23:41,261] {processor.py:161} INFO - Processing /home/airflow/.local/lib/python3.7/site-packages/airflow/example_dags/example_branch_datetime_operator.py took 0.091 seconds
[2022-07-07 11:24:11,595] {processor.py:153} INFO - Started process (PID=374) to work on /home/airflow/.local/lib/python3.7/site-packages/airflow/example_dags/example_branch_datetime_operator.py
[2022-07-07 11:24:11,596] {processor.py:641} INFO - Processing file /home/airflow/.local/lib/python3.7/site-packages/airflow/example_dags/example_branch_datetime_operator.py for tasks to queue
[2022-07-07 11:24:11,597] {logging_mixin.py:115} INFO - [2022-07-07 11:24:11,597] {dagbag.py:507} INFO - Filling up the DagBag from /home/airflow/.local/lib/python3.7/site-packages/airflow/example_dags/example_branch_datetime_operator.py
[2022-07-07 11:24:11,607] {processor.py:651} INFO - DAG(s) dict_keys(['example_branch_datetime_operator_2']) retrieved from /home/airflow/.local/lib/python3.7/site-packages/airflow/example_dags/example_branch_datetime_operator.py
[2022-07-07 11:24:11,636] {logging_mixin.py:115} INFO - [2022-07-07 11:24:11,636] {dag.py:2371} INFO - Sync 1 DAGs
[2022-07-07 11:24:11,666] {logging_mixin.py:115} INFO - [2022-07-07 11:24:11,666] {dag.py:2919} INFO - Setting next_dagrun for example_branch_datetime_operator_2 to 2022-07-06T00:00:00+00:00, run_after=2022-07-07T00:00:00+00:00
[2022-07-07 11:24:11,679] {processor.py:161} INFO - Processing /home/airflow/.local/lib/python3.7/site-packages/airflow/example_dags/example_branch_datetime_operator.py took 0.088 seconds
