[2022-07-07 08:13:22,412] {processor.py:153} INFO - Started process (PID=46) to work on /home/airflow/.local/lib/python3.7/site-packages/airflow/example_dags/example_complex.py
[2022-07-07 08:13:22,417] {processor.py:641} INFO - Processing file /home/airflow/.local/lib/python3.7/site-packages/airflow/example_dags/example_complex.py for tasks to queue
[2022-07-07 08:13:22,420] {logging_mixin.py:115} INFO - [2022-07-07 08:13:22,419] {dagbag.py:507} INFO - Filling up the DagBag from /home/airflow/.local/lib/python3.7/site-packages/airflow/example_dags/example_complex.py
[2022-07-07 08:13:22,458] {processor.py:651} INFO - DAG(s) dict_keys(['example_complex']) retrieved from /home/airflow/.local/lib/python3.7/site-packages/airflow/example_dags/example_complex.py
[2022-07-07 08:13:22,885] {logging_mixin.py:115} INFO - [2022-07-07 08:13:22,885] {manager.py:508} INFO - Created Permission View: can edit on DAG:example_complex
[2022-07-07 08:13:22,896] {logging_mixin.py:115} INFO - [2022-07-07 08:13:22,896] {manager.py:508} INFO - Created Permission View: can delete on DAG:example_complex
[2022-07-07 08:13:22,941] {logging_mixin.py:115} INFO - [2022-07-07 08:13:22,941] {manager.py:508} INFO - Created Permission View: can read on DAG:example_complex
[2022-07-07 08:13:22,947] {logging_mixin.py:115} INFO - [2022-07-07 08:13:22,947] {dag.py:2371} INFO - Sync 1 DAGs
[2022-07-07 08:13:22,979] {logging_mixin.py:115} INFO - [2022-07-07 08:13:22,978] {dag.py:2390} INFO - Creating ORM DAG for example_complex
[2022-07-07 08:13:23,035] {logging_mixin.py:115} INFO - [2022-07-07 08:13:23,035] {dag.py:2919} INFO - Setting next_dagrun for example_complex to None, run_after=None
[2022-07-07 08:13:23,092] {processor.py:161} INFO - Processing /home/airflow/.local/lib/python3.7/site-packages/airflow/example_dags/example_complex.py took 0.686 seconds
[2022-07-07 08:13:53,607] {processor.py:153} INFO - Started process (PID=100) to work on /home/airflow/.local/lib/python3.7/site-packages/airflow/example_dags/example_complex.py
[2022-07-07 08:13:53,608] {processor.py:641} INFO - Processing file /home/airflow/.local/lib/python3.7/site-packages/airflow/example_dags/example_complex.py for tasks to queue
[2022-07-07 08:13:53,609] {logging_mixin.py:115} INFO - [2022-07-07 08:13:53,609] {dagbag.py:507} INFO - Filling up the DagBag from /home/airflow/.local/lib/python3.7/site-packages/airflow/example_dags/example_complex.py
[2022-07-07 08:13:53,624] {processor.py:651} INFO - DAG(s) dict_keys(['example_complex']) retrieved from /home/airflow/.local/lib/python3.7/site-packages/airflow/example_dags/example_complex.py
[2022-07-07 08:13:53,665] {logging_mixin.py:115} INFO - [2022-07-07 08:13:53,665] {dag.py:2371} INFO - Sync 1 DAGs
[2022-07-07 08:13:53,697] {logging_mixin.py:115} INFO - [2022-07-07 08:13:53,697] {dag.py:2919} INFO - Setting next_dagrun for example_complex to None, run_after=None
[2022-07-07 08:13:53,851] {processor.py:161} INFO - Processing /home/airflow/.local/lib/python3.7/site-packages/airflow/example_dags/example_complex.py took 0.249 seconds
[2022-07-07 08:14:24,568] {processor.py:153} INFO - Started process (PID=164) to work on /home/airflow/.local/lib/python3.7/site-packages/airflow/example_dags/example_complex.py
[2022-07-07 08:14:24,569] {processor.py:641} INFO - Processing file /home/airflow/.local/lib/python3.7/site-packages/airflow/example_dags/example_complex.py for tasks to queue
[2022-07-07 08:14:24,569] {logging_mixin.py:115} INFO - [2022-07-07 08:14:24,569] {dagbag.py:507} INFO - Filling up the DagBag from /home/airflow/.local/lib/python3.7/site-packages/airflow/example_dags/example_complex.py
[2022-07-07 08:14:24,583] {processor.py:651} INFO - DAG(s) dict_keys(['example_complex']) retrieved from /home/airflow/.local/lib/python3.7/site-packages/airflow/example_dags/example_complex.py
[2022-07-07 08:14:24,617] {logging_mixin.py:115} INFO - [2022-07-07 08:14:24,617] {dag.py:2371} INFO - Sync 1 DAGs
[2022-07-07 08:14:24,645] {logging_mixin.py:115} INFO - [2022-07-07 08:14:24,645] {dag.py:2919} INFO - Setting next_dagrun for example_complex to None, run_after=None
[2022-07-07 08:14:24,779] {processor.py:161} INFO - Processing /home/airflow/.local/lib/python3.7/site-packages/airflow/example_dags/example_complex.py took 0.215 seconds
[2022-07-07 08:14:55,424] {processor.py:153} INFO - Started process (PID=227) to work on /home/airflow/.local/lib/python3.7/site-packages/airflow/example_dags/example_complex.py
[2022-07-07 08:14:55,425] {processor.py:641} INFO - Processing file /home/airflow/.local/lib/python3.7/site-packages/airflow/example_dags/example_complex.py for tasks to queue
[2022-07-07 08:14:55,427] {logging_mixin.py:115} INFO - [2022-07-07 08:14:55,426] {dagbag.py:507} INFO - Filling up the DagBag from /home/airflow/.local/lib/python3.7/site-packages/airflow/example_dags/example_complex.py
[2022-07-07 08:14:55,449] {processor.py:651} INFO - DAG(s) dict_keys(['example_complex']) retrieved from /home/airflow/.local/lib/python3.7/site-packages/airflow/example_dags/example_complex.py
[2022-07-07 08:14:55,499] {logging_mixin.py:115} INFO - [2022-07-07 08:14:55,499] {dag.py:2371} INFO - Sync 1 DAGs
[2022-07-07 08:14:55,542] {logging_mixin.py:115} INFO - [2022-07-07 08:14:55,542] {dag.py:2919} INFO - Setting next_dagrun for example_complex to None, run_after=None
[2022-07-07 08:14:55,723] {processor.py:161} INFO - Processing /home/airflow/.local/lib/python3.7/site-packages/airflow/example_dags/example_complex.py took 0.304 seconds
[2022-07-07 08:15:26,003] {processor.py:153} INFO - Started process (PID=280) to work on /home/airflow/.local/lib/python3.7/site-packages/airflow/example_dags/example_complex.py
[2022-07-07 08:15:26,004] {processor.py:641} INFO - Processing file /home/airflow/.local/lib/python3.7/site-packages/airflow/example_dags/example_complex.py for tasks to queue
[2022-07-07 08:15:26,005] {logging_mixin.py:115} INFO - [2022-07-07 08:15:26,005] {dagbag.py:507} INFO - Filling up the DagBag from /home/airflow/.local/lib/python3.7/site-packages/airflow/example_dags/example_complex.py
[2022-07-07 08:15:26,019] {processor.py:651} INFO - DAG(s) dict_keys(['example_complex']) retrieved from /home/airflow/.local/lib/python3.7/site-packages/airflow/example_dags/example_complex.py
[2022-07-07 08:15:26,051] {logging_mixin.py:115} INFO - [2022-07-07 08:15:26,051] {dag.py:2371} INFO - Sync 1 DAGs
[2022-07-07 08:15:26,081] {logging_mixin.py:115} INFO - [2022-07-07 08:15:26,080] {dag.py:2919} INFO - Setting next_dagrun for example_complex to None, run_after=None
[2022-07-07 08:15:26,215] {processor.py:161} INFO - Processing /home/airflow/.local/lib/python3.7/site-packages/airflow/example_dags/example_complex.py took 0.215 seconds
[2022-07-07 08:15:56,723] {processor.py:153} INFO - Started process (PID=342) to work on /home/airflow/.local/lib/python3.7/site-packages/airflow/example_dags/example_complex.py
[2022-07-07 08:15:56,723] {processor.py:641} INFO - Processing file /home/airflow/.local/lib/python3.7/site-packages/airflow/example_dags/example_complex.py for tasks to queue
[2022-07-07 08:15:56,724] {logging_mixin.py:115} INFO - [2022-07-07 08:15:56,724] {dagbag.py:507} INFO - Filling up the DagBag from /home/airflow/.local/lib/python3.7/site-packages/airflow/example_dags/example_complex.py
[2022-07-07 08:15:56,737] {processor.py:651} INFO - DAG(s) dict_keys(['example_complex']) retrieved from /home/airflow/.local/lib/python3.7/site-packages/airflow/example_dags/example_complex.py
[2022-07-07 08:15:56,775] {logging_mixin.py:115} INFO - [2022-07-07 08:15:56,775] {dag.py:2371} INFO - Sync 1 DAGs
[2022-07-07 08:15:56,805] {logging_mixin.py:115} INFO - [2022-07-07 08:15:56,805] {dag.py:2919} INFO - Setting next_dagrun for example_complex to None, run_after=None
[2022-07-07 08:15:56,953] {processor.py:161} INFO - Processing /home/airflow/.local/lib/python3.7/site-packages/airflow/example_dags/example_complex.py took 0.234 seconds
[2022-07-07 08:16:27,509] {processor.py:153} INFO - Started process (PID=404) to work on /home/airflow/.local/lib/python3.7/site-packages/airflow/example_dags/example_complex.py
[2022-07-07 08:16:27,510] {processor.py:641} INFO - Processing file /home/airflow/.local/lib/python3.7/site-packages/airflow/example_dags/example_complex.py for tasks to queue
[2022-07-07 08:16:27,511] {logging_mixin.py:115} INFO - [2022-07-07 08:16:27,510] {dagbag.py:507} INFO - Filling up the DagBag from /home/airflow/.local/lib/python3.7/site-packages/airflow/example_dags/example_complex.py
[2022-07-07 08:16:27,526] {processor.py:651} INFO - DAG(s) dict_keys(['example_complex']) retrieved from /home/airflow/.local/lib/python3.7/site-packages/airflow/example_dags/example_complex.py
[2022-07-07 08:16:27,565] {logging_mixin.py:115} INFO - [2022-07-07 08:16:27,565] {dag.py:2371} INFO - Sync 1 DAGs
[2022-07-07 08:16:27,597] {logging_mixin.py:115} INFO - [2022-07-07 08:16:27,597] {dag.py:2919} INFO - Setting next_dagrun for example_complex to None, run_after=None
[2022-07-07 08:16:27,768] {processor.py:161} INFO - Processing /home/airflow/.local/lib/python3.7/site-packages/airflow/example_dags/example_complex.py took 0.264 seconds
[2022-07-07 08:16:58,204] {processor.py:153} INFO - Started process (PID=456) to work on /home/airflow/.local/lib/python3.7/site-packages/airflow/example_dags/example_complex.py
[2022-07-07 08:16:58,204] {processor.py:641} INFO - Processing file /home/airflow/.local/lib/python3.7/site-packages/airflow/example_dags/example_complex.py for tasks to queue
[2022-07-07 08:16:58,205] {logging_mixin.py:115} INFO - [2022-07-07 08:16:58,205] {dagbag.py:507} INFO - Filling up the DagBag from /home/airflow/.local/lib/python3.7/site-packages/airflow/example_dags/example_complex.py
[2022-07-07 08:16:58,217] {processor.py:651} INFO - DAG(s) dict_keys(['example_complex']) retrieved from /home/airflow/.local/lib/python3.7/site-packages/airflow/example_dags/example_complex.py
[2022-07-07 08:16:58,248] {logging_mixin.py:115} INFO - [2022-07-07 08:16:58,248] {dag.py:2371} INFO - Sync 1 DAGs
[2022-07-07 08:16:58,273] {logging_mixin.py:115} INFO - [2022-07-07 08:16:58,273] {dag.py:2919} INFO - Setting next_dagrun for example_complex to None, run_after=None
[2022-07-07 08:16:58,423] {processor.py:161} INFO - Processing /home/airflow/.local/lib/python3.7/site-packages/airflow/example_dags/example_complex.py took 0.224 seconds
[2022-07-07 08:17:28,983] {processor.py:153} INFO - Started process (PID=518) to work on /home/airflow/.local/lib/python3.7/site-packages/airflow/example_dags/example_complex.py
[2022-07-07 08:17:28,984] {processor.py:641} INFO - Processing file /home/airflow/.local/lib/python3.7/site-packages/airflow/example_dags/example_complex.py for tasks to queue
[2022-07-07 08:17:28,984] {logging_mixin.py:115} INFO - [2022-07-07 08:17:28,984] {dagbag.py:507} INFO - Filling up the DagBag from /home/airflow/.local/lib/python3.7/site-packages/airflow/example_dags/example_complex.py
[2022-07-07 08:17:28,999] {processor.py:651} INFO - DAG(s) dict_keys(['example_complex']) retrieved from /home/airflow/.local/lib/python3.7/site-packages/airflow/example_dags/example_complex.py
[2022-07-07 08:17:29,035] {logging_mixin.py:115} INFO - [2022-07-07 08:17:29,035] {dag.py:2371} INFO - Sync 1 DAGs
[2022-07-07 08:17:29,066] {logging_mixin.py:115} INFO - [2022-07-07 08:17:29,066] {dag.py:2919} INFO - Setting next_dagrun for example_complex to None, run_after=None
[2022-07-07 08:17:29,234] {processor.py:161} INFO - Processing /home/airflow/.local/lib/python3.7/site-packages/airflow/example_dags/example_complex.py took 0.256 seconds
[2022-07-07 08:18:00,102] {processor.py:153} INFO - Started process (PID=581) to work on /home/airflow/.local/lib/python3.7/site-packages/airflow/example_dags/example_complex.py
[2022-07-07 08:18:00,103] {processor.py:641} INFO - Processing file /home/airflow/.local/lib/python3.7/site-packages/airflow/example_dags/example_complex.py for tasks to queue
[2022-07-07 08:18:00,104] {logging_mixin.py:115} INFO - [2022-07-07 08:18:00,104] {dagbag.py:507} INFO - Filling up the DagBag from /home/airflow/.local/lib/python3.7/site-packages/airflow/example_dags/example_complex.py
[2022-07-07 08:18:00,120] {processor.py:651} INFO - DAG(s) dict_keys(['example_complex']) retrieved from /home/airflow/.local/lib/python3.7/site-packages/airflow/example_dags/example_complex.py
[2022-07-07 08:18:00,160] {logging_mixin.py:115} INFO - [2022-07-07 08:18:00,160] {dag.py:2371} INFO - Sync 1 DAGs
[2022-07-07 08:18:00,189] {logging_mixin.py:115} INFO - [2022-07-07 08:18:00,189] {dag.py:2919} INFO - Setting next_dagrun for example_complex to None, run_after=None
[2022-07-07 08:18:00,364] {processor.py:161} INFO - Processing /home/airflow/.local/lib/python3.7/site-packages/airflow/example_dags/example_complex.py took 0.266 seconds
[2022-07-07 08:18:30,664] {processor.py:153} INFO - Started process (PID=636) to work on /home/airflow/.local/lib/python3.7/site-packages/airflow/example_dags/example_complex.py
[2022-07-07 08:18:30,664] {processor.py:641} INFO - Processing file /home/airflow/.local/lib/python3.7/site-packages/airflow/example_dags/example_complex.py for tasks to queue
[2022-07-07 08:18:30,665] {logging_mixin.py:115} INFO - [2022-07-07 08:18:30,665] {dagbag.py:507} INFO - Filling up the DagBag from /home/airflow/.local/lib/python3.7/site-packages/airflow/example_dags/example_complex.py
[2022-07-07 08:18:30,683] {processor.py:651} INFO - DAG(s) dict_keys(['example_complex']) retrieved from /home/airflow/.local/lib/python3.7/site-packages/airflow/example_dags/example_complex.py
[2022-07-07 08:18:30,718] {logging_mixin.py:115} INFO - [2022-07-07 08:18:30,717] {dag.py:2371} INFO - Sync 1 DAGs
[2022-07-07 08:18:30,874] {logging_mixin.py:115} INFO - [2022-07-07 08:18:30,873] {dag.py:2919} INFO - Setting next_dagrun for example_complex to None, run_after=None
[2022-07-07 08:18:30,894] {processor.py:161} INFO - Processing /home/airflow/.local/lib/python3.7/site-packages/airflow/example_dags/example_complex.py took 0.235 seconds
[2022-07-07 08:19:01,084] {processor.py:153} INFO - Started process (PID=696) to work on /home/airflow/.local/lib/python3.7/site-packages/airflow/example_dags/example_complex.py
[2022-07-07 08:19:01,084] {processor.py:641} INFO - Processing file /home/airflow/.local/lib/python3.7/site-packages/airflow/example_dags/example_complex.py for tasks to queue
[2022-07-07 08:19:01,085] {logging_mixin.py:115} INFO - [2022-07-07 08:19:01,085] {dagbag.py:507} INFO - Filling up the DagBag from /home/airflow/.local/lib/python3.7/site-packages/airflow/example_dags/example_complex.py
[2022-07-07 08:19:01,098] {processor.py:651} INFO - DAG(s) dict_keys(['example_complex']) retrieved from /home/airflow/.local/lib/python3.7/site-packages/airflow/example_dags/example_complex.py
[2022-07-07 08:19:01,132] {logging_mixin.py:115} INFO - [2022-07-07 08:19:01,132] {dag.py:2371} INFO - Sync 1 DAGs
[2022-07-07 08:19:01,276] {logging_mixin.py:115} INFO - [2022-07-07 08:19:01,276] {dag.py:2919} INFO - Setting next_dagrun for example_complex to None, run_after=None
[2022-07-07 08:19:01,289] {processor.py:161} INFO - Processing /home/airflow/.local/lib/python3.7/site-packages/airflow/example_dags/example_complex.py took 0.209 seconds
[2022-07-07 08:19:31,478] {processor.py:153} INFO - Started process (PID=757) to work on /home/airflow/.local/lib/python3.7/site-packages/airflow/example_dags/example_complex.py
[2022-07-07 08:19:31,479] {processor.py:641} INFO - Processing file /home/airflow/.local/lib/python3.7/site-packages/airflow/example_dags/example_complex.py for tasks to queue
[2022-07-07 08:19:31,479] {logging_mixin.py:115} INFO - [2022-07-07 08:19:31,479] {dagbag.py:507} INFO - Filling up the DagBag from /home/airflow/.local/lib/python3.7/site-packages/airflow/example_dags/example_complex.py
[2022-07-07 08:19:31,492] {processor.py:651} INFO - DAG(s) dict_keys(['example_complex']) retrieved from /home/airflow/.local/lib/python3.7/site-packages/airflow/example_dags/example_complex.py
[2022-07-07 08:19:31,525] {logging_mixin.py:115} INFO - [2022-07-07 08:19:31,525] {dag.py:2371} INFO - Sync 1 DAGs
[2022-07-07 08:19:31,675] {logging_mixin.py:115} INFO - [2022-07-07 08:19:31,675] {dag.py:2919} INFO - Setting next_dagrun for example_complex to None, run_after=None
[2022-07-07 08:19:31,686] {processor.py:161} INFO - Processing /home/airflow/.local/lib/python3.7/site-packages/airflow/example_dags/example_complex.py took 0.211 seconds
[2022-07-07 08:20:02,108] {processor.py:153} INFO - Started process (PID=818) to work on /home/airflow/.local/lib/python3.7/site-packages/airflow/example_dags/example_complex.py
[2022-07-07 08:20:02,108] {processor.py:641} INFO - Processing file /home/airflow/.local/lib/python3.7/site-packages/airflow/example_dags/example_complex.py for tasks to queue
[2022-07-07 08:20:02,109] {logging_mixin.py:115} INFO - [2022-07-07 08:20:02,109] {dagbag.py:507} INFO - Filling up the DagBag from /home/airflow/.local/lib/python3.7/site-packages/airflow/example_dags/example_complex.py
[2022-07-07 08:20:02,128] {processor.py:651} INFO - DAG(s) dict_keys(['example_complex']) retrieved from /home/airflow/.local/lib/python3.7/site-packages/airflow/example_dags/example_complex.py
[2022-07-07 08:20:02,218] {logging_mixin.py:115} INFO - [2022-07-07 08:20:02,218] {dag.py:2371} INFO - Sync 1 DAGs
[2022-07-07 08:20:02,448] {logging_mixin.py:115} INFO - [2022-07-07 08:20:02,448] {dag.py:2919} INFO - Setting next_dagrun for example_complex to None, run_after=None
[2022-07-07 08:20:02,468] {processor.py:161} INFO - Processing /home/airflow/.local/lib/python3.7/site-packages/airflow/example_dags/example_complex.py took 0.365 seconds
[2022-07-07 08:20:32,706] {processor.py:153} INFO - Started process (PID=872) to work on /home/airflow/.local/lib/python3.7/site-packages/airflow/example_dags/example_complex.py
[2022-07-07 08:20:32,706] {processor.py:641} INFO - Processing file /home/airflow/.local/lib/python3.7/site-packages/airflow/example_dags/example_complex.py for tasks to queue
[2022-07-07 08:20:32,707] {logging_mixin.py:115} INFO - [2022-07-07 08:20:32,707] {dagbag.py:507} INFO - Filling up the DagBag from /home/airflow/.local/lib/python3.7/site-packages/airflow/example_dags/example_complex.py
[2022-07-07 08:20:32,720] {processor.py:651} INFO - DAG(s) dict_keys(['example_complex']) retrieved from /home/airflow/.local/lib/python3.7/site-packages/airflow/example_dags/example_complex.py
[2022-07-07 08:20:32,752] {logging_mixin.py:115} INFO - [2022-07-07 08:20:32,752] {dag.py:2371} INFO - Sync 1 DAGs
[2022-07-07 08:20:32,901] {logging_mixin.py:115} INFO - [2022-07-07 08:20:32,901] {dag.py:2919} INFO - Setting next_dagrun for example_complex to None, run_after=None
[2022-07-07 08:20:32,914] {processor.py:161} INFO - Processing /home/airflow/.local/lib/python3.7/site-packages/airflow/example_dags/example_complex.py took 0.212 seconds
[2022-07-07 08:21:03,185] {processor.py:153} INFO - Started process (PID=934) to work on /home/airflow/.local/lib/python3.7/site-packages/airflow/example_dags/example_complex.py
[2022-07-07 08:21:03,186] {processor.py:641} INFO - Processing file /home/airflow/.local/lib/python3.7/site-packages/airflow/example_dags/example_complex.py for tasks to queue
[2022-07-07 08:21:03,186] {logging_mixin.py:115} INFO - [2022-07-07 08:21:03,186] {dagbag.py:507} INFO - Filling up the DagBag from /home/airflow/.local/lib/python3.7/site-packages/airflow/example_dags/example_complex.py
[2022-07-07 08:21:03,199] {processor.py:651} INFO - DAG(s) dict_keys(['example_complex']) retrieved from /home/airflow/.local/lib/python3.7/site-packages/airflow/example_dags/example_complex.py
[2022-07-07 08:21:03,232] {logging_mixin.py:115} INFO - [2022-07-07 08:21:03,232] {dag.py:2371} INFO - Sync 1 DAGs
[2022-07-07 08:21:03,377] {logging_mixin.py:115} INFO - [2022-07-07 08:21:03,377] {dag.py:2919} INFO - Setting next_dagrun for example_complex to None, run_after=None
[2022-07-07 08:21:03,399] {processor.py:161} INFO - Processing /home/airflow/.local/lib/python3.7/site-packages/airflow/example_dags/example_complex.py took 0.217 seconds
[2022-07-07 08:21:33,808] {processor.py:153} INFO - Started process (PID=996) to work on /home/airflow/.local/lib/python3.7/site-packages/airflow/example_dags/example_complex.py
[2022-07-07 08:21:33,809] {processor.py:641} INFO - Processing file /home/airflow/.local/lib/python3.7/site-packages/airflow/example_dags/example_complex.py for tasks to queue
[2022-07-07 08:21:33,809] {logging_mixin.py:115} INFO - [2022-07-07 08:21:33,809] {dagbag.py:507} INFO - Filling up the DagBag from /home/airflow/.local/lib/python3.7/site-packages/airflow/example_dags/example_complex.py
[2022-07-07 08:21:33,823] {processor.py:651} INFO - DAG(s) dict_keys(['example_complex']) retrieved from /home/airflow/.local/lib/python3.7/site-packages/airflow/example_dags/example_complex.py
[2022-07-07 08:21:33,855] {logging_mixin.py:115} INFO - [2022-07-07 08:21:33,855] {dag.py:2371} INFO - Sync 1 DAGs
[2022-07-07 08:21:34,007] {logging_mixin.py:115} INFO - [2022-07-07 08:21:34,007] {dag.py:2919} INFO - Setting next_dagrun for example_complex to None, run_after=None
[2022-07-07 08:21:34,022] {processor.py:161} INFO - Processing /home/airflow/.local/lib/python3.7/site-packages/airflow/example_dags/example_complex.py took 0.217 seconds
[2022-07-07 08:22:04,095] {processor.py:153} INFO - Started process (PID=1047) to work on /home/airflow/.local/lib/python3.7/site-packages/airflow/example_dags/example_complex.py
[2022-07-07 08:22:04,096] {processor.py:641} INFO - Processing file /home/airflow/.local/lib/python3.7/site-packages/airflow/example_dags/example_complex.py for tasks to queue
[2022-07-07 08:22:04,097] {logging_mixin.py:115} INFO - [2022-07-07 08:22:04,096] {dagbag.py:507} INFO - Filling up the DagBag from /home/airflow/.local/lib/python3.7/site-packages/airflow/example_dags/example_complex.py
[2022-07-07 08:22:04,110] {processor.py:651} INFO - DAG(s) dict_keys(['example_complex']) retrieved from /home/airflow/.local/lib/python3.7/site-packages/airflow/example_dags/example_complex.py
[2022-07-07 08:22:04,141] {logging_mixin.py:115} INFO - [2022-07-07 08:22:04,141] {dag.py:2371} INFO - Sync 1 DAGs
[2022-07-07 08:22:04,285] {logging_mixin.py:115} INFO - [2022-07-07 08:22:04,285] {dag.py:2919} INFO - Setting next_dagrun for example_complex to None, run_after=None
[2022-07-07 08:22:04,298] {processor.py:161} INFO - Processing /home/airflow/.local/lib/python3.7/site-packages/airflow/example_dags/example_complex.py took 0.206 seconds
[2022-07-07 08:22:34,640] {processor.py:153} INFO - Started process (PID=1111) to work on /home/airflow/.local/lib/python3.7/site-packages/airflow/example_dags/example_complex.py
[2022-07-07 08:22:34,641] {processor.py:641} INFO - Processing file /home/airflow/.local/lib/python3.7/site-packages/airflow/example_dags/example_complex.py for tasks to queue
[2022-07-07 08:22:34,642] {logging_mixin.py:115} INFO - [2022-07-07 08:22:34,642] {dagbag.py:507} INFO - Filling up the DagBag from /home/airflow/.local/lib/python3.7/site-packages/airflow/example_dags/example_complex.py
[2022-07-07 08:22:34,664] {processor.py:651} INFO - DAG(s) dict_keys(['example_complex']) retrieved from /home/airflow/.local/lib/python3.7/site-packages/airflow/example_dags/example_complex.py
[2022-07-07 08:22:34,701] {logging_mixin.py:115} INFO - [2022-07-07 08:22:34,701] {dag.py:2371} INFO - Sync 1 DAGs
[2022-07-07 08:22:34,903] {logging_mixin.py:115} INFO - [2022-07-07 08:22:34,903] {dag.py:2919} INFO - Setting next_dagrun for example_complex to None, run_after=None
[2022-07-07 08:22:34,918] {processor.py:161} INFO - Processing /home/airflow/.local/lib/python3.7/site-packages/airflow/example_dags/example_complex.py took 0.283 seconds
[2022-07-07 08:23:05,678] {processor.py:153} INFO - Started process (PID=1173) to work on /home/airflow/.local/lib/python3.7/site-packages/airflow/example_dags/example_complex.py
[2022-07-07 08:23:05,679] {processor.py:641} INFO - Processing file /home/airflow/.local/lib/python3.7/site-packages/airflow/example_dags/example_complex.py for tasks to queue
[2022-07-07 08:23:05,679] {logging_mixin.py:115} INFO - [2022-07-07 08:23:05,679] {dagbag.py:507} INFO - Filling up the DagBag from /home/airflow/.local/lib/python3.7/site-packages/airflow/example_dags/example_complex.py
[2022-07-07 08:23:05,694] {processor.py:651} INFO - DAG(s) dict_keys(['example_complex']) retrieved from /home/airflow/.local/lib/python3.7/site-packages/airflow/example_dags/example_complex.py
[2022-07-07 08:23:05,734] {logging_mixin.py:115} INFO - [2022-07-07 08:23:05,734] {dag.py:2371} INFO - Sync 1 DAGs
[2022-07-07 08:23:05,886] {logging_mixin.py:115} INFO - [2022-07-07 08:23:05,886] {dag.py:2919} INFO - Setting next_dagrun for example_complex to None, run_after=None
[2022-07-07 08:23:05,899] {processor.py:161} INFO - Processing /home/airflow/.local/lib/python3.7/site-packages/airflow/example_dags/example_complex.py took 0.225 seconds
[2022-07-07 08:23:36,524] {processor.py:153} INFO - Started process (PID=1226) to work on /home/airflow/.local/lib/python3.7/site-packages/airflow/example_dags/example_complex.py
[2022-07-07 08:23:36,525] {processor.py:641} INFO - Processing file /home/airflow/.local/lib/python3.7/site-packages/airflow/example_dags/example_complex.py for tasks to queue
[2022-07-07 08:23:36,526] {logging_mixin.py:115} INFO - [2022-07-07 08:23:36,526] {dagbag.py:507} INFO - Filling up the DagBag from /home/airflow/.local/lib/python3.7/site-packages/airflow/example_dags/example_complex.py
[2022-07-07 08:23:36,539] {processor.py:651} INFO - DAG(s) dict_keys(['example_complex']) retrieved from /home/airflow/.local/lib/python3.7/site-packages/airflow/example_dags/example_complex.py
[2022-07-07 08:23:36,580] {logging_mixin.py:115} INFO - [2022-07-07 08:23:36,580] {dag.py:2371} INFO - Sync 1 DAGs
[2022-07-07 08:23:36,741] {logging_mixin.py:115} INFO - [2022-07-07 08:23:36,741] {dag.py:2919} INFO - Setting next_dagrun for example_complex to None, run_after=None
[2022-07-07 08:23:36,754] {processor.py:161} INFO - Processing /home/airflow/.local/lib/python3.7/site-packages/airflow/example_dags/example_complex.py took 0.234 seconds
[2022-07-07 08:24:06,837] {processor.py:153} INFO - Started process (PID=1287) to work on /home/airflow/.local/lib/python3.7/site-packages/airflow/example_dags/example_complex.py
[2022-07-07 08:24:06,838] {processor.py:641} INFO - Processing file /home/airflow/.local/lib/python3.7/site-packages/airflow/example_dags/example_complex.py for tasks to queue
[2022-07-07 08:24:06,839] {logging_mixin.py:115} INFO - [2022-07-07 08:24:06,839] {dagbag.py:507} INFO - Filling up the DagBag from /home/airflow/.local/lib/python3.7/site-packages/airflow/example_dags/example_complex.py
[2022-07-07 08:24:06,863] {processor.py:651} INFO - DAG(s) dict_keys(['example_complex']) retrieved from /home/airflow/.local/lib/python3.7/site-packages/airflow/example_dags/example_complex.py
[2022-07-07 08:24:06,907] {logging_mixin.py:115} INFO - [2022-07-07 08:24:06,907] {dag.py:2371} INFO - Sync 1 DAGs
[2022-07-07 08:24:07,052] {logging_mixin.py:115} INFO - [2022-07-07 08:24:07,052] {dag.py:2919} INFO - Setting next_dagrun for example_complex to None, run_after=None
[2022-07-07 08:24:07,071] {processor.py:161} INFO - Processing /home/airflow/.local/lib/python3.7/site-packages/airflow/example_dags/example_complex.py took 0.239 seconds
[2022-07-07 08:24:37,724] {processor.py:153} INFO - Started process (PID=1349) to work on /home/airflow/.local/lib/python3.7/site-packages/airflow/example_dags/example_complex.py
[2022-07-07 08:24:37,724] {processor.py:641} INFO - Processing file /home/airflow/.local/lib/python3.7/site-packages/airflow/example_dags/example_complex.py for tasks to queue
[2022-07-07 08:24:37,725] {logging_mixin.py:115} INFO - [2022-07-07 08:24:37,725] {dagbag.py:507} INFO - Filling up the DagBag from /home/airflow/.local/lib/python3.7/site-packages/airflow/example_dags/example_complex.py
[2022-07-07 08:24:37,738] {processor.py:651} INFO - DAG(s) dict_keys(['example_complex']) retrieved from /home/airflow/.local/lib/python3.7/site-packages/airflow/example_dags/example_complex.py
[2022-07-07 08:24:37,774] {logging_mixin.py:115} INFO - [2022-07-07 08:24:37,774] {dag.py:2371} INFO - Sync 1 DAGs
[2022-07-07 08:24:37,916] {logging_mixin.py:115} INFO - [2022-07-07 08:24:37,916] {dag.py:2919} INFO - Setting next_dagrun for example_complex to None, run_after=None
[2022-07-07 08:24:37,931] {processor.py:161} INFO - Processing /home/airflow/.local/lib/python3.7/site-packages/airflow/example_dags/example_complex.py took 0.211 seconds
[2022-07-07 08:25:08,388] {processor.py:153} INFO - Started process (PID=1402) to work on /home/airflow/.local/lib/python3.7/site-packages/airflow/example_dags/example_complex.py
[2022-07-07 08:25:08,388] {processor.py:641} INFO - Processing file /home/airflow/.local/lib/python3.7/site-packages/airflow/example_dags/example_complex.py for tasks to queue
[2022-07-07 08:25:08,389] {logging_mixin.py:115} INFO - [2022-07-07 08:25:08,389] {dagbag.py:507} INFO - Filling up the DagBag from /home/airflow/.local/lib/python3.7/site-packages/airflow/example_dags/example_complex.py
[2022-07-07 08:25:08,407] {processor.py:651} INFO - DAG(s) dict_keys(['example_complex']) retrieved from /home/airflow/.local/lib/python3.7/site-packages/airflow/example_dags/example_complex.py
[2022-07-07 08:25:08,444] {logging_mixin.py:115} INFO - [2022-07-07 08:25:08,444] {dag.py:2371} INFO - Sync 1 DAGs
[2022-07-07 08:25:08,626] {logging_mixin.py:115} INFO - [2022-07-07 08:25:08,626] {dag.py:2919} INFO - Setting next_dagrun for example_complex to None, run_after=None
[2022-07-07 08:25:08,640] {processor.py:161} INFO - Processing /home/airflow/.local/lib/python3.7/site-packages/airflow/example_dags/example_complex.py took 0.258 seconds
[2022-07-07 08:25:38,910] {processor.py:153} INFO - Started process (PID=1463) to work on /home/airflow/.local/lib/python3.7/site-packages/airflow/example_dags/example_complex.py
[2022-07-07 08:25:38,911] {processor.py:641} INFO - Processing file /home/airflow/.local/lib/python3.7/site-packages/airflow/example_dags/example_complex.py for tasks to queue
[2022-07-07 08:25:38,912] {logging_mixin.py:115} INFO - [2022-07-07 08:25:38,911] {dagbag.py:507} INFO - Filling up the DagBag from /home/airflow/.local/lib/python3.7/site-packages/airflow/example_dags/example_complex.py
[2022-07-07 08:25:38,925] {processor.py:651} INFO - DAG(s) dict_keys(['example_complex']) retrieved from /home/airflow/.local/lib/python3.7/site-packages/airflow/example_dags/example_complex.py
[2022-07-07 08:25:38,972] {logging_mixin.py:115} INFO - [2022-07-07 08:25:38,972] {dag.py:2371} INFO - Sync 1 DAGs
[2022-07-07 08:25:39,118] {logging_mixin.py:115} INFO - [2022-07-07 08:25:39,118] {dag.py:2919} INFO - Setting next_dagrun for example_complex to None, run_after=None
[2022-07-07 08:25:39,134] {processor.py:161} INFO - Processing /home/airflow/.local/lib/python3.7/site-packages/airflow/example_dags/example_complex.py took 0.228 seconds
[2022-07-07 08:26:09,603] {processor.py:153} INFO - Started process (PID=1525) to work on /home/airflow/.local/lib/python3.7/site-packages/airflow/example_dags/example_complex.py
[2022-07-07 08:26:09,603] {processor.py:641} INFO - Processing file /home/airflow/.local/lib/python3.7/site-packages/airflow/example_dags/example_complex.py for tasks to queue
[2022-07-07 08:26:09,604] {logging_mixin.py:115} INFO - [2022-07-07 08:26:09,604] {dagbag.py:507} INFO - Filling up the DagBag from /home/airflow/.local/lib/python3.7/site-packages/airflow/example_dags/example_complex.py
[2022-07-07 08:26:09,619] {processor.py:651} INFO - DAG(s) dict_keys(['example_complex']) retrieved from /home/airflow/.local/lib/python3.7/site-packages/airflow/example_dags/example_complex.py
[2022-07-07 08:26:09,657] {logging_mixin.py:115} INFO - [2022-07-07 08:26:09,657] {dag.py:2371} INFO - Sync 1 DAGs
[2022-07-07 08:26:09,830] {logging_mixin.py:115} INFO - [2022-07-07 08:26:09,830] {dag.py:2919} INFO - Setting next_dagrun for example_complex to None, run_after=None
[2022-07-07 08:26:09,845] {processor.py:161} INFO - Processing /home/airflow/.local/lib/python3.7/site-packages/airflow/example_dags/example_complex.py took 0.246 seconds
[2022-07-07 08:26:40,266] {processor.py:153} INFO - Started process (PID=1579) to work on /home/airflow/.local/lib/python3.7/site-packages/airflow/example_dags/example_complex.py
[2022-07-07 08:26:40,266] {processor.py:641} INFO - Processing file /home/airflow/.local/lib/python3.7/site-packages/airflow/example_dags/example_complex.py for tasks to queue
[2022-07-07 08:26:40,267] {logging_mixin.py:115} INFO - [2022-07-07 08:26:40,267] {dagbag.py:507} INFO - Filling up the DagBag from /home/airflow/.local/lib/python3.7/site-packages/airflow/example_dags/example_complex.py
[2022-07-07 08:26:40,281] {processor.py:651} INFO - DAG(s) dict_keys(['example_complex']) retrieved from /home/airflow/.local/lib/python3.7/site-packages/airflow/example_dags/example_complex.py
[2022-07-07 08:26:40,321] {logging_mixin.py:115} INFO - [2022-07-07 08:26:40,321] {dag.py:2371} INFO - Sync 1 DAGs
[2022-07-07 08:26:40,475] {logging_mixin.py:115} INFO - [2022-07-07 08:26:40,475] {dag.py:2919} INFO - Setting next_dagrun for example_complex to None, run_after=None
[2022-07-07 08:26:40,487] {processor.py:161} INFO - Processing /home/airflow/.local/lib/python3.7/site-packages/airflow/example_dags/example_complex.py took 0.225 seconds
