[2022-07-07 08:13:25,618] {processor.py:153} INFO - Started process (PID=58) to work on /home/airflow/.local/lib/python3.7/site-packages/airflow/example_dags/example_task_group.py
[2022-07-07 08:13:25,621] {processor.py:641} INFO - Processing file /home/airflow/.local/lib/python3.7/site-packages/airflow/example_dags/example_task_group.py for tasks to queue
[2022-07-07 08:13:25,622] {logging_mixin.py:115} INFO - [2022-07-07 08:13:25,622] {dagbag.py:507} INFO - Filling up the DagBag from /home/airflow/.local/lib/python3.7/site-packages/airflow/example_dags/example_task_group.py
[2022-07-07 08:13:25,640] {processor.py:651} INFO - DAG(s) dict_keys(['example_task_group']) retrieved from /home/airflow/.local/lib/python3.7/site-packages/airflow/example_dags/example_task_group.py
[2022-07-07 08:13:25,926] {logging_mixin.py:115} INFO - [2022-07-07 08:13:25,926] {manager.py:508} INFO - Created Permission View: can edit on DAG:example_task_group
[2022-07-07 08:13:25,942] {logging_mixin.py:115} INFO - [2022-07-07 08:13:25,941] {manager.py:508} INFO - Created Permission View: can delete on DAG:example_task_group
[2022-07-07 08:13:25,952] {logging_mixin.py:115} INFO - [2022-07-07 08:13:25,952] {manager.py:508} INFO - Created Permission View: can read on DAG:example_task_group
[2022-07-07 08:13:25,953] {logging_mixin.py:115} INFO - [2022-07-07 08:13:25,953] {dag.py:2371} INFO - Sync 1 DAGs
[2022-07-07 08:13:25,966] {logging_mixin.py:115} INFO - [2022-07-07 08:13:25,966] {dag.py:2390} INFO - Creating ORM DAG for example_task_group
[2022-07-07 08:13:25,982] {logging_mixin.py:115} INFO - [2022-07-07 08:13:25,982] {dag.py:2919} INFO - Setting next_dagrun for example_task_group to 2022-07-06T08:13:25.981960+00:00, run_after=2022-07-07T08:13:25.981960+00:00
[2022-07-07 08:13:25,997] {processor.py:161} INFO - Processing /home/airflow/.local/lib/python3.7/site-packages/airflow/example_dags/example_task_group.py took 0.383 seconds
[2022-07-07 08:13:56,576] {processor.py:153} INFO - Started process (PID=110) to work on /home/airflow/.local/lib/python3.7/site-packages/airflow/example_dags/example_task_group.py
[2022-07-07 08:13:56,576] {processor.py:641} INFO - Processing file /home/airflow/.local/lib/python3.7/site-packages/airflow/example_dags/example_task_group.py for tasks to queue
[2022-07-07 08:13:56,577] {logging_mixin.py:115} INFO - [2022-07-07 08:13:56,577] {dagbag.py:507} INFO - Filling up the DagBag from /home/airflow/.local/lib/python3.7/site-packages/airflow/example_dags/example_task_group.py
[2022-07-07 08:13:56,589] {processor.py:651} INFO - DAG(s) dict_keys(['example_task_group']) retrieved from /home/airflow/.local/lib/python3.7/site-packages/airflow/example_dags/example_task_group.py
[2022-07-07 08:13:56,629] {logging_mixin.py:115} INFO - [2022-07-07 08:13:56,629] {dag.py:2371} INFO - Sync 1 DAGs
[2022-07-07 08:13:56,665] {logging_mixin.py:115} INFO - [2022-07-07 08:13:56,665] {dag.py:2919} INFO - Setting next_dagrun for example_task_group to 2022-07-06T08:13:56.665328+00:00, run_after=2022-07-07T08:13:56.665328+00:00
[2022-07-07 08:13:56,836] {processor.py:161} INFO - Processing /home/airflow/.local/lib/python3.7/site-packages/airflow/example_dags/example_task_group.py took 0.265 seconds
[2022-07-07 08:14:27,490] {processor.py:153} INFO - Started process (PID=174) to work on /home/airflow/.local/lib/python3.7/site-packages/airflow/example_dags/example_task_group.py
[2022-07-07 08:14:27,490] {processor.py:641} INFO - Processing file /home/airflow/.local/lib/python3.7/site-packages/airflow/example_dags/example_task_group.py for tasks to queue
[2022-07-07 08:14:27,491] {logging_mixin.py:115} INFO - [2022-07-07 08:14:27,491] {dagbag.py:507} INFO - Filling up the DagBag from /home/airflow/.local/lib/python3.7/site-packages/airflow/example_dags/example_task_group.py
[2022-07-07 08:14:27,501] {processor.py:651} INFO - DAG(s) dict_keys(['example_task_group']) retrieved from /home/airflow/.local/lib/python3.7/site-packages/airflow/example_dags/example_task_group.py
[2022-07-07 08:14:27,532] {logging_mixin.py:115} INFO - [2022-07-07 08:14:27,532] {dag.py:2371} INFO - Sync 1 DAGs
[2022-07-07 08:14:27,561] {logging_mixin.py:115} INFO - [2022-07-07 08:14:27,561] {dag.py:2919} INFO - Setting next_dagrun for example_task_group to 2022-07-06T08:14:27.560790+00:00, run_after=2022-07-07T08:14:27.560790+00:00
[2022-07-07 08:14:27,693] {processor.py:161} INFO - Processing /home/airflow/.local/lib/python3.7/site-packages/airflow/example_dags/example_task_group.py took 0.207 seconds
[2022-07-07 08:14:58,446] {processor.py:153} INFO - Started process (PID=237) to work on /home/airflow/.local/lib/python3.7/site-packages/airflow/example_dags/example_task_group.py
[2022-07-07 08:14:58,447] {processor.py:641} INFO - Processing file /home/airflow/.local/lib/python3.7/site-packages/airflow/example_dags/example_task_group.py for tasks to queue
[2022-07-07 08:14:58,448] {logging_mixin.py:115} INFO - [2022-07-07 08:14:58,447] {dagbag.py:507} INFO - Filling up the DagBag from /home/airflow/.local/lib/python3.7/site-packages/airflow/example_dags/example_task_group.py
[2022-07-07 08:14:58,456] {processor.py:651} INFO - DAG(s) dict_keys(['example_task_group']) retrieved from /home/airflow/.local/lib/python3.7/site-packages/airflow/example_dags/example_task_group.py
[2022-07-07 08:14:58,486] {logging_mixin.py:115} INFO - [2022-07-07 08:14:58,486] {dag.py:2371} INFO - Sync 1 DAGs
[2022-07-07 08:14:58,514] {logging_mixin.py:115} INFO - [2022-07-07 08:14:58,514] {dag.py:2919} INFO - Setting next_dagrun for example_task_group to 2022-07-06T08:14:58.514043+00:00, run_after=2022-07-07T08:14:58.514043+00:00
[2022-07-07 08:14:58,648] {processor.py:161} INFO - Processing /home/airflow/.local/lib/python3.7/site-packages/airflow/example_dags/example_task_group.py took 0.206 seconds
[2022-07-07 08:15:28,906] {processor.py:153} INFO - Started process (PID=299) to work on /home/airflow/.local/lib/python3.7/site-packages/airflow/example_dags/example_task_group.py
[2022-07-07 08:15:28,908] {processor.py:641} INFO - Processing file /home/airflow/.local/lib/python3.7/site-packages/airflow/example_dags/example_task_group.py for tasks to queue
[2022-07-07 08:15:28,910] {logging_mixin.py:115} INFO - [2022-07-07 08:15:28,910] {dagbag.py:507} INFO - Filling up the DagBag from /home/airflow/.local/lib/python3.7/site-packages/airflow/example_dags/example_task_group.py
[2022-07-07 08:15:28,920] {processor.py:651} INFO - DAG(s) dict_keys(['example_task_group']) retrieved from /home/airflow/.local/lib/python3.7/site-packages/airflow/example_dags/example_task_group.py
[2022-07-07 08:15:28,954] {logging_mixin.py:115} INFO - [2022-07-07 08:15:28,954] {dag.py:2371} INFO - Sync 1 DAGs
[2022-07-07 08:15:28,987] {logging_mixin.py:115} INFO - [2022-07-07 08:15:28,987] {dag.py:2919} INFO - Setting next_dagrun for example_task_group to 2022-07-06T08:15:28.986677+00:00, run_after=2022-07-07T08:15:28.986677+00:00
[2022-07-07 08:15:29,171] {processor.py:161} INFO - Processing /home/airflow/.local/lib/python3.7/site-packages/airflow/example_dags/example_task_group.py took 0.271 seconds
[2022-07-07 08:15:59,797] {processor.py:153} INFO - Started process (PID=352) to work on /home/airflow/.local/lib/python3.7/site-packages/airflow/example_dags/example_task_group.py
[2022-07-07 08:15:59,798] {processor.py:641} INFO - Processing file /home/airflow/.local/lib/python3.7/site-packages/airflow/example_dags/example_task_group.py for tasks to queue
[2022-07-07 08:15:59,799] {logging_mixin.py:115} INFO - [2022-07-07 08:15:59,799] {dagbag.py:507} INFO - Filling up the DagBag from /home/airflow/.local/lib/python3.7/site-packages/airflow/example_dags/example_task_group.py
[2022-07-07 08:15:59,811] {processor.py:651} INFO - DAG(s) dict_keys(['example_task_group']) retrieved from /home/airflow/.local/lib/python3.7/site-packages/airflow/example_dags/example_task_group.py
[2022-07-07 08:15:59,847] {logging_mixin.py:115} INFO - [2022-07-07 08:15:59,847] {dag.py:2371} INFO - Sync 1 DAGs
[2022-07-07 08:15:59,880] {logging_mixin.py:115} INFO - [2022-07-07 08:15:59,880] {dag.py:2919} INFO - Setting next_dagrun for example_task_group to 2022-07-06T08:15:59.880403+00:00, run_after=2022-07-07T08:15:59.880403+00:00
[2022-07-07 08:16:00,021] {processor.py:161} INFO - Processing /home/airflow/.local/lib/python3.7/site-packages/airflow/example_dags/example_task_group.py took 0.229 seconds
[2022-07-07 08:16:30,663] {processor.py:153} INFO - Started process (PID=414) to work on /home/airflow/.local/lib/python3.7/site-packages/airflow/example_dags/example_task_group.py
[2022-07-07 08:16:30,664] {processor.py:641} INFO - Processing file /home/airflow/.local/lib/python3.7/site-packages/airflow/example_dags/example_task_group.py for tasks to queue
[2022-07-07 08:16:30,665] {logging_mixin.py:115} INFO - [2022-07-07 08:16:30,665] {dagbag.py:507} INFO - Filling up the DagBag from /home/airflow/.local/lib/python3.7/site-packages/airflow/example_dags/example_task_group.py
[2022-07-07 08:16:30,676] {processor.py:651} INFO - DAG(s) dict_keys(['example_task_group']) retrieved from /home/airflow/.local/lib/python3.7/site-packages/airflow/example_dags/example_task_group.py
[2022-07-07 08:16:30,716] {logging_mixin.py:115} INFO - [2022-07-07 08:16:30,716] {dag.py:2371} INFO - Sync 1 DAGs
[2022-07-07 08:16:30,746] {logging_mixin.py:115} INFO - [2022-07-07 08:16:30,746] {dag.py:2919} INFO - Setting next_dagrun for example_task_group to 2022-07-06T08:16:30.746022+00:00, run_after=2022-07-07T08:16:30.746022+00:00
[2022-07-07 08:16:30,880] {processor.py:161} INFO - Processing /home/airflow/.local/lib/python3.7/site-packages/airflow/example_dags/example_task_group.py took 0.221 seconds
[2022-07-07 08:17:01,292] {processor.py:153} INFO - Started process (PID=475) to work on /home/airflow/.local/lib/python3.7/site-packages/airflow/example_dags/example_task_group.py
[2022-07-07 08:17:01,294] {processor.py:641} INFO - Processing file /home/airflow/.local/lib/python3.7/site-packages/airflow/example_dags/example_task_group.py for tasks to queue
[2022-07-07 08:17:01,294] {logging_mixin.py:115} INFO - [2022-07-07 08:17:01,294] {dagbag.py:507} INFO - Filling up the DagBag from /home/airflow/.local/lib/python3.7/site-packages/airflow/example_dags/example_task_group.py
[2022-07-07 08:17:01,304] {processor.py:651} INFO - DAG(s) dict_keys(['example_task_group']) retrieved from /home/airflow/.local/lib/python3.7/site-packages/airflow/example_dags/example_task_group.py
[2022-07-07 08:17:01,341] {logging_mixin.py:115} INFO - [2022-07-07 08:17:01,341] {dag.py:2371} INFO - Sync 1 DAGs
[2022-07-07 08:17:01,372] {logging_mixin.py:115} INFO - [2022-07-07 08:17:01,372] {dag.py:2919} INFO - Setting next_dagrun for example_task_group to 2022-07-06T08:17:01.372509+00:00, run_after=2022-07-07T08:17:01.372509+00:00
[2022-07-07 08:17:01,528] {processor.py:161} INFO - Processing /home/airflow/.local/lib/python3.7/site-packages/airflow/example_dags/example_task_group.py took 0.241 seconds
[2022-07-07 08:17:32,147] {processor.py:153} INFO - Started process (PID=528) to work on /home/airflow/.local/lib/python3.7/site-packages/airflow/example_dags/example_task_group.py
[2022-07-07 08:17:32,148] {processor.py:641} INFO - Processing file /home/airflow/.local/lib/python3.7/site-packages/airflow/example_dags/example_task_group.py for tasks to queue
[2022-07-07 08:17:32,149] {logging_mixin.py:115} INFO - [2022-07-07 08:17:32,148] {dagbag.py:507} INFO - Filling up the DagBag from /home/airflow/.local/lib/python3.7/site-packages/airflow/example_dags/example_task_group.py
[2022-07-07 08:17:32,157] {processor.py:651} INFO - DAG(s) dict_keys(['example_task_group']) retrieved from /home/airflow/.local/lib/python3.7/site-packages/airflow/example_dags/example_task_group.py
[2022-07-07 08:17:32,190] {logging_mixin.py:115} INFO - [2022-07-07 08:17:32,190] {dag.py:2371} INFO - Sync 1 DAGs
[2022-07-07 08:17:32,221] {logging_mixin.py:115} INFO - [2022-07-07 08:17:32,221] {dag.py:2919} INFO - Setting next_dagrun for example_task_group to 2022-07-06T08:17:32.220863+00:00, run_after=2022-07-07T08:17:32.220863+00:00
[2022-07-07 08:17:32,409] {processor.py:161} INFO - Processing /home/airflow/.local/lib/python3.7/site-packages/airflow/example_dags/example_task_group.py took 0.266 seconds
[2022-07-07 08:18:02,453] {processor.py:153} INFO - Started process (PID=591) to work on /home/airflow/.local/lib/python3.7/site-packages/airflow/example_dags/example_task_group.py
[2022-07-07 08:18:02,453] {processor.py:641} INFO - Processing file /home/airflow/.local/lib/python3.7/site-packages/airflow/example_dags/example_task_group.py for tasks to queue
[2022-07-07 08:18:02,454] {logging_mixin.py:115} INFO - [2022-07-07 08:18:02,454] {dagbag.py:507} INFO - Filling up the DagBag from /home/airflow/.local/lib/python3.7/site-packages/airflow/example_dags/example_task_group.py
[2022-07-07 08:18:02,464] {processor.py:651} INFO - DAG(s) dict_keys(['example_task_group']) retrieved from /home/airflow/.local/lib/python3.7/site-packages/airflow/example_dags/example_task_group.py
[2022-07-07 08:18:02,500] {logging_mixin.py:115} INFO - [2022-07-07 08:18:02,500] {dag.py:2371} INFO - Sync 1 DAGs
[2022-07-07 08:18:02,533] {logging_mixin.py:115} INFO - [2022-07-07 08:18:02,533] {dag.py:2919} INFO - Setting next_dagrun for example_task_group to 2022-07-06T08:18:02.532875+00:00, run_after=2022-07-07T08:18:02.532875+00:00
[2022-07-07 08:18:02,697] {processor.py:161} INFO - Processing /home/airflow/.local/lib/python3.7/site-packages/airflow/example_dags/example_task_group.py took 0.248 seconds
[2022-07-07 08:18:33,693] {processor.py:153} INFO - Started process (PID=653) to work on /home/airflow/.local/lib/python3.7/site-packages/airflow/example_dags/example_task_group.py
[2022-07-07 08:18:33,694] {processor.py:641} INFO - Processing file /home/airflow/.local/lib/python3.7/site-packages/airflow/example_dags/example_task_group.py for tasks to queue
[2022-07-07 08:18:33,695] {logging_mixin.py:115} INFO - [2022-07-07 08:18:33,695] {dagbag.py:507} INFO - Filling up the DagBag from /home/airflow/.local/lib/python3.7/site-packages/airflow/example_dags/example_task_group.py
[2022-07-07 08:18:33,703] {processor.py:651} INFO - DAG(s) dict_keys(['example_task_group']) retrieved from /home/airflow/.local/lib/python3.7/site-packages/airflow/example_dags/example_task_group.py
[2022-07-07 08:18:33,740] {logging_mixin.py:115} INFO - [2022-07-07 08:18:33,740] {dag.py:2371} INFO - Sync 1 DAGs
[2022-07-07 08:18:33,929] {logging_mixin.py:115} INFO - [2022-07-07 08:18:33,929] {dag.py:2919} INFO - Setting next_dagrun for example_task_group to 2022-07-06T08:18:33.929145+00:00, run_after=2022-07-07T08:18:33.929145+00:00
[2022-07-07 08:18:33,945] {processor.py:161} INFO - Processing /home/airflow/.local/lib/python3.7/site-packages/airflow/example_dags/example_task_group.py took 0.256 seconds
[2022-07-07 08:19:04,649] {processor.py:153} INFO - Started process (PID=706) to work on /home/airflow/.local/lib/python3.7/site-packages/airflow/example_dags/example_task_group.py
[2022-07-07 08:19:04,649] {processor.py:641} INFO - Processing file /home/airflow/.local/lib/python3.7/site-packages/airflow/example_dags/example_task_group.py for tasks to queue
[2022-07-07 08:19:04,650] {logging_mixin.py:115} INFO - [2022-07-07 08:19:04,650] {dagbag.py:507} INFO - Filling up the DagBag from /home/airflow/.local/lib/python3.7/site-packages/airflow/example_dags/example_task_group.py
[2022-07-07 08:19:04,660] {processor.py:651} INFO - DAG(s) dict_keys(['example_task_group']) retrieved from /home/airflow/.local/lib/python3.7/site-packages/airflow/example_dags/example_task_group.py
[2022-07-07 08:19:04,694] {logging_mixin.py:115} INFO - [2022-07-07 08:19:04,693] {dag.py:2371} INFO - Sync 1 DAGs
[2022-07-07 08:19:04,836] {logging_mixin.py:115} INFO - [2022-07-07 08:19:04,836] {dag.py:2919} INFO - Setting next_dagrun for example_task_group to 2022-07-06T08:19:04.836423+00:00, run_after=2022-07-07T08:19:04.836423+00:00
[2022-07-07 08:19:04,849] {processor.py:161} INFO - Processing /home/airflow/.local/lib/python3.7/site-packages/airflow/example_dags/example_task_group.py took 0.204 seconds
[2022-07-07 08:19:34,896] {processor.py:153} INFO - Started process (PID=766) to work on /home/airflow/.local/lib/python3.7/site-packages/airflow/example_dags/example_task_group.py
[2022-07-07 08:19:34,897] {processor.py:641} INFO - Processing file /home/airflow/.local/lib/python3.7/site-packages/airflow/example_dags/example_task_group.py for tasks to queue
[2022-07-07 08:19:34,897] {logging_mixin.py:115} INFO - [2022-07-07 08:19:34,897] {dagbag.py:507} INFO - Filling up the DagBag from /home/airflow/.local/lib/python3.7/site-packages/airflow/example_dags/example_task_group.py
[2022-07-07 08:19:34,905] {processor.py:651} INFO - DAG(s) dict_keys(['example_task_group']) retrieved from /home/airflow/.local/lib/python3.7/site-packages/airflow/example_dags/example_task_group.py
[2022-07-07 08:19:34,932] {logging_mixin.py:115} INFO - [2022-07-07 08:19:34,932] {dag.py:2371} INFO - Sync 1 DAGs
[2022-07-07 08:19:35,064] {logging_mixin.py:115} INFO - [2022-07-07 08:19:35,064] {dag.py:2919} INFO - Setting next_dagrun for example_task_group to 2022-07-06T08:19:35.064308+00:00, run_after=2022-07-07T08:19:35.064308+00:00
[2022-07-07 08:19:35,077] {processor.py:161} INFO - Processing /home/airflow/.local/lib/python3.7/site-packages/airflow/example_dags/example_task_group.py took 0.184 seconds
[2022-07-07 08:20:05,307] {processor.py:153} INFO - Started process (PID=829) to work on /home/airflow/.local/lib/python3.7/site-packages/airflow/example_dags/example_task_group.py
[2022-07-07 08:20:05,308] {processor.py:641} INFO - Processing file /home/airflow/.local/lib/python3.7/site-packages/airflow/example_dags/example_task_group.py for tasks to queue
[2022-07-07 08:20:05,308] {logging_mixin.py:115} INFO - [2022-07-07 08:20:05,308] {dagbag.py:507} INFO - Filling up the DagBag from /home/airflow/.local/lib/python3.7/site-packages/airflow/example_dags/example_task_group.py
[2022-07-07 08:20:05,316] {processor.py:651} INFO - DAG(s) dict_keys(['example_task_group']) retrieved from /home/airflow/.local/lib/python3.7/site-packages/airflow/example_dags/example_task_group.py
[2022-07-07 08:20:05,343] {logging_mixin.py:115} INFO - [2022-07-07 08:20:05,343] {dag.py:2371} INFO - Sync 1 DAGs
[2022-07-07 08:20:05,479] {logging_mixin.py:115} INFO - [2022-07-07 08:20:05,479] {dag.py:2919} INFO - Setting next_dagrun for example_task_group to 2022-07-06T08:20:05.479301+00:00, run_after=2022-07-07T08:20:05.479301+00:00
[2022-07-07 08:20:05,497] {processor.py:161} INFO - Processing /home/airflow/.local/lib/python3.7/site-packages/airflow/example_dags/example_task_group.py took 0.194 seconds
[2022-07-07 08:20:35,997] {processor.py:153} INFO - Started process (PID=882) to work on /home/airflow/.local/lib/python3.7/site-packages/airflow/example_dags/example_task_group.py
[2022-07-07 08:20:35,998] {processor.py:641} INFO - Processing file /home/airflow/.local/lib/python3.7/site-packages/airflow/example_dags/example_task_group.py for tasks to queue
[2022-07-07 08:20:35,999] {logging_mixin.py:115} INFO - [2022-07-07 08:20:35,999] {dagbag.py:507} INFO - Filling up the DagBag from /home/airflow/.local/lib/python3.7/site-packages/airflow/example_dags/example_task_group.py
[2022-07-07 08:20:36,006] {processor.py:651} INFO - DAG(s) dict_keys(['example_task_group']) retrieved from /home/airflow/.local/lib/python3.7/site-packages/airflow/example_dags/example_task_group.py
[2022-07-07 08:20:36,040] {logging_mixin.py:115} INFO - [2022-07-07 08:20:36,040] {dag.py:2371} INFO - Sync 1 DAGs
[2022-07-07 08:20:36,197] {logging_mixin.py:115} INFO - [2022-07-07 08:20:36,197] {dag.py:2919} INFO - Setting next_dagrun for example_task_group to 2022-07-06T08:20:36.197628+00:00, run_after=2022-07-07T08:20:36.197628+00:00
[2022-07-07 08:20:36,210] {processor.py:161} INFO - Processing /home/airflow/.local/lib/python3.7/site-packages/airflow/example_dags/example_task_group.py took 0.216 seconds
[2022-07-07 08:21:06,513] {processor.py:153} INFO - Started process (PID=944) to work on /home/airflow/.local/lib/python3.7/site-packages/airflow/example_dags/example_task_group.py
[2022-07-07 08:21:06,514] {processor.py:641} INFO - Processing file /home/airflow/.local/lib/python3.7/site-packages/airflow/example_dags/example_task_group.py for tasks to queue
[2022-07-07 08:21:06,515] {logging_mixin.py:115} INFO - [2022-07-07 08:21:06,515] {dagbag.py:507} INFO - Filling up the DagBag from /home/airflow/.local/lib/python3.7/site-packages/airflow/example_dags/example_task_group.py
[2022-07-07 08:21:06,522] {processor.py:651} INFO - DAG(s) dict_keys(['example_task_group']) retrieved from /home/airflow/.local/lib/python3.7/site-packages/airflow/example_dags/example_task_group.py
[2022-07-07 08:21:06,550] {logging_mixin.py:115} INFO - [2022-07-07 08:21:06,550] {dag.py:2371} INFO - Sync 1 DAGs
[2022-07-07 08:21:06,708] {logging_mixin.py:115} INFO - [2022-07-07 08:21:06,708] {dag.py:2919} INFO - Setting next_dagrun for example_task_group to 2022-07-06T08:21:06.707834+00:00, run_after=2022-07-07T08:21:06.707834+00:00
[2022-07-07 08:21:06,720] {processor.py:161} INFO - Processing /home/airflow/.local/lib/python3.7/site-packages/airflow/example_dags/example_task_group.py took 0.210 seconds
[2022-07-07 08:21:37,059] {processor.py:153} INFO - Started process (PID=1006) to work on /home/airflow/.local/lib/python3.7/site-packages/airflow/example_dags/example_task_group.py
[2022-07-07 08:21:37,060] {processor.py:641} INFO - Processing file /home/airflow/.local/lib/python3.7/site-packages/airflow/example_dags/example_task_group.py for tasks to queue
[2022-07-07 08:21:37,060] {logging_mixin.py:115} INFO - [2022-07-07 08:21:37,060] {dagbag.py:507} INFO - Filling up the DagBag from /home/airflow/.local/lib/python3.7/site-packages/airflow/example_dags/example_task_group.py
[2022-07-07 08:21:37,068] {processor.py:651} INFO - DAG(s) dict_keys(['example_task_group']) retrieved from /home/airflow/.local/lib/python3.7/site-packages/airflow/example_dags/example_task_group.py
[2022-07-07 08:21:37,097] {logging_mixin.py:115} INFO - [2022-07-07 08:21:37,097] {dag.py:2371} INFO - Sync 1 DAGs
[2022-07-07 08:21:37,253] {logging_mixin.py:115} INFO - [2022-07-07 08:21:37,253] {dag.py:2919} INFO - Setting next_dagrun for example_task_group to 2022-07-06T08:21:37.253389+00:00, run_after=2022-07-07T08:21:37.253389+00:00
[2022-07-07 08:21:37,268] {processor.py:161} INFO - Processing /home/airflow/.local/lib/python3.7/site-packages/airflow/example_dags/example_task_group.py took 0.213 seconds
[2022-07-07 08:22:07,383] {processor.py:153} INFO - Started process (PID=1066) to work on /home/airflow/.local/lib/python3.7/site-packages/airflow/example_dags/example_task_group.py
[2022-07-07 08:22:07,384] {processor.py:641} INFO - Processing file /home/airflow/.local/lib/python3.7/site-packages/airflow/example_dags/example_task_group.py for tasks to queue
[2022-07-07 08:22:07,385] {logging_mixin.py:115} INFO - [2022-07-07 08:22:07,384] {dagbag.py:507} INFO - Filling up the DagBag from /home/airflow/.local/lib/python3.7/site-packages/airflow/example_dags/example_task_group.py
[2022-07-07 08:22:07,396] {processor.py:651} INFO - DAG(s) dict_keys(['example_task_group']) retrieved from /home/airflow/.local/lib/python3.7/site-packages/airflow/example_dags/example_task_group.py
[2022-07-07 08:22:07,433] {logging_mixin.py:115} INFO - [2022-07-07 08:22:07,433] {dag.py:2371} INFO - Sync 1 DAGs
[2022-07-07 08:22:07,582] {logging_mixin.py:115} INFO - [2022-07-07 08:22:07,582] {dag.py:2919} INFO - Setting next_dagrun for example_task_group to 2022-07-06T08:22:07.581835+00:00, run_after=2022-07-07T08:22:07.581835+00:00
[2022-07-07 08:22:07,594] {processor.py:161} INFO - Processing /home/airflow/.local/lib/python3.7/site-packages/airflow/example_dags/example_task_group.py took 0.215 seconds
[2022-07-07 08:22:38,280] {processor.py:153} INFO - Started process (PID=1121) to work on /home/airflow/.local/lib/python3.7/site-packages/airflow/example_dags/example_task_group.py
[2022-07-07 08:22:38,281] {processor.py:641} INFO - Processing file /home/airflow/.local/lib/python3.7/site-packages/airflow/example_dags/example_task_group.py for tasks to queue
[2022-07-07 08:22:38,282] {logging_mixin.py:115} INFO - [2022-07-07 08:22:38,282] {dagbag.py:507} INFO - Filling up the DagBag from /home/airflow/.local/lib/python3.7/site-packages/airflow/example_dags/example_task_group.py
[2022-07-07 08:22:38,294] {processor.py:651} INFO - DAG(s) dict_keys(['example_task_group']) retrieved from /home/airflow/.local/lib/python3.7/site-packages/airflow/example_dags/example_task_group.py
[2022-07-07 08:22:38,342] {logging_mixin.py:115} INFO - [2022-07-07 08:22:38,341] {dag.py:2371} INFO - Sync 1 DAGs
[2022-07-07 08:22:38,560] {logging_mixin.py:115} INFO - [2022-07-07 08:22:38,560] {dag.py:2919} INFO - Setting next_dagrun for example_task_group to 2022-07-06T08:22:38.560131+00:00, run_after=2022-07-07T08:22:38.560131+00:00
[2022-07-07 08:22:38,580] {processor.py:161} INFO - Processing /home/airflow/.local/lib/python3.7/site-packages/airflow/example_dags/example_task_group.py took 0.306 seconds
[2022-07-07 08:23:09,240] {processor.py:153} INFO - Started process (PID=1183) to work on /home/airflow/.local/lib/python3.7/site-packages/airflow/example_dags/example_task_group.py
[2022-07-07 08:23:09,241] {processor.py:641} INFO - Processing file /home/airflow/.local/lib/python3.7/site-packages/airflow/example_dags/example_task_group.py for tasks to queue
[2022-07-07 08:23:09,242] {logging_mixin.py:115} INFO - [2022-07-07 08:23:09,241] {dagbag.py:507} INFO - Filling up the DagBag from /home/airflow/.local/lib/python3.7/site-packages/airflow/example_dags/example_task_group.py
[2022-07-07 08:23:09,251] {processor.py:651} INFO - DAG(s) dict_keys(['example_task_group']) retrieved from /home/airflow/.local/lib/python3.7/site-packages/airflow/example_dags/example_task_group.py
[2022-07-07 08:23:09,291] {logging_mixin.py:115} INFO - [2022-07-07 08:23:09,291] {dag.py:2371} INFO - Sync 1 DAGs
[2022-07-07 08:23:09,459] {logging_mixin.py:115} INFO - [2022-07-07 08:23:09,459] {dag.py:2919} INFO - Setting next_dagrun for example_task_group to 2022-07-06T08:23:09.459392+00:00, run_after=2022-07-07T08:23:09.459392+00:00
[2022-07-07 08:23:09,472] {processor.py:161} INFO - Processing /home/airflow/.local/lib/python3.7/site-packages/airflow/example_dags/example_task_group.py took 0.235 seconds
[2022-07-07 08:23:39,849] {processor.py:153} INFO - Started process (PID=1245) to work on /home/airflow/.local/lib/python3.7/site-packages/airflow/example_dags/example_task_group.py
[2022-07-07 08:23:39,849] {processor.py:641} INFO - Processing file /home/airflow/.local/lib/python3.7/site-packages/airflow/example_dags/example_task_group.py for tasks to queue
[2022-07-07 08:23:39,850] {logging_mixin.py:115} INFO - [2022-07-07 08:23:39,850] {dagbag.py:507} INFO - Filling up the DagBag from /home/airflow/.local/lib/python3.7/site-packages/airflow/example_dags/example_task_group.py
[2022-07-07 08:23:39,858] {processor.py:651} INFO - DAG(s) dict_keys(['example_task_group']) retrieved from /home/airflow/.local/lib/python3.7/site-packages/airflow/example_dags/example_task_group.py
[2022-07-07 08:23:39,886] {logging_mixin.py:115} INFO - [2022-07-07 08:23:39,886] {dag.py:2371} INFO - Sync 1 DAGs
[2022-07-07 08:23:40,029] {logging_mixin.py:115} INFO - [2022-07-07 08:23:40,029] {dag.py:2919} INFO - Setting next_dagrun for example_task_group to 2022-07-06T08:23:40.029556+00:00, run_after=2022-07-07T08:23:40.029556+00:00
[2022-07-07 08:23:40,042] {processor.py:161} INFO - Processing /home/airflow/.local/lib/python3.7/site-packages/airflow/example_dags/example_task_group.py took 0.197 seconds
[2022-07-07 08:24:10,179] {processor.py:153} INFO - Started process (PID=1298) to work on /home/airflow/.local/lib/python3.7/site-packages/airflow/example_dags/example_task_group.py
[2022-07-07 08:24:10,179] {processor.py:641} INFO - Processing file /home/airflow/.local/lib/python3.7/site-packages/airflow/example_dags/example_task_group.py for tasks to queue
[2022-07-07 08:24:10,180] {logging_mixin.py:115} INFO - [2022-07-07 08:24:10,179] {dagbag.py:507} INFO - Filling up the DagBag from /home/airflow/.local/lib/python3.7/site-packages/airflow/example_dags/example_task_group.py
[2022-07-07 08:24:10,187] {processor.py:651} INFO - DAG(s) dict_keys(['example_task_group']) retrieved from /home/airflow/.local/lib/python3.7/site-packages/airflow/example_dags/example_task_group.py
[2022-07-07 08:24:10,219] {logging_mixin.py:115} INFO - [2022-07-07 08:24:10,218] {dag.py:2371} INFO - Sync 1 DAGs
[2022-07-07 08:24:10,380] {logging_mixin.py:115} INFO - [2022-07-07 08:24:10,380] {dag.py:2919} INFO - Setting next_dagrun for example_task_group to 2022-07-06T08:24:10.379917+00:00, run_after=2022-07-07T08:24:10.379917+00:00
[2022-07-07 08:24:10,395] {processor.py:161} INFO - Processing /home/airflow/.local/lib/python3.7/site-packages/airflow/example_dags/example_task_group.py took 0.220 seconds
[2022-07-07 08:24:40,800] {processor.py:153} INFO - Started process (PID=1359) to work on /home/airflow/.local/lib/python3.7/site-packages/airflow/example_dags/example_task_group.py
[2022-07-07 08:24:40,801] {processor.py:641} INFO - Processing file /home/airflow/.local/lib/python3.7/site-packages/airflow/example_dags/example_task_group.py for tasks to queue
[2022-07-07 08:24:40,801] {logging_mixin.py:115} INFO - [2022-07-07 08:24:40,801] {dagbag.py:507} INFO - Filling up the DagBag from /home/airflow/.local/lib/python3.7/site-packages/airflow/example_dags/example_task_group.py
[2022-07-07 08:24:40,809] {processor.py:651} INFO - DAG(s) dict_keys(['example_task_group']) retrieved from /home/airflow/.local/lib/python3.7/site-packages/airflow/example_dags/example_task_group.py
[2022-07-07 08:24:40,837] {logging_mixin.py:115} INFO - [2022-07-07 08:24:40,837] {dag.py:2371} INFO - Sync 1 DAGs
[2022-07-07 08:24:40,983] {logging_mixin.py:115} INFO - [2022-07-07 08:24:40,983] {dag.py:2919} INFO - Setting next_dagrun for example_task_group to 2022-07-06T08:24:40.983149+00:00, run_after=2022-07-07T08:24:40.983149+00:00
[2022-07-07 08:24:40,996] {processor.py:161} INFO - Processing /home/airflow/.local/lib/python3.7/site-packages/airflow/example_dags/example_task_group.py took 0.199 seconds
[2022-07-07 08:25:11,699] {processor.py:153} INFO - Started process (PID=1421) to work on /home/airflow/.local/lib/python3.7/site-packages/airflow/example_dags/example_task_group.py
[2022-07-07 08:25:11,700] {processor.py:641} INFO - Processing file /home/airflow/.local/lib/python3.7/site-packages/airflow/example_dags/example_task_group.py for tasks to queue
[2022-07-07 08:25:11,701] {logging_mixin.py:115} INFO - [2022-07-07 08:25:11,700] {dagbag.py:507} INFO - Filling up the DagBag from /home/airflow/.local/lib/python3.7/site-packages/airflow/example_dags/example_task_group.py
[2022-07-07 08:25:11,709] {processor.py:651} INFO - DAG(s) dict_keys(['example_task_group']) retrieved from /home/airflow/.local/lib/python3.7/site-packages/airflow/example_dags/example_task_group.py
[2022-07-07 08:25:11,739] {logging_mixin.py:115} INFO - [2022-07-07 08:25:11,738] {dag.py:2371} INFO - Sync 1 DAGs
[2022-07-07 08:25:11,883] {logging_mixin.py:115} INFO - [2022-07-07 08:25:11,883] {dag.py:2919} INFO - Setting next_dagrun for example_task_group to 2022-07-06T08:25:11.882990+00:00, run_after=2022-07-07T08:25:11.882990+00:00
[2022-07-07 08:25:11,896] {processor.py:161} INFO - Processing /home/airflow/.local/lib/python3.7/site-packages/airflow/example_dags/example_task_group.py took 0.200 seconds
[2022-07-07 08:25:42,318] {processor.py:153} INFO - Started process (PID=1473) to work on /home/airflow/.local/lib/python3.7/site-packages/airflow/example_dags/example_task_group.py
[2022-07-07 08:25:42,318] {processor.py:641} INFO - Processing file /home/airflow/.local/lib/python3.7/site-packages/airflow/example_dags/example_task_group.py for tasks to queue
[2022-07-07 08:25:42,319] {logging_mixin.py:115} INFO - [2022-07-07 08:25:42,319] {dagbag.py:507} INFO - Filling up the DagBag from /home/airflow/.local/lib/python3.7/site-packages/airflow/example_dags/example_task_group.py
[2022-07-07 08:25:42,330] {processor.py:651} INFO - DAG(s) dict_keys(['example_task_group']) retrieved from /home/airflow/.local/lib/python3.7/site-packages/airflow/example_dags/example_task_group.py
[2022-07-07 08:25:42,370] {logging_mixin.py:115} INFO - [2022-07-07 08:25:42,369] {dag.py:2371} INFO - Sync 1 DAGs
[2022-07-07 08:25:42,593] {logging_mixin.py:115} INFO - [2022-07-07 08:25:42,593] {dag.py:2919} INFO - Setting next_dagrun for example_task_group to 2022-07-06T08:25:42.593646+00:00, run_after=2022-07-07T08:25:42.593646+00:00
[2022-07-07 08:25:42,614] {processor.py:161} INFO - Processing /home/airflow/.local/lib/python3.7/site-packages/airflow/example_dags/example_task_group.py took 0.300 seconds
[2022-07-07 08:26:13,186] {processor.py:153} INFO - Started process (PID=1535) to work on /home/airflow/.local/lib/python3.7/site-packages/airflow/example_dags/example_task_group.py
[2022-07-07 08:26:13,187] {processor.py:641} INFO - Processing file /home/airflow/.local/lib/python3.7/site-packages/airflow/example_dags/example_task_group.py for tasks to queue
[2022-07-07 08:26:13,187] {logging_mixin.py:115} INFO - [2022-07-07 08:26:13,187] {dagbag.py:507} INFO - Filling up the DagBag from /home/airflow/.local/lib/python3.7/site-packages/airflow/example_dags/example_task_group.py
[2022-07-07 08:26:13,196] {processor.py:651} INFO - DAG(s) dict_keys(['example_task_group']) retrieved from /home/airflow/.local/lib/python3.7/site-packages/airflow/example_dags/example_task_group.py
[2022-07-07 08:26:13,227] {logging_mixin.py:115} INFO - [2022-07-07 08:26:13,227] {dag.py:2371} INFO - Sync 1 DAGs
[2022-07-07 08:26:13,409] {logging_mixin.py:115} INFO - [2022-07-07 08:26:13,409] {dag.py:2919} INFO - Setting next_dagrun for example_task_group to 2022-07-06T08:26:13.409161+00:00, run_after=2022-07-07T08:26:13.409161+00:00
[2022-07-07 08:26:13,420] {processor.py:161} INFO - Processing /home/airflow/.local/lib/python3.7/site-packages/airflow/example_dags/example_task_group.py took 0.238 seconds
[2022-07-07 08:26:43,538] {processor.py:153} INFO - Started process (PID=1598) to work on /home/airflow/.local/lib/python3.7/site-packages/airflow/example_dags/example_task_group.py
[2022-07-07 08:26:43,538] {processor.py:641} INFO - Processing file /home/airflow/.local/lib/python3.7/site-packages/airflow/example_dags/example_task_group.py for tasks to queue
[2022-07-07 08:26:43,539] {logging_mixin.py:115} INFO - [2022-07-07 08:26:43,539] {dagbag.py:507} INFO - Filling up the DagBag from /home/airflow/.local/lib/python3.7/site-packages/airflow/example_dags/example_task_group.py
[2022-07-07 08:26:43,547] {processor.py:651} INFO - DAG(s) dict_keys(['example_task_group']) retrieved from /home/airflow/.local/lib/python3.7/site-packages/airflow/example_dags/example_task_group.py
[2022-07-07 08:26:43,574] {logging_mixin.py:115} INFO - [2022-07-07 08:26:43,574] {dag.py:2371} INFO - Sync 1 DAGs
[2022-07-07 08:26:43,732] {logging_mixin.py:115} INFO - [2022-07-07 08:26:43,732] {dag.py:2919} INFO - Setting next_dagrun for example_task_group to 2022-07-06T08:26:43.732458+00:00, run_after=2022-07-07T08:26:43.732458+00:00
[2022-07-07 08:26:43,744] {processor.py:161} INFO - Processing /home/airflow/.local/lib/python3.7/site-packages/airflow/example_dags/example_task_group.py took 0.210 seconds
