[2022-07-07 08:13:27,893] {processor.py:153} INFO - Started process (PID=68) to work on /home/airflow/.local/lib/python3.7/site-packages/airflow/example_dags/example_branch_operator_decorator.py
[2022-07-07 08:13:27,895] {processor.py:641} INFO - Processing file /home/airflow/.local/lib/python3.7/site-packages/airflow/example_dags/example_branch_operator_decorator.py for tasks to queue
[2022-07-07 08:13:27,898] {logging_mixin.py:115} INFO - [2022-07-07 08:13:27,898] {dagbag.py:507} INFO - Filling up the DagBag from /home/airflow/.local/lib/python3.7/site-packages/airflow/example_dags/example_branch_operator_decorator.py
[2022-07-07 08:13:27,941] {processor.py:651} INFO - DAG(s) dict_keys(['example_branch_python_operator_decorator']) retrieved from /home/airflow/.local/lib/python3.7/site-packages/airflow/example_dags/example_branch_operator_decorator.py
[2022-07-07 08:13:28,251] {logging_mixin.py:115} INFO - [2022-07-07 08:13:28,251] {manager.py:508} INFO - Created Permission View: can edit on DAG:example_branch_python_operator_decorator
[2022-07-07 08:13:28,265] {logging_mixin.py:115} INFO - [2022-07-07 08:13:28,265] {manager.py:508} INFO - Created Permission View: can delete on DAG:example_branch_python_operator_decorator
[2022-07-07 08:13:28,274] {logging_mixin.py:115} INFO - [2022-07-07 08:13:28,274] {manager.py:508} INFO - Created Permission View: can read on DAG:example_branch_python_operator_decorator
[2022-07-07 08:13:28,275] {logging_mixin.py:115} INFO - [2022-07-07 08:13:28,275] {dag.py:2371} INFO - Sync 1 DAGs
[2022-07-07 08:13:28,287] {logging_mixin.py:115} INFO - [2022-07-07 08:13:28,287] {dag.py:2390} INFO - Creating ORM DAG for example_branch_python_operator_decorator
[2022-07-07 08:13:28,306] {logging_mixin.py:115} INFO - [2022-07-07 08:13:28,306] {dag.py:2919} INFO - Setting next_dagrun for example_branch_python_operator_decorator to 2022-07-06T00:00:00+00:00, run_after=2022-07-07T00:00:00+00:00
[2022-07-07 08:13:28,326] {processor.py:161} INFO - Processing /home/airflow/.local/lib/python3.7/site-packages/airflow/example_dags/example_branch_operator_decorator.py took 0.438 seconds
[2022-07-07 08:13:58,702] {processor.py:153} INFO - Started process (PID=130) to work on /home/airflow/.local/lib/python3.7/site-packages/airflow/example_dags/example_branch_operator_decorator.py
[2022-07-07 08:13:58,702] {processor.py:641} INFO - Processing file /home/airflow/.local/lib/python3.7/site-packages/airflow/example_dags/example_branch_operator_decorator.py for tasks to queue
[2022-07-07 08:13:58,703] {logging_mixin.py:115} INFO - [2022-07-07 08:13:58,703] {dagbag.py:507} INFO - Filling up the DagBag from /home/airflow/.local/lib/python3.7/site-packages/airflow/example_dags/example_branch_operator_decorator.py
[2022-07-07 08:13:58,726] {processor.py:651} INFO - DAG(s) dict_keys(['example_branch_python_operator_decorator']) retrieved from /home/airflow/.local/lib/python3.7/site-packages/airflow/example_dags/example_branch_operator_decorator.py
[2022-07-07 08:13:58,757] {logging_mixin.py:115} INFO - [2022-07-07 08:13:58,757] {dag.py:2371} INFO - Sync 1 DAGs
[2022-07-07 08:13:58,911] {logging_mixin.py:115} INFO - [2022-07-07 08:13:58,911] {dag.py:2919} INFO - Setting next_dagrun for example_branch_python_operator_decorator to 2022-07-06T00:00:00+00:00, run_after=2022-07-07T00:00:00+00:00
[2022-07-07 08:13:58,926] {processor.py:161} INFO - Processing /home/airflow/.local/lib/python3.7/site-packages/airflow/example_dags/example_branch_operator_decorator.py took 0.230 seconds
[2022-07-07 08:14:29,524] {processor.py:153} INFO - Started process (PID=184) to work on /home/airflow/.local/lib/python3.7/site-packages/airflow/example_dags/example_branch_operator_decorator.py
[2022-07-07 08:14:29,525] {processor.py:641} INFO - Processing file /home/airflow/.local/lib/python3.7/site-packages/airflow/example_dags/example_branch_operator_decorator.py for tasks to queue
[2022-07-07 08:14:29,525] {logging_mixin.py:115} INFO - [2022-07-07 08:14:29,525] {dagbag.py:507} INFO - Filling up the DagBag from /home/airflow/.local/lib/python3.7/site-packages/airflow/example_dags/example_branch_operator_decorator.py
[2022-07-07 08:14:29,546] {processor.py:651} INFO - DAG(s) dict_keys(['example_branch_python_operator_decorator']) retrieved from /home/airflow/.local/lib/python3.7/site-packages/airflow/example_dags/example_branch_operator_decorator.py
[2022-07-07 08:14:29,573] {logging_mixin.py:115} INFO - [2022-07-07 08:14:29,573] {dag.py:2371} INFO - Sync 1 DAGs
[2022-07-07 08:14:29,724] {logging_mixin.py:115} INFO - [2022-07-07 08:14:29,724] {dag.py:2919} INFO - Setting next_dagrun for example_branch_python_operator_decorator to 2022-07-06T00:00:00+00:00, run_after=2022-07-07T00:00:00+00:00
[2022-07-07 08:14:29,738] {processor.py:161} INFO - Processing /home/airflow/.local/lib/python3.7/site-packages/airflow/example_dags/example_branch_operator_decorator.py took 0.218 seconds
[2022-07-07 08:14:59,775] {processor.py:153} INFO - Started process (PID=247) to work on /home/airflow/.local/lib/python3.7/site-packages/airflow/example_dags/example_branch_operator_decorator.py
[2022-07-07 08:14:59,775] {processor.py:641} INFO - Processing file /home/airflow/.local/lib/python3.7/site-packages/airflow/example_dags/example_branch_operator_decorator.py for tasks to queue
[2022-07-07 08:14:59,776] {logging_mixin.py:115} INFO - [2022-07-07 08:14:59,776] {dagbag.py:507} INFO - Filling up the DagBag from /home/airflow/.local/lib/python3.7/site-packages/airflow/example_dags/example_branch_operator_decorator.py
[2022-07-07 08:14:59,797] {processor.py:651} INFO - DAG(s) dict_keys(['example_branch_python_operator_decorator']) retrieved from /home/airflow/.local/lib/python3.7/site-packages/airflow/example_dags/example_branch_operator_decorator.py
[2022-07-07 08:14:59,824] {logging_mixin.py:115} INFO - [2022-07-07 08:14:59,824] {dag.py:2371} INFO - Sync 1 DAGs
[2022-07-07 08:14:59,984] {logging_mixin.py:115} INFO - [2022-07-07 08:14:59,983] {dag.py:2919} INFO - Setting next_dagrun for example_branch_python_operator_decorator to 2022-07-06T00:00:00+00:00, run_after=2022-07-07T00:00:00+00:00
[2022-07-07 08:15:00,000] {processor.py:161} INFO - Processing /home/airflow/.local/lib/python3.7/site-packages/airflow/example_dags/example_branch_operator_decorator.py took 0.229 seconds
[2022-07-07 08:15:30,139] {processor.py:153} INFO - Started process (PID=309) to work on /home/airflow/.local/lib/python3.7/site-packages/airflow/example_dags/example_branch_operator_decorator.py
[2022-07-07 08:15:30,140] {processor.py:641} INFO - Processing file /home/airflow/.local/lib/python3.7/site-packages/airflow/example_dags/example_branch_operator_decorator.py for tasks to queue
[2022-07-07 08:15:30,140] {logging_mixin.py:115} INFO - [2022-07-07 08:15:30,140] {dagbag.py:507} INFO - Filling up the DagBag from /home/airflow/.local/lib/python3.7/site-packages/airflow/example_dags/example_branch_operator_decorator.py
[2022-07-07 08:15:30,165] {processor.py:651} INFO - DAG(s) dict_keys(['example_branch_python_operator_decorator']) retrieved from /home/airflow/.local/lib/python3.7/site-packages/airflow/example_dags/example_branch_operator_decorator.py
[2022-07-07 08:15:30,191] {logging_mixin.py:115} INFO - [2022-07-07 08:15:30,191] {dag.py:2371} INFO - Sync 1 DAGs
[2022-07-07 08:15:30,356] {logging_mixin.py:115} INFO - [2022-07-07 08:15:30,355] {dag.py:2919} INFO - Setting next_dagrun for example_branch_python_operator_decorator to 2022-07-06T00:00:00+00:00, run_after=2022-07-07T00:00:00+00:00
[2022-07-07 08:15:30,369] {processor.py:161} INFO - Processing /home/airflow/.local/lib/python3.7/site-packages/airflow/example_dags/example_branch_operator_decorator.py took 0.235 seconds
[2022-07-07 08:16:00,929] {processor.py:153} INFO - Started process (PID=362) to work on /home/airflow/.local/lib/python3.7/site-packages/airflow/example_dags/example_branch_operator_decorator.py
[2022-07-07 08:16:00,932] {processor.py:641} INFO - Processing file /home/airflow/.local/lib/python3.7/site-packages/airflow/example_dags/example_branch_operator_decorator.py for tasks to queue
[2022-07-07 08:16:00,933] {logging_mixin.py:115} INFO - [2022-07-07 08:16:00,933] {dagbag.py:507} INFO - Filling up the DagBag from /home/airflow/.local/lib/python3.7/site-packages/airflow/example_dags/example_branch_operator_decorator.py
[2022-07-07 08:16:00,953] {processor.py:651} INFO - DAG(s) dict_keys(['example_branch_python_operator_decorator']) retrieved from /home/airflow/.local/lib/python3.7/site-packages/airflow/example_dags/example_branch_operator_decorator.py
[2022-07-07 08:16:00,982] {logging_mixin.py:115} INFO - [2022-07-07 08:16:00,981] {dag.py:2371} INFO - Sync 1 DAGs
[2022-07-07 08:16:01,143] {logging_mixin.py:115} INFO - [2022-07-07 08:16:01,143] {dag.py:2919} INFO - Setting next_dagrun for example_branch_python_operator_decorator to 2022-07-06T00:00:00+00:00, run_after=2022-07-07T00:00:00+00:00
[2022-07-07 08:16:01,161] {processor.py:161} INFO - Processing /home/airflow/.local/lib/python3.7/site-packages/airflow/example_dags/example_branch_operator_decorator.py took 0.236 seconds
[2022-07-07 08:16:31,893] {processor.py:153} INFO - Started process (PID=424) to work on /home/airflow/.local/lib/python3.7/site-packages/airflow/example_dags/example_branch_operator_decorator.py
[2022-07-07 08:16:31,894] {processor.py:641} INFO - Processing file /home/airflow/.local/lib/python3.7/site-packages/airflow/example_dags/example_branch_operator_decorator.py for tasks to queue
[2022-07-07 08:16:31,895] {logging_mixin.py:115} INFO - [2022-07-07 08:16:31,894] {dagbag.py:507} INFO - Filling up the DagBag from /home/airflow/.local/lib/python3.7/site-packages/airflow/example_dags/example_branch_operator_decorator.py
[2022-07-07 08:16:31,916] {processor.py:651} INFO - DAG(s) dict_keys(['example_branch_python_operator_decorator']) retrieved from /home/airflow/.local/lib/python3.7/site-packages/airflow/example_dags/example_branch_operator_decorator.py
[2022-07-07 08:16:31,943] {logging_mixin.py:115} INFO - [2022-07-07 08:16:31,943] {dag.py:2371} INFO - Sync 1 DAGs
[2022-07-07 08:16:32,116] {logging_mixin.py:115} INFO - [2022-07-07 08:16:32,115] {dag.py:2919} INFO - Setting next_dagrun for example_branch_python_operator_decorator to 2022-07-06T00:00:00+00:00, run_after=2022-07-07T00:00:00+00:00
[2022-07-07 08:16:32,131] {processor.py:161} INFO - Processing /home/airflow/.local/lib/python3.7/site-packages/airflow/example_dags/example_branch_operator_decorator.py took 0.242 seconds
[2022-07-07 08:17:02,485] {processor.py:153} INFO - Started process (PID=485) to work on /home/airflow/.local/lib/python3.7/site-packages/airflow/example_dags/example_branch_operator_decorator.py
[2022-07-07 08:17:02,485] {processor.py:641} INFO - Processing file /home/airflow/.local/lib/python3.7/site-packages/airflow/example_dags/example_branch_operator_decorator.py for tasks to queue
[2022-07-07 08:17:02,486] {logging_mixin.py:115} INFO - [2022-07-07 08:17:02,486] {dagbag.py:507} INFO - Filling up the DagBag from /home/airflow/.local/lib/python3.7/site-packages/airflow/example_dags/example_branch_operator_decorator.py
[2022-07-07 08:17:02,518] {processor.py:651} INFO - DAG(s) dict_keys(['example_branch_python_operator_decorator']) retrieved from /home/airflow/.local/lib/python3.7/site-packages/airflow/example_dags/example_branch_operator_decorator.py
[2022-07-07 08:17:02,558] {logging_mixin.py:115} INFO - [2022-07-07 08:17:02,558] {dag.py:2371} INFO - Sync 1 DAGs
[2022-07-07 08:17:02,727] {logging_mixin.py:115} INFO - [2022-07-07 08:17:02,727] {dag.py:2919} INFO - Setting next_dagrun for example_branch_python_operator_decorator to 2022-07-06T00:00:00+00:00, run_after=2022-07-07T00:00:00+00:00
[2022-07-07 08:17:02,740] {processor.py:161} INFO - Processing /home/airflow/.local/lib/python3.7/site-packages/airflow/example_dags/example_branch_operator_decorator.py took 0.260 seconds
[2022-07-07 08:17:33,521] {processor.py:153} INFO - Started process (PID=538) to work on /home/airflow/.local/lib/python3.7/site-packages/airflow/example_dags/example_branch_operator_decorator.py
[2022-07-07 08:17:33,522] {processor.py:641} INFO - Processing file /home/airflow/.local/lib/python3.7/site-packages/airflow/example_dags/example_branch_operator_decorator.py for tasks to queue
[2022-07-07 08:17:33,523] {logging_mixin.py:115} INFO - [2022-07-07 08:17:33,523] {dagbag.py:507} INFO - Filling up the DagBag from /home/airflow/.local/lib/python3.7/site-packages/airflow/example_dags/example_branch_operator_decorator.py
[2022-07-07 08:17:33,557] {processor.py:651} INFO - DAG(s) dict_keys(['example_branch_python_operator_decorator']) retrieved from /home/airflow/.local/lib/python3.7/site-packages/airflow/example_dags/example_branch_operator_decorator.py
[2022-07-07 08:17:33,591] {logging_mixin.py:115} INFO - [2022-07-07 08:17:33,591] {dag.py:2371} INFO - Sync 1 DAGs
[2022-07-07 08:17:33,784] {logging_mixin.py:115} INFO - [2022-07-07 08:17:33,784] {dag.py:2919} INFO - Setting next_dagrun for example_branch_python_operator_decorator to 2022-07-06T00:00:00+00:00, run_after=2022-07-07T00:00:00+00:00
[2022-07-07 08:17:33,799] {processor.py:161} INFO - Processing /home/airflow/.local/lib/python3.7/site-packages/airflow/example_dags/example_branch_operator_decorator.py took 0.283 seconds
[2022-07-07 08:18:03,884] {processor.py:153} INFO - Started process (PID=601) to work on /home/airflow/.local/lib/python3.7/site-packages/airflow/example_dags/example_branch_operator_decorator.py
[2022-07-07 08:18:03,885] {processor.py:641} INFO - Processing file /home/airflow/.local/lib/python3.7/site-packages/airflow/example_dags/example_branch_operator_decorator.py for tasks to queue
[2022-07-07 08:18:03,885] {logging_mixin.py:115} INFO - [2022-07-07 08:18:03,885] {dagbag.py:507} INFO - Filling up the DagBag from /home/airflow/.local/lib/python3.7/site-packages/airflow/example_dags/example_branch_operator_decorator.py
[2022-07-07 08:18:03,905] {processor.py:651} INFO - DAG(s) dict_keys(['example_branch_python_operator_decorator']) retrieved from /home/airflow/.local/lib/python3.7/site-packages/airflow/example_dags/example_branch_operator_decorator.py
[2022-07-07 08:18:03,934] {logging_mixin.py:115} INFO - [2022-07-07 08:18:03,934] {dag.py:2371} INFO - Sync 1 DAGs
[2022-07-07 08:18:04,088] {logging_mixin.py:115} INFO - [2022-07-07 08:18:04,088] {dag.py:2919} INFO - Setting next_dagrun for example_branch_python_operator_decorator to 2022-07-06T00:00:00+00:00, run_after=2022-07-07T00:00:00+00:00
[2022-07-07 08:18:04,102] {processor.py:161} INFO - Processing /home/airflow/.local/lib/python3.7/site-packages/airflow/example_dags/example_branch_operator_decorator.py took 0.222 seconds
[2022-07-07 08:18:35,096] {processor.py:153} INFO - Started process (PID=663) to work on /home/airflow/.local/lib/python3.7/site-packages/airflow/example_dags/example_branch_operator_decorator.py
[2022-07-07 08:18:35,097] {processor.py:641} INFO - Processing file /home/airflow/.local/lib/python3.7/site-packages/airflow/example_dags/example_branch_operator_decorator.py for tasks to queue
[2022-07-07 08:18:35,097] {logging_mixin.py:115} INFO - [2022-07-07 08:18:35,097] {dagbag.py:507} INFO - Filling up the DagBag from /home/airflow/.local/lib/python3.7/site-packages/airflow/example_dags/example_branch_operator_decorator.py
[2022-07-07 08:18:35,120] {processor.py:651} INFO - DAG(s) dict_keys(['example_branch_python_operator_decorator']) retrieved from /home/airflow/.local/lib/python3.7/site-packages/airflow/example_dags/example_branch_operator_decorator.py
[2022-07-07 08:18:35,152] {logging_mixin.py:115} INFO - [2022-07-07 08:18:35,152] {dag.py:2371} INFO - Sync 1 DAGs
[2022-07-07 08:18:35,298] {logging_mixin.py:115} INFO - [2022-07-07 08:18:35,298] {dag.py:2919} INFO - Setting next_dagrun for example_branch_python_operator_decorator to 2022-07-06T00:00:00+00:00, run_after=2022-07-07T00:00:00+00:00
[2022-07-07 08:18:35,318] {processor.py:161} INFO - Processing /home/airflow/.local/lib/python3.7/site-packages/airflow/example_dags/example_branch_operator_decorator.py took 0.227 seconds
[2022-07-07 08:19:05,913] {processor.py:153} INFO - Started process (PID=725) to work on /home/airflow/.local/lib/python3.7/site-packages/airflow/example_dags/example_branch_operator_decorator.py
[2022-07-07 08:19:05,914] {processor.py:641} INFO - Processing file /home/airflow/.local/lib/python3.7/site-packages/airflow/example_dags/example_branch_operator_decorator.py for tasks to queue
[2022-07-07 08:19:05,915] {logging_mixin.py:115} INFO - [2022-07-07 08:19:05,915] {dagbag.py:507} INFO - Filling up the DagBag from /home/airflow/.local/lib/python3.7/site-packages/airflow/example_dags/example_branch_operator_decorator.py
[2022-07-07 08:19:05,934] {processor.py:651} INFO - DAG(s) dict_keys(['example_branch_python_operator_decorator']) retrieved from /home/airflow/.local/lib/python3.7/site-packages/airflow/example_dags/example_branch_operator_decorator.py
[2022-07-07 08:19:05,964] {logging_mixin.py:115} INFO - [2022-07-07 08:19:05,964] {dag.py:2371} INFO - Sync 1 DAGs
[2022-07-07 08:19:06,117] {logging_mixin.py:115} INFO - [2022-07-07 08:19:06,117] {dag.py:2919} INFO - Setting next_dagrun for example_branch_python_operator_decorator to 2022-07-06T00:00:00+00:00, run_after=2022-07-07T00:00:00+00:00
[2022-07-07 08:19:06,133] {processor.py:161} INFO - Processing /home/airflow/.local/lib/python3.7/site-packages/airflow/example_dags/example_branch_operator_decorator.py took 0.224 seconds
[2022-07-07 08:19:36,597] {processor.py:153} INFO - Started process (PID=777) to work on /home/airflow/.local/lib/python3.7/site-packages/airflow/example_dags/example_branch_operator_decorator.py
[2022-07-07 08:19:36,597] {processor.py:641} INFO - Processing file /home/airflow/.local/lib/python3.7/site-packages/airflow/example_dags/example_branch_operator_decorator.py for tasks to queue
[2022-07-07 08:19:36,598] {logging_mixin.py:115} INFO - [2022-07-07 08:19:36,598] {dagbag.py:507} INFO - Filling up the DagBag from /home/airflow/.local/lib/python3.7/site-packages/airflow/example_dags/example_branch_operator_decorator.py
[2022-07-07 08:19:36,617] {processor.py:651} INFO - DAG(s) dict_keys(['example_branch_python_operator_decorator']) retrieved from /home/airflow/.local/lib/python3.7/site-packages/airflow/example_dags/example_branch_operator_decorator.py
[2022-07-07 08:19:36,647] {logging_mixin.py:115} INFO - [2022-07-07 08:19:36,647] {dag.py:2371} INFO - Sync 1 DAGs
[2022-07-07 08:19:36,804] {logging_mixin.py:115} INFO - [2022-07-07 08:19:36,804] {dag.py:2919} INFO - Setting next_dagrun for example_branch_python_operator_decorator to 2022-07-06T00:00:00+00:00, run_after=2022-07-07T00:00:00+00:00
[2022-07-07 08:19:36,815] {processor.py:161} INFO - Processing /home/airflow/.local/lib/python3.7/site-packages/airflow/example_dags/example_branch_operator_decorator.py took 0.222 seconds
[2022-07-07 08:20:07,045] {processor.py:153} INFO - Started process (PID=840) to work on /home/airflow/.local/lib/python3.7/site-packages/airflow/example_dags/example_branch_operator_decorator.py
[2022-07-07 08:20:07,046] {processor.py:641} INFO - Processing file /home/airflow/.local/lib/python3.7/site-packages/airflow/example_dags/example_branch_operator_decorator.py for tasks to queue
[2022-07-07 08:20:07,047] {logging_mixin.py:115} INFO - [2022-07-07 08:20:07,047] {dagbag.py:507} INFO - Filling up the DagBag from /home/airflow/.local/lib/python3.7/site-packages/airflow/example_dags/example_branch_operator_decorator.py
[2022-07-07 08:20:07,067] {processor.py:651} INFO - DAG(s) dict_keys(['example_branch_python_operator_decorator']) retrieved from /home/airflow/.local/lib/python3.7/site-packages/airflow/example_dags/example_branch_operator_decorator.py
[2022-07-07 08:20:07,096] {logging_mixin.py:115} INFO - [2022-07-07 08:20:07,096] {dag.py:2371} INFO - Sync 1 DAGs
[2022-07-07 08:20:07,248] {logging_mixin.py:115} INFO - [2022-07-07 08:20:07,248] {dag.py:2919} INFO - Setting next_dagrun for example_branch_python_operator_decorator to 2022-07-06T00:00:00+00:00, run_after=2022-07-07T00:00:00+00:00
[2022-07-07 08:20:07,261] {processor.py:161} INFO - Processing /home/airflow/.local/lib/python3.7/site-packages/airflow/example_dags/example_branch_operator_decorator.py took 0.219 seconds
[2022-07-07 08:20:37,333] {processor.py:153} INFO - Started process (PID=902) to work on /home/airflow/.local/lib/python3.7/site-packages/airflow/example_dags/example_branch_operator_decorator.py
[2022-07-07 08:20:37,334] {processor.py:641} INFO - Processing file /home/airflow/.local/lib/python3.7/site-packages/airflow/example_dags/example_branch_operator_decorator.py for tasks to queue
[2022-07-07 08:20:37,335] {logging_mixin.py:115} INFO - [2022-07-07 08:20:37,335] {dagbag.py:507} INFO - Filling up the DagBag from /home/airflow/.local/lib/python3.7/site-packages/airflow/example_dags/example_branch_operator_decorator.py
[2022-07-07 08:20:37,364] {processor.py:651} INFO - DAG(s) dict_keys(['example_branch_python_operator_decorator']) retrieved from /home/airflow/.local/lib/python3.7/site-packages/airflow/example_dags/example_branch_operator_decorator.py
[2022-07-07 08:20:37,404] {logging_mixin.py:115} INFO - [2022-07-07 08:20:37,404] {dag.py:2371} INFO - Sync 1 DAGs
[2022-07-07 08:20:37,593] {logging_mixin.py:115} INFO - [2022-07-07 08:20:37,592] {dag.py:2919} INFO - Setting next_dagrun for example_branch_python_operator_decorator to 2022-07-06T00:00:00+00:00, run_after=2022-07-07T00:00:00+00:00
[2022-07-07 08:20:37,607] {processor.py:161} INFO - Processing /home/airflow/.local/lib/python3.7/site-packages/airflow/example_dags/example_branch_operator_decorator.py took 0.279 seconds
[2022-07-07 08:21:08,198] {processor.py:153} INFO - Started process (PID=954) to work on /home/airflow/.local/lib/python3.7/site-packages/airflow/example_dags/example_branch_operator_decorator.py
[2022-07-07 08:21:08,199] {processor.py:641} INFO - Processing file /home/airflow/.local/lib/python3.7/site-packages/airflow/example_dags/example_branch_operator_decorator.py for tasks to queue
[2022-07-07 08:21:08,200] {logging_mixin.py:115} INFO - [2022-07-07 08:21:08,200] {dagbag.py:507} INFO - Filling up the DagBag from /home/airflow/.local/lib/python3.7/site-packages/airflow/example_dags/example_branch_operator_decorator.py
[2022-07-07 08:21:08,228] {processor.py:651} INFO - DAG(s) dict_keys(['example_branch_python_operator_decorator']) retrieved from /home/airflow/.local/lib/python3.7/site-packages/airflow/example_dags/example_branch_operator_decorator.py
[2022-07-07 08:21:08,268] {logging_mixin.py:115} INFO - [2022-07-07 08:21:08,268] {dag.py:2371} INFO - Sync 1 DAGs
[2022-07-07 08:21:08,476] {logging_mixin.py:115} INFO - [2022-07-07 08:21:08,476] {dag.py:2919} INFO - Setting next_dagrun for example_branch_python_operator_decorator to 2022-07-06T00:00:00+00:00, run_after=2022-07-07T00:00:00+00:00
[2022-07-07 08:21:08,489] {processor.py:161} INFO - Processing /home/airflow/.local/lib/python3.7/site-packages/airflow/example_dags/example_branch_operator_decorator.py took 0.296 seconds
[2022-07-07 08:21:38,622] {processor.py:153} INFO - Started process (PID=1016) to work on /home/airflow/.local/lib/python3.7/site-packages/airflow/example_dags/example_branch_operator_decorator.py
[2022-07-07 08:21:38,623] {processor.py:641} INFO - Processing file /home/airflow/.local/lib/python3.7/site-packages/airflow/example_dags/example_branch_operator_decorator.py for tasks to queue
[2022-07-07 08:21:38,624] {logging_mixin.py:115} INFO - [2022-07-07 08:21:38,624] {dagbag.py:507} INFO - Filling up the DagBag from /home/airflow/.local/lib/python3.7/site-packages/airflow/example_dags/example_branch_operator_decorator.py
[2022-07-07 08:21:38,646] {processor.py:651} INFO - DAG(s) dict_keys(['example_branch_python_operator_decorator']) retrieved from /home/airflow/.local/lib/python3.7/site-packages/airflow/example_dags/example_branch_operator_decorator.py
[2022-07-07 08:21:38,679] {logging_mixin.py:115} INFO - [2022-07-07 08:21:38,679] {dag.py:2371} INFO - Sync 1 DAGs
[2022-07-07 08:21:38,831] {logging_mixin.py:115} INFO - [2022-07-07 08:21:38,831] {dag.py:2919} INFO - Setting next_dagrun for example_branch_python_operator_decorator to 2022-07-06T00:00:00+00:00, run_after=2022-07-07T00:00:00+00:00
[2022-07-07 08:21:38,845] {processor.py:161} INFO - Processing /home/airflow/.local/lib/python3.7/site-packages/airflow/example_dags/example_branch_operator_decorator.py took 0.227 seconds
[2022-07-07 08:22:09,077] {processor.py:153} INFO - Started process (PID=1078) to work on /home/airflow/.local/lib/python3.7/site-packages/airflow/example_dags/example_branch_operator_decorator.py
[2022-07-07 08:22:09,077] {processor.py:641} INFO - Processing file /home/airflow/.local/lib/python3.7/site-packages/airflow/example_dags/example_branch_operator_decorator.py for tasks to queue
[2022-07-07 08:22:09,078] {logging_mixin.py:115} INFO - [2022-07-07 08:22:09,078] {dagbag.py:507} INFO - Filling up the DagBag from /home/airflow/.local/lib/python3.7/site-packages/airflow/example_dags/example_branch_operator_decorator.py
[2022-07-07 08:22:09,097] {processor.py:651} INFO - DAG(s) dict_keys(['example_branch_python_operator_decorator']) retrieved from /home/airflow/.local/lib/python3.7/site-packages/airflow/example_dags/example_branch_operator_decorator.py
[2022-07-07 08:22:09,125] {logging_mixin.py:115} INFO - [2022-07-07 08:22:09,125] {dag.py:2371} INFO - Sync 1 DAGs
[2022-07-07 08:22:09,277] {logging_mixin.py:115} INFO - [2022-07-07 08:22:09,277] {dag.py:2919} INFO - Setting next_dagrun for example_branch_python_operator_decorator to 2022-07-06T00:00:00+00:00, run_after=2022-07-07T00:00:00+00:00
[2022-07-07 08:22:09,290] {processor.py:161} INFO - Processing /home/airflow/.local/lib/python3.7/site-packages/airflow/example_dags/example_branch_operator_decorator.py took 0.217 seconds
[2022-07-07 08:22:39,905] {processor.py:153} INFO - Started process (PID=1131) to work on /home/airflow/.local/lib/python3.7/site-packages/airflow/example_dags/example_branch_operator_decorator.py
[2022-07-07 08:22:39,905] {processor.py:641} INFO - Processing file /home/airflow/.local/lib/python3.7/site-packages/airflow/example_dags/example_branch_operator_decorator.py for tasks to queue
[2022-07-07 08:22:39,906] {logging_mixin.py:115} INFO - [2022-07-07 08:22:39,906] {dagbag.py:507} INFO - Filling up the DagBag from /home/airflow/.local/lib/python3.7/site-packages/airflow/example_dags/example_branch_operator_decorator.py
[2022-07-07 08:22:39,926] {processor.py:651} INFO - DAG(s) dict_keys(['example_branch_python_operator_decorator']) retrieved from /home/airflow/.local/lib/python3.7/site-packages/airflow/example_dags/example_branch_operator_decorator.py
[2022-07-07 08:22:39,959] {logging_mixin.py:115} INFO - [2022-07-07 08:22:39,958] {dag.py:2371} INFO - Sync 1 DAGs
[2022-07-07 08:22:40,147] {logging_mixin.py:115} INFO - [2022-07-07 08:22:40,147] {dag.py:2919} INFO - Setting next_dagrun for example_branch_python_operator_decorator to 2022-07-06T00:00:00+00:00, run_after=2022-07-07T00:00:00+00:00
[2022-07-07 08:22:40,173] {processor.py:161} INFO - Processing /home/airflow/.local/lib/python3.7/site-packages/airflow/example_dags/example_branch_operator_decorator.py took 0.272 seconds
[2022-07-07 08:23:10,946] {processor.py:153} INFO - Started process (PID=1193) to work on /home/airflow/.local/lib/python3.7/site-packages/airflow/example_dags/example_branch_operator_decorator.py
[2022-07-07 08:23:10,947] {processor.py:641} INFO - Processing file /home/airflow/.local/lib/python3.7/site-packages/airflow/example_dags/example_branch_operator_decorator.py for tasks to queue
[2022-07-07 08:23:10,948] {logging_mixin.py:115} INFO - [2022-07-07 08:23:10,948] {dagbag.py:507} INFO - Filling up the DagBag from /home/airflow/.local/lib/python3.7/site-packages/airflow/example_dags/example_branch_operator_decorator.py
[2022-07-07 08:23:10,969] {processor.py:651} INFO - DAG(s) dict_keys(['example_branch_python_operator_decorator']) retrieved from /home/airflow/.local/lib/python3.7/site-packages/airflow/example_dags/example_branch_operator_decorator.py
[2022-07-07 08:23:11,002] {logging_mixin.py:115} INFO - [2022-07-07 08:23:11,002] {dag.py:2371} INFO - Sync 1 DAGs
[2022-07-07 08:23:11,160] {logging_mixin.py:115} INFO - [2022-07-07 08:23:11,160] {dag.py:2919} INFO - Setting next_dagrun for example_branch_python_operator_decorator to 2022-07-06T00:00:00+00:00, run_after=2022-07-07T00:00:00+00:00
[2022-07-07 08:23:11,173] {processor.py:161} INFO - Processing /home/airflow/.local/lib/python3.7/site-packages/airflow/example_dags/example_branch_operator_decorator.py took 0.230 seconds
[2022-07-07 08:23:41,291] {processor.py:153} INFO - Started process (PID=1255) to work on /home/airflow/.local/lib/python3.7/site-packages/airflow/example_dags/example_branch_operator_decorator.py
[2022-07-07 08:23:41,292] {processor.py:641} INFO - Processing file /home/airflow/.local/lib/python3.7/site-packages/airflow/example_dags/example_branch_operator_decorator.py for tasks to queue
[2022-07-07 08:23:41,293] {logging_mixin.py:115} INFO - [2022-07-07 08:23:41,293] {dagbag.py:507} INFO - Filling up the DagBag from /home/airflow/.local/lib/python3.7/site-packages/airflow/example_dags/example_branch_operator_decorator.py
[2022-07-07 08:23:41,315] {processor.py:651} INFO - DAG(s) dict_keys(['example_branch_python_operator_decorator']) retrieved from /home/airflow/.local/lib/python3.7/site-packages/airflow/example_dags/example_branch_operator_decorator.py
[2022-07-07 08:23:41,477] {logging_mixin.py:115} INFO - [2022-07-07 08:23:41,477] {dag.py:2371} INFO - Sync 1 DAGs
[2022-07-07 08:23:41,500] {logging_mixin.py:115} INFO - [2022-07-07 08:23:41,500] {dag.py:2919} INFO - Setting next_dagrun for example_branch_python_operator_decorator to 2022-07-06T00:00:00+00:00, run_after=2022-07-07T00:00:00+00:00
[2022-07-07 08:23:41,514] {processor.py:161} INFO - Processing /home/airflow/.local/lib/python3.7/site-packages/airflow/example_dags/example_branch_operator_decorator.py took 0.227 seconds
[2022-07-07 08:24:11,737] {processor.py:153} INFO - Started process (PID=1308) to work on /home/airflow/.local/lib/python3.7/site-packages/airflow/example_dags/example_branch_operator_decorator.py
[2022-07-07 08:24:11,738] {processor.py:641} INFO - Processing file /home/airflow/.local/lib/python3.7/site-packages/airflow/example_dags/example_branch_operator_decorator.py for tasks to queue
[2022-07-07 08:24:11,740] {logging_mixin.py:115} INFO - [2022-07-07 08:24:11,740] {dagbag.py:507} INFO - Filling up the DagBag from /home/airflow/.local/lib/python3.7/site-packages/airflow/example_dags/example_branch_operator_decorator.py
[2022-07-07 08:24:11,772] {processor.py:651} INFO - DAG(s) dict_keys(['example_branch_python_operator_decorator']) retrieved from /home/airflow/.local/lib/python3.7/site-packages/airflow/example_dags/example_branch_operator_decorator.py
[2022-07-07 08:24:11,974] {logging_mixin.py:115} INFO - [2022-07-07 08:24:11,974] {dag.py:2371} INFO - Sync 1 DAGs
[2022-07-07 08:24:12,010] {logging_mixin.py:115} INFO - [2022-07-07 08:24:12,010] {dag.py:2919} INFO - Setting next_dagrun for example_branch_python_operator_decorator to 2022-07-06T00:00:00+00:00, run_after=2022-07-07T00:00:00+00:00
[2022-07-07 08:24:12,033] {processor.py:161} INFO - Processing /home/airflow/.local/lib/python3.7/site-packages/airflow/example_dags/example_branch_operator_decorator.py took 0.301 seconds
[2022-07-07 08:24:42,267] {processor.py:153} INFO - Started process (PID=1369) to work on /home/airflow/.local/lib/python3.7/site-packages/airflow/example_dags/example_branch_operator_decorator.py
[2022-07-07 08:24:42,268] {processor.py:641} INFO - Processing file /home/airflow/.local/lib/python3.7/site-packages/airflow/example_dags/example_branch_operator_decorator.py for tasks to queue
[2022-07-07 08:24:42,269] {logging_mixin.py:115} INFO - [2022-07-07 08:24:42,268] {dagbag.py:507} INFO - Filling up the DagBag from /home/airflow/.local/lib/python3.7/site-packages/airflow/example_dags/example_branch_operator_decorator.py
[2022-07-07 08:24:42,287] {processor.py:651} INFO - DAG(s) dict_keys(['example_branch_python_operator_decorator']) retrieved from /home/airflow/.local/lib/python3.7/site-packages/airflow/example_dags/example_branch_operator_decorator.py
[2022-07-07 08:24:42,426] {logging_mixin.py:115} INFO - [2022-07-07 08:24:42,425] {dag.py:2371} INFO - Sync 1 DAGs
[2022-07-07 08:24:42,449] {logging_mixin.py:115} INFO - [2022-07-07 08:24:42,448] {dag.py:2919} INFO - Setting next_dagrun for example_branch_python_operator_decorator to 2022-07-06T00:00:00+00:00, run_after=2022-07-07T00:00:00+00:00
[2022-07-07 08:24:42,460] {processor.py:161} INFO - Processing /home/airflow/.local/lib/python3.7/site-packages/airflow/example_dags/example_branch_operator_decorator.py took 0.196 seconds
[2022-07-07 08:25:13,131] {processor.py:153} INFO - Started process (PID=1431) to work on /home/airflow/.local/lib/python3.7/site-packages/airflow/example_dags/example_branch_operator_decorator.py
[2022-07-07 08:25:13,131] {processor.py:641} INFO - Processing file /home/airflow/.local/lib/python3.7/site-packages/airflow/example_dags/example_branch_operator_decorator.py for tasks to queue
[2022-07-07 08:25:13,132] {logging_mixin.py:115} INFO - [2022-07-07 08:25:13,132] {dagbag.py:507} INFO - Filling up the DagBag from /home/airflow/.local/lib/python3.7/site-packages/airflow/example_dags/example_branch_operator_decorator.py
[2022-07-07 08:25:13,153] {processor.py:651} INFO - DAG(s) dict_keys(['example_branch_python_operator_decorator']) retrieved from /home/airflow/.local/lib/python3.7/site-packages/airflow/example_dags/example_branch_operator_decorator.py
[2022-07-07 08:25:13,306] {logging_mixin.py:115} INFO - [2022-07-07 08:25:13,306] {dag.py:2371} INFO - Sync 1 DAGs
[2022-07-07 08:25:13,331] {logging_mixin.py:115} INFO - [2022-07-07 08:25:13,331] {dag.py:2919} INFO - Setting next_dagrun for example_branch_python_operator_decorator to 2022-07-06T00:00:00+00:00, run_after=2022-07-07T00:00:00+00:00
[2022-07-07 08:25:13,345] {processor.py:161} INFO - Processing /home/airflow/.local/lib/python3.7/site-packages/airflow/example_dags/example_branch_operator_decorator.py took 0.218 seconds
[2022-07-07 08:25:43,971] {processor.py:153} INFO - Started process (PID=1492) to work on /home/airflow/.local/lib/python3.7/site-packages/airflow/example_dags/example_branch_operator_decorator.py
[2022-07-07 08:25:43,972] {processor.py:641} INFO - Processing file /home/airflow/.local/lib/python3.7/site-packages/airflow/example_dags/example_branch_operator_decorator.py for tasks to queue
[2022-07-07 08:25:43,973] {logging_mixin.py:115} INFO - [2022-07-07 08:25:43,972] {dagbag.py:507} INFO - Filling up the DagBag from /home/airflow/.local/lib/python3.7/site-packages/airflow/example_dags/example_branch_operator_decorator.py
[2022-07-07 08:25:44,004] {processor.py:651} INFO - DAG(s) dict_keys(['example_branch_python_operator_decorator']) retrieved from /home/airflow/.local/lib/python3.7/site-packages/airflow/example_dags/example_branch_operator_decorator.py
[2022-07-07 08:25:44,210] {logging_mixin.py:115} INFO - [2022-07-07 08:25:44,210] {dag.py:2371} INFO - Sync 1 DAGs
[2022-07-07 08:25:44,233] {logging_mixin.py:115} INFO - [2022-07-07 08:25:44,233] {dag.py:2919} INFO - Setting next_dagrun for example_branch_python_operator_decorator to 2022-07-06T00:00:00+00:00, run_after=2022-07-07T00:00:00+00:00
[2022-07-07 08:25:44,244] {processor.py:161} INFO - Processing /home/airflow/.local/lib/python3.7/site-packages/airflow/example_dags/example_branch_operator_decorator.py took 0.279 seconds
[2022-07-07 08:26:14,691] {processor.py:153} INFO - Started process (PID=1545) to work on /home/airflow/.local/lib/python3.7/site-packages/airflow/example_dags/example_branch_operator_decorator.py
[2022-07-07 08:26:14,692] {processor.py:641} INFO - Processing file /home/airflow/.local/lib/python3.7/site-packages/airflow/example_dags/example_branch_operator_decorator.py for tasks to queue
[2022-07-07 08:26:14,692] {logging_mixin.py:115} INFO - [2022-07-07 08:26:14,692] {dagbag.py:507} INFO - Filling up the DagBag from /home/airflow/.local/lib/python3.7/site-packages/airflow/example_dags/example_branch_operator_decorator.py
[2022-07-07 08:26:14,715] {processor.py:651} INFO - DAG(s) dict_keys(['example_branch_python_operator_decorator']) retrieved from /home/airflow/.local/lib/python3.7/site-packages/airflow/example_dags/example_branch_operator_decorator.py
[2022-07-07 08:26:14,893] {logging_mixin.py:115} INFO - [2022-07-07 08:26:14,893] {dag.py:2371} INFO - Sync 1 DAGs
[2022-07-07 08:26:14,921] {logging_mixin.py:115} INFO - [2022-07-07 08:26:14,920] {dag.py:2919} INFO - Setting next_dagrun for example_branch_python_operator_decorator to 2022-07-06T00:00:00+00:00, run_after=2022-07-07T00:00:00+00:00
[2022-07-07 08:26:14,933] {processor.py:161} INFO - Processing /home/airflow/.local/lib/python3.7/site-packages/airflow/example_dags/example_branch_operator_decorator.py took 0.246 seconds
[2022-07-07 08:26:45,085] {processor.py:153} INFO - Started process (PID=1608) to work on /home/airflow/.local/lib/python3.7/site-packages/airflow/example_dags/example_branch_operator_decorator.py
[2022-07-07 08:26:45,086] {processor.py:641} INFO - Processing file /home/airflow/.local/lib/python3.7/site-packages/airflow/example_dags/example_branch_operator_decorator.py for tasks to queue
[2022-07-07 08:26:45,087] {logging_mixin.py:115} INFO - [2022-07-07 08:26:45,087] {dagbag.py:507} INFO - Filling up the DagBag from /home/airflow/.local/lib/python3.7/site-packages/airflow/example_dags/example_branch_operator_decorator.py
[2022-07-07 08:26:45,112] {processor.py:651} INFO - DAG(s) dict_keys(['example_branch_python_operator_decorator']) retrieved from /home/airflow/.local/lib/python3.7/site-packages/airflow/example_dags/example_branch_operator_decorator.py
[2022-07-07 08:26:45,294] {logging_mixin.py:115} INFO - [2022-07-07 08:26:45,294] {dag.py:2371} INFO - Sync 1 DAGs
[2022-07-07 08:26:45,324] {logging_mixin.py:115} INFO - [2022-07-07 08:26:45,324] {dag.py:2919} INFO - Setting next_dagrun for example_branch_python_operator_decorator to 2022-07-06T00:00:00+00:00, run_after=2022-07-07T00:00:00+00:00
[2022-07-07 08:26:45,340] {processor.py:161} INFO - Processing /home/airflow/.local/lib/python3.7/site-packages/airflow/example_dags/example_branch_operator_decorator.py took 0.259 seconds
