[2022-07-07 11:21:39,537] {processor.py:153} INFO - Started process (PID=70) to work on /home/airflow/.local/lib/python3.7/site-packages/airflow/example_dags/example_short_circuit_operator.py
[2022-07-07 11:21:39,539] {processor.py:641} INFO - Processing file /home/airflow/.local/lib/python3.7/site-packages/airflow/example_dags/example_short_circuit_operator.py for tasks to queue
[2022-07-07 11:21:39,542] {logging_mixin.py:115} INFO - [2022-07-07 11:21:39,542] {dagbag.py:507} INFO - Filling up the DagBag from /home/airflow/.local/lib/python3.7/site-packages/airflow/example_dags/example_short_circuit_operator.py
[2022-07-07 11:21:39,581] {processor.py:651} INFO - DAG(s) dict_keys(['example_short_circuit_operator']) retrieved from /home/airflow/.local/lib/python3.7/site-packages/airflow/example_dags/example_short_circuit_operator.py
[2022-07-07 11:21:39,623] {logging_mixin.py:115} INFO - [2022-07-07 11:21:39,622] {dag.py:2371} INFO - Sync 1 DAGs
[2022-07-07 11:21:39,653] {logging_mixin.py:115} INFO - [2022-07-07 11:21:39,653] {dag.py:2919} INFO - Setting next_dagrun for example_short_circuit_operator to 2022-07-06T11:21:39.652739+00:00, run_after=2022-07-07T11:21:39.652739+00:00
[2022-07-07 11:21:39,821] {processor.py:161} INFO - Processing /home/airflow/.local/lib/python3.7/site-packages/airflow/example_dags/example_short_circuit_operator.py took 0.287 seconds
[2022-07-07 11:22:10,199] {processor.py:153} INFO - Started process (PID=134) to work on /home/airflow/.local/lib/python3.7/site-packages/airflow/example_dags/example_short_circuit_operator.py
[2022-07-07 11:22:10,200] {processor.py:641} INFO - Processing file /home/airflow/.local/lib/python3.7/site-packages/airflow/example_dags/example_short_circuit_operator.py for tasks to queue
[2022-07-07 11:22:10,201] {logging_mixin.py:115} INFO - [2022-07-07 11:22:10,201] {dagbag.py:507} INFO - Filling up the DagBag from /home/airflow/.local/lib/python3.7/site-packages/airflow/example_dags/example_short_circuit_operator.py
[2022-07-07 11:22:10,214] {processor.py:651} INFO - DAG(s) dict_keys(['example_short_circuit_operator']) retrieved from /home/airflow/.local/lib/python3.7/site-packages/airflow/example_dags/example_short_circuit_operator.py
[2022-07-07 11:22:10,251] {logging_mixin.py:115} INFO - [2022-07-07 11:22:10,251] {dag.py:2371} INFO - Sync 1 DAGs
[2022-07-07 11:22:10,288] {logging_mixin.py:115} INFO - [2022-07-07 11:22:10,288] {dag.py:2919} INFO - Setting next_dagrun for example_short_circuit_operator to 2022-07-06T11:22:10.287675+00:00, run_after=2022-07-07T11:22:10.287675+00:00
[2022-07-07 11:22:10,436] {processor.py:161} INFO - Processing /home/airflow/.local/lib/python3.7/site-packages/airflow/example_dags/example_short_circuit_operator.py took 0.241 seconds
[2022-07-07 11:22:40,505] {processor.py:153} INFO - Started process (PID=197) to work on /home/airflow/.local/lib/python3.7/site-packages/airflow/example_dags/example_short_circuit_operator.py
[2022-07-07 11:22:40,506] {processor.py:641} INFO - Processing file /home/airflow/.local/lib/python3.7/site-packages/airflow/example_dags/example_short_circuit_operator.py for tasks to queue
[2022-07-07 11:22:40,507] {logging_mixin.py:115} INFO - [2022-07-07 11:22:40,507] {dagbag.py:507} INFO - Filling up the DagBag from /home/airflow/.local/lib/python3.7/site-packages/airflow/example_dags/example_short_circuit_operator.py
[2022-07-07 11:22:40,517] {processor.py:651} INFO - DAG(s) dict_keys(['example_short_circuit_operator']) retrieved from /home/airflow/.local/lib/python3.7/site-packages/airflow/example_dags/example_short_circuit_operator.py
[2022-07-07 11:22:40,548] {logging_mixin.py:115} INFO - [2022-07-07 11:22:40,548] {dag.py:2371} INFO - Sync 1 DAGs
[2022-07-07 11:22:40,578] {logging_mixin.py:115} INFO - [2022-07-07 11:22:40,578] {dag.py:2919} INFO - Setting next_dagrun for example_short_circuit_operator to 2022-07-06T11:22:40.577882+00:00, run_after=2022-07-07T11:22:40.577882+00:00
[2022-07-07 11:22:40,722] {processor.py:161} INFO - Processing /home/airflow/.local/lib/python3.7/site-packages/airflow/example_dags/example_short_circuit_operator.py took 0.221 seconds
[2022-07-07 11:23:10,965] {processor.py:153} INFO - Started process (PID=251) to work on /home/airflow/.local/lib/python3.7/site-packages/airflow/example_dags/example_short_circuit_operator.py
[2022-07-07 11:23:10,965] {processor.py:641} INFO - Processing file /home/airflow/.local/lib/python3.7/site-packages/airflow/example_dags/example_short_circuit_operator.py for tasks to queue
[2022-07-07 11:23:10,966] {logging_mixin.py:115} INFO - [2022-07-07 11:23:10,966] {dagbag.py:507} INFO - Filling up the DagBag from /home/airflow/.local/lib/python3.7/site-packages/airflow/example_dags/example_short_circuit_operator.py
[2022-07-07 11:23:10,977] {processor.py:651} INFO - DAG(s) dict_keys(['example_short_circuit_operator']) retrieved from /home/airflow/.local/lib/python3.7/site-packages/airflow/example_dags/example_short_circuit_operator.py
[2022-07-07 11:23:11,007] {logging_mixin.py:115} INFO - [2022-07-07 11:23:11,007] {dag.py:2371} INFO - Sync 1 DAGs
[2022-07-07 11:23:11,034] {logging_mixin.py:115} INFO - [2022-07-07 11:23:11,034] {dag.py:2919} INFO - Setting next_dagrun for example_short_circuit_operator to 2022-07-06T11:23:11.033881+00:00, run_after=2022-07-07T11:23:11.033881+00:00
[2022-07-07 11:23:11,182] {processor.py:161} INFO - Processing /home/airflow/.local/lib/python3.7/site-packages/airflow/example_dags/example_short_circuit_operator.py took 0.222 seconds
[2022-07-07 11:23:41,290] {processor.py:153} INFO - Started process (PID=314) to work on /home/airflow/.local/lib/python3.7/site-packages/airflow/example_dags/example_short_circuit_operator.py
[2022-07-07 11:23:41,291] {processor.py:641} INFO - Processing file /home/airflow/.local/lib/python3.7/site-packages/airflow/example_dags/example_short_circuit_operator.py for tasks to queue
[2022-07-07 11:23:41,292] {logging_mixin.py:115} INFO - [2022-07-07 11:23:41,292] {dagbag.py:507} INFO - Filling up the DagBag from /home/airflow/.local/lib/python3.7/site-packages/airflow/example_dags/example_short_circuit_operator.py
[2022-07-07 11:23:41,308] {processor.py:651} INFO - DAG(s) dict_keys(['example_short_circuit_operator']) retrieved from /home/airflow/.local/lib/python3.7/site-packages/airflow/example_dags/example_short_circuit_operator.py
[2022-07-07 11:23:41,349] {logging_mixin.py:115} INFO - [2022-07-07 11:23:41,349] {dag.py:2371} INFO - Sync 1 DAGs
[2022-07-07 11:23:41,380] {logging_mixin.py:115} INFO - [2022-07-07 11:23:41,380] {dag.py:2919} INFO - Setting next_dagrun for example_short_circuit_operator to 2022-07-06T11:23:41.380034+00:00, run_after=2022-07-07T11:23:41.380034+00:00
[2022-07-07 11:23:41,556] {processor.py:161} INFO - Processing /home/airflow/.local/lib/python3.7/site-packages/airflow/example_dags/example_short_circuit_operator.py took 0.270 seconds
[2022-07-07 11:24:11,702] {processor.py:153} INFO - Started process (PID=376) to work on /home/airflow/.local/lib/python3.7/site-packages/airflow/example_dags/example_short_circuit_operator.py
[2022-07-07 11:24:11,703] {processor.py:641} INFO - Processing file /home/airflow/.local/lib/python3.7/site-packages/airflow/example_dags/example_short_circuit_operator.py for tasks to queue
[2022-07-07 11:24:11,704] {logging_mixin.py:115} INFO - [2022-07-07 11:24:11,703] {dagbag.py:507} INFO - Filling up the DagBag from /home/airflow/.local/lib/python3.7/site-packages/airflow/example_dags/example_short_circuit_operator.py
[2022-07-07 11:24:11,715] {processor.py:651} INFO - DAG(s) dict_keys(['example_short_circuit_operator']) retrieved from /home/airflow/.local/lib/python3.7/site-packages/airflow/example_dags/example_short_circuit_operator.py
[2022-07-07 11:24:11,746] {logging_mixin.py:115} INFO - [2022-07-07 11:24:11,745] {dag.py:2371} INFO - Sync 1 DAGs
[2022-07-07 11:24:11,772] {logging_mixin.py:115} INFO - [2022-07-07 11:24:11,772] {dag.py:2919} INFO - Setting next_dagrun for example_short_circuit_operator to 2022-07-06T11:24:11.772342+00:00, run_after=2022-07-07T11:24:11.772342+00:00
[2022-07-07 11:24:11,912] {processor.py:161} INFO - Processing /home/airflow/.local/lib/python3.7/site-packages/airflow/example_dags/example_short_circuit_operator.py took 0.214 seconds
