[2022-07-07 11:21:36,083] {processor.py:153} INFO - Started process (PID=53) to work on /home/airflow/.local/lib/python3.7/site-packages/airflow/example_dags/example_bash_operator.py
[2022-07-07 11:21:36,085] {processor.py:641} INFO - Processing file /home/airflow/.local/lib/python3.7/site-packages/airflow/example_dags/example_bash_operator.py for tasks to queue
[2022-07-07 11:21:36,086] {logging_mixin.py:115} INFO - [2022-07-07 11:21:36,085] {dagbag.py:507} INFO - Filling up the DagBag from /home/airflow/.local/lib/python3.7/site-packages/airflow/example_dags/example_bash_operator.py
[2022-07-07 11:21:36,106] {processor.py:651} INFO - DAG(s) dict_keys(['example_bash_operator']) retrieved from /home/airflow/.local/lib/python3.7/site-packages/airflow/example_dags/example_bash_operator.py
[2022-07-07 11:21:36,144] {logging_mixin.py:115} INFO - [2022-07-07 11:21:36,144] {dag.py:2371} INFO - Sync 1 DAGs
[2022-07-07 11:21:36,187] {logging_mixin.py:115} INFO - [2022-07-07 11:21:36,187] {dag.py:2919} INFO - Setting next_dagrun for example_bash_operator to 2022-07-06T00:00:00+00:00, run_after=2022-07-07T00:00:00+00:00
[2022-07-07 11:21:36,350] {processor.py:161} INFO - Processing /home/airflow/.local/lib/python3.7/site-packages/airflow/example_dags/example_bash_operator.py took 0.273 seconds
[2022-07-07 11:22:06,450] {processor.py:153} INFO - Started process (PID=116) to work on /home/airflow/.local/lib/python3.7/site-packages/airflow/example_dags/example_bash_operator.py
[2022-07-07 11:22:06,450] {processor.py:641} INFO - Processing file /home/airflow/.local/lib/python3.7/site-packages/airflow/example_dags/example_bash_operator.py for tasks to queue
[2022-07-07 11:22:06,451] {logging_mixin.py:115} INFO - [2022-07-07 11:22:06,451] {dagbag.py:507} INFO - Filling up the DagBag from /home/airflow/.local/lib/python3.7/site-packages/airflow/example_dags/example_bash_operator.py
[2022-07-07 11:22:06,465] {processor.py:651} INFO - DAG(s) dict_keys(['example_bash_operator']) retrieved from /home/airflow/.local/lib/python3.7/site-packages/airflow/example_dags/example_bash_operator.py
[2022-07-07 11:22:06,493] {logging_mixin.py:115} INFO - [2022-07-07 11:22:06,493] {dag.py:2371} INFO - Sync 1 DAGs
[2022-07-07 11:22:06,523] {logging_mixin.py:115} INFO - [2022-07-07 11:22:06,523] {dag.py:2919} INFO - Setting next_dagrun for example_bash_operator to 2022-07-06T00:00:00+00:00, run_after=2022-07-07T00:00:00+00:00
[2022-07-07 11:22:06,690] {processor.py:161} INFO - Processing /home/airflow/.local/lib/python3.7/site-packages/airflow/example_dags/example_bash_operator.py took 0.245 seconds
[2022-07-07 11:22:36,950] {processor.py:153} INFO - Started process (PID=169) to work on /home/airflow/.local/lib/python3.7/site-packages/airflow/example_dags/example_bash_operator.py
[2022-07-07 11:22:36,951] {processor.py:641} INFO - Processing file /home/airflow/.local/lib/python3.7/site-packages/airflow/example_dags/example_bash_operator.py for tasks to queue
[2022-07-07 11:22:36,952] {logging_mixin.py:115} INFO - [2022-07-07 11:22:36,952] {dagbag.py:507} INFO - Filling up the DagBag from /home/airflow/.local/lib/python3.7/site-packages/airflow/example_dags/example_bash_operator.py
[2022-07-07 11:22:36,969] {processor.py:651} INFO - DAG(s) dict_keys(['example_bash_operator']) retrieved from /home/airflow/.local/lib/python3.7/site-packages/airflow/example_dags/example_bash_operator.py
[2022-07-07 11:22:37,004] {logging_mixin.py:115} INFO - [2022-07-07 11:22:37,004] {dag.py:2371} INFO - Sync 1 DAGs
[2022-07-07 11:22:37,038] {logging_mixin.py:115} INFO - [2022-07-07 11:22:37,037] {dag.py:2919} INFO - Setting next_dagrun for example_bash_operator to 2022-07-06T00:00:00+00:00, run_after=2022-07-07T00:00:00+00:00
[2022-07-07 11:22:37,205] {processor.py:161} INFO - Processing /home/airflow/.local/lib/python3.7/site-packages/airflow/example_dags/example_bash_operator.py took 0.261 seconds
[2022-07-07 11:23:07,345] {processor.py:153} INFO - Started process (PID=233) to work on /home/airflow/.local/lib/python3.7/site-packages/airflow/example_dags/example_bash_operator.py
[2022-07-07 11:23:07,346] {processor.py:641} INFO - Processing file /home/airflow/.local/lib/python3.7/site-packages/airflow/example_dags/example_bash_operator.py for tasks to queue
[2022-07-07 11:23:07,346] {logging_mixin.py:115} INFO - [2022-07-07 11:23:07,346] {dagbag.py:507} INFO - Filling up the DagBag from /home/airflow/.local/lib/python3.7/site-packages/airflow/example_dags/example_bash_operator.py
[2022-07-07 11:23:07,361] {processor.py:651} INFO - DAG(s) dict_keys(['example_bash_operator']) retrieved from /home/airflow/.local/lib/python3.7/site-packages/airflow/example_dags/example_bash_operator.py
[2022-07-07 11:23:07,392] {logging_mixin.py:115} INFO - [2022-07-07 11:23:07,392] {dag.py:2371} INFO - Sync 1 DAGs
[2022-07-07 11:23:07,420] {logging_mixin.py:115} INFO - [2022-07-07 11:23:07,420] {dag.py:2919} INFO - Setting next_dagrun for example_bash_operator to 2022-07-06T00:00:00+00:00, run_after=2022-07-07T00:00:00+00:00
[2022-07-07 11:23:07,570] {processor.py:161} INFO - Processing /home/airflow/.local/lib/python3.7/site-packages/airflow/example_dags/example_bash_operator.py took 0.229 seconds
[2022-07-07 11:23:37,713] {processor.py:153} INFO - Started process (PID=296) to work on /home/airflow/.local/lib/python3.7/site-packages/airflow/example_dags/example_bash_operator.py
[2022-07-07 11:23:37,714] {processor.py:641} INFO - Processing file /home/airflow/.local/lib/python3.7/site-packages/airflow/example_dags/example_bash_operator.py for tasks to queue
[2022-07-07 11:23:37,715] {logging_mixin.py:115} INFO - [2022-07-07 11:23:37,715] {dagbag.py:507} INFO - Filling up the DagBag from /home/airflow/.local/lib/python3.7/site-packages/airflow/example_dags/example_bash_operator.py
[2022-07-07 11:23:37,735] {processor.py:651} INFO - DAG(s) dict_keys(['example_bash_operator']) retrieved from /home/airflow/.local/lib/python3.7/site-packages/airflow/example_dags/example_bash_operator.py
[2022-07-07 11:23:37,768] {logging_mixin.py:115} INFO - [2022-07-07 11:23:37,768] {dag.py:2371} INFO - Sync 1 DAGs
[2022-07-07 11:23:37,796] {logging_mixin.py:115} INFO - [2022-07-07 11:23:37,796] {dag.py:2919} INFO - Setting next_dagrun for example_bash_operator to 2022-07-06T00:00:00+00:00, run_after=2022-07-07T00:00:00+00:00
[2022-07-07 11:23:37,941] {processor.py:161} INFO - Processing /home/airflow/.local/lib/python3.7/site-packages/airflow/example_dags/example_bash_operator.py took 0.235 seconds
[2022-07-07 11:24:08,058] {processor.py:153} INFO - Started process (PID=348) to work on /home/airflow/.local/lib/python3.7/site-packages/airflow/example_dags/example_bash_operator.py
[2022-07-07 11:24:08,059] {processor.py:641} INFO - Processing file /home/airflow/.local/lib/python3.7/site-packages/airflow/example_dags/example_bash_operator.py for tasks to queue
[2022-07-07 11:24:08,059] {logging_mixin.py:115} INFO - [2022-07-07 11:24:08,059] {dagbag.py:507} INFO - Filling up the DagBag from /home/airflow/.local/lib/python3.7/site-packages/airflow/example_dags/example_bash_operator.py
[2022-07-07 11:24:08,073] {processor.py:651} INFO - DAG(s) dict_keys(['example_bash_operator']) retrieved from /home/airflow/.local/lib/python3.7/site-packages/airflow/example_dags/example_bash_operator.py
[2022-07-07 11:24:08,100] {logging_mixin.py:115} INFO - [2022-07-07 11:24:08,100] {dag.py:2371} INFO - Sync 1 DAGs
[2022-07-07 11:24:08,126] {logging_mixin.py:115} INFO - [2022-07-07 11:24:08,126] {dag.py:2919} INFO - Setting next_dagrun for example_bash_operator to 2022-07-06T00:00:00+00:00, run_after=2022-07-07T00:00:00+00:00
[2022-07-07 11:24:08,266] {processor.py:161} INFO - Processing /home/airflow/.local/lib/python3.7/site-packages/airflow/example_dags/example_bash_operator.py took 0.211 seconds
[2022-07-07 11:24:38,410] {processor.py:153} INFO - Started process (PID=412) to work on /home/airflow/.local/lib/python3.7/site-packages/airflow/example_dags/example_bash_operator.py
[2022-07-07 11:24:38,410] {processor.py:641} INFO - Processing file /home/airflow/.local/lib/python3.7/site-packages/airflow/example_dags/example_bash_operator.py for tasks to queue
[2022-07-07 11:24:38,411] {logging_mixin.py:115} INFO - [2022-07-07 11:24:38,411] {dagbag.py:507} INFO - Filling up the DagBag from /home/airflow/.local/lib/python3.7/site-packages/airflow/example_dags/example_bash_operator.py
[2022-07-07 11:24:38,424] {processor.py:651} INFO - DAG(s) dict_keys(['example_bash_operator']) retrieved from /home/airflow/.local/lib/python3.7/site-packages/airflow/example_dags/example_bash_operator.py
[2022-07-07 11:24:38,460] {logging_mixin.py:115} INFO - [2022-07-07 11:24:38,460] {dag.py:2371} INFO - Sync 1 DAGs
[2022-07-07 11:24:38,497] {logging_mixin.py:115} INFO - [2022-07-07 11:24:38,497] {dag.py:2919} INFO - Setting next_dagrun for example_bash_operator to 2022-07-06T00:00:00+00:00, run_after=2022-07-07T00:00:00+00:00
[2022-07-07 11:24:38,634] {processor.py:161} INFO - Processing /home/airflow/.local/lib/python3.7/site-packages/airflow/example_dags/example_bash_operator.py took 0.228 seconds
