[2022-07-07 11:21:36,387] {processor.py:153} INFO - Started process (PID=54) to work on /home/airflow/.local/lib/python3.7/site-packages/airflow/example_dags/example_branch_labels.py
[2022-07-07 11:21:36,388] {processor.py:641} INFO - Processing file /home/airflow/.local/lib/python3.7/site-packages/airflow/example_dags/example_branch_labels.py for tasks to queue
[2022-07-07 11:21:36,389] {logging_mixin.py:115} INFO - [2022-07-07 11:21:36,389] {dagbag.py:507} INFO - Filling up the DagBag from /home/airflow/.local/lib/python3.7/site-packages/airflow/example_dags/example_branch_labels.py
[2022-07-07 11:21:36,398] {processor.py:651} INFO - DAG(s) dict_keys(['example_branch_labels']) retrieved from /home/airflow/.local/lib/python3.7/site-packages/airflow/example_dags/example_branch_labels.py
[2022-07-07 11:21:36,438] {logging_mixin.py:115} INFO - [2022-07-07 11:21:36,438] {dag.py:2371} INFO - Sync 1 DAGs
[2022-07-07 11:21:36,485] {logging_mixin.py:115} INFO - [2022-07-07 11:21:36,485] {dag.py:2919} INFO - Setting next_dagrun for example_branch_labels to 2022-07-06T00:00:00+00:00, run_after=2022-07-07T00:00:00+00:00
[2022-07-07 11:21:36,509] {processor.py:161} INFO - Processing /home/airflow/.local/lib/python3.7/site-packages/airflow/example_dags/example_branch_labels.py took 0.126 seconds
[2022-07-07 11:22:06,723] {processor.py:153} INFO - Started process (PID=117) to work on /home/airflow/.local/lib/python3.7/site-packages/airflow/example_dags/example_branch_labels.py
[2022-07-07 11:22:06,724] {processor.py:641} INFO - Processing file /home/airflow/.local/lib/python3.7/site-packages/airflow/example_dags/example_branch_labels.py for tasks to queue
[2022-07-07 11:22:06,725] {logging_mixin.py:115} INFO - [2022-07-07 11:22:06,724] {dagbag.py:507} INFO - Filling up the DagBag from /home/airflow/.local/lib/python3.7/site-packages/airflow/example_dags/example_branch_labels.py
[2022-07-07 11:22:06,733] {processor.py:651} INFO - DAG(s) dict_keys(['example_branch_labels']) retrieved from /home/airflow/.local/lib/python3.7/site-packages/airflow/example_dags/example_branch_labels.py
[2022-07-07 11:22:06,766] {logging_mixin.py:115} INFO - [2022-07-07 11:22:06,766] {dag.py:2371} INFO - Sync 1 DAGs
[2022-07-07 11:22:06,797] {logging_mixin.py:115} INFO - [2022-07-07 11:22:06,797] {dag.py:2919} INFO - Setting next_dagrun for example_branch_labels to 2022-07-06T00:00:00+00:00, run_after=2022-07-07T00:00:00+00:00
[2022-07-07 11:22:06,811] {processor.py:161} INFO - Processing /home/airflow/.local/lib/python3.7/site-packages/airflow/example_dags/example_branch_labels.py took 0.092 seconds
[2022-07-07 11:22:37,204] {processor.py:153} INFO - Started process (PID=170) to work on /home/airflow/.local/lib/python3.7/site-packages/airflow/example_dags/example_branch_labels.py
[2022-07-07 11:22:37,205] {processor.py:641} INFO - Processing file /home/airflow/.local/lib/python3.7/site-packages/airflow/example_dags/example_branch_labels.py for tasks to queue
[2022-07-07 11:22:37,206] {logging_mixin.py:115} INFO - [2022-07-07 11:22:37,206] {dagbag.py:507} INFO - Filling up the DagBag from /home/airflow/.local/lib/python3.7/site-packages/airflow/example_dags/example_branch_labels.py
[2022-07-07 11:22:37,215] {processor.py:651} INFO - DAG(s) dict_keys(['example_branch_labels']) retrieved from /home/airflow/.local/lib/python3.7/site-packages/airflow/example_dags/example_branch_labels.py
[2022-07-07 11:22:37,247] {logging_mixin.py:115} INFO - [2022-07-07 11:22:37,246] {dag.py:2371} INFO - Sync 1 DAGs
[2022-07-07 11:22:37,275] {logging_mixin.py:115} INFO - [2022-07-07 11:22:37,275] {dag.py:2919} INFO - Setting next_dagrun for example_branch_labels to 2022-07-06T00:00:00+00:00, run_after=2022-07-07T00:00:00+00:00
[2022-07-07 11:22:37,286] {processor.py:161} INFO - Processing /home/airflow/.local/lib/python3.7/site-packages/airflow/example_dags/example_branch_labels.py took 0.087 seconds
[2022-07-07 11:23:07,602] {processor.py:153} INFO - Started process (PID=234) to work on /home/airflow/.local/lib/python3.7/site-packages/airflow/example_dags/example_branch_labels.py
[2022-07-07 11:23:07,603] {processor.py:641} INFO - Processing file /home/airflow/.local/lib/python3.7/site-packages/airflow/example_dags/example_branch_labels.py for tasks to queue
[2022-07-07 11:23:07,604] {logging_mixin.py:115} INFO - [2022-07-07 11:23:07,604] {dagbag.py:507} INFO - Filling up the DagBag from /home/airflow/.local/lib/python3.7/site-packages/airflow/example_dags/example_branch_labels.py
[2022-07-07 11:23:07,622] {processor.py:651} INFO - DAG(s) dict_keys(['example_branch_labels']) retrieved from /home/airflow/.local/lib/python3.7/site-packages/airflow/example_dags/example_branch_labels.py
[2022-07-07 11:23:07,656] {logging_mixin.py:115} INFO - [2022-07-07 11:23:07,656] {dag.py:2371} INFO - Sync 1 DAGs
[2022-07-07 11:23:07,686] {logging_mixin.py:115} INFO - [2022-07-07 11:23:07,686] {dag.py:2919} INFO - Setting next_dagrun for example_branch_labels to 2022-07-06T00:00:00+00:00, run_after=2022-07-07T00:00:00+00:00
[2022-07-07 11:23:07,697] {processor.py:161} INFO - Processing /home/airflow/.local/lib/python3.7/site-packages/airflow/example_dags/example_branch_labels.py took 0.098 seconds
[2022-07-07 11:23:37,991] {processor.py:153} INFO - Started process (PID=297) to work on /home/airflow/.local/lib/python3.7/site-packages/airflow/example_dags/example_branch_labels.py
[2022-07-07 11:23:37,992] {processor.py:641} INFO - Processing file /home/airflow/.local/lib/python3.7/site-packages/airflow/example_dags/example_branch_labels.py for tasks to queue
[2022-07-07 11:23:37,993] {logging_mixin.py:115} INFO - [2022-07-07 11:23:37,993] {dagbag.py:507} INFO - Filling up the DagBag from /home/airflow/.local/lib/python3.7/site-packages/airflow/example_dags/example_branch_labels.py
[2022-07-07 11:23:38,005] {processor.py:651} INFO - DAG(s) dict_keys(['example_branch_labels']) retrieved from /home/airflow/.local/lib/python3.7/site-packages/airflow/example_dags/example_branch_labels.py
[2022-07-07 11:23:38,046] {logging_mixin.py:115} INFO - [2022-07-07 11:23:38,045] {dag.py:2371} INFO - Sync 1 DAGs
[2022-07-07 11:23:38,086] {logging_mixin.py:115} INFO - [2022-07-07 11:23:38,086] {dag.py:2919} INFO - Setting next_dagrun for example_branch_labels to 2022-07-06T00:00:00+00:00, run_after=2022-07-07T00:00:00+00:00
[2022-07-07 11:23:38,109] {processor.py:161} INFO - Processing /home/airflow/.local/lib/python3.7/site-packages/airflow/example_dags/example_branch_labels.py took 0.124 seconds
[2022-07-07 11:24:08,300] {processor.py:153} INFO - Started process (PID=349) to work on /home/airflow/.local/lib/python3.7/site-packages/airflow/example_dags/example_branch_labels.py
[2022-07-07 11:24:08,301] {processor.py:641} INFO - Processing file /home/airflow/.local/lib/python3.7/site-packages/airflow/example_dags/example_branch_labels.py for tasks to queue
[2022-07-07 11:24:08,302] {logging_mixin.py:115} INFO - [2022-07-07 11:24:08,302] {dagbag.py:507} INFO - Filling up the DagBag from /home/airflow/.local/lib/python3.7/site-packages/airflow/example_dags/example_branch_labels.py
[2022-07-07 11:24:08,309] {processor.py:651} INFO - DAG(s) dict_keys(['example_branch_labels']) retrieved from /home/airflow/.local/lib/python3.7/site-packages/airflow/example_dags/example_branch_labels.py
[2022-07-07 11:24:08,340] {logging_mixin.py:115} INFO - [2022-07-07 11:24:08,340] {dag.py:2371} INFO - Sync 1 DAGs
[2022-07-07 11:24:08,365] {logging_mixin.py:115} INFO - [2022-07-07 11:24:08,365] {dag.py:2919} INFO - Setting next_dagrun for example_branch_labels to 2022-07-06T00:00:00+00:00, run_after=2022-07-07T00:00:00+00:00
[2022-07-07 11:24:08,375] {processor.py:161} INFO - Processing /home/airflow/.local/lib/python3.7/site-packages/airflow/example_dags/example_branch_labels.py took 0.079 seconds
[2022-07-07 11:24:38,665] {processor.py:153} INFO - Started process (PID=413) to work on /home/airflow/.local/lib/python3.7/site-packages/airflow/example_dags/example_branch_labels.py
[2022-07-07 11:24:38,666] {processor.py:641} INFO - Processing file /home/airflow/.local/lib/python3.7/site-packages/airflow/example_dags/example_branch_labels.py for tasks to queue
[2022-07-07 11:24:38,666] {logging_mixin.py:115} INFO - [2022-07-07 11:24:38,666] {dagbag.py:507} INFO - Filling up the DagBag from /home/airflow/.local/lib/python3.7/site-packages/airflow/example_dags/example_branch_labels.py
[2022-07-07 11:24:38,674] {processor.py:651} INFO - DAG(s) dict_keys(['example_branch_labels']) retrieved from /home/airflow/.local/lib/python3.7/site-packages/airflow/example_dags/example_branch_labels.py
[2022-07-07 11:24:38,705] {logging_mixin.py:115} INFO - [2022-07-07 11:24:38,705] {dag.py:2371} INFO - Sync 1 DAGs
[2022-07-07 11:24:38,734] {logging_mixin.py:115} INFO - [2022-07-07 11:24:38,734] {dag.py:2919} INFO - Setting next_dagrun for example_branch_labels to 2022-07-06T00:00:00+00:00, run_after=2022-07-07T00:00:00+00:00
[2022-07-07 11:24:38,746] {processor.py:161} INFO - Processing /home/airflow/.local/lib/python3.7/site-packages/airflow/example_dags/example_branch_labels.py took 0.085 seconds
