[2022-07-07 11:21:35,130] {processor.py:153} INFO - Started process (PID=47) to work on /home/airflow/.local/lib/python3.7/site-packages/airflow/example_dags/example_time_delta_sensor_async.py
[2022-07-07 11:21:35,131] {processor.py:641} INFO - Processing file /home/airflow/.local/lib/python3.7/site-packages/airflow/example_dags/example_time_delta_sensor_async.py for tasks to queue
[2022-07-07 11:21:35,132] {logging_mixin.py:115} INFO - [2022-07-07 11:21:35,132] {dagbag.py:507} INFO - Filling up the DagBag from /home/airflow/.local/lib/python3.7/site-packages/airflow/example_dags/example_time_delta_sensor_async.py
[2022-07-07 11:21:35,141] {processor.py:651} INFO - DAG(s) dict_keys(['example_time_delta_sensor_async']) retrieved from /home/airflow/.local/lib/python3.7/site-packages/airflow/example_dags/example_time_delta_sensor_async.py
[2022-07-07 11:21:35,199] {logging_mixin.py:115} INFO - [2022-07-07 11:21:35,198] {dag.py:2371} INFO - Sync 1 DAGs
[2022-07-07 11:21:35,233] {logging_mixin.py:115} INFO - [2022-07-07 11:21:35,233] {dag.py:2919} INFO - Setting next_dagrun for example_time_delta_sensor_async to None, run_after=None
[2022-07-07 11:21:35,246] {processor.py:161} INFO - Processing /home/airflow/.local/lib/python3.7/site-packages/airflow/example_dags/example_time_delta_sensor_async.py took 0.120 seconds
[2022-07-07 11:22:05,893] {processor.py:153} INFO - Started process (PID=110) to work on /home/airflow/.local/lib/python3.7/site-packages/airflow/example_dags/example_time_delta_sensor_async.py
[2022-07-07 11:22:05,893] {processor.py:641} INFO - Processing file /home/airflow/.local/lib/python3.7/site-packages/airflow/example_dags/example_time_delta_sensor_async.py for tasks to queue
[2022-07-07 11:22:05,894] {logging_mixin.py:115} INFO - [2022-07-07 11:22:05,894] {dagbag.py:507} INFO - Filling up the DagBag from /home/airflow/.local/lib/python3.7/site-packages/airflow/example_dags/example_time_delta_sensor_async.py
[2022-07-07 11:22:05,902] {processor.py:651} INFO - DAG(s) dict_keys(['example_time_delta_sensor_async']) retrieved from /home/airflow/.local/lib/python3.7/site-packages/airflow/example_dags/example_time_delta_sensor_async.py
[2022-07-07 11:22:05,950] {logging_mixin.py:115} INFO - [2022-07-07 11:22:05,950] {dag.py:2371} INFO - Sync 1 DAGs
[2022-07-07 11:22:05,980] {logging_mixin.py:115} INFO - [2022-07-07 11:22:05,980] {dag.py:2919} INFO - Setting next_dagrun for example_time_delta_sensor_async to None, run_after=None
[2022-07-07 11:22:05,992] {processor.py:161} INFO - Processing /home/airflow/.local/lib/python3.7/site-packages/airflow/example_dags/example_time_delta_sensor_async.py took 0.104 seconds
[2022-07-07 11:22:36,254] {processor.py:153} INFO - Started process (PID=163) to work on /home/airflow/.local/lib/python3.7/site-packages/airflow/example_dags/example_time_delta_sensor_async.py
[2022-07-07 11:22:36,254] {processor.py:641} INFO - Processing file /home/airflow/.local/lib/python3.7/site-packages/airflow/example_dags/example_time_delta_sensor_async.py for tasks to queue
[2022-07-07 11:22:36,255] {logging_mixin.py:115} INFO - [2022-07-07 11:22:36,255] {dagbag.py:507} INFO - Filling up the DagBag from /home/airflow/.local/lib/python3.7/site-packages/airflow/example_dags/example_time_delta_sensor_async.py
[2022-07-07 11:22:36,261] {processor.py:651} INFO - DAG(s) dict_keys(['example_time_delta_sensor_async']) retrieved from /home/airflow/.local/lib/python3.7/site-packages/airflow/example_dags/example_time_delta_sensor_async.py
[2022-07-07 11:22:36,307] {logging_mixin.py:115} INFO - [2022-07-07 11:22:36,307] {dag.py:2371} INFO - Sync 1 DAGs
[2022-07-07 11:22:36,341] {logging_mixin.py:115} INFO - [2022-07-07 11:22:36,340] {dag.py:2919} INFO - Setting next_dagrun for example_time_delta_sensor_async to None, run_after=None
[2022-07-07 11:22:36,356] {processor.py:161} INFO - Processing /home/airflow/.local/lib/python3.7/site-packages/airflow/example_dags/example_time_delta_sensor_async.py took 0.106 seconds
[2022-07-07 11:23:06,407] {processor.py:153} INFO - Started process (PID=226) to work on /home/airflow/.local/lib/python3.7/site-packages/airflow/example_dags/example_time_delta_sensor_async.py
[2022-07-07 11:23:06,408] {processor.py:641} INFO - Processing file /home/airflow/.local/lib/python3.7/site-packages/airflow/example_dags/example_time_delta_sensor_async.py for tasks to queue
[2022-07-07 11:23:06,409] {logging_mixin.py:115} INFO - [2022-07-07 11:23:06,408] {dagbag.py:507} INFO - Filling up the DagBag from /home/airflow/.local/lib/python3.7/site-packages/airflow/example_dags/example_time_delta_sensor_async.py
[2022-07-07 11:23:06,416] {processor.py:651} INFO - DAG(s) dict_keys(['example_time_delta_sensor_async']) retrieved from /home/airflow/.local/lib/python3.7/site-packages/airflow/example_dags/example_time_delta_sensor_async.py
[2022-07-07 11:23:06,466] {logging_mixin.py:115} INFO - [2022-07-07 11:23:06,466] {dag.py:2371} INFO - Sync 1 DAGs
[2022-07-07 11:23:06,496] {logging_mixin.py:115} INFO - [2022-07-07 11:23:06,496] {dag.py:2919} INFO - Setting next_dagrun for example_time_delta_sensor_async to None, run_after=None
[2022-07-07 11:23:06,510] {processor.py:161} INFO - Processing /home/airflow/.local/lib/python3.7/site-packages/airflow/example_dags/example_time_delta_sensor_async.py took 0.107 seconds
[2022-07-07 11:23:36,902] {processor.py:153} INFO - Started process (PID=289) to work on /home/airflow/.local/lib/python3.7/site-packages/airflow/example_dags/example_time_delta_sensor_async.py
[2022-07-07 11:23:36,903] {processor.py:641} INFO - Processing file /home/airflow/.local/lib/python3.7/site-packages/airflow/example_dags/example_time_delta_sensor_async.py for tasks to queue
[2022-07-07 11:23:36,903] {logging_mixin.py:115} INFO - [2022-07-07 11:23:36,903] {dagbag.py:507} INFO - Filling up the DagBag from /home/airflow/.local/lib/python3.7/site-packages/airflow/example_dags/example_time_delta_sensor_async.py
[2022-07-07 11:23:36,910] {processor.py:651} INFO - DAG(s) dict_keys(['example_time_delta_sensor_async']) retrieved from /home/airflow/.local/lib/python3.7/site-packages/airflow/example_dags/example_time_delta_sensor_async.py
[2022-07-07 11:23:36,964] {logging_mixin.py:115} INFO - [2022-07-07 11:23:36,964] {dag.py:2371} INFO - Sync 1 DAGs
[2022-07-07 11:23:36,999] {logging_mixin.py:115} INFO - [2022-07-07 11:23:36,999] {dag.py:2919} INFO - Setting next_dagrun for example_time_delta_sensor_async to None, run_after=None
[2022-07-07 11:23:37,015] {processor.py:161} INFO - Processing /home/airflow/.local/lib/python3.7/site-packages/airflow/example_dags/example_time_delta_sensor_async.py took 0.117 seconds
[2022-07-07 11:24:07,307] {processor.py:153} INFO - Started process (PID=341) to work on /home/airflow/.local/lib/python3.7/site-packages/airflow/example_dags/example_time_delta_sensor_async.py
[2022-07-07 11:24:07,308] {processor.py:641} INFO - Processing file /home/airflow/.local/lib/python3.7/site-packages/airflow/example_dags/example_time_delta_sensor_async.py for tasks to queue
[2022-07-07 11:24:07,308] {logging_mixin.py:115} INFO - [2022-07-07 11:24:07,308] {dagbag.py:507} INFO - Filling up the DagBag from /home/airflow/.local/lib/python3.7/site-packages/airflow/example_dags/example_time_delta_sensor_async.py
[2022-07-07 11:24:07,314] {processor.py:651} INFO - DAG(s) dict_keys(['example_time_delta_sensor_async']) retrieved from /home/airflow/.local/lib/python3.7/site-packages/airflow/example_dags/example_time_delta_sensor_async.py
[2022-07-07 11:24:07,360] {logging_mixin.py:115} INFO - [2022-07-07 11:24:07,359] {dag.py:2371} INFO - Sync 1 DAGs
[2022-07-07 11:24:07,388] {logging_mixin.py:115} INFO - [2022-07-07 11:24:07,388] {dag.py:2919} INFO - Setting next_dagrun for example_time_delta_sensor_async to None, run_after=None
[2022-07-07 11:24:07,401] {processor.py:161} INFO - Processing /home/airflow/.local/lib/python3.7/site-packages/airflow/example_dags/example_time_delta_sensor_async.py took 0.098 seconds
[2022-07-07 11:24:37,664] {processor.py:153} INFO - Started process (PID=405) to work on /home/airflow/.local/lib/python3.7/site-packages/airflow/example_dags/example_time_delta_sensor_async.py
[2022-07-07 11:24:37,665] {processor.py:641} INFO - Processing file /home/airflow/.local/lib/python3.7/site-packages/airflow/example_dags/example_time_delta_sensor_async.py for tasks to queue
[2022-07-07 11:24:37,666] {logging_mixin.py:115} INFO - [2022-07-07 11:24:37,666] {dagbag.py:507} INFO - Filling up the DagBag from /home/airflow/.local/lib/python3.7/site-packages/airflow/example_dags/example_time_delta_sensor_async.py
[2022-07-07 11:24:37,673] {processor.py:651} INFO - DAG(s) dict_keys(['example_time_delta_sensor_async']) retrieved from /home/airflow/.local/lib/python3.7/site-packages/airflow/example_dags/example_time_delta_sensor_async.py
[2022-07-07 11:24:37,722] {logging_mixin.py:115} INFO - [2022-07-07 11:24:37,722] {dag.py:2371} INFO - Sync 1 DAGs
[2022-07-07 11:24:37,749] {logging_mixin.py:115} INFO - [2022-07-07 11:24:37,749] {dag.py:2919} INFO - Setting next_dagrun for example_time_delta_sensor_async to None, run_after=None
[2022-07-07 11:24:37,761] {processor.py:161} INFO - Processing /home/airflow/.local/lib/python3.7/site-packages/airflow/example_dags/example_time_delta_sensor_async.py took 0.101 seconds
