[2022-07-07 11:21:38,237] {processor.py:153} INFO - Started process (PID=65) to work on /home/airflow/.local/lib/python3.7/site-packages/airflow/example_dags/example_external_task_marker_dag.py
[2022-07-07 11:21:38,238] {processor.py:641} INFO - Processing file /home/airflow/.local/lib/python3.7/site-packages/airflow/example_dags/example_external_task_marker_dag.py for tasks to queue
[2022-07-07 11:21:38,240] {logging_mixin.py:115} INFO - [2022-07-07 11:21:38,240] {dagbag.py:507} INFO - Filling up the DagBag from /home/airflow/.local/lib/python3.7/site-packages/airflow/example_dags/example_external_task_marker_dag.py
[2022-07-07 11:21:38,250] {processor.py:651} INFO - DAG(s) dict_keys(['example_external_task_marker_parent', 'example_external_task_marker_child']) retrieved from /home/airflow/.local/lib/python3.7/site-packages/airflow/example_dags/example_external_task_marker_dag.py
[2022-07-07 11:21:38,316] {logging_mixin.py:115} INFO - [2022-07-07 11:21:38,316] {dag.py:2371} INFO - Sync 2 DAGs
[2022-07-07 11:21:38,378] {logging_mixin.py:115} INFO - [2022-07-07 11:21:38,378] {dag.py:2919} INFO - Setting next_dagrun for example_external_task_marker_child to None, run_after=None
[2022-07-07 11:21:38,378] {logging_mixin.py:115} INFO - [2022-07-07 11:21:38,378] {dag.py:2919} INFO - Setting next_dagrun for example_external_task_marker_parent to None, run_after=None
[2022-07-07 11:21:38,410] {processor.py:161} INFO - Processing /home/airflow/.local/lib/python3.7/site-packages/airflow/example_dags/example_external_task_marker_dag.py took 0.181 seconds
[2022-07-07 11:22:08,470] {processor.py:153} INFO - Started process (PID=127) to work on /home/airflow/.local/lib/python3.7/site-packages/airflow/example_dags/example_external_task_marker_dag.py
[2022-07-07 11:22:08,471] {processor.py:641} INFO - Processing file /home/airflow/.local/lib/python3.7/site-packages/airflow/example_dags/example_external_task_marker_dag.py for tasks to queue
[2022-07-07 11:22:08,472] {logging_mixin.py:115} INFO - [2022-07-07 11:22:08,472] {dagbag.py:507} INFO - Filling up the DagBag from /home/airflow/.local/lib/python3.7/site-packages/airflow/example_dags/example_external_task_marker_dag.py
[2022-07-07 11:22:08,479] {processor.py:651} INFO - DAG(s) dict_keys(['example_external_task_marker_parent', 'example_external_task_marker_child']) retrieved from /home/airflow/.local/lib/python3.7/site-packages/airflow/example_dags/example_external_task_marker_dag.py
[2022-07-07 11:22:08,529] {logging_mixin.py:115} INFO - [2022-07-07 11:22:08,529] {dag.py:2371} INFO - Sync 2 DAGs
[2022-07-07 11:22:08,553] {logging_mixin.py:115} INFO - [2022-07-07 11:22:08,553] {dag.py:2919} INFO - Setting next_dagrun for example_external_task_marker_child to None, run_after=None
[2022-07-07 11:22:08,554] {logging_mixin.py:115} INFO - [2022-07-07 11:22:08,553] {dag.py:2919} INFO - Setting next_dagrun for example_external_task_marker_parent to None, run_after=None
[2022-07-07 11:22:08,564] {processor.py:161} INFO - Processing /home/airflow/.local/lib/python3.7/site-packages/airflow/example_dags/example_external_task_marker_dag.py took 0.098 seconds
[2022-07-07 11:22:38,587] {processor.py:153} INFO - Started process (PID=180) to work on /home/airflow/.local/lib/python3.7/site-packages/airflow/example_dags/example_external_task_marker_dag.py
[2022-07-07 11:22:38,588] {processor.py:641} INFO - Processing file /home/airflow/.local/lib/python3.7/site-packages/airflow/example_dags/example_external_task_marker_dag.py for tasks to queue
[2022-07-07 11:22:38,589] {logging_mixin.py:115} INFO - [2022-07-07 11:22:38,588] {dagbag.py:507} INFO - Filling up the DagBag from /home/airflow/.local/lib/python3.7/site-packages/airflow/example_dags/example_external_task_marker_dag.py
[2022-07-07 11:22:38,594] {processor.py:651} INFO - DAG(s) dict_keys(['example_external_task_marker_parent', 'example_external_task_marker_child']) retrieved from /home/airflow/.local/lib/python3.7/site-packages/airflow/example_dags/example_external_task_marker_dag.py
[2022-07-07 11:22:38,640] {logging_mixin.py:115} INFO - [2022-07-07 11:22:38,640] {dag.py:2371} INFO - Sync 2 DAGs
[2022-07-07 11:22:38,668] {logging_mixin.py:115} INFO - [2022-07-07 11:22:38,668] {dag.py:2919} INFO - Setting next_dagrun for example_external_task_marker_child to None, run_after=None
[2022-07-07 11:22:38,669] {logging_mixin.py:115} INFO - [2022-07-07 11:22:38,669] {dag.py:2919} INFO - Setting next_dagrun for example_external_task_marker_parent to None, run_after=None
[2022-07-07 11:22:38,682] {processor.py:161} INFO - Processing /home/airflow/.local/lib/python3.7/site-packages/airflow/example_dags/example_external_task_marker_dag.py took 0.099 seconds
[2022-07-07 11:23:08,916] {processor.py:153} INFO - Started process (PID=243) to work on /home/airflow/.local/lib/python3.7/site-packages/airflow/example_dags/example_external_task_marker_dag.py
[2022-07-07 11:23:08,917] {processor.py:641} INFO - Processing file /home/airflow/.local/lib/python3.7/site-packages/airflow/example_dags/example_external_task_marker_dag.py for tasks to queue
[2022-07-07 11:23:08,917] {logging_mixin.py:115} INFO - [2022-07-07 11:23:08,917] {dagbag.py:507} INFO - Filling up the DagBag from /home/airflow/.local/lib/python3.7/site-packages/airflow/example_dags/example_external_task_marker_dag.py
[2022-07-07 11:23:08,923] {processor.py:651} INFO - DAG(s) dict_keys(['example_external_task_marker_parent', 'example_external_task_marker_child']) retrieved from /home/airflow/.local/lib/python3.7/site-packages/airflow/example_dags/example_external_task_marker_dag.py
[2022-07-07 11:23:08,969] {logging_mixin.py:115} INFO - [2022-07-07 11:23:08,969] {dag.py:2371} INFO - Sync 2 DAGs
[2022-07-07 11:23:08,997] {logging_mixin.py:115} INFO - [2022-07-07 11:23:08,996] {dag.py:2919} INFO - Setting next_dagrun for example_external_task_marker_child to None, run_after=None
[2022-07-07 11:23:08,997] {logging_mixin.py:115} INFO - [2022-07-07 11:23:08,997] {dag.py:2919} INFO - Setting next_dagrun for example_external_task_marker_parent to None, run_after=None
[2022-07-07 11:23:09,009] {processor.py:161} INFO - Processing /home/airflow/.local/lib/python3.7/site-packages/airflow/example_dags/example_external_task_marker_dag.py took 0.097 seconds
[2022-07-07 11:23:39,110] {processor.py:153} INFO - Started process (PID=306) to work on /home/airflow/.local/lib/python3.7/site-packages/airflow/example_dags/example_external_task_marker_dag.py
[2022-07-07 11:23:39,111] {processor.py:641} INFO - Processing file /home/airflow/.local/lib/python3.7/site-packages/airflow/example_dags/example_external_task_marker_dag.py for tasks to queue
[2022-07-07 11:23:39,112] {logging_mixin.py:115} INFO - [2022-07-07 11:23:39,112] {dagbag.py:507} INFO - Filling up the DagBag from /home/airflow/.local/lib/python3.7/site-packages/airflow/example_dags/example_external_task_marker_dag.py
[2022-07-07 11:23:39,117] {processor.py:651} INFO - DAG(s) dict_keys(['example_external_task_marker_parent', 'example_external_task_marker_child']) retrieved from /home/airflow/.local/lib/python3.7/site-packages/airflow/example_dags/example_external_task_marker_dag.py
[2022-07-07 11:23:39,167] {logging_mixin.py:115} INFO - [2022-07-07 11:23:39,167] {dag.py:2371} INFO - Sync 2 DAGs
[2022-07-07 11:23:39,199] {logging_mixin.py:115} INFO - [2022-07-07 11:23:39,199] {dag.py:2919} INFO - Setting next_dagrun for example_external_task_marker_child to None, run_after=None
[2022-07-07 11:23:39,200] {logging_mixin.py:115} INFO - [2022-07-07 11:23:39,200] {dag.py:2919} INFO - Setting next_dagrun for example_external_task_marker_parent to None, run_after=None
[2022-07-07 11:23:39,215] {processor.py:161} INFO - Processing /home/airflow/.local/lib/python3.7/site-packages/airflow/example_dags/example_external_task_marker_dag.py took 0.109 seconds
[2022-07-07 11:24:09,498] {processor.py:153} INFO - Started process (PID=358) to work on /home/airflow/.local/lib/python3.7/site-packages/airflow/example_dags/example_external_task_marker_dag.py
[2022-07-07 11:24:09,498] {processor.py:641} INFO - Processing file /home/airflow/.local/lib/python3.7/site-packages/airflow/example_dags/example_external_task_marker_dag.py for tasks to queue
[2022-07-07 11:24:09,499] {logging_mixin.py:115} INFO - [2022-07-07 11:24:09,499] {dagbag.py:507} INFO - Filling up the DagBag from /home/airflow/.local/lib/python3.7/site-packages/airflow/example_dags/example_external_task_marker_dag.py
[2022-07-07 11:24:09,506] {processor.py:651} INFO - DAG(s) dict_keys(['example_external_task_marker_parent', 'example_external_task_marker_child']) retrieved from /home/airflow/.local/lib/python3.7/site-packages/airflow/example_dags/example_external_task_marker_dag.py
[2022-07-07 11:24:09,556] {logging_mixin.py:115} INFO - [2022-07-07 11:24:09,556] {dag.py:2371} INFO - Sync 2 DAGs
[2022-07-07 11:24:09,584] {logging_mixin.py:115} INFO - [2022-07-07 11:24:09,584] {dag.py:2919} INFO - Setting next_dagrun for example_external_task_marker_child to None, run_after=None
[2022-07-07 11:24:09,584] {logging_mixin.py:115} INFO - [2022-07-07 11:24:09,584] {dag.py:2919} INFO - Setting next_dagrun for example_external_task_marker_parent to None, run_after=None
[2022-07-07 11:24:09,601] {processor.py:161} INFO - Processing /home/airflow/.local/lib/python3.7/site-packages/airflow/example_dags/example_external_task_marker_dag.py took 0.109 seconds
