[2022-07-07 11:21:34,648] {processor.py:153} INFO - Started process (PID=45) to work on /home/airflow/.local/lib/python3.7/site-packages/airflow/example_dags/example_branch_day_of_week_operator.py
[2022-07-07 11:21:34,652] {processor.py:641} INFO - Processing file /home/airflow/.local/lib/python3.7/site-packages/airflow/example_dags/example_branch_day_of_week_operator.py for tasks to queue
[2022-07-07 11:21:34,653] {logging_mixin.py:115} INFO - [2022-07-07 11:21:34,653] {dagbag.py:507} INFO - Filling up the DagBag from /home/airflow/.local/lib/python3.7/site-packages/airflow/example_dags/example_branch_day_of_week_operator.py
[2022-07-07 11:21:34,676] {processor.py:651} INFO - DAG(s) dict_keys(['example_weekday_branch_operator']) retrieved from /home/airflow/.local/lib/python3.7/site-packages/airflow/example_dags/example_branch_day_of_week_operator.py
[2022-07-07 11:21:34,763] {logging_mixin.py:115} INFO - [2022-07-07 11:21:34,763] {dag.py:2371} INFO - Sync 1 DAGs
[2022-07-07 11:21:34,824] {logging_mixin.py:115} INFO - [2022-07-07 11:21:34,824] {dag.py:2919} INFO - Setting next_dagrun for example_weekday_branch_operator to 2022-07-06T00:00:00+00:00, run_after=2022-07-07T00:00:00+00:00
[2022-07-07 11:21:34,840] {processor.py:161} INFO - Processing /home/airflow/.local/lib/python3.7/site-packages/airflow/example_dags/example_branch_day_of_week_operator.py took 0.202 seconds
[2022-07-07 11:22:05,505] {processor.py:153} INFO - Started process (PID=108) to work on /home/airflow/.local/lib/python3.7/site-packages/airflow/example_dags/example_branch_day_of_week_operator.py
[2022-07-07 11:22:05,506] {processor.py:641} INFO - Processing file /home/airflow/.local/lib/python3.7/site-packages/airflow/example_dags/example_branch_day_of_week_operator.py for tasks to queue
[2022-07-07 11:22:05,507] {logging_mixin.py:115} INFO - [2022-07-07 11:22:05,507] {dagbag.py:507} INFO - Filling up the DagBag from /home/airflow/.local/lib/python3.7/site-packages/airflow/example_dags/example_branch_day_of_week_operator.py
[2022-07-07 11:22:05,517] {processor.py:651} INFO - DAG(s) dict_keys(['example_weekday_branch_operator']) retrieved from /home/airflow/.local/lib/python3.7/site-packages/airflow/example_dags/example_branch_day_of_week_operator.py
[2022-07-07 11:22:05,556] {logging_mixin.py:115} INFO - [2022-07-07 11:22:05,555] {dag.py:2371} INFO - Sync 1 DAGs
[2022-07-07 11:22:05,591] {logging_mixin.py:115} INFO - [2022-07-07 11:22:05,591] {dag.py:2919} INFO - Setting next_dagrun for example_weekday_branch_operator to 2022-07-06T00:00:00+00:00, run_after=2022-07-07T00:00:00+00:00
[2022-07-07 11:22:05,608] {processor.py:161} INFO - Processing /home/airflow/.local/lib/python3.7/site-packages/airflow/example_dags/example_branch_day_of_week_operator.py took 0.108 seconds
[2022-07-07 11:22:35,866] {processor.py:153} INFO - Started process (PID=160) to work on /home/airflow/.local/lib/python3.7/site-packages/airflow/example_dags/example_branch_day_of_week_operator.py
[2022-07-07 11:22:35,867] {processor.py:641} INFO - Processing file /home/airflow/.local/lib/python3.7/site-packages/airflow/example_dags/example_branch_day_of_week_operator.py for tasks to queue
[2022-07-07 11:22:35,868] {logging_mixin.py:115} INFO - [2022-07-07 11:22:35,868] {dagbag.py:507} INFO - Filling up the DagBag from /home/airflow/.local/lib/python3.7/site-packages/airflow/example_dags/example_branch_day_of_week_operator.py
[2022-07-07 11:22:35,877] {processor.py:651} INFO - DAG(s) dict_keys(['example_weekday_branch_operator']) retrieved from /home/airflow/.local/lib/python3.7/site-packages/airflow/example_dags/example_branch_day_of_week_operator.py
[2022-07-07 11:22:35,907] {logging_mixin.py:115} INFO - [2022-07-07 11:22:35,907] {dag.py:2371} INFO - Sync 1 DAGs
[2022-07-07 11:22:35,934] {logging_mixin.py:115} INFO - [2022-07-07 11:22:35,934] {dag.py:2919} INFO - Setting next_dagrun for example_weekday_branch_operator to 2022-07-06T00:00:00+00:00, run_after=2022-07-07T00:00:00+00:00
[2022-07-07 11:22:35,945] {processor.py:161} INFO - Processing /home/airflow/.local/lib/python3.7/site-packages/airflow/example_dags/example_branch_day_of_week_operator.py took 0.082 seconds
[2022-07-07 11:23:06,309] {processor.py:153} INFO - Started process (PID=225) to work on /home/airflow/.local/lib/python3.7/site-packages/airflow/example_dags/example_branch_day_of_week_operator.py
[2022-07-07 11:23:06,309] {processor.py:641} INFO - Processing file /home/airflow/.local/lib/python3.7/site-packages/airflow/example_dags/example_branch_day_of_week_operator.py for tasks to queue
[2022-07-07 11:23:06,310] {logging_mixin.py:115} INFO - [2022-07-07 11:23:06,310] {dagbag.py:507} INFO - Filling up the DagBag from /home/airflow/.local/lib/python3.7/site-packages/airflow/example_dags/example_branch_day_of_week_operator.py
[2022-07-07 11:23:06,318] {processor.py:651} INFO - DAG(s) dict_keys(['example_weekday_branch_operator']) retrieved from /home/airflow/.local/lib/python3.7/site-packages/airflow/example_dags/example_branch_day_of_week_operator.py
[2022-07-07 11:23:06,348] {logging_mixin.py:115} INFO - [2022-07-07 11:23:06,348] {dag.py:2371} INFO - Sync 1 DAGs
[2022-07-07 11:23:06,374] {logging_mixin.py:115} INFO - [2022-07-07 11:23:06,374] {dag.py:2919} INFO - Setting next_dagrun for example_weekday_branch_operator to 2022-07-06T00:00:00+00:00, run_after=2022-07-07T00:00:00+00:00
[2022-07-07 11:23:06,385] {processor.py:161} INFO - Processing /home/airflow/.local/lib/python3.7/site-packages/airflow/example_dags/example_branch_day_of_week_operator.py took 0.081 seconds
[2022-07-07 11:23:36,801] {processor.py:153} INFO - Started process (PID=286) to work on /home/airflow/.local/lib/python3.7/site-packages/airflow/example_dags/example_branch_day_of_week_operator.py
[2022-07-07 11:23:36,802] {processor.py:641} INFO - Processing file /home/airflow/.local/lib/python3.7/site-packages/airflow/example_dags/example_branch_day_of_week_operator.py for tasks to queue
[2022-07-07 11:23:36,802] {logging_mixin.py:115} INFO - [2022-07-07 11:23:36,802] {dagbag.py:507} INFO - Filling up the DagBag from /home/airflow/.local/lib/python3.7/site-packages/airflow/example_dags/example_branch_day_of_week_operator.py
[2022-07-07 11:23:36,811] {processor.py:651} INFO - DAG(s) dict_keys(['example_weekday_branch_operator']) retrieved from /home/airflow/.local/lib/python3.7/site-packages/airflow/example_dags/example_branch_day_of_week_operator.py
[2022-07-07 11:23:36,840] {logging_mixin.py:115} INFO - [2022-07-07 11:23:36,840] {dag.py:2371} INFO - Sync 1 DAGs
[2022-07-07 11:23:36,868] {logging_mixin.py:115} INFO - [2022-07-07 11:23:36,868] {dag.py:2919} INFO - Setting next_dagrun for example_weekday_branch_operator to 2022-07-06T00:00:00+00:00, run_after=2022-07-07T00:00:00+00:00
[2022-07-07 11:23:36,880] {processor.py:161} INFO - Processing /home/airflow/.local/lib/python3.7/site-packages/airflow/example_dags/example_branch_day_of_week_operator.py took 0.083 seconds
[2022-07-07 11:24:07,195] {processor.py:153} INFO - Started process (PID=340) to work on /home/airflow/.local/lib/python3.7/site-packages/airflow/example_dags/example_branch_day_of_week_operator.py
[2022-07-07 11:24:07,196] {processor.py:641} INFO - Processing file /home/airflow/.local/lib/python3.7/site-packages/airflow/example_dags/example_branch_day_of_week_operator.py for tasks to queue
[2022-07-07 11:24:07,197] {logging_mixin.py:115} INFO - [2022-07-07 11:24:07,196] {dagbag.py:507} INFO - Filling up the DagBag from /home/airflow/.local/lib/python3.7/site-packages/airflow/example_dags/example_branch_day_of_week_operator.py
[2022-07-07 11:24:07,208] {processor.py:651} INFO - DAG(s) dict_keys(['example_weekday_branch_operator']) retrieved from /home/airflow/.local/lib/python3.7/site-packages/airflow/example_dags/example_branch_day_of_week_operator.py
[2022-07-07 11:24:07,244] {logging_mixin.py:115} INFO - [2022-07-07 11:24:07,244] {dag.py:2371} INFO - Sync 1 DAGs
[2022-07-07 11:24:07,273] {logging_mixin.py:115} INFO - [2022-07-07 11:24:07,272] {dag.py:2919} INFO - Setting next_dagrun for example_weekday_branch_operator to 2022-07-06T00:00:00+00:00, run_after=2022-07-07T00:00:00+00:00
[2022-07-07 11:24:07,286] {processor.py:161} INFO - Processing /home/airflow/.local/lib/python3.7/site-packages/airflow/example_dags/example_branch_day_of_week_operator.py took 0.095 seconds
[2022-07-07 11:24:37,550] {processor.py:153} INFO - Started process (PID=404) to work on /home/airflow/.local/lib/python3.7/site-packages/airflow/example_dags/example_branch_day_of_week_operator.py
[2022-07-07 11:24:37,551] {processor.py:641} INFO - Processing file /home/airflow/.local/lib/python3.7/site-packages/airflow/example_dags/example_branch_day_of_week_operator.py for tasks to queue
[2022-07-07 11:24:37,552] {logging_mixin.py:115} INFO - [2022-07-07 11:24:37,552] {dagbag.py:507} INFO - Filling up the DagBag from /home/airflow/.local/lib/python3.7/site-packages/airflow/example_dags/example_branch_day_of_week_operator.py
[2022-07-07 11:24:37,561] {processor.py:651} INFO - DAG(s) dict_keys(['example_weekday_branch_operator']) retrieved from /home/airflow/.local/lib/python3.7/site-packages/airflow/example_dags/example_branch_day_of_week_operator.py
[2022-07-07 11:24:37,590] {logging_mixin.py:115} INFO - [2022-07-07 11:24:37,590] {dag.py:2371} INFO - Sync 1 DAGs
[2022-07-07 11:24:37,617] {logging_mixin.py:115} INFO - [2022-07-07 11:24:37,617] {dag.py:2919} INFO - Setting next_dagrun for example_weekday_branch_operator to 2022-07-06T00:00:00+00:00, run_after=2022-07-07T00:00:00+00:00
[2022-07-07 11:24:37,635] {processor.py:161} INFO - Processing /home/airflow/.local/lib/python3.7/site-packages/airflow/example_dags/example_branch_day_of_week_operator.py took 0.089 seconds
