[2022-07-07 08:13:29,379] {processor.py:153} INFO - Started process (PID=75) to work on /home/airflow/.local/lib/python3.7/site-packages/airflow/example_dags/example_subdag_operator.py
[2022-07-07 08:13:29,380] {processor.py:641} INFO - Processing file /home/airflow/.local/lib/python3.7/site-packages/airflow/example_dags/example_subdag_operator.py for tasks to queue
[2022-07-07 08:13:29,381] {logging_mixin.py:115} INFO - [2022-07-07 08:13:29,380] {dagbag.py:507} INFO - Filling up the DagBag from /home/airflow/.local/lib/python3.7/site-packages/airflow/example_dags/example_subdag_operator.py
[2022-07-07 08:13:29,421] {processor.py:651} INFO - DAG(s) dict_keys(['example_subdag_operator.section-1', 'example_subdag_operator.section-2', 'example_subdag_operator']) retrieved from /home/airflow/.local/lib/python3.7/site-packages/airflow/example_dags/example_subdag_operator.py
[2022-07-07 08:13:29,698] {logging_mixin.py:115} INFO - [2022-07-07 08:13:29,698] {manager.py:508} INFO - Created Permission View: can edit on DAG:example_subdag_operator
[2022-07-07 08:13:29,708] {logging_mixin.py:115} INFO - [2022-07-07 08:13:29,708] {manager.py:508} INFO - Created Permission View: can delete on DAG:example_subdag_operator
[2022-07-07 08:13:29,716] {logging_mixin.py:115} INFO - [2022-07-07 08:13:29,716] {manager.py:508} INFO - Created Permission View: can read on DAG:example_subdag_operator
[2022-07-07 08:13:29,716] {logging_mixin.py:115} INFO - [2022-07-07 08:13:29,716] {dag.py:2371} INFO - Sync 3 DAGs
[2022-07-07 08:13:29,726] {logging_mixin.py:115} INFO - [2022-07-07 08:13:29,726] {dag.py:2390} INFO - Creating ORM DAG for example_subdag_operator
[2022-07-07 08:13:29,727] {logging_mixin.py:115} INFO - [2022-07-07 08:13:29,726] {dag.py:2390} INFO - Creating ORM DAG for example_subdag_operator.section-1
[2022-07-07 08:13:29,727] {logging_mixin.py:115} INFO - [2022-07-07 08:13:29,727] {dag.py:2390} INFO - Creating ORM DAG for example_subdag_operator.section-2
[2022-07-07 08:13:29,739] {logging_mixin.py:115} INFO - [2022-07-07 08:13:29,739] {dag.py:2919} INFO - Setting next_dagrun for example_subdag_operator to 2022-07-05T00:00:00+00:00, run_after=2022-07-05T00:00:00+00:00
[2022-07-07 08:13:29,740] {logging_mixin.py:115} INFO - [2022-07-07 08:13:29,740] {dag.py:2919} INFO - Setting next_dagrun for example_subdag_operator.section-1 to None, run_after=None
[2022-07-07 08:13:29,740] {logging_mixin.py:115} INFO - [2022-07-07 08:13:29,740] {dag.py:2919} INFO - Setting next_dagrun for example_subdag_operator.section-2 to None, run_after=None
[2022-07-07 08:13:29,750] {logging_mixin.py:115} INFO - [2022-07-07 08:13:29,750] {dag.py:2371} INFO - Sync 2 DAGs
[2022-07-07 08:13:29,763] {logging_mixin.py:115} INFO - [2022-07-07 08:13:29,763] {dag.py:2919} INFO - Setting next_dagrun for example_subdag_operator.section-1 to None, run_after=None
[2022-07-07 08:13:29,763] {logging_mixin.py:115} INFO - [2022-07-07 08:13:29,763] {dag.py:2919} INFO - Setting next_dagrun for example_subdag_operator.section-2 to None, run_after=None
[2022-07-07 08:13:29,773] {processor.py:161} INFO - Processing /home/airflow/.local/lib/python3.7/site-packages/airflow/example_dags/example_subdag_operator.py took 0.399 seconds
[2022-07-07 08:13:59,957] {processor.py:153} INFO - Started process (PID=137) to work on /home/airflow/.local/lib/python3.7/site-packages/airflow/example_dags/example_subdag_operator.py
[2022-07-07 08:13:59,958] {processor.py:641} INFO - Processing file /home/airflow/.local/lib/python3.7/site-packages/airflow/example_dags/example_subdag_operator.py for tasks to queue
[2022-07-07 08:13:59,959] {logging_mixin.py:115} INFO - [2022-07-07 08:13:59,958] {dagbag.py:507} INFO - Filling up the DagBag from /home/airflow/.local/lib/python3.7/site-packages/airflow/example_dags/example_subdag_operator.py
[2022-07-07 08:13:59,986] {processor.py:651} INFO - DAG(s) dict_keys(['example_subdag_operator.section-1', 'example_subdag_operator.section-2', 'example_subdag_operator']) retrieved from /home/airflow/.local/lib/python3.7/site-packages/airflow/example_dags/example_subdag_operator.py
[2022-07-07 08:14:00,018] {logging_mixin.py:115} INFO - [2022-07-07 08:14:00,018] {dag.py:2371} INFO - Sync 3 DAGs
[2022-07-07 08:14:00,044] {logging_mixin.py:115} INFO - [2022-07-07 08:14:00,044] {dag.py:2919} INFO - Setting next_dagrun for example_subdag_operator to 2022-07-05T00:00:00+00:00, run_after=2022-07-05T00:00:00+00:00
[2022-07-07 08:14:00,045] {logging_mixin.py:115} INFO - [2022-07-07 08:14:00,045] {dag.py:2919} INFO - Setting next_dagrun for example_subdag_operator.section-1 to None, run_after=None
[2022-07-07 08:14:00,045] {logging_mixin.py:115} INFO - [2022-07-07 08:14:00,045] {dag.py:2919} INFO - Setting next_dagrun for example_subdag_operator.section-2 to None, run_after=None
[2022-07-07 08:14:00,171] {logging_mixin.py:115} INFO - [2022-07-07 08:14:00,171] {dag.py:2371} INFO - Sync 2 DAGs
[2022-07-07 08:14:00,176] {logging_mixin.py:115} INFO - [2022-07-07 08:14:00,176] {dag.py:2919} INFO - Setting next_dagrun for example_subdag_operator.section-1 to None, run_after=None
[2022-07-07 08:14:00,177] {logging_mixin.py:115} INFO - [2022-07-07 08:14:00,176] {dag.py:2919} INFO - Setting next_dagrun for example_subdag_operator.section-2 to None, run_after=None
[2022-07-07 08:14:00,184] {processor.py:161} INFO - Processing /home/airflow/.local/lib/python3.7/site-packages/airflow/example_dags/example_subdag_operator.py took 0.230 seconds
[2022-07-07 08:14:30,709] {processor.py:153} INFO - Started process (PID=191) to work on /home/airflow/.local/lib/python3.7/site-packages/airflow/example_dags/example_subdag_operator.py
[2022-07-07 08:14:30,710] {processor.py:641} INFO - Processing file /home/airflow/.local/lib/python3.7/site-packages/airflow/example_dags/example_subdag_operator.py for tasks to queue
[2022-07-07 08:14:30,711] {logging_mixin.py:115} INFO - [2022-07-07 08:14:30,711] {dagbag.py:507} INFO - Filling up the DagBag from /home/airflow/.local/lib/python3.7/site-packages/airflow/example_dags/example_subdag_operator.py
[2022-07-07 08:14:30,741] {processor.py:651} INFO - DAG(s) dict_keys(['example_subdag_operator.section-1', 'example_subdag_operator.section-2', 'example_subdag_operator']) retrieved from /home/airflow/.local/lib/python3.7/site-packages/airflow/example_dags/example_subdag_operator.py
[2022-07-07 08:14:30,779] {logging_mixin.py:115} INFO - [2022-07-07 08:14:30,779] {dag.py:2371} INFO - Sync 3 DAGs
[2022-07-07 08:14:30,816] {logging_mixin.py:115} INFO - [2022-07-07 08:14:30,816] {dag.py:2919} INFO - Setting next_dagrun for example_subdag_operator to 2022-07-05T00:00:00+00:00, run_after=2022-07-05T00:00:00+00:00
[2022-07-07 08:14:30,816] {logging_mixin.py:115} INFO - [2022-07-07 08:14:30,816] {dag.py:2919} INFO - Setting next_dagrun for example_subdag_operator.section-1 to None, run_after=None
[2022-07-07 08:14:30,816] {logging_mixin.py:115} INFO - [2022-07-07 08:14:30,816] {dag.py:2919} INFO - Setting next_dagrun for example_subdag_operator.section-2 to None, run_after=None
[2022-07-07 08:14:30,934] {logging_mixin.py:115} INFO - [2022-07-07 08:14:30,934] {dag.py:2371} INFO - Sync 2 DAGs
[2022-07-07 08:14:30,940] {logging_mixin.py:115} INFO - [2022-07-07 08:14:30,940] {dag.py:2919} INFO - Setting next_dagrun for example_subdag_operator.section-1 to None, run_after=None
[2022-07-07 08:14:30,940] {logging_mixin.py:115} INFO - [2022-07-07 08:14:30,940] {dag.py:2919} INFO - Setting next_dagrun for example_subdag_operator.section-2 to None, run_after=None
[2022-07-07 08:14:30,948] {processor.py:161} INFO - Processing /home/airflow/.local/lib/python3.7/site-packages/airflow/example_dags/example_subdag_operator.py took 0.243 seconds
[2022-07-07 08:15:01,001] {processor.py:153} INFO - Started process (PID=254) to work on /home/airflow/.local/lib/python3.7/site-packages/airflow/example_dags/example_subdag_operator.py
[2022-07-07 08:15:01,002] {processor.py:641} INFO - Processing file /home/airflow/.local/lib/python3.7/site-packages/airflow/example_dags/example_subdag_operator.py for tasks to queue
[2022-07-07 08:15:01,003] {logging_mixin.py:115} INFO - [2022-07-07 08:15:01,002] {dagbag.py:507} INFO - Filling up the DagBag from /home/airflow/.local/lib/python3.7/site-packages/airflow/example_dags/example_subdag_operator.py
[2022-07-07 08:15:01,032] {processor.py:651} INFO - DAG(s) dict_keys(['example_subdag_operator.section-1', 'example_subdag_operator.section-2', 'example_subdag_operator']) retrieved from /home/airflow/.local/lib/python3.7/site-packages/airflow/example_dags/example_subdag_operator.py
[2022-07-07 08:15:01,069] {logging_mixin.py:115} INFO - [2022-07-07 08:15:01,069] {dag.py:2371} INFO - Sync 3 DAGs
[2022-07-07 08:15:01,092] {logging_mixin.py:115} INFO - [2022-07-07 08:15:01,092] {dag.py:2919} INFO - Setting next_dagrun for example_subdag_operator to 2022-07-05T00:00:00+00:00, run_after=2022-07-05T00:00:00+00:00
[2022-07-07 08:15:01,092] {logging_mixin.py:115} INFO - [2022-07-07 08:15:01,092] {dag.py:2919} INFO - Setting next_dagrun for example_subdag_operator.section-1 to None, run_after=None
[2022-07-07 08:15:01,093] {logging_mixin.py:115} INFO - [2022-07-07 08:15:01,093] {dag.py:2919} INFO - Setting next_dagrun for example_subdag_operator.section-2 to None, run_after=None
[2022-07-07 08:15:01,213] {logging_mixin.py:115} INFO - [2022-07-07 08:15:01,213] {dag.py:2371} INFO - Sync 2 DAGs
[2022-07-07 08:15:01,219] {logging_mixin.py:115} INFO - [2022-07-07 08:15:01,219] {dag.py:2919} INFO - Setting next_dagrun for example_subdag_operator.section-1 to None, run_after=None
[2022-07-07 08:15:01,219] {logging_mixin.py:115} INFO - [2022-07-07 08:15:01,219] {dag.py:2919} INFO - Setting next_dagrun for example_subdag_operator.section-2 to None, run_after=None
[2022-07-07 08:15:01,226] {processor.py:161} INFO - Processing /home/airflow/.local/lib/python3.7/site-packages/airflow/example_dags/example_subdag_operator.py took 0.229 seconds
[2022-07-07 08:15:31,364] {processor.py:153} INFO - Started process (PID=316) to work on /home/airflow/.local/lib/python3.7/site-packages/airflow/example_dags/example_subdag_operator.py
[2022-07-07 08:15:31,365] {processor.py:641} INFO - Processing file /home/airflow/.local/lib/python3.7/site-packages/airflow/example_dags/example_subdag_operator.py for tasks to queue
[2022-07-07 08:15:31,366] {logging_mixin.py:115} INFO - [2022-07-07 08:15:31,365] {dagbag.py:507} INFO - Filling up the DagBag from /home/airflow/.local/lib/python3.7/site-packages/airflow/example_dags/example_subdag_operator.py
[2022-07-07 08:15:31,395] {processor.py:651} INFO - DAG(s) dict_keys(['example_subdag_operator.section-1', 'example_subdag_operator.section-2', 'example_subdag_operator']) retrieved from /home/airflow/.local/lib/python3.7/site-packages/airflow/example_dags/example_subdag_operator.py
[2022-07-07 08:15:31,428] {logging_mixin.py:115} INFO - [2022-07-07 08:15:31,428] {dag.py:2371} INFO - Sync 3 DAGs
[2022-07-07 08:15:31,454] {logging_mixin.py:115} INFO - [2022-07-07 08:15:31,454] {dag.py:2919} INFO - Setting next_dagrun for example_subdag_operator to 2022-07-05T00:00:00+00:00, run_after=2022-07-05T00:00:00+00:00
[2022-07-07 08:15:31,455] {logging_mixin.py:115} INFO - [2022-07-07 08:15:31,455] {dag.py:2919} INFO - Setting next_dagrun for example_subdag_operator.section-1 to None, run_after=None
[2022-07-07 08:15:31,455] {logging_mixin.py:115} INFO - [2022-07-07 08:15:31,455] {dag.py:2919} INFO - Setting next_dagrun for example_subdag_operator.section-2 to None, run_after=None
[2022-07-07 08:15:31,605] {logging_mixin.py:115} INFO - [2022-07-07 08:15:31,605] {dag.py:2371} INFO - Sync 2 DAGs
[2022-07-07 08:15:31,613] {logging_mixin.py:115} INFO - [2022-07-07 08:15:31,613] {dag.py:2919} INFO - Setting next_dagrun for example_subdag_operator.section-1 to None, run_after=None
[2022-07-07 08:15:31,613] {logging_mixin.py:115} INFO - [2022-07-07 08:15:31,613] {dag.py:2919} INFO - Setting next_dagrun for example_subdag_operator.section-2 to None, run_after=None
[2022-07-07 08:15:31,623] {processor.py:161} INFO - Processing /home/airflow/.local/lib/python3.7/site-packages/airflow/example_dags/example_subdag_operator.py took 0.263 seconds
[2022-07-07 08:16:02,005] {processor.py:153} INFO - Started process (PID=371) to work on /home/airflow/.local/lib/python3.7/site-packages/airflow/example_dags/example_subdag_operator.py
[2022-07-07 08:16:02,006] {processor.py:641} INFO - Processing file /home/airflow/.local/lib/python3.7/site-packages/airflow/example_dags/example_subdag_operator.py for tasks to queue
[2022-07-07 08:16:02,007] {logging_mixin.py:115} INFO - [2022-07-07 08:16:02,006] {dagbag.py:507} INFO - Filling up the DagBag from /home/airflow/.local/lib/python3.7/site-packages/airflow/example_dags/example_subdag_operator.py
[2022-07-07 08:16:02,043] {processor.py:651} INFO - DAG(s) dict_keys(['example_subdag_operator.section-1', 'example_subdag_operator.section-2', 'example_subdag_operator']) retrieved from /home/airflow/.local/lib/python3.7/site-packages/airflow/example_dags/example_subdag_operator.py
[2022-07-07 08:16:02,087] {logging_mixin.py:115} INFO - [2022-07-07 08:16:02,086] {dag.py:2371} INFO - Sync 3 DAGs
[2022-07-07 08:16:02,116] {logging_mixin.py:115} INFO - [2022-07-07 08:16:02,116] {dag.py:2919} INFO - Setting next_dagrun for example_subdag_operator to 2022-07-05T00:00:00+00:00, run_after=2022-07-05T00:00:00+00:00
[2022-07-07 08:16:02,116] {logging_mixin.py:115} INFO - [2022-07-07 08:16:02,116] {dag.py:2919} INFO - Setting next_dagrun for example_subdag_operator.section-1 to None, run_after=None
[2022-07-07 08:16:02,117] {logging_mixin.py:115} INFO - [2022-07-07 08:16:02,117] {dag.py:2919} INFO - Setting next_dagrun for example_subdag_operator.section-2 to None, run_after=None
[2022-07-07 08:16:02,310] {logging_mixin.py:115} INFO - [2022-07-07 08:16:02,310] {dag.py:2371} INFO - Sync 2 DAGs
[2022-07-07 08:16:02,319] {logging_mixin.py:115} INFO - [2022-07-07 08:16:02,318] {dag.py:2919} INFO - Setting next_dagrun for example_subdag_operator.section-1 to None, run_after=None
[2022-07-07 08:16:02,319] {logging_mixin.py:115} INFO - [2022-07-07 08:16:02,319] {dag.py:2919} INFO - Setting next_dagrun for example_subdag_operator.section-2 to None, run_after=None
[2022-07-07 08:16:02,332] {processor.py:161} INFO - Processing /home/airflow/.local/lib/python3.7/site-packages/airflow/example_dags/example_subdag_operator.py took 0.331 seconds
[2022-07-07 08:16:32,791] {processor.py:153} INFO - Started process (PID=431) to work on /home/airflow/.local/lib/python3.7/site-packages/airflow/example_dags/example_subdag_operator.py
[2022-07-07 08:16:32,791] {processor.py:641} INFO - Processing file /home/airflow/.local/lib/python3.7/site-packages/airflow/example_dags/example_subdag_operator.py for tasks to queue
[2022-07-07 08:16:32,792] {logging_mixin.py:115} INFO - [2022-07-07 08:16:32,792] {dagbag.py:507} INFO - Filling up the DagBag from /home/airflow/.local/lib/python3.7/site-packages/airflow/example_dags/example_subdag_operator.py
[2022-07-07 08:16:32,825] {processor.py:651} INFO - DAG(s) dict_keys(['example_subdag_operator.section-1', 'example_subdag_operator.section-2', 'example_subdag_operator']) retrieved from /home/airflow/.local/lib/python3.7/site-packages/airflow/example_dags/example_subdag_operator.py
[2022-07-07 08:16:32,862] {logging_mixin.py:115} INFO - [2022-07-07 08:16:32,862] {dag.py:2371} INFO - Sync 3 DAGs
[2022-07-07 08:16:32,889] {logging_mixin.py:115} INFO - [2022-07-07 08:16:32,889] {dag.py:2919} INFO - Setting next_dagrun for example_subdag_operator to 2022-07-05T00:00:00+00:00, run_after=2022-07-05T00:00:00+00:00
[2022-07-07 08:16:32,890] {logging_mixin.py:115} INFO - [2022-07-07 08:16:32,890] {dag.py:2919} INFO - Setting next_dagrun for example_subdag_operator.section-1 to None, run_after=None
[2022-07-07 08:16:32,890] {logging_mixin.py:115} INFO - [2022-07-07 08:16:32,890] {dag.py:2919} INFO - Setting next_dagrun for example_subdag_operator.section-2 to None, run_after=None
[2022-07-07 08:16:33,017] {logging_mixin.py:115} INFO - [2022-07-07 08:16:33,017] {dag.py:2371} INFO - Sync 2 DAGs
[2022-07-07 08:16:33,023] {logging_mixin.py:115} INFO - [2022-07-07 08:16:33,023] {dag.py:2919} INFO - Setting next_dagrun for example_subdag_operator.section-1 to None, run_after=None
[2022-07-07 08:16:33,023] {logging_mixin.py:115} INFO - [2022-07-07 08:16:33,023] {dag.py:2919} INFO - Setting next_dagrun for example_subdag_operator.section-2 to None, run_after=None
[2022-07-07 08:16:33,031] {processor.py:161} INFO - Processing /home/airflow/.local/lib/python3.7/site-packages/airflow/example_dags/example_subdag_operator.py took 0.245 seconds
[2022-07-07 08:17:03,283] {processor.py:153} INFO - Started process (PID=492) to work on /home/airflow/.local/lib/python3.7/site-packages/airflow/example_dags/example_subdag_operator.py
[2022-07-07 08:17:03,283] {processor.py:641} INFO - Processing file /home/airflow/.local/lib/python3.7/site-packages/airflow/example_dags/example_subdag_operator.py for tasks to queue
[2022-07-07 08:17:03,284] {logging_mixin.py:115} INFO - [2022-07-07 08:17:03,284] {dagbag.py:507} INFO - Filling up the DagBag from /home/airflow/.local/lib/python3.7/site-packages/airflow/example_dags/example_subdag_operator.py
[2022-07-07 08:17:03,314] {processor.py:651} INFO - DAG(s) dict_keys(['example_subdag_operator.section-1', 'example_subdag_operator.section-2', 'example_subdag_operator']) retrieved from /home/airflow/.local/lib/python3.7/site-packages/airflow/example_dags/example_subdag_operator.py
[2022-07-07 08:17:03,351] {logging_mixin.py:115} INFO - [2022-07-07 08:17:03,351] {dag.py:2371} INFO - Sync 3 DAGs
[2022-07-07 08:17:03,381] {logging_mixin.py:115} INFO - [2022-07-07 08:17:03,381] {dag.py:2919} INFO - Setting next_dagrun for example_subdag_operator to 2022-07-05T00:00:00+00:00, run_after=2022-07-05T00:00:00+00:00
[2022-07-07 08:17:03,382] {logging_mixin.py:115} INFO - [2022-07-07 08:17:03,382] {dag.py:2919} INFO - Setting next_dagrun for example_subdag_operator.section-1 to None, run_after=None
[2022-07-07 08:17:03,382] {logging_mixin.py:115} INFO - [2022-07-07 08:17:03,382] {dag.py:2919} INFO - Setting next_dagrun for example_subdag_operator.section-2 to None, run_after=None
[2022-07-07 08:17:03,558] {logging_mixin.py:115} INFO - [2022-07-07 08:17:03,558] {dag.py:2371} INFO - Sync 2 DAGs
[2022-07-07 08:17:03,566] {logging_mixin.py:115} INFO - [2022-07-07 08:17:03,566] {dag.py:2919} INFO - Setting next_dagrun for example_subdag_operator.section-1 to None, run_after=None
[2022-07-07 08:17:03,566] {logging_mixin.py:115} INFO - [2022-07-07 08:17:03,566] {dag.py:2919} INFO - Setting next_dagrun for example_subdag_operator.section-2 to None, run_after=None
[2022-07-07 08:17:03,577] {processor.py:161} INFO - Processing /home/airflow/.local/lib/python3.7/site-packages/airflow/example_dags/example_subdag_operator.py took 0.299 seconds
[2022-07-07 08:17:34,660] {processor.py:153} INFO - Started process (PID=554) to work on /home/airflow/.local/lib/python3.7/site-packages/airflow/example_dags/example_subdag_operator.py
[2022-07-07 08:17:34,661] {processor.py:641} INFO - Processing file /home/airflow/.local/lib/python3.7/site-packages/airflow/example_dags/example_subdag_operator.py for tasks to queue
[2022-07-07 08:17:34,662] {logging_mixin.py:115} INFO - [2022-07-07 08:17:34,662] {dagbag.py:507} INFO - Filling up the DagBag from /home/airflow/.local/lib/python3.7/site-packages/airflow/example_dags/example_subdag_operator.py
[2022-07-07 08:17:34,701] {processor.py:651} INFO - DAG(s) dict_keys(['example_subdag_operator.section-1', 'example_subdag_operator.section-2', 'example_subdag_operator']) retrieved from /home/airflow/.local/lib/python3.7/site-packages/airflow/example_dags/example_subdag_operator.py
[2022-07-07 08:17:34,736] {logging_mixin.py:115} INFO - [2022-07-07 08:17:34,736] {dag.py:2371} INFO - Sync 3 DAGs
[2022-07-07 08:17:34,764] {logging_mixin.py:115} INFO - [2022-07-07 08:17:34,764] {dag.py:2919} INFO - Setting next_dagrun for example_subdag_operator to 2022-07-05T00:00:00+00:00, run_after=2022-07-05T00:00:00+00:00
[2022-07-07 08:17:34,765] {logging_mixin.py:115} INFO - [2022-07-07 08:17:34,765] {dag.py:2919} INFO - Setting next_dagrun for example_subdag_operator.section-1 to None, run_after=None
[2022-07-07 08:17:34,765] {logging_mixin.py:115} INFO - [2022-07-07 08:17:34,765] {dag.py:2919} INFO - Setting next_dagrun for example_subdag_operator.section-2 to None, run_after=None
[2022-07-07 08:17:34,908] {logging_mixin.py:115} INFO - [2022-07-07 08:17:34,908] {dag.py:2371} INFO - Sync 2 DAGs
[2022-07-07 08:17:34,914] {logging_mixin.py:115} INFO - [2022-07-07 08:17:34,914] {dag.py:2919} INFO - Setting next_dagrun for example_subdag_operator.section-1 to None, run_after=None
[2022-07-07 08:17:34,915] {logging_mixin.py:115} INFO - [2022-07-07 08:17:34,915] {dag.py:2919} INFO - Setting next_dagrun for example_subdag_operator.section-2 to None, run_after=None
[2022-07-07 08:17:34,922] {processor.py:161} INFO - Processing /home/airflow/.local/lib/python3.7/site-packages/airflow/example_dags/example_subdag_operator.py took 0.267 seconds
[2022-07-07 08:18:05,231] {processor.py:153} INFO - Started process (PID=608) to work on /home/airflow/.local/lib/python3.7/site-packages/airflow/example_dags/example_subdag_operator.py
[2022-07-07 08:18:05,232] {processor.py:641} INFO - Processing file /home/airflow/.local/lib/python3.7/site-packages/airflow/example_dags/example_subdag_operator.py for tasks to queue
[2022-07-07 08:18:05,232] {logging_mixin.py:115} INFO - [2022-07-07 08:18:05,232] {dagbag.py:507} INFO - Filling up the DagBag from /home/airflow/.local/lib/python3.7/site-packages/airflow/example_dags/example_subdag_operator.py
[2022-07-07 08:18:05,259] {processor.py:651} INFO - DAG(s) dict_keys(['example_subdag_operator.section-1', 'example_subdag_operator.section-2', 'example_subdag_operator']) retrieved from /home/airflow/.local/lib/python3.7/site-packages/airflow/example_dags/example_subdag_operator.py
[2022-07-07 08:18:05,292] {logging_mixin.py:115} INFO - [2022-07-07 08:18:05,292] {dag.py:2371} INFO - Sync 3 DAGs
[2022-07-07 08:18:05,319] {logging_mixin.py:115} INFO - [2022-07-07 08:18:05,319] {dag.py:2919} INFO - Setting next_dagrun for example_subdag_operator to 2022-07-05T00:00:00+00:00, run_after=2022-07-05T00:00:00+00:00
[2022-07-07 08:18:05,319] {logging_mixin.py:115} INFO - [2022-07-07 08:18:05,319] {dag.py:2919} INFO - Setting next_dagrun for example_subdag_operator.section-1 to None, run_after=None
[2022-07-07 08:18:05,319] {logging_mixin.py:115} INFO - [2022-07-07 08:18:05,319] {dag.py:2919} INFO - Setting next_dagrun for example_subdag_operator.section-2 to None, run_after=None
[2022-07-07 08:18:05,448] {logging_mixin.py:115} INFO - [2022-07-07 08:18:05,448] {dag.py:2371} INFO - Sync 2 DAGs
[2022-07-07 08:18:05,454] {logging_mixin.py:115} INFO - [2022-07-07 08:18:05,454] {dag.py:2919} INFO - Setting next_dagrun for example_subdag_operator.section-1 to None, run_after=None
[2022-07-07 08:18:05,455] {logging_mixin.py:115} INFO - [2022-07-07 08:18:05,455] {dag.py:2919} INFO - Setting next_dagrun for example_subdag_operator.section-2 to None, run_after=None
[2022-07-07 08:18:05,463] {processor.py:161} INFO - Processing /home/airflow/.local/lib/python3.7/site-packages/airflow/example_dags/example_subdag_operator.py took 0.235 seconds
[2022-07-07 08:18:36,227] {processor.py:153} INFO - Started process (PID=670) to work on /home/airflow/.local/lib/python3.7/site-packages/airflow/example_dags/example_subdag_operator.py
[2022-07-07 08:18:36,228] {processor.py:641} INFO - Processing file /home/airflow/.local/lib/python3.7/site-packages/airflow/example_dags/example_subdag_operator.py for tasks to queue
[2022-07-07 08:18:36,229] {logging_mixin.py:115} INFO - [2022-07-07 08:18:36,229] {dagbag.py:507} INFO - Filling up the DagBag from /home/airflow/.local/lib/python3.7/site-packages/airflow/example_dags/example_subdag_operator.py
[2022-07-07 08:18:36,262] {processor.py:651} INFO - DAG(s) dict_keys(['example_subdag_operator.section-1', 'example_subdag_operator.section-2', 'example_subdag_operator']) retrieved from /home/airflow/.local/lib/python3.7/site-packages/airflow/example_dags/example_subdag_operator.py
[2022-07-07 08:18:36,296] {logging_mixin.py:115} INFO - [2022-07-07 08:18:36,296] {dag.py:2371} INFO - Sync 3 DAGs
[2022-07-07 08:18:36,448] {logging_mixin.py:115} INFO - [2022-07-07 08:18:36,447] {dag.py:2919} INFO - Setting next_dagrun for example_subdag_operator to 2022-07-05T00:00:00+00:00, run_after=2022-07-05T00:00:00+00:00
[2022-07-07 08:18:36,449] {logging_mixin.py:115} INFO - [2022-07-07 08:18:36,449] {dag.py:2919} INFO - Setting next_dagrun for example_subdag_operator.section-1 to None, run_after=None
[2022-07-07 08:18:36,449] {logging_mixin.py:115} INFO - [2022-07-07 08:18:36,449] {dag.py:2919} INFO - Setting next_dagrun for example_subdag_operator.section-2 to None, run_after=None
[2022-07-07 08:18:36,461] {logging_mixin.py:115} INFO - [2022-07-07 08:18:36,461] {dag.py:2371} INFO - Sync 2 DAGs
[2022-07-07 08:18:36,467] {logging_mixin.py:115} INFO - [2022-07-07 08:18:36,467] {dag.py:2919} INFO - Setting next_dagrun for example_subdag_operator.section-1 to None, run_after=None
[2022-07-07 08:18:36,468] {logging_mixin.py:115} INFO - [2022-07-07 08:18:36,467] {dag.py:2919} INFO - Setting next_dagrun for example_subdag_operator.section-2 to None, run_after=None
[2022-07-07 08:18:36,475] {processor.py:161} INFO - Processing /home/airflow/.local/lib/python3.7/site-packages/airflow/example_dags/example_subdag_operator.py took 0.253 seconds
[2022-07-07 08:19:06,949] {processor.py:153} INFO - Started process (PID=732) to work on /home/airflow/.local/lib/python3.7/site-packages/airflow/example_dags/example_subdag_operator.py
[2022-07-07 08:19:06,950] {processor.py:641} INFO - Processing file /home/airflow/.local/lib/python3.7/site-packages/airflow/example_dags/example_subdag_operator.py for tasks to queue
[2022-07-07 08:19:06,951] {logging_mixin.py:115} INFO - [2022-07-07 08:19:06,951] {dagbag.py:507} INFO - Filling up the DagBag from /home/airflow/.local/lib/python3.7/site-packages/airflow/example_dags/example_subdag_operator.py
[2022-07-07 08:19:06,981] {processor.py:651} INFO - DAG(s) dict_keys(['example_subdag_operator.section-1', 'example_subdag_operator.section-2', 'example_subdag_operator']) retrieved from /home/airflow/.local/lib/python3.7/site-packages/airflow/example_dags/example_subdag_operator.py
[2022-07-07 08:19:07,017] {logging_mixin.py:115} INFO - [2022-07-07 08:19:07,017] {dag.py:2371} INFO - Sync 3 DAGs
[2022-07-07 08:19:07,159] {logging_mixin.py:115} INFO - [2022-07-07 08:19:07,159] {dag.py:2919} INFO - Setting next_dagrun for example_subdag_operator to 2022-07-05T00:00:00+00:00, run_after=2022-07-05T00:00:00+00:00
[2022-07-07 08:19:07,159] {logging_mixin.py:115} INFO - [2022-07-07 08:19:07,159] {dag.py:2919} INFO - Setting next_dagrun for example_subdag_operator.section-1 to None, run_after=None
[2022-07-07 08:19:07,160] {logging_mixin.py:115} INFO - [2022-07-07 08:19:07,160] {dag.py:2919} INFO - Setting next_dagrun for example_subdag_operator.section-2 to None, run_after=None
[2022-07-07 08:19:07,170] {logging_mixin.py:115} INFO - [2022-07-07 08:19:07,170] {dag.py:2371} INFO - Sync 2 DAGs
[2022-07-07 08:19:07,177] {logging_mixin.py:115} INFO - [2022-07-07 08:19:07,176] {dag.py:2919} INFO - Setting next_dagrun for example_subdag_operator.section-1 to None, run_after=None
[2022-07-07 08:19:07,177] {logging_mixin.py:115} INFO - [2022-07-07 08:19:07,177] {dag.py:2919} INFO - Setting next_dagrun for example_subdag_operator.section-2 to None, run_after=None
[2022-07-07 08:19:07,187] {processor.py:161} INFO - Processing /home/airflow/.local/lib/python3.7/site-packages/airflow/example_dags/example_subdag_operator.py took 0.242 seconds
[2022-07-07 08:19:37,530] {processor.py:153} INFO - Started process (PID=784) to work on /home/airflow/.local/lib/python3.7/site-packages/airflow/example_dags/example_subdag_operator.py
[2022-07-07 08:19:37,531] {processor.py:641} INFO - Processing file /home/airflow/.local/lib/python3.7/site-packages/airflow/example_dags/example_subdag_operator.py for tasks to queue
[2022-07-07 08:19:37,532] {logging_mixin.py:115} INFO - [2022-07-07 08:19:37,531] {dagbag.py:507} INFO - Filling up the DagBag from /home/airflow/.local/lib/python3.7/site-packages/airflow/example_dags/example_subdag_operator.py
[2022-07-07 08:19:37,561] {processor.py:651} INFO - DAG(s) dict_keys(['example_subdag_operator.section-1', 'example_subdag_operator.section-2', 'example_subdag_operator']) retrieved from /home/airflow/.local/lib/python3.7/site-packages/airflow/example_dags/example_subdag_operator.py
[2022-07-07 08:19:37,596] {logging_mixin.py:115} INFO - [2022-07-07 08:19:37,596] {dag.py:2371} INFO - Sync 3 DAGs
[2022-07-07 08:19:37,747] {logging_mixin.py:115} INFO - [2022-07-07 08:19:37,747] {dag.py:2919} INFO - Setting next_dagrun for example_subdag_operator to 2022-07-05T00:00:00+00:00, run_after=2022-07-05T00:00:00+00:00
[2022-07-07 08:19:37,747] {logging_mixin.py:115} INFO - [2022-07-07 08:19:37,747] {dag.py:2919} INFO - Setting next_dagrun for example_subdag_operator.section-1 to None, run_after=None
[2022-07-07 08:19:37,748] {logging_mixin.py:115} INFO - [2022-07-07 08:19:37,747] {dag.py:2919} INFO - Setting next_dagrun for example_subdag_operator.section-2 to None, run_after=None
[2022-07-07 08:19:37,755] {logging_mixin.py:115} INFO - [2022-07-07 08:19:37,755] {dag.py:2371} INFO - Sync 2 DAGs
[2022-07-07 08:19:37,761] {logging_mixin.py:115} INFO - [2022-07-07 08:19:37,761] {dag.py:2919} INFO - Setting next_dagrun for example_subdag_operator.section-1 to None, run_after=None
[2022-07-07 08:19:37,762] {logging_mixin.py:115} INFO - [2022-07-07 08:19:37,762] {dag.py:2919} INFO - Setting next_dagrun for example_subdag_operator.section-2 to None, run_after=None
[2022-07-07 08:19:37,769] {processor.py:161} INFO - Processing /home/airflow/.local/lib/python3.7/site-packages/airflow/example_dags/example_subdag_operator.py took 0.243 seconds
[2022-07-07 08:20:08,088] {processor.py:153} INFO - Started process (PID=847) to work on /home/airflow/.local/lib/python3.7/site-packages/airflow/example_dags/example_subdag_operator.py
[2022-07-07 08:20:08,089] {processor.py:641} INFO - Processing file /home/airflow/.local/lib/python3.7/site-packages/airflow/example_dags/example_subdag_operator.py for tasks to queue
[2022-07-07 08:20:08,089] {logging_mixin.py:115} INFO - [2022-07-07 08:20:08,089] {dagbag.py:507} INFO - Filling up the DagBag from /home/airflow/.local/lib/python3.7/site-packages/airflow/example_dags/example_subdag_operator.py
[2022-07-07 08:20:08,124] {processor.py:651} INFO - DAG(s) dict_keys(['example_subdag_operator.section-1', 'example_subdag_operator.section-2', 'example_subdag_operator']) retrieved from /home/airflow/.local/lib/python3.7/site-packages/airflow/example_dags/example_subdag_operator.py
[2022-07-07 08:20:08,176] {logging_mixin.py:115} INFO - [2022-07-07 08:20:08,175] {dag.py:2371} INFO - Sync 3 DAGs
[2022-07-07 08:20:08,324] {logging_mixin.py:115} INFO - [2022-07-07 08:20:08,324] {dag.py:2919} INFO - Setting next_dagrun for example_subdag_operator to 2022-07-05T00:00:00+00:00, run_after=2022-07-05T00:00:00+00:00
[2022-07-07 08:20:08,325] {logging_mixin.py:115} INFO - [2022-07-07 08:20:08,324] {dag.py:2919} INFO - Setting next_dagrun for example_subdag_operator.section-1 to None, run_after=None
[2022-07-07 08:20:08,325] {logging_mixin.py:115} INFO - [2022-07-07 08:20:08,325] {dag.py:2919} INFO - Setting next_dagrun for example_subdag_operator.section-2 to None, run_after=None
[2022-07-07 08:20:08,332] {logging_mixin.py:115} INFO - [2022-07-07 08:20:08,332] {dag.py:2371} INFO - Sync 2 DAGs
[2022-07-07 08:20:08,338] {logging_mixin.py:115} INFO - [2022-07-07 08:20:08,338] {dag.py:2919} INFO - Setting next_dagrun for example_subdag_operator.section-1 to None, run_after=None
[2022-07-07 08:20:08,338] {logging_mixin.py:115} INFO - [2022-07-07 08:20:08,338] {dag.py:2919} INFO - Setting next_dagrun for example_subdag_operator.section-2 to None, run_after=None
[2022-07-07 08:20:08,346] {processor.py:161} INFO - Processing /home/airflow/.local/lib/python3.7/site-packages/airflow/example_dags/example_subdag_operator.py took 0.261 seconds
[2022-07-07 08:20:38,439] {processor.py:153} INFO - Started process (PID=909) to work on /home/airflow/.local/lib/python3.7/site-packages/airflow/example_dags/example_subdag_operator.py
[2022-07-07 08:20:38,440] {processor.py:641} INFO - Processing file /home/airflow/.local/lib/python3.7/site-packages/airflow/example_dags/example_subdag_operator.py for tasks to queue
[2022-07-07 08:20:38,441] {logging_mixin.py:115} INFO - [2022-07-07 08:20:38,440] {dagbag.py:507} INFO - Filling up the DagBag from /home/airflow/.local/lib/python3.7/site-packages/airflow/example_dags/example_subdag_operator.py
[2022-07-07 08:20:38,486] {processor.py:651} INFO - DAG(s) dict_keys(['example_subdag_operator.section-1', 'example_subdag_operator.section-2', 'example_subdag_operator']) retrieved from /home/airflow/.local/lib/python3.7/site-packages/airflow/example_dags/example_subdag_operator.py
[2022-07-07 08:20:38,536] {logging_mixin.py:115} INFO - [2022-07-07 08:20:38,536] {dag.py:2371} INFO - Sync 3 DAGs
[2022-07-07 08:20:38,771] {logging_mixin.py:115} INFO - [2022-07-07 08:20:38,771] {dag.py:2919} INFO - Setting next_dagrun for example_subdag_operator to 2022-07-05T00:00:00+00:00, run_after=2022-07-05T00:00:00+00:00
[2022-07-07 08:20:38,771] {logging_mixin.py:115} INFO - [2022-07-07 08:20:38,771] {dag.py:2919} INFO - Setting next_dagrun for example_subdag_operator.section-1 to None, run_after=None
[2022-07-07 08:20:38,772] {logging_mixin.py:115} INFO - [2022-07-07 08:20:38,772] {dag.py:2919} INFO - Setting next_dagrun for example_subdag_operator.section-2 to None, run_after=None
[2022-07-07 08:20:38,786] {logging_mixin.py:115} INFO - [2022-07-07 08:20:38,785] {dag.py:2371} INFO - Sync 2 DAGs
[2022-07-07 08:20:38,798] {logging_mixin.py:115} INFO - [2022-07-07 08:20:38,797] {dag.py:2919} INFO - Setting next_dagrun for example_subdag_operator.section-1 to None, run_after=None
[2022-07-07 08:20:38,798] {logging_mixin.py:115} INFO - [2022-07-07 08:20:38,798] {dag.py:2919} INFO - Setting next_dagrun for example_subdag_operator.section-2 to None, run_after=None
[2022-07-07 08:20:38,809] {processor.py:161} INFO - Processing /home/airflow/.local/lib/python3.7/site-packages/airflow/example_dags/example_subdag_operator.py took 0.376 seconds
[2022-07-07 08:21:09,123] {processor.py:153} INFO - Started process (PID=961) to work on /home/airflow/.local/lib/python3.7/site-packages/airflow/example_dags/example_subdag_operator.py
[2022-07-07 08:21:09,124] {processor.py:641} INFO - Processing file /home/airflow/.local/lib/python3.7/site-packages/airflow/example_dags/example_subdag_operator.py for tasks to queue
[2022-07-07 08:21:09,125] {logging_mixin.py:115} INFO - [2022-07-07 08:21:09,124] {dagbag.py:507} INFO - Filling up the DagBag from /home/airflow/.local/lib/python3.7/site-packages/airflow/example_dags/example_subdag_operator.py
[2022-07-07 08:21:09,153] {processor.py:651} INFO - DAG(s) dict_keys(['example_subdag_operator.section-1', 'example_subdag_operator.section-2', 'example_subdag_operator']) retrieved from /home/airflow/.local/lib/python3.7/site-packages/airflow/example_dags/example_subdag_operator.py
[2022-07-07 08:21:09,187] {logging_mixin.py:115} INFO - [2022-07-07 08:21:09,187] {dag.py:2371} INFO - Sync 3 DAGs
[2022-07-07 08:21:09,337] {logging_mixin.py:115} INFO - [2022-07-07 08:21:09,337] {dag.py:2919} INFO - Setting next_dagrun for example_subdag_operator to 2022-07-05T00:00:00+00:00, run_after=2022-07-05T00:00:00+00:00
[2022-07-07 08:21:09,337] {logging_mixin.py:115} INFO - [2022-07-07 08:21:09,337] {dag.py:2919} INFO - Setting next_dagrun for example_subdag_operator.section-1 to None, run_after=None
[2022-07-07 08:21:09,338] {logging_mixin.py:115} INFO - [2022-07-07 08:21:09,338] {dag.py:2919} INFO - Setting next_dagrun for example_subdag_operator.section-2 to None, run_after=None
[2022-07-07 08:21:09,345] {logging_mixin.py:115} INFO - [2022-07-07 08:21:09,345] {dag.py:2371} INFO - Sync 2 DAGs
[2022-07-07 08:21:09,351] {logging_mixin.py:115} INFO - [2022-07-07 08:21:09,351] {dag.py:2919} INFO - Setting next_dagrun for example_subdag_operator.section-1 to None, run_after=None
[2022-07-07 08:21:09,351] {logging_mixin.py:115} INFO - [2022-07-07 08:21:09,351] {dag.py:2919} INFO - Setting next_dagrun for example_subdag_operator.section-2 to None, run_after=None
[2022-07-07 08:21:09,359] {processor.py:161} INFO - Processing /home/airflow/.local/lib/python3.7/site-packages/airflow/example_dags/example_subdag_operator.py took 0.240 seconds
[2022-07-07 08:21:39,453] {processor.py:153} INFO - Started process (PID=1023) to work on /home/airflow/.local/lib/python3.7/site-packages/airflow/example_dags/example_subdag_operator.py
[2022-07-07 08:21:39,453] {processor.py:641} INFO - Processing file /home/airflow/.local/lib/python3.7/site-packages/airflow/example_dags/example_subdag_operator.py for tasks to queue
[2022-07-07 08:21:39,454] {logging_mixin.py:115} INFO - [2022-07-07 08:21:39,454] {dagbag.py:507} INFO - Filling up the DagBag from /home/airflow/.local/lib/python3.7/site-packages/airflow/example_dags/example_subdag_operator.py
[2022-07-07 08:21:39,485] {processor.py:651} INFO - DAG(s) dict_keys(['example_subdag_operator.section-1', 'example_subdag_operator.section-2', 'example_subdag_operator']) retrieved from /home/airflow/.local/lib/python3.7/site-packages/airflow/example_dags/example_subdag_operator.py
[2022-07-07 08:21:39,524] {logging_mixin.py:115} INFO - [2022-07-07 08:21:39,524] {dag.py:2371} INFO - Sync 3 DAGs
[2022-07-07 08:21:39,676] {logging_mixin.py:115} INFO - [2022-07-07 08:21:39,676] {dag.py:2919} INFO - Setting next_dagrun for example_subdag_operator to 2022-07-05T00:00:00+00:00, run_after=2022-07-05T00:00:00+00:00
[2022-07-07 08:21:39,676] {logging_mixin.py:115} INFO - [2022-07-07 08:21:39,676] {dag.py:2919} INFO - Setting next_dagrun for example_subdag_operator.section-1 to None, run_after=None
[2022-07-07 08:21:39,677] {logging_mixin.py:115} INFO - [2022-07-07 08:21:39,677] {dag.py:2919} INFO - Setting next_dagrun for example_subdag_operator.section-2 to None, run_after=None
[2022-07-07 08:21:39,683] {logging_mixin.py:115} INFO - [2022-07-07 08:21:39,683] {dag.py:2371} INFO - Sync 2 DAGs
[2022-07-07 08:21:39,688] {logging_mixin.py:115} INFO - [2022-07-07 08:21:39,688] {dag.py:2919} INFO - Setting next_dagrun for example_subdag_operator.section-1 to None, run_after=None
[2022-07-07 08:21:39,689] {logging_mixin.py:115} INFO - [2022-07-07 08:21:39,689] {dag.py:2919} INFO - Setting next_dagrun for example_subdag_operator.section-2 to None, run_after=None
[2022-07-07 08:21:39,695] {processor.py:161} INFO - Processing /home/airflow/.local/lib/python3.7/site-packages/airflow/example_dags/example_subdag_operator.py took 0.246 seconds
[2022-07-07 08:22:09,998] {processor.py:153} INFO - Started process (PID=1085) to work on /home/airflow/.local/lib/python3.7/site-packages/airflow/example_dags/example_subdag_operator.py
[2022-07-07 08:22:09,999] {processor.py:641} INFO - Processing file /home/airflow/.local/lib/python3.7/site-packages/airflow/example_dags/example_subdag_operator.py for tasks to queue
[2022-07-07 08:22:10,000] {logging_mixin.py:115} INFO - [2022-07-07 08:22:10,000] {dagbag.py:507} INFO - Filling up the DagBag from /home/airflow/.local/lib/python3.7/site-packages/airflow/example_dags/example_subdag_operator.py
[2022-07-07 08:22:10,028] {processor.py:651} INFO - DAG(s) dict_keys(['example_subdag_operator.section-1', 'example_subdag_operator.section-2', 'example_subdag_operator']) retrieved from /home/airflow/.local/lib/python3.7/site-packages/airflow/example_dags/example_subdag_operator.py
[2022-07-07 08:22:10,060] {logging_mixin.py:115} INFO - [2022-07-07 08:22:10,060] {dag.py:2371} INFO - Sync 3 DAGs
[2022-07-07 08:22:10,207] {logging_mixin.py:115} INFO - [2022-07-07 08:22:10,206] {dag.py:2919} INFO - Setting next_dagrun for example_subdag_operator to 2022-07-05T00:00:00+00:00, run_after=2022-07-05T00:00:00+00:00
[2022-07-07 08:22:10,207] {logging_mixin.py:115} INFO - [2022-07-07 08:22:10,207] {dag.py:2919} INFO - Setting next_dagrun for example_subdag_operator.section-1 to None, run_after=None
[2022-07-07 08:22:10,207] {logging_mixin.py:115} INFO - [2022-07-07 08:22:10,207] {dag.py:2919} INFO - Setting next_dagrun for example_subdag_operator.section-2 to None, run_after=None
[2022-07-07 08:22:10,215] {logging_mixin.py:115} INFO - [2022-07-07 08:22:10,215] {dag.py:2371} INFO - Sync 2 DAGs
[2022-07-07 08:22:10,221] {logging_mixin.py:115} INFO - [2022-07-07 08:22:10,221] {dag.py:2919} INFO - Setting next_dagrun for example_subdag_operator.section-1 to None, run_after=None
[2022-07-07 08:22:10,221] {logging_mixin.py:115} INFO - [2022-07-07 08:22:10,221] {dag.py:2919} INFO - Setting next_dagrun for example_subdag_operator.section-2 to None, run_after=None
[2022-07-07 08:22:10,229] {processor.py:161} INFO - Processing /home/airflow/.local/lib/python3.7/site-packages/airflow/example_dags/example_subdag_operator.py took 0.234 seconds
[2022-07-07 08:22:41,062] {processor.py:153} INFO - Started process (PID=1138) to work on /home/airflow/.local/lib/python3.7/site-packages/airflow/example_dags/example_subdag_operator.py
[2022-07-07 08:22:41,063] {processor.py:641} INFO - Processing file /home/airflow/.local/lib/python3.7/site-packages/airflow/example_dags/example_subdag_operator.py for tasks to queue
[2022-07-07 08:22:41,064] {logging_mixin.py:115} INFO - [2022-07-07 08:22:41,064] {dagbag.py:507} INFO - Filling up the DagBag from /home/airflow/.local/lib/python3.7/site-packages/airflow/example_dags/example_subdag_operator.py
[2022-07-07 08:22:41,094] {processor.py:651} INFO - DAG(s) dict_keys(['example_subdag_operator.section-1', 'example_subdag_operator.section-2', 'example_subdag_operator']) retrieved from /home/airflow/.local/lib/python3.7/site-packages/airflow/example_dags/example_subdag_operator.py
[2022-07-07 08:22:41,142] {logging_mixin.py:115} INFO - [2022-07-07 08:22:41,142] {dag.py:2371} INFO - Sync 3 DAGs
[2022-07-07 08:22:41,290] {logging_mixin.py:115} INFO - [2022-07-07 08:22:41,290] {dag.py:2919} INFO - Setting next_dagrun for example_subdag_operator to 2022-07-05T00:00:00+00:00, run_after=2022-07-05T00:00:00+00:00
[2022-07-07 08:22:41,291] {logging_mixin.py:115} INFO - [2022-07-07 08:22:41,291] {dag.py:2919} INFO - Setting next_dagrun for example_subdag_operator.section-1 to None, run_after=None
[2022-07-07 08:22:41,291] {logging_mixin.py:115} INFO - [2022-07-07 08:22:41,291] {dag.py:2919} INFO - Setting next_dagrun for example_subdag_operator.section-2 to None, run_after=None
[2022-07-07 08:22:41,300] {logging_mixin.py:115} INFO - [2022-07-07 08:22:41,300] {dag.py:2371} INFO - Sync 2 DAGs
[2022-07-07 08:22:41,309] {logging_mixin.py:115} INFO - [2022-07-07 08:22:41,309] {dag.py:2919} INFO - Setting next_dagrun for example_subdag_operator.section-1 to None, run_after=None
[2022-07-07 08:22:41,312] {logging_mixin.py:115} INFO - [2022-07-07 08:22:41,311] {dag.py:2919} INFO - Setting next_dagrun for example_subdag_operator.section-2 to None, run_after=None
[2022-07-07 08:22:41,328] {processor.py:161} INFO - Processing /home/airflow/.local/lib/python3.7/site-packages/airflow/example_dags/example_subdag_operator.py took 0.271 seconds
[2022-07-07 08:23:11,883] {processor.py:153} INFO - Started process (PID=1200) to work on /home/airflow/.local/lib/python3.7/site-packages/airflow/example_dags/example_subdag_operator.py
[2022-07-07 08:23:11,884] {processor.py:641} INFO - Processing file /home/airflow/.local/lib/python3.7/site-packages/airflow/example_dags/example_subdag_operator.py for tasks to queue
[2022-07-07 08:23:11,884] {logging_mixin.py:115} INFO - [2022-07-07 08:23:11,884] {dagbag.py:507} INFO - Filling up the DagBag from /home/airflow/.local/lib/python3.7/site-packages/airflow/example_dags/example_subdag_operator.py
[2022-07-07 08:23:11,914] {processor.py:651} INFO - DAG(s) dict_keys(['example_subdag_operator.section-1', 'example_subdag_operator.section-2', 'example_subdag_operator']) retrieved from /home/airflow/.local/lib/python3.7/site-packages/airflow/example_dags/example_subdag_operator.py
[2022-07-07 08:23:11,951] {logging_mixin.py:115} INFO - [2022-07-07 08:23:11,951] {dag.py:2371} INFO - Sync 3 DAGs
[2022-07-07 08:23:12,105] {logging_mixin.py:115} INFO - [2022-07-07 08:23:12,105] {dag.py:2919} INFO - Setting next_dagrun for example_subdag_operator to 2022-07-05T00:00:00+00:00, run_after=2022-07-05T00:00:00+00:00
[2022-07-07 08:23:12,105] {logging_mixin.py:115} INFO - [2022-07-07 08:23:12,105] {dag.py:2919} INFO - Setting next_dagrun for example_subdag_operator.section-1 to None, run_after=None
[2022-07-07 08:23:12,106] {logging_mixin.py:115} INFO - [2022-07-07 08:23:12,106] {dag.py:2919} INFO - Setting next_dagrun for example_subdag_operator.section-2 to None, run_after=None
[2022-07-07 08:23:12,112] {logging_mixin.py:115} INFO - [2022-07-07 08:23:12,112] {dag.py:2371} INFO - Sync 2 DAGs
[2022-07-07 08:23:12,118] {logging_mixin.py:115} INFO - [2022-07-07 08:23:12,118] {dag.py:2919} INFO - Setting next_dagrun for example_subdag_operator.section-1 to None, run_after=None
[2022-07-07 08:23:12,119] {logging_mixin.py:115} INFO - [2022-07-07 08:23:12,119] {dag.py:2919} INFO - Setting next_dagrun for example_subdag_operator.section-2 to None, run_after=None
[2022-07-07 08:23:12,127] {processor.py:161} INFO - Processing /home/airflow/.local/lib/python3.7/site-packages/airflow/example_dags/example_subdag_operator.py took 0.248 seconds
[2022-07-07 08:23:42,272] {processor.py:153} INFO - Started process (PID=1262) to work on /home/airflow/.local/lib/python3.7/site-packages/airflow/example_dags/example_subdag_operator.py
[2022-07-07 08:23:42,273] {processor.py:641} INFO - Processing file /home/airflow/.local/lib/python3.7/site-packages/airflow/example_dags/example_subdag_operator.py for tasks to queue
[2022-07-07 08:23:42,274] {logging_mixin.py:115} INFO - [2022-07-07 08:23:42,274] {dagbag.py:507} INFO - Filling up the DagBag from /home/airflow/.local/lib/python3.7/site-packages/airflow/example_dags/example_subdag_operator.py
[2022-07-07 08:23:42,305] {processor.py:651} INFO - DAG(s) dict_keys(['example_subdag_operator.section-1', 'example_subdag_operator.section-2', 'example_subdag_operator']) retrieved from /home/airflow/.local/lib/python3.7/site-packages/airflow/example_dags/example_subdag_operator.py
[2022-07-07 08:23:42,346] {logging_mixin.py:115} INFO - [2022-07-07 08:23:42,346] {dag.py:2371} INFO - Sync 3 DAGs
[2022-07-07 08:23:42,501] {logging_mixin.py:115} INFO - [2022-07-07 08:23:42,501] {dag.py:2919} INFO - Setting next_dagrun for example_subdag_operator to 2022-07-05T00:00:00+00:00, run_after=2022-07-05T00:00:00+00:00
[2022-07-07 08:23:42,502] {logging_mixin.py:115} INFO - [2022-07-07 08:23:42,501] {dag.py:2919} INFO - Setting next_dagrun for example_subdag_operator.section-1 to None, run_after=None
[2022-07-07 08:23:42,502] {logging_mixin.py:115} INFO - [2022-07-07 08:23:42,502] {dag.py:2919} INFO - Setting next_dagrun for example_subdag_operator.section-2 to None, run_after=None
[2022-07-07 08:23:42,509] {logging_mixin.py:115} INFO - [2022-07-07 08:23:42,509] {dag.py:2371} INFO - Sync 2 DAGs
[2022-07-07 08:23:42,515] {logging_mixin.py:115} INFO - [2022-07-07 08:23:42,515] {dag.py:2919} INFO - Setting next_dagrun for example_subdag_operator.section-1 to None, run_after=None
[2022-07-07 08:23:42,515] {logging_mixin.py:115} INFO - [2022-07-07 08:23:42,515] {dag.py:2919} INFO - Setting next_dagrun for example_subdag_operator.section-2 to None, run_after=None
[2022-07-07 08:23:42,523] {processor.py:161} INFO - Processing /home/airflow/.local/lib/python3.7/site-packages/airflow/example_dags/example_subdag_operator.py took 0.254 seconds
[2022-07-07 08:24:13,216] {processor.py:153} INFO - Started process (PID=1325) to work on /home/airflow/.local/lib/python3.7/site-packages/airflow/example_dags/example_subdag_operator.py
[2022-07-07 08:24:13,217] {processor.py:641} INFO - Processing file /home/airflow/.local/lib/python3.7/site-packages/airflow/example_dags/example_subdag_operator.py for tasks to queue
[2022-07-07 08:24:13,218] {logging_mixin.py:115} INFO - [2022-07-07 08:24:13,218] {dagbag.py:507} INFO - Filling up the DagBag from /home/airflow/.local/lib/python3.7/site-packages/airflow/example_dags/example_subdag_operator.py
[2022-07-07 08:24:13,269] {processor.py:651} INFO - DAG(s) dict_keys(['example_subdag_operator.section-1', 'example_subdag_operator.section-2', 'example_subdag_operator']) retrieved from /home/airflow/.local/lib/python3.7/site-packages/airflow/example_dags/example_subdag_operator.py
[2022-07-07 08:24:13,334] {logging_mixin.py:115} INFO - [2022-07-07 08:24:13,334] {dag.py:2371} INFO - Sync 3 DAGs
[2022-07-07 08:24:13,577] {logging_mixin.py:115} INFO - [2022-07-07 08:24:13,576] {dag.py:2919} INFO - Setting next_dagrun for example_subdag_operator to 2022-07-05T00:00:00+00:00, run_after=2022-07-05T00:00:00+00:00
[2022-07-07 08:24:13,582] {logging_mixin.py:115} INFO - [2022-07-07 08:24:13,582] {dag.py:2919} INFO - Setting next_dagrun for example_subdag_operator.section-1 to None, run_after=None
[2022-07-07 08:24:13,582] {logging_mixin.py:115} INFO - [2022-07-07 08:24:13,582] {dag.py:2919} INFO - Setting next_dagrun for example_subdag_operator.section-2 to None, run_after=None
[2022-07-07 08:24:13,596] {logging_mixin.py:115} INFO - [2022-07-07 08:24:13,596] {dag.py:2371} INFO - Sync 2 DAGs
[2022-07-07 08:24:13,608] {logging_mixin.py:115} INFO - [2022-07-07 08:24:13,608] {dag.py:2919} INFO - Setting next_dagrun for example_subdag_operator.section-1 to None, run_after=None
[2022-07-07 08:24:13,609] {logging_mixin.py:115} INFO - [2022-07-07 08:24:13,609] {dag.py:2919} INFO - Setting next_dagrun for example_subdag_operator.section-2 to None, run_after=None
[2022-07-07 08:24:13,622] {processor.py:161} INFO - Processing /home/airflow/.local/lib/python3.7/site-packages/airflow/example_dags/example_subdag_operator.py took 0.411 seconds
[2022-07-07 08:24:43,870] {processor.py:153} INFO - Started process (PID=1379) to work on /home/airflow/.local/lib/python3.7/site-packages/airflow/example_dags/example_subdag_operator.py
[2022-07-07 08:24:43,871] {processor.py:641} INFO - Processing file /home/airflow/.local/lib/python3.7/site-packages/airflow/example_dags/example_subdag_operator.py for tasks to queue
[2022-07-07 08:24:43,872] {logging_mixin.py:115} INFO - [2022-07-07 08:24:43,872] {dagbag.py:507} INFO - Filling up the DagBag from /home/airflow/.local/lib/python3.7/site-packages/airflow/example_dags/example_subdag_operator.py
[2022-07-07 08:24:43,898] {processor.py:651} INFO - DAG(s) dict_keys(['example_subdag_operator.section-1', 'example_subdag_operator.section-2', 'example_subdag_operator']) retrieved from /home/airflow/.local/lib/python3.7/site-packages/airflow/example_dags/example_subdag_operator.py
[2022-07-07 08:24:43,931] {logging_mixin.py:115} INFO - [2022-07-07 08:24:43,931] {dag.py:2371} INFO - Sync 3 DAGs
[2022-07-07 08:24:44,061] {logging_mixin.py:115} INFO - [2022-07-07 08:24:44,061] {dag.py:2919} INFO - Setting next_dagrun for example_subdag_operator to 2022-07-05T00:00:00+00:00, run_after=2022-07-05T00:00:00+00:00
[2022-07-07 08:24:44,062] {logging_mixin.py:115} INFO - [2022-07-07 08:24:44,062] {dag.py:2919} INFO - Setting next_dagrun for example_subdag_operator.section-1 to None, run_after=None
[2022-07-07 08:24:44,062] {logging_mixin.py:115} INFO - [2022-07-07 08:24:44,062] {dag.py:2919} INFO - Setting next_dagrun for example_subdag_operator.section-2 to None, run_after=None
[2022-07-07 08:24:44,068] {logging_mixin.py:115} INFO - [2022-07-07 08:24:44,068] {dag.py:2371} INFO - Sync 2 DAGs
[2022-07-07 08:24:44,073] {logging_mixin.py:115} INFO - [2022-07-07 08:24:44,073] {dag.py:2919} INFO - Setting next_dagrun for example_subdag_operator.section-1 to None, run_after=None
[2022-07-07 08:24:44,074] {logging_mixin.py:115} INFO - [2022-07-07 08:24:44,074] {dag.py:2919} INFO - Setting next_dagrun for example_subdag_operator.section-2 to None, run_after=None
[2022-07-07 08:24:44,080] {processor.py:161} INFO - Processing /home/airflow/.local/lib/python3.7/site-packages/airflow/example_dags/example_subdag_operator.py took 0.214 seconds
[2022-07-07 08:25:14,169] {processor.py:153} INFO - Started process (PID=1440) to work on /home/airflow/.local/lib/python3.7/site-packages/airflow/example_dags/example_subdag_operator.py
[2022-07-07 08:25:14,169] {processor.py:641} INFO - Processing file /home/airflow/.local/lib/python3.7/site-packages/airflow/example_dags/example_subdag_operator.py for tasks to queue
[2022-07-07 08:25:14,170] {logging_mixin.py:115} INFO - [2022-07-07 08:25:14,170] {dagbag.py:507} INFO - Filling up the DagBag from /home/airflow/.local/lib/python3.7/site-packages/airflow/example_dags/example_subdag_operator.py
[2022-07-07 08:25:14,197] {processor.py:651} INFO - DAG(s) dict_keys(['example_subdag_operator.section-1', 'example_subdag_operator.section-2', 'example_subdag_operator']) retrieved from /home/airflow/.local/lib/python3.7/site-packages/airflow/example_dags/example_subdag_operator.py
[2022-07-07 08:25:14,230] {logging_mixin.py:115} INFO - [2022-07-07 08:25:14,230] {dag.py:2371} INFO - Sync 3 DAGs
[2022-07-07 08:25:14,363] {logging_mixin.py:115} INFO - [2022-07-07 08:25:14,363] {dag.py:2919} INFO - Setting next_dagrun for example_subdag_operator to 2022-07-05T00:00:00+00:00, run_after=2022-07-05T00:00:00+00:00
[2022-07-07 08:25:14,363] {logging_mixin.py:115} INFO - [2022-07-07 08:25:14,363] {dag.py:2919} INFO - Setting next_dagrun for example_subdag_operator.section-1 to None, run_after=None
[2022-07-07 08:25:14,364] {logging_mixin.py:115} INFO - [2022-07-07 08:25:14,364] {dag.py:2919} INFO - Setting next_dagrun for example_subdag_operator.section-2 to None, run_after=None
[2022-07-07 08:25:14,370] {logging_mixin.py:115} INFO - [2022-07-07 08:25:14,370] {dag.py:2371} INFO - Sync 2 DAGs
[2022-07-07 08:25:14,375] {logging_mixin.py:115} INFO - [2022-07-07 08:25:14,375] {dag.py:2919} INFO - Setting next_dagrun for example_subdag_operator.section-1 to None, run_after=None
[2022-07-07 08:25:14,375] {logging_mixin.py:115} INFO - [2022-07-07 08:25:14,375] {dag.py:2919} INFO - Setting next_dagrun for example_subdag_operator.section-2 to None, run_after=None
[2022-07-07 08:25:14,381] {processor.py:161} INFO - Processing /home/airflow/.local/lib/python3.7/site-packages/airflow/example_dags/example_subdag_operator.py took 0.216 seconds
[2022-07-07 08:25:45,026] {processor.py:153} INFO - Started process (PID=1499) to work on /home/airflow/.local/lib/python3.7/site-packages/airflow/example_dags/example_subdag_operator.py
[2022-07-07 08:25:45,027] {processor.py:641} INFO - Processing file /home/airflow/.local/lib/python3.7/site-packages/airflow/example_dags/example_subdag_operator.py for tasks to queue
[2022-07-07 08:25:45,028] {logging_mixin.py:115} INFO - [2022-07-07 08:25:45,028] {dagbag.py:507} INFO - Filling up the DagBag from /home/airflow/.local/lib/python3.7/site-packages/airflow/example_dags/example_subdag_operator.py
[2022-07-07 08:25:45,066] {processor.py:651} INFO - DAG(s) dict_keys(['example_subdag_operator.section-1', 'example_subdag_operator.section-2', 'example_subdag_operator']) retrieved from /home/airflow/.local/lib/python3.7/site-packages/airflow/example_dags/example_subdag_operator.py
[2022-07-07 08:25:45,105] {logging_mixin.py:115} INFO - [2022-07-07 08:25:45,105] {dag.py:2371} INFO - Sync 3 DAGs
[2022-07-07 08:25:45,260] {logging_mixin.py:115} INFO - [2022-07-07 08:25:45,260] {dag.py:2919} INFO - Setting next_dagrun for example_subdag_operator to 2022-07-05T00:00:00+00:00, run_after=2022-07-05T00:00:00+00:00
[2022-07-07 08:25:45,260] {logging_mixin.py:115} INFO - [2022-07-07 08:25:45,260] {dag.py:2919} INFO - Setting next_dagrun for example_subdag_operator.section-1 to None, run_after=None
[2022-07-07 08:25:45,261] {logging_mixin.py:115} INFO - [2022-07-07 08:25:45,260] {dag.py:2919} INFO - Setting next_dagrun for example_subdag_operator.section-2 to None, run_after=None
[2022-07-07 08:25:45,267] {logging_mixin.py:115} INFO - [2022-07-07 08:25:45,267] {dag.py:2371} INFO - Sync 2 DAGs
[2022-07-07 08:25:45,272] {logging_mixin.py:115} INFO - [2022-07-07 08:25:45,272] {dag.py:2919} INFO - Setting next_dagrun for example_subdag_operator.section-1 to None, run_after=None
[2022-07-07 08:25:45,273] {logging_mixin.py:115} INFO - [2022-07-07 08:25:45,273] {dag.py:2919} INFO - Setting next_dagrun for example_subdag_operator.section-2 to None, run_after=None
[2022-07-07 08:25:45,280] {processor.py:161} INFO - Processing /home/airflow/.local/lib/python3.7/site-packages/airflow/example_dags/example_subdag_operator.py took 0.259 seconds
[2022-07-07 08:26:15,755] {processor.py:153} INFO - Started process (PID=1552) to work on /home/airflow/.local/lib/python3.7/site-packages/airflow/example_dags/example_subdag_operator.py
[2022-07-07 08:26:15,756] {processor.py:641} INFO - Processing file /home/airflow/.local/lib/python3.7/site-packages/airflow/example_dags/example_subdag_operator.py for tasks to queue
[2022-07-07 08:26:15,756] {logging_mixin.py:115} INFO - [2022-07-07 08:26:15,756] {dagbag.py:507} INFO - Filling up the DagBag from /home/airflow/.local/lib/python3.7/site-packages/airflow/example_dags/example_subdag_operator.py
[2022-07-07 08:26:15,791] {processor.py:651} INFO - DAG(s) dict_keys(['example_subdag_operator.section-1', 'example_subdag_operator.section-2', 'example_subdag_operator']) retrieved from /home/airflow/.local/lib/python3.7/site-packages/airflow/example_dags/example_subdag_operator.py
[2022-07-07 08:26:15,838] {logging_mixin.py:115} INFO - [2022-07-07 08:26:15,838] {dag.py:2371} INFO - Sync 3 DAGs
[2022-07-07 08:26:16,044] {logging_mixin.py:115} INFO - [2022-07-07 08:26:16,044] {dag.py:2919} INFO - Setting next_dagrun for example_subdag_operator to 2022-07-05T00:00:00+00:00, run_after=2022-07-05T00:00:00+00:00
[2022-07-07 08:26:16,045] {logging_mixin.py:115} INFO - [2022-07-07 08:26:16,045] {dag.py:2919} INFO - Setting next_dagrun for example_subdag_operator.section-1 to None, run_after=None
[2022-07-07 08:26:16,045] {logging_mixin.py:115} INFO - [2022-07-07 08:26:16,045] {dag.py:2919} INFO - Setting next_dagrun for example_subdag_operator.section-2 to None, run_after=None
[2022-07-07 08:26:16,055] {logging_mixin.py:115} INFO - [2022-07-07 08:26:16,055] {dag.py:2371} INFO - Sync 2 DAGs
[2022-07-07 08:26:16,065] {logging_mixin.py:115} INFO - [2022-07-07 08:26:16,065] {dag.py:2919} INFO - Setting next_dagrun for example_subdag_operator.section-1 to None, run_after=None
[2022-07-07 08:26:16,065] {logging_mixin.py:115} INFO - [2022-07-07 08:26:16,065] {dag.py:2919} INFO - Setting next_dagrun for example_subdag_operator.section-2 to None, run_after=None
[2022-07-07 08:26:16,075] {processor.py:161} INFO - Processing /home/airflow/.local/lib/python3.7/site-packages/airflow/example_dags/example_subdag_operator.py took 0.325 seconds
[2022-07-07 08:26:46,660] {processor.py:153} INFO - Started process (PID=1615) to work on /home/airflow/.local/lib/python3.7/site-packages/airflow/example_dags/example_subdag_operator.py
[2022-07-07 08:26:46,661] {processor.py:641} INFO - Processing file /home/airflow/.local/lib/python3.7/site-packages/airflow/example_dags/example_subdag_operator.py for tasks to queue
[2022-07-07 08:26:46,661] {logging_mixin.py:115} INFO - [2022-07-07 08:26:46,661] {dagbag.py:507} INFO - Filling up the DagBag from /home/airflow/.local/lib/python3.7/site-packages/airflow/example_dags/example_subdag_operator.py
[2022-07-07 08:26:46,690] {processor.py:651} INFO - DAG(s) dict_keys(['example_subdag_operator.section-1', 'example_subdag_operator.section-2', 'example_subdag_operator']) retrieved from /home/airflow/.local/lib/python3.7/site-packages/airflow/example_dags/example_subdag_operator.py
[2022-07-07 08:26:46,725] {logging_mixin.py:115} INFO - [2022-07-07 08:26:46,725] {dag.py:2371} INFO - Sync 3 DAGs
[2022-07-07 08:26:46,868] {logging_mixin.py:115} INFO - [2022-07-07 08:26:46,868] {dag.py:2919} INFO - Setting next_dagrun for example_subdag_operator to 2022-07-05T00:00:00+00:00, run_after=2022-07-05T00:00:00+00:00
[2022-07-07 08:26:46,869] {logging_mixin.py:115} INFO - [2022-07-07 08:26:46,869] {dag.py:2919} INFO - Setting next_dagrun for example_subdag_operator.section-1 to None, run_after=None
[2022-07-07 08:26:46,869] {logging_mixin.py:115} INFO - [2022-07-07 08:26:46,869] {dag.py:2919} INFO - Setting next_dagrun for example_subdag_operator.section-2 to None, run_after=None
[2022-07-07 08:26:46,880] {logging_mixin.py:115} INFO - [2022-07-07 08:26:46,880] {dag.py:2371} INFO - Sync 2 DAGs
[2022-07-07 08:26:46,888] {logging_mixin.py:115} INFO - [2022-07-07 08:26:46,887] {dag.py:2919} INFO - Setting next_dagrun for example_subdag_operator.section-1 to None, run_after=None
[2022-07-07 08:26:46,888] {logging_mixin.py:115} INFO - [2022-07-07 08:26:46,888] {dag.py:2919} INFO - Setting next_dagrun for example_subdag_operator.section-2 to None, run_after=None
[2022-07-07 08:26:46,897] {processor.py:161} INFO - Processing /home/airflow/.local/lib/python3.7/site-packages/airflow/example_dags/example_subdag_operator.py took 0.241 seconds
