[2022-07-07 08:13:24,249] {processor.py:153} INFO - Started process (PID=53) to work on /home/airflow/.local/lib/python3.7/site-packages/airflow/example_dags/example_local_kubernetes_executor.py
[2022-07-07 08:13:24,252] {processor.py:641} INFO - Processing file /home/airflow/.local/lib/python3.7/site-packages/airflow/example_dags/example_local_kubernetes_executor.py for tasks to queue
[2022-07-07 08:13:24,255] {logging_mixin.py:115} INFO - [2022-07-07 08:13:24,255] {dagbag.py:507} INFO - Filling up the DagBag from /home/airflow/.local/lib/python3.7/site-packages/airflow/example_dags/example_local_kubernetes_executor.py
[2022-07-07 08:13:24,299] {processor.py:651} INFO - DAG(s) dict_keys(['example_local_kubernetes_executor']) retrieved from /home/airflow/.local/lib/python3.7/site-packages/airflow/example_dags/example_local_kubernetes_executor.py
[2022-07-07 08:13:24,549] {logging_mixin.py:115} INFO - [2022-07-07 08:13:24,549] {manager.py:508} INFO - Created Permission View: can edit on DAG:example_local_kubernetes_executor
[2022-07-07 08:13:24,569] {logging_mixin.py:115} INFO - [2022-07-07 08:13:24,568] {manager.py:508} INFO - Created Permission View: can delete on DAG:example_local_kubernetes_executor
[2022-07-07 08:13:24,581] {logging_mixin.py:115} INFO - [2022-07-07 08:13:24,581] {manager.py:508} INFO - Created Permission View: can read on DAG:example_local_kubernetes_executor
[2022-07-07 08:13:24,582] {logging_mixin.py:115} INFO - [2022-07-07 08:13:24,582] {dag.py:2371} INFO - Sync 1 DAGs
[2022-07-07 08:13:24,603] {logging_mixin.py:115} INFO - [2022-07-07 08:13:24,603] {dag.py:2390} INFO - Creating ORM DAG for example_local_kubernetes_executor
[2022-07-07 08:13:24,622] {logging_mixin.py:115} INFO - [2022-07-07 08:13:24,622] {dag.py:2919} INFO - Setting next_dagrun for example_local_kubernetes_executor to None, run_after=None
[2022-07-07 08:13:24,655] {processor.py:161} INFO - Processing /home/airflow/.local/lib/python3.7/site-packages/airflow/example_dags/example_local_kubernetes_executor.py took 0.411 seconds
[2022-07-07 08:13:55,053] {processor.py:153} INFO - Started process (PID=105) to work on /home/airflow/.local/lib/python3.7/site-packages/airflow/example_dags/example_local_kubernetes_executor.py
[2022-07-07 08:13:55,054] {processor.py:641} INFO - Processing file /home/airflow/.local/lib/python3.7/site-packages/airflow/example_dags/example_local_kubernetes_executor.py for tasks to queue
[2022-07-07 08:13:55,054] {logging_mixin.py:115} INFO - [2022-07-07 08:13:55,054] {dagbag.py:507} INFO - Filling up the DagBag from /home/airflow/.local/lib/python3.7/site-packages/airflow/example_dags/example_local_kubernetes_executor.py
[2022-07-07 08:13:55,075] {processor.py:651} INFO - DAG(s) dict_keys(['example_local_kubernetes_executor']) retrieved from /home/airflow/.local/lib/python3.7/site-packages/airflow/example_dags/example_local_kubernetes_executor.py
[2022-07-07 08:13:55,102] {logging_mixin.py:115} INFO - [2022-07-07 08:13:55,102] {dag.py:2371} INFO - Sync 1 DAGs
[2022-07-07 08:13:55,286] {logging_mixin.py:115} INFO - [2022-07-07 08:13:55,286] {dag.py:2919} INFO - Setting next_dagrun for example_local_kubernetes_executor to None, run_after=None
[2022-07-07 08:13:55,302] {processor.py:161} INFO - Processing /home/airflow/.local/lib/python3.7/site-packages/airflow/example_dags/example_local_kubernetes_executor.py took 0.253 seconds
[2022-07-07 08:14:26,015] {processor.py:153} INFO - Started process (PID=169) to work on /home/airflow/.local/lib/python3.7/site-packages/airflow/example_dags/example_local_kubernetes_executor.py
[2022-07-07 08:14:26,016] {processor.py:641} INFO - Processing file /home/airflow/.local/lib/python3.7/site-packages/airflow/example_dags/example_local_kubernetes_executor.py for tasks to queue
[2022-07-07 08:14:26,017] {logging_mixin.py:115} INFO - [2022-07-07 08:14:26,016] {dagbag.py:507} INFO - Filling up the DagBag from /home/airflow/.local/lib/python3.7/site-packages/airflow/example_dags/example_local_kubernetes_executor.py
[2022-07-07 08:14:26,037] {processor.py:651} INFO - DAG(s) dict_keys(['example_local_kubernetes_executor']) retrieved from /home/airflow/.local/lib/python3.7/site-packages/airflow/example_dags/example_local_kubernetes_executor.py
[2022-07-07 08:14:26,066] {logging_mixin.py:115} INFO - [2022-07-07 08:14:26,066] {dag.py:2371} INFO - Sync 1 DAGs
[2022-07-07 08:14:26,213] {logging_mixin.py:115} INFO - [2022-07-07 08:14:26,213] {dag.py:2919} INFO - Setting next_dagrun for example_local_kubernetes_executor to None, run_after=None
[2022-07-07 08:14:26,226] {processor.py:161} INFO - Processing /home/airflow/.local/lib/python3.7/site-packages/airflow/example_dags/example_local_kubernetes_executor.py took 0.215 seconds
[2022-07-07 08:14:56,964] {processor.py:153} INFO - Started process (PID=232) to work on /home/airflow/.local/lib/python3.7/site-packages/airflow/example_dags/example_local_kubernetes_executor.py
[2022-07-07 08:14:56,965] {processor.py:641} INFO - Processing file /home/airflow/.local/lib/python3.7/site-packages/airflow/example_dags/example_local_kubernetes_executor.py for tasks to queue
[2022-07-07 08:14:56,966] {logging_mixin.py:115} INFO - [2022-07-07 08:14:56,966] {dagbag.py:507} INFO - Filling up the DagBag from /home/airflow/.local/lib/python3.7/site-packages/airflow/example_dags/example_local_kubernetes_executor.py
[2022-07-07 08:14:56,988] {processor.py:651} INFO - DAG(s) dict_keys(['example_local_kubernetes_executor']) retrieved from /home/airflow/.local/lib/python3.7/site-packages/airflow/example_dags/example_local_kubernetes_executor.py
[2022-07-07 08:14:57,016] {logging_mixin.py:115} INFO - [2022-07-07 08:14:57,016] {dag.py:2371} INFO - Sync 1 DAGs
[2022-07-07 08:14:57,175] {logging_mixin.py:115} INFO - [2022-07-07 08:14:57,175] {dag.py:2919} INFO - Setting next_dagrun for example_local_kubernetes_executor to None, run_after=None
[2022-07-07 08:14:57,188] {processor.py:161} INFO - Processing /home/airflow/.local/lib/python3.7/site-packages/airflow/example_dags/example_local_kubernetes_executor.py took 0.228 seconds
[2022-07-07 08:15:27,381] {processor.py:153} INFO - Started process (PID=285) to work on /home/airflow/.local/lib/python3.7/site-packages/airflow/example_dags/example_local_kubernetes_executor.py
[2022-07-07 08:15:27,382] {processor.py:641} INFO - Processing file /home/airflow/.local/lib/python3.7/site-packages/airflow/example_dags/example_local_kubernetes_executor.py for tasks to queue
[2022-07-07 08:15:27,382] {logging_mixin.py:115} INFO - [2022-07-07 08:15:27,382] {dagbag.py:507} INFO - Filling up the DagBag from /home/airflow/.local/lib/python3.7/site-packages/airflow/example_dags/example_local_kubernetes_executor.py
[2022-07-07 08:15:27,403] {processor.py:651} INFO - DAG(s) dict_keys(['example_local_kubernetes_executor']) retrieved from /home/airflow/.local/lib/python3.7/site-packages/airflow/example_dags/example_local_kubernetes_executor.py
[2022-07-07 08:15:27,430] {logging_mixin.py:115} INFO - [2022-07-07 08:15:27,429] {dag.py:2371} INFO - Sync 1 DAGs
[2022-07-07 08:15:27,583] {logging_mixin.py:115} INFO - [2022-07-07 08:15:27,583] {dag.py:2919} INFO - Setting next_dagrun for example_local_kubernetes_executor to None, run_after=None
[2022-07-07 08:15:27,599] {processor.py:161} INFO - Processing /home/airflow/.local/lib/python3.7/site-packages/airflow/example_dags/example_local_kubernetes_executor.py took 0.221 seconds
[2022-07-07 08:15:58,268] {processor.py:153} INFO - Started process (PID=347) to work on /home/airflow/.local/lib/python3.7/site-packages/airflow/example_dags/example_local_kubernetes_executor.py
[2022-07-07 08:15:58,269] {processor.py:641} INFO - Processing file /home/airflow/.local/lib/python3.7/site-packages/airflow/example_dags/example_local_kubernetes_executor.py for tasks to queue
[2022-07-07 08:15:58,270] {logging_mixin.py:115} INFO - [2022-07-07 08:15:58,270] {dagbag.py:507} INFO - Filling up the DagBag from /home/airflow/.local/lib/python3.7/site-packages/airflow/example_dags/example_local_kubernetes_executor.py
[2022-07-07 08:15:58,293] {processor.py:651} INFO - DAG(s) dict_keys(['example_local_kubernetes_executor']) retrieved from /home/airflow/.local/lib/python3.7/site-packages/airflow/example_dags/example_local_kubernetes_executor.py
[2022-07-07 08:15:58,323] {logging_mixin.py:115} INFO - [2022-07-07 08:15:58,323] {dag.py:2371} INFO - Sync 1 DAGs
[2022-07-07 08:15:58,481] {logging_mixin.py:115} INFO - [2022-07-07 08:15:58,481] {dag.py:2919} INFO - Setting next_dagrun for example_local_kubernetes_executor to None, run_after=None
[2022-07-07 08:15:58,495] {processor.py:161} INFO - Processing /home/airflow/.local/lib/python3.7/site-packages/airflow/example_dags/example_local_kubernetes_executor.py took 0.232 seconds
[2022-07-07 08:16:29,110] {processor.py:153} INFO - Started process (PID=409) to work on /home/airflow/.local/lib/python3.7/site-packages/airflow/example_dags/example_local_kubernetes_executor.py
[2022-07-07 08:16:29,110] {processor.py:641} INFO - Processing file /home/airflow/.local/lib/python3.7/site-packages/airflow/example_dags/example_local_kubernetes_executor.py for tasks to queue
[2022-07-07 08:16:29,111] {logging_mixin.py:115} INFO - [2022-07-07 08:16:29,111] {dagbag.py:507} INFO - Filling up the DagBag from /home/airflow/.local/lib/python3.7/site-packages/airflow/example_dags/example_local_kubernetes_executor.py
[2022-07-07 08:16:29,132] {processor.py:651} INFO - DAG(s) dict_keys(['example_local_kubernetes_executor']) retrieved from /home/airflow/.local/lib/python3.7/site-packages/airflow/example_dags/example_local_kubernetes_executor.py
[2022-07-07 08:16:29,161] {logging_mixin.py:115} INFO - [2022-07-07 08:16:29,160] {dag.py:2371} INFO - Sync 1 DAGs
[2022-07-07 08:16:29,318] {logging_mixin.py:115} INFO - [2022-07-07 08:16:29,318] {dag.py:2919} INFO - Setting next_dagrun for example_local_kubernetes_executor to None, run_after=None
[2022-07-07 08:16:29,334] {processor.py:161} INFO - Processing /home/airflow/.local/lib/python3.7/site-packages/airflow/example_dags/example_local_kubernetes_executor.py took 0.229 seconds
[2022-07-07 08:16:59,738] {processor.py:153} INFO - Started process (PID=470) to work on /home/airflow/.local/lib/python3.7/site-packages/airflow/example_dags/example_local_kubernetes_executor.py
[2022-07-07 08:16:59,738] {processor.py:641} INFO - Processing file /home/airflow/.local/lib/python3.7/site-packages/airflow/example_dags/example_local_kubernetes_executor.py for tasks to queue
[2022-07-07 08:16:59,739] {logging_mixin.py:115} INFO - [2022-07-07 08:16:59,739] {dagbag.py:507} INFO - Filling up the DagBag from /home/airflow/.local/lib/python3.7/site-packages/airflow/example_dags/example_local_kubernetes_executor.py
[2022-07-07 08:16:59,765] {processor.py:651} INFO - DAG(s) dict_keys(['example_local_kubernetes_executor']) retrieved from /home/airflow/.local/lib/python3.7/site-packages/airflow/example_dags/example_local_kubernetes_executor.py
[2022-07-07 08:16:59,803] {logging_mixin.py:115} INFO - [2022-07-07 08:16:59,803] {dag.py:2371} INFO - Sync 1 DAGs
[2022-07-07 08:16:59,970] {logging_mixin.py:115} INFO - [2022-07-07 08:16:59,969] {dag.py:2919} INFO - Setting next_dagrun for example_local_kubernetes_executor to None, run_after=None
[2022-07-07 08:16:59,984] {processor.py:161} INFO - Processing /home/airflow/.local/lib/python3.7/site-packages/airflow/example_dags/example_local_kubernetes_executor.py took 0.250 seconds
[2022-07-07 08:17:30,564] {processor.py:153} INFO - Started process (PID=523) to work on /home/airflow/.local/lib/python3.7/site-packages/airflow/example_dags/example_local_kubernetes_executor.py
[2022-07-07 08:17:30,565] {processor.py:641} INFO - Processing file /home/airflow/.local/lib/python3.7/site-packages/airflow/example_dags/example_local_kubernetes_executor.py for tasks to queue
[2022-07-07 08:17:30,566] {logging_mixin.py:115} INFO - [2022-07-07 08:17:30,566] {dagbag.py:507} INFO - Filling up the DagBag from /home/airflow/.local/lib/python3.7/site-packages/airflow/example_dags/example_local_kubernetes_executor.py
[2022-07-07 08:17:30,591] {processor.py:651} INFO - DAG(s) dict_keys(['example_local_kubernetes_executor']) retrieved from /home/airflow/.local/lib/python3.7/site-packages/airflow/example_dags/example_local_kubernetes_executor.py
[2022-07-07 08:17:30,624] {logging_mixin.py:115} INFO - [2022-07-07 08:17:30,624] {dag.py:2371} INFO - Sync 1 DAGs
[2022-07-07 08:17:30,797] {logging_mixin.py:115} INFO - [2022-07-07 08:17:30,797] {dag.py:2919} INFO - Setting next_dagrun for example_local_kubernetes_executor to None, run_after=None
[2022-07-07 08:17:30,814] {processor.py:161} INFO - Processing /home/airflow/.local/lib/python3.7/site-packages/airflow/example_dags/example_local_kubernetes_executor.py took 0.254 seconds
[2022-07-07 08:18:00,956] {processor.py:153} INFO - Started process (PID=586) to work on /home/airflow/.local/lib/python3.7/site-packages/airflow/example_dags/example_local_kubernetes_executor.py
[2022-07-07 08:18:00,956] {processor.py:641} INFO - Processing file /home/airflow/.local/lib/python3.7/site-packages/airflow/example_dags/example_local_kubernetes_executor.py for tasks to queue
[2022-07-07 08:18:00,957] {logging_mixin.py:115} INFO - [2022-07-07 08:18:00,957] {dagbag.py:507} INFO - Filling up the DagBag from /home/airflow/.local/lib/python3.7/site-packages/airflow/example_dags/example_local_kubernetes_executor.py
[2022-07-07 08:18:00,977] {processor.py:651} INFO - DAG(s) dict_keys(['example_local_kubernetes_executor']) retrieved from /home/airflow/.local/lib/python3.7/site-packages/airflow/example_dags/example_local_kubernetes_executor.py
[2022-07-07 08:18:01,001] {logging_mixin.py:115} INFO - [2022-07-07 08:18:01,001] {dag.py:2371} INFO - Sync 1 DAGs
[2022-07-07 08:18:01,143] {logging_mixin.py:115} INFO - [2022-07-07 08:18:01,143] {dag.py:2919} INFO - Setting next_dagrun for example_local_kubernetes_executor to None, run_after=None
[2022-07-07 08:18:01,155] {processor.py:161} INFO - Processing /home/airflow/.local/lib/python3.7/site-packages/airflow/example_dags/example_local_kubernetes_executor.py took 0.203 seconds
[2022-07-07 08:18:31,656] {processor.py:153} INFO - Started process (PID=648) to work on /home/airflow/.local/lib/python3.7/site-packages/airflow/example_dags/example_local_kubernetes_executor.py
[2022-07-07 08:18:31,657] {processor.py:641} INFO - Processing file /home/airflow/.local/lib/python3.7/site-packages/airflow/example_dags/example_local_kubernetes_executor.py for tasks to queue
[2022-07-07 08:18:31,658] {logging_mixin.py:115} INFO - [2022-07-07 08:18:31,658] {dagbag.py:507} INFO - Filling up the DagBag from /home/airflow/.local/lib/python3.7/site-packages/airflow/example_dags/example_local_kubernetes_executor.py
[2022-07-07 08:18:31,689] {processor.py:651} INFO - DAG(s) dict_keys(['example_local_kubernetes_executor']) retrieved from /home/airflow/.local/lib/python3.7/site-packages/airflow/example_dags/example_local_kubernetes_executor.py
[2022-07-07 08:18:31,752] {logging_mixin.py:115} INFO - [2022-07-07 08:18:31,752] {dag.py:2371} INFO - Sync 1 DAGs
[2022-07-07 08:18:31,969] {logging_mixin.py:115} INFO - [2022-07-07 08:18:31,969] {dag.py:2919} INFO - Setting next_dagrun for example_local_kubernetes_executor to None, run_after=None
[2022-07-07 08:18:32,009] {processor.py:161} INFO - Processing /home/airflow/.local/lib/python3.7/site-packages/airflow/example_dags/example_local_kubernetes_executor.py took 0.359 seconds
[2022-07-07 08:19:02,178] {processor.py:153} INFO - Started process (PID=701) to work on /home/airflow/.local/lib/python3.7/site-packages/airflow/example_dags/example_local_kubernetes_executor.py
[2022-07-07 08:19:02,178] {processor.py:641} INFO - Processing file /home/airflow/.local/lib/python3.7/site-packages/airflow/example_dags/example_local_kubernetes_executor.py for tasks to queue
[2022-07-07 08:19:02,179] {logging_mixin.py:115} INFO - [2022-07-07 08:19:02,179] {dagbag.py:507} INFO - Filling up the DagBag from /home/airflow/.local/lib/python3.7/site-packages/airflow/example_dags/example_local_kubernetes_executor.py
[2022-07-07 08:19:02,197] {processor.py:651} INFO - DAG(s) dict_keys(['example_local_kubernetes_executor']) retrieved from /home/airflow/.local/lib/python3.7/site-packages/airflow/example_dags/example_local_kubernetes_executor.py
[2022-07-07 08:19:02,222] {logging_mixin.py:115} INFO - [2022-07-07 08:19:02,222] {dag.py:2371} INFO - Sync 1 DAGs
[2022-07-07 08:19:02,353] {logging_mixin.py:115} INFO - [2022-07-07 08:19:02,353] {dag.py:2919} INFO - Setting next_dagrun for example_local_kubernetes_executor to None, run_after=None
[2022-07-07 08:19:02,364] {processor.py:161} INFO - Processing /home/airflow/.local/lib/python3.7/site-packages/airflow/example_dags/example_local_kubernetes_executor.py took 0.190 seconds
[2022-07-07 08:19:32,436] {processor.py:153} INFO - Started process (PID=762) to work on /home/airflow/.local/lib/python3.7/site-packages/airflow/example_dags/example_local_kubernetes_executor.py
[2022-07-07 08:19:32,436] {processor.py:641} INFO - Processing file /home/airflow/.local/lib/python3.7/site-packages/airflow/example_dags/example_local_kubernetes_executor.py for tasks to queue
[2022-07-07 08:19:32,437] {logging_mixin.py:115} INFO - [2022-07-07 08:19:32,437] {dagbag.py:507} INFO - Filling up the DagBag from /home/airflow/.local/lib/python3.7/site-packages/airflow/example_dags/example_local_kubernetes_executor.py
[2022-07-07 08:19:32,456] {processor.py:651} INFO - DAG(s) dict_keys(['example_local_kubernetes_executor']) retrieved from /home/airflow/.local/lib/python3.7/site-packages/airflow/example_dags/example_local_kubernetes_executor.py
[2022-07-07 08:19:32,483] {logging_mixin.py:115} INFO - [2022-07-07 08:19:32,483] {dag.py:2371} INFO - Sync 1 DAGs
[2022-07-07 08:19:32,615] {logging_mixin.py:115} INFO - [2022-07-07 08:19:32,615] {dag.py:2919} INFO - Setting next_dagrun for example_local_kubernetes_executor to None, run_after=None
[2022-07-07 08:19:32,627] {processor.py:161} INFO - Processing /home/airflow/.local/lib/python3.7/site-packages/airflow/example_dags/example_local_kubernetes_executor.py took 0.196 seconds
[2022-07-07 08:20:02,988] {processor.py:153} INFO - Started process (PID=825) to work on /home/airflow/.local/lib/python3.7/site-packages/airflow/example_dags/example_local_kubernetes_executor.py
[2022-07-07 08:20:02,989] {processor.py:641} INFO - Processing file /home/airflow/.local/lib/python3.7/site-packages/airflow/example_dags/example_local_kubernetes_executor.py for tasks to queue
[2022-07-07 08:20:02,990] {logging_mixin.py:115} INFO - [2022-07-07 08:20:02,990] {dagbag.py:507} INFO - Filling up the DagBag from /home/airflow/.local/lib/python3.7/site-packages/airflow/example_dags/example_local_kubernetes_executor.py
[2022-07-07 08:20:03,011] {processor.py:651} INFO - DAG(s) dict_keys(['example_local_kubernetes_executor']) retrieved from /home/airflow/.local/lib/python3.7/site-packages/airflow/example_dags/example_local_kubernetes_executor.py
[2022-07-07 08:20:03,040] {logging_mixin.py:115} INFO - [2022-07-07 08:20:03,039] {dag.py:2371} INFO - Sync 1 DAGs
[2022-07-07 08:20:03,185] {logging_mixin.py:115} INFO - [2022-07-07 08:20:03,185] {dag.py:2919} INFO - Setting next_dagrun for example_local_kubernetes_executor to None, run_after=None
[2022-07-07 08:20:03,201] {processor.py:161} INFO - Processing /home/airflow/.local/lib/python3.7/site-packages/airflow/example_dags/example_local_kubernetes_executor.py took 0.217 seconds
[2022-07-07 08:20:33,440] {processor.py:153} INFO - Started process (PID=877) to work on /home/airflow/.local/lib/python3.7/site-packages/airflow/example_dags/example_local_kubernetes_executor.py
[2022-07-07 08:20:33,441] {processor.py:641} INFO - Processing file /home/airflow/.local/lib/python3.7/site-packages/airflow/example_dags/example_local_kubernetes_executor.py for tasks to queue
[2022-07-07 08:20:33,444] {logging_mixin.py:115} INFO - [2022-07-07 08:20:33,444] {dagbag.py:507} INFO - Filling up the DagBag from /home/airflow/.local/lib/python3.7/site-packages/airflow/example_dags/example_local_kubernetes_executor.py
[2022-07-07 08:20:33,470] {processor.py:651} INFO - DAG(s) dict_keys(['example_local_kubernetes_executor']) retrieved from /home/airflow/.local/lib/python3.7/site-packages/airflow/example_dags/example_local_kubernetes_executor.py
[2022-07-07 08:20:33,506] {logging_mixin.py:115} INFO - [2022-07-07 08:20:33,506] {dag.py:2371} INFO - Sync 1 DAGs
[2022-07-07 08:20:33,665] {logging_mixin.py:115} INFO - [2022-07-07 08:20:33,665] {dag.py:2919} INFO - Setting next_dagrun for example_local_kubernetes_executor to None, run_after=None
[2022-07-07 08:20:33,687] {processor.py:161} INFO - Processing /home/airflow/.local/lib/python3.7/site-packages/airflow/example_dags/example_local_kubernetes_executor.py took 0.252 seconds
[2022-07-07 08:21:03,901] {processor.py:153} INFO - Started process (PID=939) to work on /home/airflow/.local/lib/python3.7/site-packages/airflow/example_dags/example_local_kubernetes_executor.py
[2022-07-07 08:21:03,901] {processor.py:641} INFO - Processing file /home/airflow/.local/lib/python3.7/site-packages/airflow/example_dags/example_local_kubernetes_executor.py for tasks to queue
[2022-07-07 08:21:03,902] {logging_mixin.py:115} INFO - [2022-07-07 08:21:03,902] {dagbag.py:507} INFO - Filling up the DagBag from /home/airflow/.local/lib/python3.7/site-packages/airflow/example_dags/example_local_kubernetes_executor.py
[2022-07-07 08:21:03,928] {processor.py:651} INFO - DAG(s) dict_keys(['example_local_kubernetes_executor']) retrieved from /home/airflow/.local/lib/python3.7/site-packages/airflow/example_dags/example_local_kubernetes_executor.py
[2022-07-07 08:21:03,962] {logging_mixin.py:115} INFO - [2022-07-07 08:21:03,962] {dag.py:2371} INFO - Sync 1 DAGs
[2022-07-07 08:21:04,112] {logging_mixin.py:115} INFO - [2022-07-07 08:21:04,111] {dag.py:2919} INFO - Setting next_dagrun for example_local_kubernetes_executor to None, run_after=None
[2022-07-07 08:21:04,129] {processor.py:161} INFO - Processing /home/airflow/.local/lib/python3.7/site-packages/airflow/example_dags/example_local_kubernetes_executor.py took 0.232 seconds
[2022-07-07 08:21:34,623] {processor.py:153} INFO - Started process (PID=1001) to work on /home/airflow/.local/lib/python3.7/site-packages/airflow/example_dags/example_local_kubernetes_executor.py
[2022-07-07 08:21:34,624] {processor.py:641} INFO - Processing file /home/airflow/.local/lib/python3.7/site-packages/airflow/example_dags/example_local_kubernetes_executor.py for tasks to queue
[2022-07-07 08:21:34,625] {logging_mixin.py:115} INFO - [2022-07-07 08:21:34,624] {dagbag.py:507} INFO - Filling up the DagBag from /home/airflow/.local/lib/python3.7/site-packages/airflow/example_dags/example_local_kubernetes_executor.py
[2022-07-07 08:21:34,644] {processor.py:651} INFO - DAG(s) dict_keys(['example_local_kubernetes_executor']) retrieved from /home/airflow/.local/lib/python3.7/site-packages/airflow/example_dags/example_local_kubernetes_executor.py
[2022-07-07 08:21:34,674] {logging_mixin.py:115} INFO - [2022-07-07 08:21:34,674] {dag.py:2371} INFO - Sync 1 DAGs
[2022-07-07 08:21:34,822] {logging_mixin.py:115} INFO - [2022-07-07 08:21:34,821] {dag.py:2919} INFO - Setting next_dagrun for example_local_kubernetes_executor to None, run_after=None
[2022-07-07 08:21:34,837] {processor.py:161} INFO - Processing /home/airflow/.local/lib/python3.7/site-packages/airflow/example_dags/example_local_kubernetes_executor.py took 0.217 seconds
[2022-07-07 08:22:05,070] {processor.py:153} INFO - Started process (PID=1053) to work on /home/airflow/.local/lib/python3.7/site-packages/airflow/example_dags/example_local_kubernetes_executor.py
[2022-07-07 08:22:05,074] {processor.py:641} INFO - Processing file /home/airflow/.local/lib/python3.7/site-packages/airflow/example_dags/example_local_kubernetes_executor.py for tasks to queue
[2022-07-07 08:22:05,075] {logging_mixin.py:115} INFO - [2022-07-07 08:22:05,075] {dagbag.py:507} INFO - Filling up the DagBag from /home/airflow/.local/lib/python3.7/site-packages/airflow/example_dags/example_local_kubernetes_executor.py
[2022-07-07 08:22:05,098] {processor.py:651} INFO - DAG(s) dict_keys(['example_local_kubernetes_executor']) retrieved from /home/airflow/.local/lib/python3.7/site-packages/airflow/example_dags/example_local_kubernetes_executor.py
[2022-07-07 08:22:05,127] {logging_mixin.py:115} INFO - [2022-07-07 08:22:05,127] {dag.py:2371} INFO - Sync 1 DAGs
[2022-07-07 08:22:05,278] {logging_mixin.py:115} INFO - [2022-07-07 08:22:05,277] {dag.py:2919} INFO - Setting next_dagrun for example_local_kubernetes_executor to None, run_after=None
[2022-07-07 08:22:05,291] {processor.py:161} INFO - Processing /home/airflow/.local/lib/python3.7/site-packages/airflow/example_dags/example_local_kubernetes_executor.py took 0.224 seconds
[2022-07-07 08:22:35,650] {processor.py:153} INFO - Started process (PID=1116) to work on /home/airflow/.local/lib/python3.7/site-packages/airflow/example_dags/example_local_kubernetes_executor.py
[2022-07-07 08:22:35,651] {processor.py:641} INFO - Processing file /home/airflow/.local/lib/python3.7/site-packages/airflow/example_dags/example_local_kubernetes_executor.py for tasks to queue
[2022-07-07 08:22:35,652] {logging_mixin.py:115} INFO - [2022-07-07 08:22:35,652] {dagbag.py:507} INFO - Filling up the DagBag from /home/airflow/.local/lib/python3.7/site-packages/airflow/example_dags/example_local_kubernetes_executor.py
[2022-07-07 08:22:35,679] {processor.py:651} INFO - DAG(s) dict_keys(['example_local_kubernetes_executor']) retrieved from /home/airflow/.local/lib/python3.7/site-packages/airflow/example_dags/example_local_kubernetes_executor.py
[2022-07-07 08:22:35,717] {logging_mixin.py:115} INFO - [2022-07-07 08:22:35,717] {dag.py:2371} INFO - Sync 1 DAGs
[2022-07-07 08:22:35,885] {logging_mixin.py:115} INFO - [2022-07-07 08:22:35,885] {dag.py:2919} INFO - Setting next_dagrun for example_local_kubernetes_executor to None, run_after=None
[2022-07-07 08:22:35,900] {processor.py:161} INFO - Processing /home/airflow/.local/lib/python3.7/site-packages/airflow/example_dags/example_local_kubernetes_executor.py took 0.254 seconds
[2022-07-07 08:23:06,680] {processor.py:153} INFO - Started process (PID=1178) to work on /home/airflow/.local/lib/python3.7/site-packages/airflow/example_dags/example_local_kubernetes_executor.py
[2022-07-07 08:23:06,681] {processor.py:641} INFO - Processing file /home/airflow/.local/lib/python3.7/site-packages/airflow/example_dags/example_local_kubernetes_executor.py for tasks to queue
[2022-07-07 08:23:06,682] {logging_mixin.py:115} INFO - [2022-07-07 08:23:06,682] {dagbag.py:507} INFO - Filling up the DagBag from /home/airflow/.local/lib/python3.7/site-packages/airflow/example_dags/example_local_kubernetes_executor.py
[2022-07-07 08:23:06,707] {processor.py:651} INFO - DAG(s) dict_keys(['example_local_kubernetes_executor']) retrieved from /home/airflow/.local/lib/python3.7/site-packages/airflow/example_dags/example_local_kubernetes_executor.py
[2022-07-07 08:23:06,743] {logging_mixin.py:115} INFO - [2022-07-07 08:23:06,743] {dag.py:2371} INFO - Sync 1 DAGs
[2022-07-07 08:23:06,912] {logging_mixin.py:115} INFO - [2022-07-07 08:23:06,912] {dag.py:2919} INFO - Setting next_dagrun for example_local_kubernetes_executor to None, run_after=None
[2022-07-07 08:23:06,927] {processor.py:161} INFO - Processing /home/airflow/.local/lib/python3.7/site-packages/airflow/example_dags/example_local_kubernetes_executor.py took 0.251 seconds
[2022-07-07 08:23:37,304] {processor.py:153} INFO - Started process (PID=1231) to work on /home/airflow/.local/lib/python3.7/site-packages/airflow/example_dags/example_local_kubernetes_executor.py
[2022-07-07 08:23:37,305] {processor.py:641} INFO - Processing file /home/airflow/.local/lib/python3.7/site-packages/airflow/example_dags/example_local_kubernetes_executor.py for tasks to queue
[2022-07-07 08:23:37,309] {logging_mixin.py:115} INFO - [2022-07-07 08:23:37,309] {dagbag.py:507} INFO - Filling up the DagBag from /home/airflow/.local/lib/python3.7/site-packages/airflow/example_dags/example_local_kubernetes_executor.py
[2022-07-07 08:23:37,338] {processor.py:651} INFO - DAG(s) dict_keys(['example_local_kubernetes_executor']) retrieved from /home/airflow/.local/lib/python3.7/site-packages/airflow/example_dags/example_local_kubernetes_executor.py
[2022-07-07 08:23:37,529] {logging_mixin.py:115} INFO - [2022-07-07 08:23:37,529] {dag.py:2371} INFO - Sync 1 DAGs
[2022-07-07 08:23:37,552] {logging_mixin.py:115} INFO - [2022-07-07 08:23:37,551] {dag.py:2919} INFO - Setting next_dagrun for example_local_kubernetes_executor to None, run_after=None
[2022-07-07 08:23:37,568] {processor.py:161} INFO - Processing /home/airflow/.local/lib/python3.7/site-packages/airflow/example_dags/example_local_kubernetes_executor.py took 0.270 seconds
[2022-07-07 08:24:07,627] {processor.py:153} INFO - Started process (PID=1293) to work on /home/airflow/.local/lib/python3.7/site-packages/airflow/example_dags/example_local_kubernetes_executor.py
[2022-07-07 08:24:07,628] {processor.py:641} INFO - Processing file /home/airflow/.local/lib/python3.7/site-packages/airflow/example_dags/example_local_kubernetes_executor.py for tasks to queue
[2022-07-07 08:24:07,629] {logging_mixin.py:115} INFO - [2022-07-07 08:24:07,628] {dagbag.py:507} INFO - Filling up the DagBag from /home/airflow/.local/lib/python3.7/site-packages/airflow/example_dags/example_local_kubernetes_executor.py
[2022-07-07 08:24:07,649] {processor.py:651} INFO - DAG(s) dict_keys(['example_local_kubernetes_executor']) retrieved from /home/airflow/.local/lib/python3.7/site-packages/airflow/example_dags/example_local_kubernetes_executor.py
[2022-07-07 08:24:07,816] {logging_mixin.py:115} INFO - [2022-07-07 08:24:07,816] {dag.py:2371} INFO - Sync 1 DAGs
[2022-07-07 08:24:07,844] {logging_mixin.py:115} INFO - [2022-07-07 08:24:07,844] {dag.py:2919} INFO - Setting next_dagrun for example_local_kubernetes_executor to None, run_after=None
[2022-07-07 08:24:07,857] {processor.py:161} INFO - Processing /home/airflow/.local/lib/python3.7/site-packages/airflow/example_dags/example_local_kubernetes_executor.py took 0.233 seconds
[2022-07-07 08:24:38,490] {processor.py:153} INFO - Started process (PID=1354) to work on /home/airflow/.local/lib/python3.7/site-packages/airflow/example_dags/example_local_kubernetes_executor.py
[2022-07-07 08:24:38,490] {processor.py:641} INFO - Processing file /home/airflow/.local/lib/python3.7/site-packages/airflow/example_dags/example_local_kubernetes_executor.py for tasks to queue
[2022-07-07 08:24:38,491] {logging_mixin.py:115} INFO - [2022-07-07 08:24:38,491] {dagbag.py:507} INFO - Filling up the DagBag from /home/airflow/.local/lib/python3.7/site-packages/airflow/example_dags/example_local_kubernetes_executor.py
[2022-07-07 08:24:38,514] {processor.py:651} INFO - DAG(s) dict_keys(['example_local_kubernetes_executor']) retrieved from /home/airflow/.local/lib/python3.7/site-packages/airflow/example_dags/example_local_kubernetes_executor.py
[2022-07-07 08:24:38,661] {logging_mixin.py:115} INFO - [2022-07-07 08:24:38,661] {dag.py:2371} INFO - Sync 1 DAGs
[2022-07-07 08:24:38,685] {logging_mixin.py:115} INFO - [2022-07-07 08:24:38,685] {dag.py:2919} INFO - Setting next_dagrun for example_local_kubernetes_executor to None, run_after=None
[2022-07-07 08:24:38,699] {processor.py:161} INFO - Processing /home/airflow/.local/lib/python3.7/site-packages/airflow/example_dags/example_local_kubernetes_executor.py took 0.214 seconds
[2022-07-07 08:25:09,169] {processor.py:153} INFO - Started process (PID=1407) to work on /home/airflow/.local/lib/python3.7/site-packages/airflow/example_dags/example_local_kubernetes_executor.py
[2022-07-07 08:25:09,169] {processor.py:641} INFO - Processing file /home/airflow/.local/lib/python3.7/site-packages/airflow/example_dags/example_local_kubernetes_executor.py for tasks to queue
[2022-07-07 08:25:09,170] {logging_mixin.py:115} INFO - [2022-07-07 08:25:09,170] {dagbag.py:507} INFO - Filling up the DagBag from /home/airflow/.local/lib/python3.7/site-packages/airflow/example_dags/example_local_kubernetes_executor.py
[2022-07-07 08:25:09,190] {processor.py:651} INFO - DAG(s) dict_keys(['example_local_kubernetes_executor']) retrieved from /home/airflow/.local/lib/python3.7/site-packages/airflow/example_dags/example_local_kubernetes_executor.py
[2022-07-07 08:25:09,339] {logging_mixin.py:115} INFO - [2022-07-07 08:25:09,339] {dag.py:2371} INFO - Sync 1 DAGs
[2022-07-07 08:25:09,366] {logging_mixin.py:115} INFO - [2022-07-07 08:25:09,366] {dag.py:2919} INFO - Setting next_dagrun for example_local_kubernetes_executor to None, run_after=None
[2022-07-07 08:25:09,379] {processor.py:161} INFO - Processing /home/airflow/.local/lib/python3.7/site-packages/airflow/example_dags/example_local_kubernetes_executor.py took 0.215 seconds
[2022-07-07 08:25:39,757] {processor.py:153} INFO - Started process (PID=1468) to work on /home/airflow/.local/lib/python3.7/site-packages/airflow/example_dags/example_local_kubernetes_executor.py
[2022-07-07 08:25:39,758] {processor.py:641} INFO - Processing file /home/airflow/.local/lib/python3.7/site-packages/airflow/example_dags/example_local_kubernetes_executor.py for tasks to queue
[2022-07-07 08:25:39,759] {logging_mixin.py:115} INFO - [2022-07-07 08:25:39,759] {dagbag.py:507} INFO - Filling up the DagBag from /home/airflow/.local/lib/python3.7/site-packages/airflow/example_dags/example_local_kubernetes_executor.py
[2022-07-07 08:25:39,784] {processor.py:651} INFO - DAG(s) dict_keys(['example_local_kubernetes_executor']) retrieved from /home/airflow/.local/lib/python3.7/site-packages/airflow/example_dags/example_local_kubernetes_executor.py
[2022-07-07 08:25:39,978] {logging_mixin.py:115} INFO - [2022-07-07 08:25:39,978] {dag.py:2371} INFO - Sync 1 DAGs
[2022-07-07 08:25:40,006] {logging_mixin.py:115} INFO - [2022-07-07 08:25:40,006] {dag.py:2919} INFO - Setting next_dagrun for example_local_kubernetes_executor to None, run_after=None
[2022-07-07 08:25:40,021] {processor.py:161} INFO - Processing /home/airflow/.local/lib/python3.7/site-packages/airflow/example_dags/example_local_kubernetes_executor.py took 0.269 seconds
[2022-07-07 08:26:10,676] {processor.py:153} INFO - Started process (PID=1530) to work on /home/airflow/.local/lib/python3.7/site-packages/airflow/example_dags/example_local_kubernetes_executor.py
[2022-07-07 08:26:10,677] {processor.py:641} INFO - Processing file /home/airflow/.local/lib/python3.7/site-packages/airflow/example_dags/example_local_kubernetes_executor.py for tasks to queue
[2022-07-07 08:26:10,678] {logging_mixin.py:115} INFO - [2022-07-07 08:26:10,677] {dagbag.py:507} INFO - Filling up the DagBag from /home/airflow/.local/lib/python3.7/site-packages/airflow/example_dags/example_local_kubernetes_executor.py
[2022-07-07 08:26:10,698] {processor.py:651} INFO - DAG(s) dict_keys(['example_local_kubernetes_executor']) retrieved from /home/airflow/.local/lib/python3.7/site-packages/airflow/example_dags/example_local_kubernetes_executor.py
[2022-07-07 08:26:10,850] {logging_mixin.py:115} INFO - [2022-07-07 08:26:10,850] {dag.py:2371} INFO - Sync 1 DAGs
[2022-07-07 08:26:10,872] {logging_mixin.py:115} INFO - [2022-07-07 08:26:10,872] {dag.py:2919} INFO - Setting next_dagrun for example_local_kubernetes_executor to None, run_after=None
[2022-07-07 08:26:10,884] {processor.py:161} INFO - Processing /home/airflow/.local/lib/python3.7/site-packages/airflow/example_dags/example_local_kubernetes_executor.py took 0.212 seconds
[2022-07-07 08:26:41,022] {processor.py:153} INFO - Started process (PID=1593) to work on /home/airflow/.local/lib/python3.7/site-packages/airflow/example_dags/example_local_kubernetes_executor.py
[2022-07-07 08:26:41,023] {processor.py:641} INFO - Processing file /home/airflow/.local/lib/python3.7/site-packages/airflow/example_dags/example_local_kubernetes_executor.py for tasks to queue
[2022-07-07 08:26:41,023] {logging_mixin.py:115} INFO - [2022-07-07 08:26:41,023] {dagbag.py:507} INFO - Filling up the DagBag from /home/airflow/.local/lib/python3.7/site-packages/airflow/example_dags/example_local_kubernetes_executor.py
[2022-07-07 08:26:41,043] {processor.py:651} INFO - DAG(s) dict_keys(['example_local_kubernetes_executor']) retrieved from /home/airflow/.local/lib/python3.7/site-packages/airflow/example_dags/example_local_kubernetes_executor.py
[2022-07-07 08:26:41,212] {logging_mixin.py:115} INFO - [2022-07-07 08:26:41,212] {dag.py:2371} INFO - Sync 1 DAGs
[2022-07-07 08:26:41,238] {logging_mixin.py:115} INFO - [2022-07-07 08:26:41,238] {dag.py:2919} INFO - Setting next_dagrun for example_local_kubernetes_executor to None, run_after=None
[2022-07-07 08:26:41,250] {processor.py:161} INFO - Processing /home/airflow/.local/lib/python3.7/site-packages/airflow/example_dags/example_local_kubernetes_executor.py took 0.232 seconds
