[2022-07-07 11:21:38,152] {processor.py:153} INFO - Started process (PID=64) to work on /home/airflow/.local/lib/python3.7/site-packages/airflow/example_dags/tutorial_etl_dag.py
[2022-07-07 11:21:38,153] {processor.py:641} INFO - Processing file /home/airflow/.local/lib/python3.7/site-packages/airflow/example_dags/tutorial_etl_dag.py for tasks to queue
[2022-07-07 11:21:38,154] {logging_mixin.py:115} INFO - [2022-07-07 11:21:38,154] {dagbag.py:507} INFO - Filling up the DagBag from /home/airflow/.local/lib/python3.7/site-packages/airflow/example_dags/tutorial_etl_dag.py
[2022-07-07 11:21:38,173] {processor.py:651} INFO - DAG(s) dict_keys(['tutorial_etl_dag']) retrieved from /home/airflow/.local/lib/python3.7/site-packages/airflow/example_dags/tutorial_etl_dag.py
[2022-07-07 11:21:38,258] {logging_mixin.py:115} INFO - [2022-07-07 11:21:38,257] {dag.py:2371} INFO - Sync 1 DAGs
[2022-07-07 11:21:38,297] {logging_mixin.py:115} INFO - [2022-07-07 11:21:38,297] {dag.py:2919} INFO - Setting next_dagrun for tutorial_etl_dag to None, run_after=None
[2022-07-07 11:21:38,561] {processor.py:161} INFO - Processing /home/airflow/.local/lib/python3.7/site-packages/airflow/example_dags/tutorial_etl_dag.py took 0.413 seconds
[2022-07-07 11:22:09,502] {processor.py:153} INFO - Started process (PID=128) to work on /home/airflow/.local/lib/python3.7/site-packages/airflow/example_dags/tutorial_etl_dag.py
[2022-07-07 11:22:09,503] {processor.py:641} INFO - Processing file /home/airflow/.local/lib/python3.7/site-packages/airflow/example_dags/tutorial_etl_dag.py for tasks to queue
[2022-07-07 11:22:09,504] {logging_mixin.py:115} INFO - [2022-07-07 11:22:09,504] {dagbag.py:507} INFO - Filling up the DagBag from /home/airflow/.local/lib/python3.7/site-packages/airflow/example_dags/tutorial_etl_dag.py
[2022-07-07 11:22:09,515] {processor.py:651} INFO - DAG(s) dict_keys(['tutorial_etl_dag']) retrieved from /home/airflow/.local/lib/python3.7/site-packages/airflow/example_dags/tutorial_etl_dag.py
[2022-07-07 11:22:09,543] {logging_mixin.py:115} INFO - [2022-07-07 11:22:09,543] {dag.py:2371} INFO - Sync 1 DAGs
[2022-07-07 11:22:09,574] {logging_mixin.py:115} INFO - [2022-07-07 11:22:09,574] {dag.py:2919} INFO - Setting next_dagrun for tutorial_etl_dag to None, run_after=None
[2022-07-07 11:22:09,718] {processor.py:161} INFO - Processing /home/airflow/.local/lib/python3.7/site-packages/airflow/example_dags/tutorial_etl_dag.py took 0.225 seconds
[2022-07-07 11:22:39,828] {processor.py:153} INFO - Started process (PID=191) to work on /home/airflow/.local/lib/python3.7/site-packages/airflow/example_dags/tutorial_etl_dag.py
[2022-07-07 11:22:39,829] {processor.py:641} INFO - Processing file /home/airflow/.local/lib/python3.7/site-packages/airflow/example_dags/tutorial_etl_dag.py for tasks to queue
[2022-07-07 11:22:39,830] {logging_mixin.py:115} INFO - [2022-07-07 11:22:39,830] {dagbag.py:507} INFO - Filling up the DagBag from /home/airflow/.local/lib/python3.7/site-packages/airflow/example_dags/tutorial_etl_dag.py
[2022-07-07 11:22:39,842] {processor.py:651} INFO - DAG(s) dict_keys(['tutorial_etl_dag']) retrieved from /home/airflow/.local/lib/python3.7/site-packages/airflow/example_dags/tutorial_etl_dag.py
[2022-07-07 11:22:39,882] {logging_mixin.py:115} INFO - [2022-07-07 11:22:39,882] {dag.py:2371} INFO - Sync 1 DAGs
[2022-07-07 11:22:39,915] {logging_mixin.py:115} INFO - [2022-07-07 11:22:39,915] {dag.py:2919} INFO - Setting next_dagrun for tutorial_etl_dag to None, run_after=None
[2022-07-07 11:22:40,062] {processor.py:161} INFO - Processing /home/airflow/.local/lib/python3.7/site-packages/airflow/example_dags/tutorial_etl_dag.py took 0.239 seconds
[2022-07-07 11:23:10,302] {processor.py:153} INFO - Started process (PID=245) to work on /home/airflow/.local/lib/python3.7/site-packages/airflow/example_dags/tutorial_etl_dag.py
[2022-07-07 11:23:10,303] {processor.py:641} INFO - Processing file /home/airflow/.local/lib/python3.7/site-packages/airflow/example_dags/tutorial_etl_dag.py for tasks to queue
[2022-07-07 11:23:10,304] {logging_mixin.py:115} INFO - [2022-07-07 11:23:10,304] {dagbag.py:507} INFO - Filling up the DagBag from /home/airflow/.local/lib/python3.7/site-packages/airflow/example_dags/tutorial_etl_dag.py
[2022-07-07 11:23:10,313] {processor.py:651} INFO - DAG(s) dict_keys(['tutorial_etl_dag']) retrieved from /home/airflow/.local/lib/python3.7/site-packages/airflow/example_dags/tutorial_etl_dag.py
[2022-07-07 11:23:10,345] {logging_mixin.py:115} INFO - [2022-07-07 11:23:10,345] {dag.py:2371} INFO - Sync 1 DAGs
[2022-07-07 11:23:10,375] {logging_mixin.py:115} INFO - [2022-07-07 11:23:10,375] {dag.py:2919} INFO - Setting next_dagrun for tutorial_etl_dag to None, run_after=None
[2022-07-07 11:23:10,543] {processor.py:161} INFO - Processing /home/airflow/.local/lib/python3.7/site-packages/airflow/example_dags/tutorial_etl_dag.py took 0.246 seconds
[2022-07-07 11:23:40,675] {processor.py:153} INFO - Started process (PID=308) to work on /home/airflow/.local/lib/python3.7/site-packages/airflow/example_dags/tutorial_etl_dag.py
[2022-07-07 11:23:40,676] {processor.py:641} INFO - Processing file /home/airflow/.local/lib/python3.7/site-packages/airflow/example_dags/tutorial_etl_dag.py for tasks to queue
[2022-07-07 11:23:40,676] {logging_mixin.py:115} INFO - [2022-07-07 11:23:40,676] {dagbag.py:507} INFO - Filling up the DagBag from /home/airflow/.local/lib/python3.7/site-packages/airflow/example_dags/tutorial_etl_dag.py
[2022-07-07 11:23:40,685] {processor.py:651} INFO - DAG(s) dict_keys(['tutorial_etl_dag']) retrieved from /home/airflow/.local/lib/python3.7/site-packages/airflow/example_dags/tutorial_etl_dag.py
[2022-07-07 11:23:40,714] {logging_mixin.py:115} INFO - [2022-07-07 11:23:40,714] {dag.py:2371} INFO - Sync 1 DAGs
[2022-07-07 11:23:40,740] {logging_mixin.py:115} INFO - [2022-07-07 11:23:40,740] {dag.py:2919} INFO - Setting next_dagrun for tutorial_etl_dag to None, run_after=None
[2022-07-07 11:23:40,881] {processor.py:161} INFO - Processing /home/airflow/.local/lib/python3.7/site-packages/airflow/example_dags/tutorial_etl_dag.py took 0.209 seconds
[2022-07-07 11:24:11,039] {processor.py:153} INFO - Started process (PID=368) to work on /home/airflow/.local/lib/python3.7/site-packages/airflow/example_dags/tutorial_etl_dag.py
[2022-07-07 11:24:11,040] {processor.py:641} INFO - Processing file /home/airflow/.local/lib/python3.7/site-packages/airflow/example_dags/tutorial_etl_dag.py for tasks to queue
[2022-07-07 11:24:11,040] {logging_mixin.py:115} INFO - [2022-07-07 11:24:11,040] {dagbag.py:507} INFO - Filling up the DagBag from /home/airflow/.local/lib/python3.7/site-packages/airflow/example_dags/tutorial_etl_dag.py
[2022-07-07 11:24:11,048] {processor.py:651} INFO - DAG(s) dict_keys(['tutorial_etl_dag']) retrieved from /home/airflow/.local/lib/python3.7/site-packages/airflow/example_dags/tutorial_etl_dag.py
[2022-07-07 11:24:11,077] {logging_mixin.py:115} INFO - [2022-07-07 11:24:11,077] {dag.py:2371} INFO - Sync 1 DAGs
[2022-07-07 11:24:11,105] {logging_mixin.py:115} INFO - [2022-07-07 11:24:11,105] {dag.py:2919} INFO - Setting next_dagrun for tutorial_etl_dag to None, run_after=None
[2022-07-07 11:24:11,281] {processor.py:161} INFO - Processing /home/airflow/.local/lib/python3.7/site-packages/airflow/example_dags/tutorial_etl_dag.py took 0.245 seconds
