[2022-07-07 08:13:29,669] {processor.py:153} INFO - Started process (PID=76) to work on /home/airflow/.local/lib/python3.7/site-packages/airflow/example_dags/tutorial.py
[2022-07-07 08:13:29,673] {processor.py:641} INFO - Processing file /home/airflow/.local/lib/python3.7/site-packages/airflow/example_dags/tutorial.py for tasks to queue
[2022-07-07 08:13:29,675] {logging_mixin.py:115} INFO - [2022-07-07 08:13:29,675] {dagbag.py:507} INFO - Filling up the DagBag from /home/airflow/.local/lib/python3.7/site-packages/airflow/example_dags/tutorial.py
[2022-07-07 08:13:29,698] {processor.py:651} INFO - DAG(s) dict_keys(['tutorial']) retrieved from /home/airflow/.local/lib/python3.7/site-packages/airflow/example_dags/tutorial.py
[2022-07-07 08:13:29,998] {logging_mixin.py:115} INFO - [2022-07-07 08:13:29,998] {manager.py:508} INFO - Created Permission View: can edit on DAG:tutorial
[2022-07-07 08:13:30,017] {logging_mixin.py:115} INFO - [2022-07-07 08:13:30,017] {manager.py:508} INFO - Created Permission View: can delete on DAG:tutorial
[2022-07-07 08:13:30,029] {logging_mixin.py:115} INFO - [2022-07-07 08:13:30,029] {manager.py:508} INFO - Created Permission View: can read on DAG:tutorial
[2022-07-07 08:13:30,029] {logging_mixin.py:115} INFO - [2022-07-07 08:13:30,029] {dag.py:2371} INFO - Sync 1 DAGs
[2022-07-07 08:13:30,042] {logging_mixin.py:115} INFO - [2022-07-07 08:13:30,042] {dag.py:2390} INFO - Creating ORM DAG for tutorial
[2022-07-07 08:13:30,065] {logging_mixin.py:115} INFO - [2022-07-07 08:13:30,064] {dag.py:2919} INFO - Setting next_dagrun for tutorial to 2022-07-06T08:13:30.064647+00:00, run_after=2022-07-07T08:13:30.064647+00:00
[2022-07-07 08:13:30,085] {processor.py:161} INFO - Processing /home/airflow/.local/lib/python3.7/site-packages/airflow/example_dags/tutorial.py took 0.422 seconds
[2022-07-07 08:14:00,214] {processor.py:153} INFO - Started process (PID=138) to work on /home/airflow/.local/lib/python3.7/site-packages/airflow/example_dags/tutorial.py
[2022-07-07 08:14:00,215] {processor.py:641} INFO - Processing file /home/airflow/.local/lib/python3.7/site-packages/airflow/example_dags/tutorial.py for tasks to queue
[2022-07-07 08:14:00,215] {logging_mixin.py:115} INFO - [2022-07-07 08:14:00,215] {dagbag.py:507} INFO - Filling up the DagBag from /home/airflow/.local/lib/python3.7/site-packages/airflow/example_dags/tutorial.py
[2022-07-07 08:14:00,223] {processor.py:651} INFO - DAG(s) dict_keys(['tutorial']) retrieved from /home/airflow/.local/lib/python3.7/site-packages/airflow/example_dags/tutorial.py
[2022-07-07 08:14:00,256] {logging_mixin.py:115} INFO - [2022-07-07 08:14:00,256] {dag.py:2371} INFO - Sync 1 DAGs
[2022-07-07 08:14:00,287] {logging_mixin.py:115} INFO - [2022-07-07 08:14:00,287] {dag.py:2919} INFO - Setting next_dagrun for tutorial to 2022-07-06T08:14:00.286685+00:00, run_after=2022-07-07T08:14:00.286685+00:00
[2022-07-07 08:14:00,302] {processor.py:161} INFO - Processing /home/airflow/.local/lib/python3.7/site-packages/airflow/example_dags/tutorial.py took 0.092 seconds
[2022-07-07 08:14:30,979] {processor.py:153} INFO - Started process (PID=192) to work on /home/airflow/.local/lib/python3.7/site-packages/airflow/example_dags/tutorial.py
[2022-07-07 08:14:30,979] {processor.py:641} INFO - Processing file /home/airflow/.local/lib/python3.7/site-packages/airflow/example_dags/tutorial.py for tasks to queue
[2022-07-07 08:14:30,980] {logging_mixin.py:115} INFO - [2022-07-07 08:14:30,980] {dagbag.py:507} INFO - Filling up the DagBag from /home/airflow/.local/lib/python3.7/site-packages/airflow/example_dags/tutorial.py
[2022-07-07 08:14:30,987] {processor.py:651} INFO - DAG(s) dict_keys(['tutorial']) retrieved from /home/airflow/.local/lib/python3.7/site-packages/airflow/example_dags/tutorial.py
[2022-07-07 08:14:31,016] {logging_mixin.py:115} INFO - [2022-07-07 08:14:31,016] {dag.py:2371} INFO - Sync 1 DAGs
[2022-07-07 08:14:31,043] {logging_mixin.py:115} INFO - [2022-07-07 08:14:31,043] {dag.py:2919} INFO - Setting next_dagrun for tutorial to 2022-07-06T08:14:31.042731+00:00, run_after=2022-07-07T08:14:31.042731+00:00
[2022-07-07 08:14:31,055] {processor.py:161} INFO - Processing /home/airflow/.local/lib/python3.7/site-packages/airflow/example_dags/tutorial.py took 0.080 seconds
[2022-07-07 08:15:01,256] {processor.py:153} INFO - Started process (PID=255) to work on /home/airflow/.local/lib/python3.7/site-packages/airflow/example_dags/tutorial.py
[2022-07-07 08:15:01,256] {processor.py:641} INFO - Processing file /home/airflow/.local/lib/python3.7/site-packages/airflow/example_dags/tutorial.py for tasks to queue
[2022-07-07 08:15:01,257] {logging_mixin.py:115} INFO - [2022-07-07 08:15:01,257] {dagbag.py:507} INFO - Filling up the DagBag from /home/airflow/.local/lib/python3.7/site-packages/airflow/example_dags/tutorial.py
[2022-07-07 08:15:01,264] {processor.py:651} INFO - DAG(s) dict_keys(['tutorial']) retrieved from /home/airflow/.local/lib/python3.7/site-packages/airflow/example_dags/tutorial.py
[2022-07-07 08:15:01,293] {logging_mixin.py:115} INFO - [2022-07-07 08:15:01,292] {dag.py:2371} INFO - Sync 1 DAGs
[2022-07-07 08:15:01,318] {logging_mixin.py:115} INFO - [2022-07-07 08:15:01,318] {dag.py:2919} INFO - Setting next_dagrun for tutorial to 2022-07-06T08:15:01.318393+00:00, run_after=2022-07-07T08:15:01.318393+00:00
[2022-07-07 08:15:01,331] {processor.py:161} INFO - Processing /home/airflow/.local/lib/python3.7/site-packages/airflow/example_dags/tutorial.py took 0.079 seconds
[2022-07-07 08:15:31,369] {processor.py:153} INFO - Started process (PID=317) to work on /home/airflow/.local/lib/python3.7/site-packages/airflow/example_dags/tutorial.py
[2022-07-07 08:15:31,369] {processor.py:641} INFO - Processing file /home/airflow/.local/lib/python3.7/site-packages/airflow/example_dags/tutorial.py for tasks to queue
[2022-07-07 08:15:31,370] {logging_mixin.py:115} INFO - [2022-07-07 08:15:31,370] {dagbag.py:507} INFO - Filling up the DagBag from /home/airflow/.local/lib/python3.7/site-packages/airflow/example_dags/tutorial.py
[2022-07-07 08:15:31,377] {processor.py:651} INFO - DAG(s) dict_keys(['tutorial']) retrieved from /home/airflow/.local/lib/python3.7/site-packages/airflow/example_dags/tutorial.py
[2022-07-07 08:15:31,407] {logging_mixin.py:115} INFO - [2022-07-07 08:15:31,407] {dag.py:2371} INFO - Sync 1 DAGs
[2022-07-07 08:15:31,433] {logging_mixin.py:115} INFO - [2022-07-07 08:15:31,433] {dag.py:2919} INFO - Setting next_dagrun for tutorial to 2022-07-06T08:15:31.432833+00:00, run_after=2022-07-07T08:15:31.432833+00:00
[2022-07-07 08:15:31,446] {processor.py:161} INFO - Processing /home/airflow/.local/lib/python3.7/site-packages/airflow/example_dags/tutorial.py took 0.081 seconds
[2022-07-07 08:16:01,836] {processor.py:153} INFO - Started process (PID=369) to work on /home/airflow/.local/lib/python3.7/site-packages/airflow/example_dags/tutorial.py
[2022-07-07 08:16:01,837] {processor.py:641} INFO - Processing file /home/airflow/.local/lib/python3.7/site-packages/airflow/example_dags/tutorial.py for tasks to queue
[2022-07-07 08:16:01,837] {logging_mixin.py:115} INFO - [2022-07-07 08:16:01,837] {dagbag.py:507} INFO - Filling up the DagBag from /home/airflow/.local/lib/python3.7/site-packages/airflow/example_dags/tutorial.py
[2022-07-07 08:16:01,846] {processor.py:651} INFO - DAG(s) dict_keys(['tutorial']) retrieved from /home/airflow/.local/lib/python3.7/site-packages/airflow/example_dags/tutorial.py
[2022-07-07 08:16:01,881] {logging_mixin.py:115} INFO - [2022-07-07 08:16:01,881] {dag.py:2371} INFO - Sync 1 DAGs
[2022-07-07 08:16:01,912] {logging_mixin.py:115} INFO - [2022-07-07 08:16:01,912] {dag.py:2919} INFO - Setting next_dagrun for tutorial to 2022-07-06T08:16:01.911921+00:00, run_after=2022-07-07T08:16:01.911921+00:00
[2022-07-07 08:16:01,929] {processor.py:161} INFO - Processing /home/airflow/.local/lib/python3.7/site-packages/airflow/example_dags/tutorial.py took 0.099 seconds
[2022-07-07 08:16:32,939] {processor.py:153} INFO - Started process (PID=432) to work on /home/airflow/.local/lib/python3.7/site-packages/airflow/example_dags/tutorial.py
[2022-07-07 08:16:32,940] {processor.py:641} INFO - Processing file /home/airflow/.local/lib/python3.7/site-packages/airflow/example_dags/tutorial.py for tasks to queue
[2022-07-07 08:16:32,941] {logging_mixin.py:115} INFO - [2022-07-07 08:16:32,941] {dagbag.py:507} INFO - Filling up the DagBag from /home/airflow/.local/lib/python3.7/site-packages/airflow/example_dags/tutorial.py
[2022-07-07 08:16:32,948] {processor.py:651} INFO - DAG(s) dict_keys(['tutorial']) retrieved from /home/airflow/.local/lib/python3.7/site-packages/airflow/example_dags/tutorial.py
[2022-07-07 08:16:32,977] {logging_mixin.py:115} INFO - [2022-07-07 08:16:32,976] {dag.py:2371} INFO - Sync 1 DAGs
[2022-07-07 08:16:33,004] {logging_mixin.py:115} INFO - [2022-07-07 08:16:33,004] {dag.py:2919} INFO - Setting next_dagrun for tutorial to 2022-07-06T08:16:33.004079+00:00, run_after=2022-07-07T08:16:33.004079+00:00
[2022-07-07 08:16:33,016] {processor.py:161} INFO - Processing /home/airflow/.local/lib/python3.7/site-packages/airflow/example_dags/tutorial.py took 0.081 seconds
[2022-07-07 08:17:03,451] {processor.py:153} INFO - Started process (PID=493) to work on /home/airflow/.local/lib/python3.7/site-packages/airflow/example_dags/tutorial.py
[2022-07-07 08:17:03,452] {processor.py:641} INFO - Processing file /home/airflow/.local/lib/python3.7/site-packages/airflow/example_dags/tutorial.py for tasks to queue
[2022-07-07 08:17:03,453] {logging_mixin.py:115} INFO - [2022-07-07 08:17:03,453] {dagbag.py:507} INFO - Filling up the DagBag from /home/airflow/.local/lib/python3.7/site-packages/airflow/example_dags/tutorial.py
[2022-07-07 08:17:03,461] {processor.py:651} INFO - DAG(s) dict_keys(['tutorial']) retrieved from /home/airflow/.local/lib/python3.7/site-packages/airflow/example_dags/tutorial.py
[2022-07-07 08:17:03,512] {logging_mixin.py:115} INFO - [2022-07-07 08:17:03,512] {dag.py:2371} INFO - Sync 1 DAGs
[2022-07-07 08:17:03,561] {logging_mixin.py:115} INFO - [2022-07-07 08:17:03,561] {dag.py:2919} INFO - Setting next_dagrun for tutorial to 2022-07-06T08:17:03.561307+00:00, run_after=2022-07-07T08:17:03.561307+00:00
[2022-07-07 08:17:03,583] {processor.py:161} INFO - Processing /home/airflow/.local/lib/python3.7/site-packages/airflow/example_dags/tutorial.py took 0.140 seconds
[2022-07-07 08:17:34,788] {processor.py:153} INFO - Started process (PID=555) to work on /home/airflow/.local/lib/python3.7/site-packages/airflow/example_dags/tutorial.py
[2022-07-07 08:17:34,789] {processor.py:641} INFO - Processing file /home/airflow/.local/lib/python3.7/site-packages/airflow/example_dags/tutorial.py for tasks to queue
[2022-07-07 08:17:34,790] {logging_mixin.py:115} INFO - [2022-07-07 08:17:34,790] {dagbag.py:507} INFO - Filling up the DagBag from /home/airflow/.local/lib/python3.7/site-packages/airflow/example_dags/tutorial.py
[2022-07-07 08:17:34,799] {processor.py:651} INFO - DAG(s) dict_keys(['tutorial']) retrieved from /home/airflow/.local/lib/python3.7/site-packages/airflow/example_dags/tutorial.py
[2022-07-07 08:17:34,830] {logging_mixin.py:115} INFO - [2022-07-07 08:17:34,830] {dag.py:2371} INFO - Sync 1 DAGs
[2022-07-07 08:17:34,857] {logging_mixin.py:115} INFO - [2022-07-07 08:17:34,857] {dag.py:2919} INFO - Setting next_dagrun for tutorial to 2022-07-06T08:17:34.857160+00:00, run_after=2022-07-07T08:17:34.857160+00:00
[2022-07-07 08:17:34,871] {processor.py:161} INFO - Processing /home/airflow/.local/lib/python3.7/site-packages/airflow/example_dags/tutorial.py took 0.088 seconds
[2022-07-07 08:18:05,236] {processor.py:153} INFO - Started process (PID=609) to work on /home/airflow/.local/lib/python3.7/site-packages/airflow/example_dags/tutorial.py
[2022-07-07 08:18:05,236] {processor.py:641} INFO - Processing file /home/airflow/.local/lib/python3.7/site-packages/airflow/example_dags/tutorial.py for tasks to queue
[2022-07-07 08:18:05,237] {logging_mixin.py:115} INFO - [2022-07-07 08:18:05,237] {dagbag.py:507} INFO - Filling up the DagBag from /home/airflow/.local/lib/python3.7/site-packages/airflow/example_dags/tutorial.py
[2022-07-07 08:18:05,243] {processor.py:651} INFO - DAG(s) dict_keys(['tutorial']) retrieved from /home/airflow/.local/lib/python3.7/site-packages/airflow/example_dags/tutorial.py
[2022-07-07 08:18:05,271] {logging_mixin.py:115} INFO - [2022-07-07 08:18:05,271] {dag.py:2371} INFO - Sync 1 DAGs
[2022-07-07 08:18:05,296] {logging_mixin.py:115} INFO - [2022-07-07 08:18:05,296] {dag.py:2919} INFO - Setting next_dagrun for tutorial to 2022-07-06T08:18:05.296472+00:00, run_after=2022-07-07T08:18:05.296472+00:00
[2022-07-07 08:18:05,309] {processor.py:161} INFO - Processing /home/airflow/.local/lib/python3.7/site-packages/airflow/example_dags/tutorial.py took 0.077 seconds
[2022-07-07 08:18:36,475] {processor.py:153} INFO - Started process (PID=671) to work on /home/airflow/.local/lib/python3.7/site-packages/airflow/example_dags/tutorial.py
[2022-07-07 08:18:36,476] {processor.py:641} INFO - Processing file /home/airflow/.local/lib/python3.7/site-packages/airflow/example_dags/tutorial.py for tasks to queue
[2022-07-07 08:18:36,477] {logging_mixin.py:115} INFO - [2022-07-07 08:18:36,477] {dagbag.py:507} INFO - Filling up the DagBag from /home/airflow/.local/lib/python3.7/site-packages/airflow/example_dags/tutorial.py
[2022-07-07 08:18:36,486] {processor.py:651} INFO - DAG(s) dict_keys(['tutorial']) retrieved from /home/airflow/.local/lib/python3.7/site-packages/airflow/example_dags/tutorial.py
[2022-07-07 08:18:36,531] {logging_mixin.py:115} INFO - [2022-07-07 08:18:36,530] {dag.py:2371} INFO - Sync 1 DAGs
[2022-07-07 08:18:36,683] {logging_mixin.py:115} INFO - [2022-07-07 08:18:36,683] {dag.py:2919} INFO - Setting next_dagrun for tutorial to 2022-07-06T08:18:36.683315+00:00, run_after=2022-07-07T08:18:36.683315+00:00
[2022-07-07 08:18:36,698] {processor.py:161} INFO - Processing /home/airflow/.local/lib/python3.7/site-packages/airflow/example_dags/tutorial.py took 0.227 seconds
[2022-07-07 08:19:06,987] {processor.py:153} INFO - Started process (PID=733) to work on /home/airflow/.local/lib/python3.7/site-packages/airflow/example_dags/tutorial.py
[2022-07-07 08:19:06,987] {processor.py:641} INFO - Processing file /home/airflow/.local/lib/python3.7/site-packages/airflow/example_dags/tutorial.py for tasks to queue
[2022-07-07 08:19:06,988] {logging_mixin.py:115} INFO - [2022-07-07 08:19:06,988] {dagbag.py:507} INFO - Filling up the DagBag from /home/airflow/.local/lib/python3.7/site-packages/airflow/example_dags/tutorial.py
[2022-07-07 08:19:06,995] {processor.py:651} INFO - DAG(s) dict_keys(['tutorial']) retrieved from /home/airflow/.local/lib/python3.7/site-packages/airflow/example_dags/tutorial.py
[2022-07-07 08:19:07,023] {logging_mixin.py:115} INFO - [2022-07-07 08:19:07,023] {dag.py:2371} INFO - Sync 1 DAGs
[2022-07-07 08:19:07,165] {logging_mixin.py:115} INFO - [2022-07-07 08:19:07,165] {dag.py:2919} INFO - Setting next_dagrun for tutorial to 2022-07-06T08:19:07.165184+00:00, run_after=2022-07-07T08:19:07.165184+00:00
[2022-07-07 08:19:07,177] {processor.py:161} INFO - Processing /home/airflow/.local/lib/python3.7/site-packages/airflow/example_dags/tutorial.py took 0.194 seconds
[2022-07-07 08:19:37,646] {processor.py:153} INFO - Started process (PID=785) to work on /home/airflow/.local/lib/python3.7/site-packages/airflow/example_dags/tutorial.py
[2022-07-07 08:19:37,647] {processor.py:641} INFO - Processing file /home/airflow/.local/lib/python3.7/site-packages/airflow/example_dags/tutorial.py for tasks to queue
[2022-07-07 08:19:37,647] {logging_mixin.py:115} INFO - [2022-07-07 08:19:37,647] {dagbag.py:507} INFO - Filling up the DagBag from /home/airflow/.local/lib/python3.7/site-packages/airflow/example_dags/tutorial.py
[2022-07-07 08:19:37,654] {processor.py:651} INFO - DAG(s) dict_keys(['tutorial']) retrieved from /home/airflow/.local/lib/python3.7/site-packages/airflow/example_dags/tutorial.py
[2022-07-07 08:19:37,683] {logging_mixin.py:115} INFO - [2022-07-07 08:19:37,683] {dag.py:2371} INFO - Sync 1 DAGs
[2022-07-07 08:19:37,840] {logging_mixin.py:115} INFO - [2022-07-07 08:19:37,840] {dag.py:2919} INFO - Setting next_dagrun for tutorial to 2022-07-06T08:19:37.840514+00:00, run_after=2022-07-07T08:19:37.840514+00:00
[2022-07-07 08:19:37,855] {processor.py:161} INFO - Processing /home/airflow/.local/lib/python3.7/site-packages/airflow/example_dags/tutorial.py took 0.212 seconds
[2022-07-07 08:20:08,139] {processor.py:153} INFO - Started process (PID=848) to work on /home/airflow/.local/lib/python3.7/site-packages/airflow/example_dags/tutorial.py
[2022-07-07 08:20:08,140] {processor.py:641} INFO - Processing file /home/airflow/.local/lib/python3.7/site-packages/airflow/example_dags/tutorial.py for tasks to queue
[2022-07-07 08:20:08,141] {logging_mixin.py:115} INFO - [2022-07-07 08:20:08,141] {dagbag.py:507} INFO - Filling up the DagBag from /home/airflow/.local/lib/python3.7/site-packages/airflow/example_dags/tutorial.py
[2022-07-07 08:20:08,150] {processor.py:651} INFO - DAG(s) dict_keys(['tutorial']) retrieved from /home/airflow/.local/lib/python3.7/site-packages/airflow/example_dags/tutorial.py
[2022-07-07 08:20:08,184] {logging_mixin.py:115} INFO - [2022-07-07 08:20:08,184] {dag.py:2371} INFO - Sync 1 DAGs
[2022-07-07 08:20:08,334] {logging_mixin.py:115} INFO - [2022-07-07 08:20:08,334] {dag.py:2919} INFO - Setting next_dagrun for tutorial to 2022-07-06T08:20:08.333776+00:00, run_after=2022-07-07T08:20:08.333776+00:00
[2022-07-07 08:20:08,349] {processor.py:161} INFO - Processing /home/airflow/.local/lib/python3.7/site-packages/airflow/example_dags/tutorial.py took 0.215 seconds
[2022-07-07 08:20:38,448] {processor.py:153} INFO - Started process (PID=910) to work on /home/airflow/.local/lib/python3.7/site-packages/airflow/example_dags/tutorial.py
[2022-07-07 08:20:38,449] {processor.py:641} INFO - Processing file /home/airflow/.local/lib/python3.7/site-packages/airflow/example_dags/tutorial.py for tasks to queue
[2022-07-07 08:20:38,450] {logging_mixin.py:115} INFO - [2022-07-07 08:20:38,450] {dagbag.py:507} INFO - Filling up the DagBag from /home/airflow/.local/lib/python3.7/site-packages/airflow/example_dags/tutorial.py
[2022-07-07 08:20:38,459] {processor.py:651} INFO - DAG(s) dict_keys(['tutorial']) retrieved from /home/airflow/.local/lib/python3.7/site-packages/airflow/example_dags/tutorial.py
[2022-07-07 08:20:38,506] {logging_mixin.py:115} INFO - [2022-07-07 08:20:38,506] {dag.py:2371} INFO - Sync 1 DAGs
[2022-07-07 08:20:38,745] {logging_mixin.py:115} INFO - [2022-07-07 08:20:38,745] {dag.py:2919} INFO - Setting next_dagrun for tutorial to 2022-07-06T08:20:38.745134+00:00, run_after=2022-07-07T08:20:38.745134+00:00
[2022-07-07 08:20:38,765] {processor.py:161} INFO - Processing /home/airflow/.local/lib/python3.7/site-packages/airflow/example_dags/tutorial.py took 0.323 seconds
[2022-07-07 08:21:09,338] {processor.py:153} INFO - Started process (PID=962) to work on /home/airflow/.local/lib/python3.7/site-packages/airflow/example_dags/tutorial.py
[2022-07-07 08:21:09,339] {processor.py:641} INFO - Processing file /home/airflow/.local/lib/python3.7/site-packages/airflow/example_dags/tutorial.py for tasks to queue
[2022-07-07 08:21:09,340] {logging_mixin.py:115} INFO - [2022-07-07 08:21:09,339] {dagbag.py:507} INFO - Filling up the DagBag from /home/airflow/.local/lib/python3.7/site-packages/airflow/example_dags/tutorial.py
[2022-07-07 08:21:09,347] {processor.py:651} INFO - DAG(s) dict_keys(['tutorial']) retrieved from /home/airflow/.local/lib/python3.7/site-packages/airflow/example_dags/tutorial.py
[2022-07-07 08:21:09,383] {logging_mixin.py:115} INFO - [2022-07-07 08:21:09,383] {dag.py:2371} INFO - Sync 1 DAGs
[2022-07-07 08:21:09,535] {logging_mixin.py:115} INFO - [2022-07-07 08:21:09,535] {dag.py:2919} INFO - Setting next_dagrun for tutorial to 2022-07-06T08:21:09.535257+00:00, run_after=2022-07-07T08:21:09.535257+00:00
[2022-07-07 08:21:09,548] {processor.py:161} INFO - Processing /home/airflow/.local/lib/python3.7/site-packages/airflow/example_dags/tutorial.py took 0.214 seconds
[2022-07-07 08:21:39,659] {processor.py:153} INFO - Started process (PID=1024) to work on /home/airflow/.local/lib/python3.7/site-packages/airflow/example_dags/tutorial.py
[2022-07-07 08:21:39,660] {processor.py:641} INFO - Processing file /home/airflow/.local/lib/python3.7/site-packages/airflow/example_dags/tutorial.py for tasks to queue
[2022-07-07 08:21:39,661] {logging_mixin.py:115} INFO - [2022-07-07 08:21:39,661] {dagbag.py:507} INFO - Filling up the DagBag from /home/airflow/.local/lib/python3.7/site-packages/airflow/example_dags/tutorial.py
[2022-07-07 08:21:39,668] {processor.py:651} INFO - DAG(s) dict_keys(['tutorial']) retrieved from /home/airflow/.local/lib/python3.7/site-packages/airflow/example_dags/tutorial.py
[2022-07-07 08:21:39,705] {logging_mixin.py:115} INFO - [2022-07-07 08:21:39,705] {dag.py:2371} INFO - Sync 1 DAGs
[2022-07-07 08:21:39,868] {logging_mixin.py:115} INFO - [2022-07-07 08:21:39,867] {dag.py:2919} INFO - Setting next_dagrun for tutorial to 2022-07-06T08:21:39.867653+00:00, run_after=2022-07-07T08:21:39.867653+00:00
[2022-07-07 08:21:39,881] {processor.py:161} INFO - Processing /home/airflow/.local/lib/python3.7/site-packages/airflow/example_dags/tutorial.py took 0.226 seconds
[2022-07-07 08:22:10,227] {processor.py:153} INFO - Started process (PID=1086) to work on /home/airflow/.local/lib/python3.7/site-packages/airflow/example_dags/tutorial.py
[2022-07-07 08:22:10,228] {processor.py:641} INFO - Processing file /home/airflow/.local/lib/python3.7/site-packages/airflow/example_dags/tutorial.py for tasks to queue
[2022-07-07 08:22:10,228] {logging_mixin.py:115} INFO - [2022-07-07 08:22:10,228] {dagbag.py:507} INFO - Filling up the DagBag from /home/airflow/.local/lib/python3.7/site-packages/airflow/example_dags/tutorial.py
[2022-07-07 08:22:10,236] {processor.py:651} INFO - DAG(s) dict_keys(['tutorial']) retrieved from /home/airflow/.local/lib/python3.7/site-packages/airflow/example_dags/tutorial.py
[2022-07-07 08:22:10,267] {logging_mixin.py:115} INFO - [2022-07-07 08:22:10,267] {dag.py:2371} INFO - Sync 1 DAGs
[2022-07-07 08:22:10,434] {logging_mixin.py:115} INFO - [2022-07-07 08:22:10,434] {dag.py:2919} INFO - Setting next_dagrun for tutorial to 2022-07-06T08:22:10.434091+00:00, run_after=2022-07-07T08:22:10.434091+00:00
[2022-07-07 08:22:10,462] {processor.py:161} INFO - Processing /home/airflow/.local/lib/python3.7/site-packages/airflow/example_dags/tutorial.py took 0.239 seconds
[2022-07-07 08:22:41,075] {processor.py:153} INFO - Started process (PID=1139) to work on /home/airflow/.local/lib/python3.7/site-packages/airflow/example_dags/tutorial.py
[2022-07-07 08:22:41,076] {processor.py:641} INFO - Processing file /home/airflow/.local/lib/python3.7/site-packages/airflow/example_dags/tutorial.py for tasks to queue
[2022-07-07 08:22:41,077] {logging_mixin.py:115} INFO - [2022-07-07 08:22:41,076] {dagbag.py:507} INFO - Filling up the DagBag from /home/airflow/.local/lib/python3.7/site-packages/airflow/example_dags/tutorial.py
[2022-07-07 08:22:41,085] {processor.py:651} INFO - DAG(s) dict_keys(['tutorial']) retrieved from /home/airflow/.local/lib/python3.7/site-packages/airflow/example_dags/tutorial.py
[2022-07-07 08:22:41,124] {logging_mixin.py:115} INFO - [2022-07-07 08:22:41,124] {dag.py:2371} INFO - Sync 1 DAGs
[2022-07-07 08:22:41,283] {logging_mixin.py:115} INFO - [2022-07-07 08:22:41,283] {dag.py:2919} INFO - Setting next_dagrun for tutorial to 2022-07-06T08:22:41.282855+00:00, run_after=2022-07-07T08:22:41.282855+00:00
[2022-07-07 08:22:41,300] {processor.py:161} INFO - Processing /home/airflow/.local/lib/python3.7/site-packages/airflow/example_dags/tutorial.py took 0.230 seconds
[2022-07-07 08:23:12,035] {processor.py:153} INFO - Started process (PID=1201) to work on /home/airflow/.local/lib/python3.7/site-packages/airflow/example_dags/tutorial.py
[2022-07-07 08:23:12,036] {processor.py:641} INFO - Processing file /home/airflow/.local/lib/python3.7/site-packages/airflow/example_dags/tutorial.py for tasks to queue
[2022-07-07 08:23:12,036] {logging_mixin.py:115} INFO - [2022-07-07 08:23:12,036] {dagbag.py:507} INFO - Filling up the DagBag from /home/airflow/.local/lib/python3.7/site-packages/airflow/example_dags/tutorial.py
[2022-07-07 08:23:12,043] {processor.py:651} INFO - DAG(s) dict_keys(['tutorial']) retrieved from /home/airflow/.local/lib/python3.7/site-packages/airflow/example_dags/tutorial.py
[2022-07-07 08:23:12,075] {logging_mixin.py:115} INFO - [2022-07-07 08:23:12,075] {dag.py:2371} INFO - Sync 1 DAGs
[2022-07-07 08:23:12,231] {logging_mixin.py:115} INFO - [2022-07-07 08:23:12,231] {dag.py:2919} INFO - Setting next_dagrun for tutorial to 2022-07-06T08:23:12.230901+00:00, run_after=2022-07-07T08:23:12.230901+00:00
[2022-07-07 08:23:12,245] {processor.py:161} INFO - Processing /home/airflow/.local/lib/python3.7/site-packages/airflow/example_dags/tutorial.py took 0.214 seconds
[2022-07-07 08:23:42,401] {processor.py:153} INFO - Started process (PID=1265) to work on /home/airflow/.local/lib/python3.7/site-packages/airflow/example_dags/tutorial.py
[2022-07-07 08:23:42,402] {processor.py:641} INFO - Processing file /home/airflow/.local/lib/python3.7/site-packages/airflow/example_dags/tutorial.py for tasks to queue
[2022-07-07 08:23:42,402] {logging_mixin.py:115} INFO - [2022-07-07 08:23:42,402] {dagbag.py:507} INFO - Filling up the DagBag from /home/airflow/.local/lib/python3.7/site-packages/airflow/example_dags/tutorial.py
[2022-07-07 08:23:42,409] {processor.py:651} INFO - DAG(s) dict_keys(['tutorial']) retrieved from /home/airflow/.local/lib/python3.7/site-packages/airflow/example_dags/tutorial.py
[2022-07-07 08:23:42,445] {logging_mixin.py:115} INFO - [2022-07-07 08:23:42,445] {dag.py:2371} INFO - Sync 1 DAGs
[2022-07-07 08:23:42,595] {logging_mixin.py:115} INFO - [2022-07-07 08:23:42,595] {dag.py:2919} INFO - Setting next_dagrun for tutorial to 2022-07-06T08:23:42.595312+00:00, run_after=2022-07-07T08:23:42.595312+00:00
[2022-07-07 08:23:42,608] {processor.py:161} INFO - Processing /home/airflow/.local/lib/python3.7/site-packages/airflow/example_dags/tutorial.py took 0.211 seconds
[2022-07-07 08:24:13,223] {processor.py:153} INFO - Started process (PID=1326) to work on /home/airflow/.local/lib/python3.7/site-packages/airflow/example_dags/tutorial.py
[2022-07-07 08:24:13,225] {processor.py:641} INFO - Processing file /home/airflow/.local/lib/python3.7/site-packages/airflow/example_dags/tutorial.py for tasks to queue
[2022-07-07 08:24:13,225] {logging_mixin.py:115} INFO - [2022-07-07 08:24:13,225] {dagbag.py:507} INFO - Filling up the DagBag from /home/airflow/.local/lib/python3.7/site-packages/airflow/example_dags/tutorial.py
[2022-07-07 08:24:13,233] {processor.py:651} INFO - DAG(s) dict_keys(['tutorial']) retrieved from /home/airflow/.local/lib/python3.7/site-packages/airflow/example_dags/tutorial.py
[2022-07-07 08:24:13,271] {logging_mixin.py:115} INFO - [2022-07-07 08:24:13,271] {dag.py:2371} INFO - Sync 1 DAGs
[2022-07-07 08:24:13,525] {logging_mixin.py:115} INFO - [2022-07-07 08:24:13,525] {dag.py:2919} INFO - Setting next_dagrun for tutorial to 2022-07-06T08:24:13.525261+00:00, run_after=2022-07-07T08:24:13.525261+00:00
[2022-07-07 08:24:13,549] {processor.py:161} INFO - Processing /home/airflow/.local/lib/python3.7/site-packages/airflow/example_dags/tutorial.py took 0.331 seconds
[2022-07-07 08:24:43,657] {processor.py:153} INFO - Started process (PID=1378) to work on /home/airflow/.local/lib/python3.7/site-packages/airflow/example_dags/tutorial.py
[2022-07-07 08:24:43,658] {processor.py:641} INFO - Processing file /home/airflow/.local/lib/python3.7/site-packages/airflow/example_dags/tutorial.py for tasks to queue
[2022-07-07 08:24:43,658] {logging_mixin.py:115} INFO - [2022-07-07 08:24:43,658] {dagbag.py:507} INFO - Filling up the DagBag from /home/airflow/.local/lib/python3.7/site-packages/airflow/example_dags/tutorial.py
[2022-07-07 08:24:43,664] {processor.py:651} INFO - DAG(s) dict_keys(['tutorial']) retrieved from /home/airflow/.local/lib/python3.7/site-packages/airflow/example_dags/tutorial.py
[2022-07-07 08:24:43,691] {logging_mixin.py:115} INFO - [2022-07-07 08:24:43,691] {dag.py:2371} INFO - Sync 1 DAGs
[2022-07-07 08:24:43,827] {logging_mixin.py:115} INFO - [2022-07-07 08:24:43,827] {dag.py:2919} INFO - Setting next_dagrun for tutorial to 2022-07-06T08:24:43.826966+00:00, run_after=2022-07-07T08:24:43.826966+00:00
[2022-07-07 08:24:43,840] {processor.py:161} INFO - Processing /home/airflow/.local/lib/python3.7/site-packages/airflow/example_dags/tutorial.py took 0.186 seconds
[2022-07-07 08:25:14,408] {processor.py:153} INFO - Started process (PID=1441) to work on /home/airflow/.local/lib/python3.7/site-packages/airflow/example_dags/tutorial.py
[2022-07-07 08:25:14,409] {processor.py:641} INFO - Processing file /home/airflow/.local/lib/python3.7/site-packages/airflow/example_dags/tutorial.py for tasks to queue
[2022-07-07 08:25:14,410] {logging_mixin.py:115} INFO - [2022-07-07 08:25:14,409] {dagbag.py:507} INFO - Filling up the DagBag from /home/airflow/.local/lib/python3.7/site-packages/airflow/example_dags/tutorial.py
[2022-07-07 08:25:14,416] {processor.py:651} INFO - DAG(s) dict_keys(['tutorial']) retrieved from /home/airflow/.local/lib/python3.7/site-packages/airflow/example_dags/tutorial.py
[2022-07-07 08:25:14,442] {logging_mixin.py:115} INFO - [2022-07-07 08:25:14,442] {dag.py:2371} INFO - Sync 1 DAGs
[2022-07-07 08:25:14,576] {logging_mixin.py:115} INFO - [2022-07-07 08:25:14,576] {dag.py:2919} INFO - Setting next_dagrun for tutorial to 2022-07-06T08:25:14.575712+00:00, run_after=2022-07-07T08:25:14.575712+00:00
[2022-07-07 08:25:14,588] {processor.py:161} INFO - Processing /home/airflow/.local/lib/python3.7/site-packages/airflow/example_dags/tutorial.py took 0.183 seconds
[2022-07-07 08:25:45,195] {processor.py:153} INFO - Started process (PID=1502) to work on /home/airflow/.local/lib/python3.7/site-packages/airflow/example_dags/tutorial.py
[2022-07-07 08:25:45,195] {processor.py:641} INFO - Processing file /home/airflow/.local/lib/python3.7/site-packages/airflow/example_dags/tutorial.py for tasks to queue
[2022-07-07 08:25:45,196] {logging_mixin.py:115} INFO - [2022-07-07 08:25:45,196] {dagbag.py:507} INFO - Filling up the DagBag from /home/airflow/.local/lib/python3.7/site-packages/airflow/example_dags/tutorial.py
[2022-07-07 08:25:45,205] {processor.py:651} INFO - DAG(s) dict_keys(['tutorial']) retrieved from /home/airflow/.local/lib/python3.7/site-packages/airflow/example_dags/tutorial.py
[2022-07-07 08:25:45,237] {logging_mixin.py:115} INFO - [2022-07-07 08:25:45,237] {dag.py:2371} INFO - Sync 1 DAGs
[2022-07-07 08:25:45,389] {logging_mixin.py:115} INFO - [2022-07-07 08:25:45,389] {dag.py:2919} INFO - Setting next_dagrun for tutorial to 2022-07-06T08:25:45.389574+00:00, run_after=2022-07-07T08:25:45.389574+00:00
[2022-07-07 08:25:45,401] {processor.py:161} INFO - Processing /home/airflow/.local/lib/python3.7/site-packages/airflow/example_dags/tutorial.py took 0.210 seconds
[2022-07-07 08:26:15,805] {processor.py:153} INFO - Started process (PID=1553) to work on /home/airflow/.local/lib/python3.7/site-packages/airflow/example_dags/tutorial.py
[2022-07-07 08:26:15,806] {processor.py:641} INFO - Processing file /home/airflow/.local/lib/python3.7/site-packages/airflow/example_dags/tutorial.py for tasks to queue
[2022-07-07 08:26:15,807] {logging_mixin.py:115} INFO - [2022-07-07 08:26:15,807] {dagbag.py:507} INFO - Filling up the DagBag from /home/airflow/.local/lib/python3.7/site-packages/airflow/example_dags/tutorial.py
[2022-07-07 08:26:15,816] {processor.py:651} INFO - DAG(s) dict_keys(['tutorial']) retrieved from /home/airflow/.local/lib/python3.7/site-packages/airflow/example_dags/tutorial.py
[2022-07-07 08:26:15,856] {logging_mixin.py:115} INFO - [2022-07-07 08:26:15,855] {dag.py:2371} INFO - Sync 1 DAGs
[2022-07-07 08:26:16,063] {logging_mixin.py:115} INFO - [2022-07-07 08:26:16,063] {dag.py:2919} INFO - Setting next_dagrun for tutorial to 2022-07-06T08:26:16.062998+00:00, run_after=2022-07-07T08:26:16.062998+00:00
[2022-07-07 08:26:16,075] {processor.py:161} INFO - Processing /home/airflow/.local/lib/python3.7/site-packages/airflow/example_dags/tutorial.py took 0.276 seconds
[2022-07-07 08:26:46,665] {processor.py:153} INFO - Started process (PID=1616) to work on /home/airflow/.local/lib/python3.7/site-packages/airflow/example_dags/tutorial.py
[2022-07-07 08:26:46,666] {processor.py:641} INFO - Processing file /home/airflow/.local/lib/python3.7/site-packages/airflow/example_dags/tutorial.py for tasks to queue
[2022-07-07 08:26:46,667] {logging_mixin.py:115} INFO - [2022-07-07 08:26:46,667] {dagbag.py:507} INFO - Filling up the DagBag from /home/airflow/.local/lib/python3.7/site-packages/airflow/example_dags/tutorial.py
[2022-07-07 08:26:46,673] {processor.py:651} INFO - DAG(s) dict_keys(['tutorial']) retrieved from /home/airflow/.local/lib/python3.7/site-packages/airflow/example_dags/tutorial.py
[2022-07-07 08:26:46,702] {logging_mixin.py:115} INFO - [2022-07-07 08:26:46,702] {dag.py:2371} INFO - Sync 1 DAGs
[2022-07-07 08:26:46,849] {logging_mixin.py:115} INFO - [2022-07-07 08:26:46,849] {dag.py:2919} INFO - Setting next_dagrun for tutorial to 2022-07-06T08:26:46.848999+00:00, run_after=2022-07-07T08:26:46.848999+00:00
[2022-07-07 08:26:46,863] {processor.py:161} INFO - Processing /home/airflow/.local/lib/python3.7/site-packages/airflow/example_dags/tutorial.py took 0.201 seconds
